<?xml version="1.0" encoding="UTF-8"?>
<coverage generated="1768278413944" clover="3.2.0">
  <project timestamp="1768278413944" name="All files">
    <metrics statements="3771" coveredstatements="3125" conditionals="3395" coveredconditionals="2418" methods="920" coveredmethods="749" elements="8086" coveredelements="6292" complexity="0" loc="3771" ncloc="3771" packages="21" files="79" classes="79"/>
    <package name="app">
      <metrics statements="107" coveredstatements="101" conditionals="94" coveredconditionals="82" methods="25" coveredmethods="22"/>
      <file name="_layout.js" path="/Users/arnev/Desktop/RideShare-App/app/_layout.js">
        <metrics statements="97" coveredstatements="91" conditionals="86" coveredconditionals="74" methods="23" coveredmethods="20"/>
        <line num="48" count="15" type="stmt"/>
        <line num="49" count="15" type="stmt"/>
        <line num="50" count="15" type="stmt"/>
        <line num="51" count="15" type="stmt"/>
        <line num="54" count="15" type="cond" truecount="5" falsecount="0"/>
        <line num="56" count="15" type="stmt"/>
        <line num="57" count="15" type="stmt"/>
        <line num="58" count="15" type="stmt"/>
        <line num="61" count="15" type="stmt"/>
        <line num="62" count="15" type="stmt"/>
        <line num="65" count="15" type="stmt"/>
        <line num="67" count="15" type="stmt"/>
        <line num="68" count="0" type="stmt"/>
        <line num="69" count="0" type="stmt"/>
        <line num="72" count="15" type="stmt"/>
        <line num="73" count="15" type="cond" truecount="2" falsecount="0"/>
        <line num="75" count="6" type="stmt"/>
        <line num="76" count="1" type="cond" truecount="1" falsecount="1"/>
        <line num="81" count="15" type="stmt"/>
        <line num="82" count="15" type="cond" truecount="2" falsecount="0"/>
        <line num="84" count="6" type="stmt"/>
        <line num="88" count="15" type="stmt"/>
        <line num="89" count="15" type="stmt"/>
        <line num="90" count="0" type="cond" truecount="0" falsecount="2"/>
        <line num="91" count="0" type="stmt"/>
        <line num="96" count="15" type="stmt"/>
        <line num="98" count="15" type="stmt"/>
        <line num="99" count="15" type="stmt"/>
        <line num="103" count="15" type="stmt"/>
        <line num="104" count="15" type="stmt"/>
        <line num="105" count="15" type="stmt"/>
        <line num="109" count="15" type="stmt"/>
        <line num="112" count="15" type="stmt"/>
        <line num="114" count="15" type="cond" truecount="6" falsecount="0"/>
        <line num="115" count="1" type="stmt"/>
        <line num="116" count="1" type="stmt"/>
        <line num="117" count="1" type="stmt"/>
        <line num="119" count="14" type="cond" truecount="2" falsecount="0"/>
        <line num="120" count="1" type="stmt"/>
        <line num="121" count="1" type="stmt"/>
        <line num="125" count="15" type="stmt"/>
        <line num="132" count="15" type="cond" truecount="2" falsecount="0"/>
        <line num="133" count="1" type="stmt"/>
        <line num="139" count="15" type="stmt"/>
        <line num="141" count="15" type="stmt"/>
        <line num="144" count="15" type="stmt"/>
        <line num="145" count="15" type="cond" truecount="4" falsecount="0"/>
        <line num="146" count="7" type="stmt"/>
        <line num="148" count="7" type="cond" truecount="4" falsecount="0"/>
        <line num="149" count="3" type="cond" truecount="1" falsecount="1"/>
        <line num="151" count="3" type="cond" truecount="2" falsecount="3"/>
        <line num="152" count="4" type="cond" truecount="2" falsecount="0"/>
        <line num="153" count="1" type="cond" truecount="1" falsecount="1"/>
        <line num="154" count="1" type="stmt"/>
        <line num="158" count="15" type="stmt"/>
        <line num="159" count="15" type="cond" truecount="2" falsecount="0"/>
        <line num="162" count="14" type="stmt"/>
        <line num="163" count="14" type="stmt"/>
        <line num="164" count="14" type="stmt"/>
        <line num="165" count="14" type="stmt"/>
        <line num="166" count="14" type="stmt"/>
        <line num="169" count="14" type="cond" truecount="4" falsecount="0"/>
        <line num="170" count="1" type="stmt"/>
        <line num="175" count="14" type="cond" truecount="5" falsecount="0"/>
        <line num="176" count="4" type="stmt"/>
        <line num="177" count="4" type="cond" truecount="2" falsecount="0"/>
        <line num="178" count="1" type="stmt"/>
        <line num="179" count="1" type="stmt"/>
        <line num="180" count="1" type="stmt"/>
        <line num="185" count="13" type="cond" truecount="2" falsecount="0"/>
        <line num="191" count="1" type="cond" truecount="1" falsecount="1"/>
        <line num="192" count="1" type="stmt"/>
        <line num="193" count="1" type="stmt"/>
        <line num="195" count="0" type="stmt"/>
        <line num="196" count="0" type="stmt"/>
        <line num="198" count="1" type="stmt"/>
        <line num="202" count="12" type="cond" truecount="2" falsecount="0"/>
        <line num="208" count="1" type="stmt"/>
        <line num="209" count="1" type="stmt"/>
        <line num="210" count="1" type="stmt"/>
        <line num="214" count="11" type="cond" truecount="2" falsecount="0"/>
        <line num="215" count="2" type="stmt"/>
        <line num="216" count="2" type="stmt"/>
        <line num="220" count="9" type="cond" truecount="5" falsecount="0"/>
        <line num="221" count="1" type="stmt"/>
        <line num="222" count="1" type="cond" truecount="1" falsecount="1"/>
        <line num="223" count="1" type="stmt"/>
        <line num="224" count="1" type="stmt"/>
        <line num="225" count="1" type="stmt"/>
        <line num="230" count="8" type="cond" truecount="2" falsecount="0"/>
        <line num="231" count="6" type="stmt"/>
        <line num="232" count="6" type="stmt"/>
        <line num="234" count="6" type="stmt"/>
        <line num="240" count="15" type="cond" truecount="2" falsecount="0"/>
        <line num="241" count="1" type="stmt"/>
        <line num="264" count="14" type="stmt"/>
        <line num="283" count="15" type="stmt"/>
      </file>
      <file name="index.js" path="/Users/arnev/Desktop/RideShare-App/app/index.js">
        <metrics statements="8" coveredstatements="8" conditionals="8" coveredconditionals="8" methods="1" coveredmethods="1"/>
        <line num="10" count="8" type="stmt"/>
        <line num="12" count="8" type="cond" truecount="4" falsecount="0"/>
        <line num="13" count="4" type="stmt"/>
        <line num="21" count="4" type="cond" truecount="2" falsecount="0"/>
        <line num="22" count="1" type="stmt"/>
        <line num="26" count="3" type="cond" truecount="2" falsecount="0"/>
        <line num="27" count="1" type="stmt"/>
        <line num="31" count="2" type="stmt"/>
      </file>
      <file name="modal.tsx" path="/Users/arnev/Desktop/RideShare-App/app/modal.tsx">
        <metrics statements="2" coveredstatements="2" conditionals="0" coveredconditionals="0" methods="1" coveredmethods="1"/>
        <line num="8" count="6" type="stmt"/>
        <line num="18" count="1" type="stmt"/>
      </file>
    </package>
    <package name="app.(auth)">
      <metrics statements="219" coveredstatements="205" conditionals="135" coveredconditionals="123" methods="37" coveredmethods="29"/>
      <file name="_layout.js" path="/Users/arnev/Desktop/RideShare-App/app/(auth)/_layout.js">
        <metrics statements="1" coveredstatements="1" conditionals="0" coveredconditionals="0" methods="1" coveredmethods="1"/>
        <line num="4" count="11" type="stmt"/>
      </file>
      <file name="forgot-password.js" path="/Users/arnev/Desktop/RideShare-App/app/(auth)/forgot-password.js">
        <metrics statements="42" coveredstatements="40" conditionals="29" coveredconditionals="26" methods="8" coveredmethods="6"/>
        <line num="24" count="32" type="stmt"/>
        <line num="25" count="32" type="stmt"/>
        <line num="26" count="32" type="stmt"/>
        <line num="27" count="32" type="stmt"/>
        <line num="28" count="32" type="stmt"/>
        <line num="30" count="32" type="stmt"/>
        <line num="36" count="32" type="stmt"/>
        <line num="38" count="32" type="stmt"/>
        <line num="39" count="14" type="stmt"/>
        <line num="40" count="14" type="cond" truecount="2" falsecount="0"/>
        <line num="44" count="32" type="cond" truecount="1" falsecount="1"/>
        <line num="46" count="32" type="stmt"/>
        <line num="47" count="8" type="stmt"/>
        <line num="48" count="8" type="stmt"/>
        <line num="51" count="32" type="stmt"/>
        <line num="52" count="9" type="stmt"/>
        <line num="53" count="9" type="stmt"/>
        <line num="55" count="9" type="cond" truecount="2" falsecount="0"/>
        <line num="56" count="1" type="stmt"/>
        <line num="57" count="1" type="stmt"/>
        <line num="60" count="8" type="cond" truecount="2" falsecount="0"/>
        <line num="61" count="1" type="stmt"/>
        <line num="62" count="1" type="stmt"/>
        <line num="65" count="7" type="stmt"/>
        <line num="67" count="7" type="stmt"/>
        <line num="68" count="7" type="stmt"/>
        <line num="69" count="4" type="stmt"/>
        <line num="70" count="4" type="stmt"/>
        <line num="73" count="4" type="stmt"/>
        <line num="74" count="0" type="stmt"/>
        <line num="77" count="4" type="stmt"/>
        <line num="79" count="3" type="cond" truecount="1" falsecount="1"/>
        <line num="80" count="3" type="cond" truecount="2" falsecount="0"/>
        <line num="81" count="1" type="stmt"/>
        <line num="82" count="2" type="cond" truecount="2" falsecount="0"/>
        <line num="83" count="1" type="stmt"/>
        <line num="85" count="1" type="cond" truecount="1" falsecount="1"/>
        <line num="88" count="7" type="stmt"/>
        <line num="92" count="32" type="stmt"/>
        <line num="93" count="0" type="stmt"/>
        <line num="98" count="1" type="stmt"/>
        <line num="172" count="1" type="stmt"/>
      </file>
      <file name="profile-setup.js" path="/Users/arnev/Desktop/RideShare-App/app/(auth)/profile-setup.js">
        <metrics statements="85" coveredstatements="79" conditionals="52" coveredconditionals="47" methods="13" coveredmethods="11"/>
        <line num="28" count="1" type="stmt"/>
        <line num="29" count="124" type="stmt"/>
        <line num="37" count="124" type="stmt"/>
        <line num="38" count="124" type="stmt"/>
        <line num="39" count="124" type="stmt"/>
        <line num="40" count="124" type="stmt"/>
        <line num="41" count="124" type="stmt"/>
        <line num="42" count="124" type="stmt"/>
        <line num="43" count="124" type="stmt"/>
        <line num="44" count="124" type="stmt"/>
        <line num="47" count="124" type="stmt"/>
        <line num="50" count="124" type="stmt"/>
        <line num="51" count="124" type="stmt"/>
        <line num="54" count="124" type="stmt"/>
        <line num="61" count="124" type="stmt"/>
        <line num="79" count="124" type="stmt"/>
        <line num="108" count="124" type="stmt"/>
        <line num="109" count="124" type="stmt"/>
        <line num="110" count="124" type="stmt"/>
        <line num="111" count="744" type="stmt"/>
        <line num="114" count="124" type="stmt"/>
        <line num="122" count="124" type="stmt"/>
        <line num="124" count="1" type="stmt"/>
        <line num="128" count="1" type="stmt"/>
        <line num="147" count="124" type="stmt"/>
        <line num="148" count="14" type="cond" truecount="2" falsecount="0"/>
        <line num="149" count="1" type="stmt"/>
        <line num="150" count="1" type="stmt"/>
        <line num="152" count="13" type="cond" truecount="2" falsecount="0"/>
        <line num="153" count="1" type="stmt"/>
        <line num="154" count="1" type="stmt"/>
        <line num="156" count="12" type="cond" truecount="4" falsecount="0"/>
        <line num="157" count="1" type="stmt"/>
        <line num="158" count="1" type="stmt"/>
        <line num="160" count="11" type="cond" truecount="3" falsecount="1"/>
        <line num="161" count="0" type="stmt"/>
        <line num="162" count="0" type="stmt"/>
        <line num="164" count="11" type="cond" truecount="3" falsecount="1"/>
        <line num="165" count="0" type="stmt"/>
        <line num="166" count="0" type="stmt"/>
        <line num="168" count="11" type="cond" truecount="2" falsecount="0"/>
        <line num="169" count="1" type="stmt"/>
        <line num="170" count="1" type="stmt"/>
        <line num="172" count="10" type="stmt"/>
        <line num="175" count="124" type="stmt"/>
        <line num="176" count="14" type="cond" truecount="2" falsecount="0"/>
        <line num="178" count="10" type="stmt"/>
        <line num="180" count="10" type="stmt"/>
        <line num="181" count="10" type="stmt"/>
        <line num="182" count="10" type="cond" truecount="4" falsecount="0"/>
        <line num="183" count="1" type="stmt"/>
        <line num="184" count="1" type="stmt"/>
        <line num="185" count="1" type="stmt"/>
        <line num="189" count="9" type="stmt"/>
        <line num="190" count="9" type="stmt"/>
        <line num="191" count="9" type="stmt"/>
        <line num="192" count="9" type="cond" truecount="2" falsecount="0"/>
        <line num="193" count="1" type="stmt"/>
        <line num="195" count="9" type="cond" truecount="4" falsecount="0"/>
        <line num="196" count="1" type="stmt"/>
        <line num="200" count="1" type="stmt"/>
        <line num="201" count="1" type="stmt"/>
        <line num="205" count="8" type="stmt"/>
        <line num="207" count="8" type="stmt"/>
        <line num="225" count="6" type="stmt"/>
        <line num="240" count="6" type="stmt"/>
        <line num="241" count="6" type="stmt"/>
        <line num="243" count="6" type="stmt"/>
        <line num="248" count="1" type="stmt"/>
        <line num="249" count="1" type="stmt"/>
        <line num="254" count="9" type="stmt"/>
        <line num="258" count="124" type="cond" truecount="2" falsecount="0"/>
        <line num="259" count="1" type="stmt"/>
        <line num="266" count="123" type="stmt"/>
        <line num="373" count="12" type="stmt"/>
        <line num="378" count="2" type="stmt"/>
        <line num="379" count="2" type="stmt"/>
        <line num="380" count="2" type="stmt"/>
        <line num="383" count="1" type="stmt"/>
        <line num="392" count="7" type="stmt"/>
        <line num="427" count="0" type="stmt"/>
        <line num="439" count="0" type="stmt"/>
        <line num="450" count="1" type="stmt"/>
        <line num="460" count="1" type="stmt"/>
        <line num="487" count="1" type="stmt"/>
      </file>
      <file name="signin.js" path="/Users/arnev/Desktop/RideShare-App/app/(auth)/signin.js">
        <metrics statements="38" coveredstatements="36" conditionals="22" coveredconditionals="20" methods="7" coveredmethods="5"/>
        <line num="22" count="50" type="stmt"/>
        <line num="23" count="50" type="stmt"/>
        <line num="24" count="50" type="stmt"/>
        <line num="25" count="50" type="stmt"/>
        <line num="26" count="50" type="stmt"/>
        <line num="27" count="50" type="stmt"/>
        <line num="28" count="50" type="stmt"/>
        <line num="33" count="50" type="cond" truecount="1" falsecount="1"/>
        <line num="35" count="50" type="stmt"/>
        <line num="36" count="6" type="stmt"/>
        <line num="37" count="6" type="stmt"/>
        <line num="40" count="50" type="stmt"/>
        <line num="41" count="9" type="stmt"/>
        <line num="43" count="9" type="cond" truecount="4" falsecount="0"/>
        <line num="44" count="3" type="stmt"/>
        <line num="45" count="3" type="stmt"/>
        <line num="48" count="6" type="cond" truecount="2" falsecount="0"/>
        <line num="49" count="1" type="stmt"/>
        <line num="50" count="1" type="stmt"/>
        <line num="53" count="5" type="stmt"/>
        <line num="55" count="5" type="stmt"/>
        <line num="56" count="5" type="stmt"/>
        <line num="59" count="3" type="cond" truecount="2" falsecount="0"/>
        <line num="60" count="1" type="stmt"/>
        <line num="61" count="2" type="cond" truecount="2" falsecount="0"/>
        <line num="62" count="1" type="stmt"/>
        <line num="64" count="1" type="stmt"/>
        <line num="67" count="4" type="stmt"/>
        <line num="71" count="50" type="stmt"/>
        <line num="72" count="2" type="cond" truecount="2" falsecount="0"/>
        <line num="73" count="1" type="stmt"/>
        <line num="74" count="1" type="stmt"/>
        <line num="76" count="1" type="stmt"/>
        <line num="79" count="50" type="stmt"/>
        <line num="80" count="0" type="stmt"/>
        <line num="119" count="0" type="stmt"/>
        <line num="147" count="1" type="stmt"/>
        <line num="156" count="1" type="stmt"/>
      </file>
      <file name="signup.js" path="/Users/arnev/Desktop/RideShare-App/app/(auth)/signup.js">
        <metrics statements="53" coveredstatements="49" conditionals="32" coveredconditionals="30" methods="8" coveredmethods="6"/>
        <line num="24" count="64" type="stmt"/>
        <line num="25" count="64" type="stmt"/>
        <line num="26" count="64" type="stmt"/>
        <line num="27" count="64" type="stmt"/>
        <line num="28" count="64" type="stmt"/>
        <line num="29" count="64" type="stmt"/>
        <line num="30" count="64" type="stmt"/>
        <line num="31" count="64" type="stmt"/>
        <line num="33" count="64" type="stmt"/>
        <line num="38" count="64" type="cond" truecount="1" falsecount="1"/>
        <line num="40" count="64" type="stmt"/>
        <line num="41" count="10" type="stmt"/>
        <line num="42" count="10" type="stmt"/>
        <line num="45" count="64" type="stmt"/>
        <line num="47" count="9" type="stmt"/>
        <line num="48" count="9" type="stmt"/>
        <line num="49" count="9" type="stmt"/>
        <line num="50" count="9" type="cond" truecount="3" falsecount="0"/>
        <line num="53" count="64" type="stmt"/>
        <line num="54" count="11" type="stmt"/>
        <line num="57" count="11" type="cond" truecount="5" falsecount="0"/>
        <line num="58" count="1" type="stmt"/>
        <line num="59" count="1" type="stmt"/>
        <line num="62" count="10" type="cond" truecount="2" falsecount="0"/>
        <line num="63" count="1" type="stmt"/>
        <line num="64" count="1" type="stmt"/>
        <line num="67" count="9" type="cond" truecount="2" falsecount="0"/>
        <line num="68" count="3" type="stmt"/>
        <line num="71" count="3" type="stmt"/>
        <line num="74" count="6" type="cond" truecount="2" falsecount="0"/>
        <line num="75" count="1" type="stmt"/>
        <line num="76" count="1" type="stmt"/>
        <line num="79" count="5" type="stmt"/>
        <line num="81" count="5" type="stmt"/>
        <line num="82" count="5" type="stmt"/>
        <line num="83" count="1" type="stmt"/>
        <line num="85" count="1" type="stmt"/>
        <line num="86" count="0" type="stmt"/>
        <line num="87" count="0" type="stmt"/>
        <line num="96" count="5" type="cond" truecount="2" falsecount="0"/>
        <line num="97" count="1" type="stmt"/>
        <line num="98" count="4" type="cond" truecount="2" falsecount="0"/>
        <line num="99" count="1" type="stmt"/>
        <line num="100" count="3" type="cond" truecount="2" falsecount="0"/>
        <line num="101" count="1" type="stmt"/>
        <line num="103" count="2" type="stmt"/>
        <line num="106" count="5" type="stmt"/>
        <line num="110" count="64" type="stmt"/>
        <line num="111" count="0" type="stmt"/>
        <line num="157" count="1" type="stmt"/>
        <line num="181" count="0" type="stmt"/>
        <line num="205" count="1" type="stmt"/>
        <line num="214" count="1" type="stmt"/>
      </file>
    </package>
    <package name="app.(tabs)">
      <metrics statements="517" coveredstatements="374" conditionals="536" coveredconditionals="310" methods="162" coveredmethods="110"/>
      <file name="_layout.js" path="/Users/arnev/Desktop/RideShare-App/app/(tabs)/_layout.js">
        <metrics statements="21" coveredstatements="16" conditionals="8" coveredconditionals="4" methods="9" coveredmethods="4"/>
        <line num="12" count="13" type="stmt"/>
        <line num="13" count="13" type="stmt"/>
        <line num="14" count="13" type="stmt"/>
        <line num="16" count="13" type="stmt"/>
        <line num="17" count="13" type="stmt"/>
        <line num="20" count="13" type="stmt"/>
        <line num="21" count="3" type="cond" truecount="2" falsecount="0"/>
        <line num="22" count="3" type="stmt"/>
        <line num="25" count="13" type="stmt"/>
        <line num="29" count="13" type="stmt"/>
        <line num="30" count="13" type="stmt"/>
        <line num="31" count="13" type="stmt"/>
        <line num="32" count="13" type="stmt"/>
        <line num="34" count="13" type="cond" truecount="2" falsecount="0"/>
        <line num="36" count="12" type="stmt"/>
        <line num="85" count="0" type="stmt"/>
        <line num="94" count="0" type="stmt"/>
        <line num="103" count="0" type="stmt"/>
        <line num="112" count="0" type="stmt"/>
        <line num="130" count="0" type="stmt"/>
        <line num="138" count="1" type="stmt"/>
      </file>
      <file name="home.js" path="/Users/arnev/Desktop/RideShare-App/app/(tabs)/home.js">
        <metrics statements="110" coveredstatements="77" conditionals="94" coveredconditionals="60" methods="30" coveredmethods="21"/>
        <line num="14" count="19" type="stmt"/>
        <line num="15" count="19" type="stmt"/>
        <line num="20" count="34" type="stmt"/>
        <line num="21" count="34" type="stmt"/>
        <line num="24" count="19" type="stmt"/>
        <line num="25" count="15" type="cond" truecount="4" falsecount="0"/>
        <line num="26" count="14" type="stmt"/>
        <line num="28" count="2" type="stmt"/>
        <line num="31" count="19" type="stmt"/>
        <line num="32" count="19" type="stmt"/>
        <line num="33" count="19" type="stmt"/>
        <line num="34" count="19" type="stmt"/>
        <line num="35" count="19" type="stmt"/>
        <line num="36" count="19" type="stmt"/>
        <line num="37" count="19" type="stmt"/>
        <line num="38" count="19" type="stmt"/>
        <line num="39" count="19" type="stmt"/>
        <line num="41" count="19" type="stmt"/>
        <line num="43" count="15" type="stmt"/>
        <line num="47" count="19" type="stmt"/>
        <line num="48" count="16" type="cond" truecount="2" falsecount="0"/>
        <line num="49" count="1" type="stmt"/>
        <line num="52" count="16" type="stmt"/>
        <line num="53" count="0" type="cond" truecount="0" falsecount="2"/>
        <line num="54" count="0" type="stmt"/>
        <line num="55" count="0" type="stmt"/>
        <line num="59" count="16" type="stmt"/>
        <line num="60" count="16" type="cond" truecount="1" falsecount="1"/>
        <line num="61" count="16" type="stmt"/>
        <line num="67" count="19" type="stmt"/>
        <line num="68" count="16" type="cond" truecount="2" falsecount="0"/>
        <line num="69" count="1" type="stmt"/>
        <line num="72" count="16" type="stmt"/>
        <line num="73" count="0" type="cond" truecount="0" falsecount="2"/>
        <line num="74" count="0" type="stmt"/>
        <line num="75" count="0" type="stmt"/>
        <line num="79" count="16" type="stmt"/>
        <line num="80" count="16" type="cond" truecount="1" falsecount="1"/>
        <line num="81" count="16" type="stmt"/>
        <line num="86" count="19" type="cond" truecount="1" falsecount="1"/>
        <line num="88" count="19" type="stmt"/>
        <line num="89" count="0" type="stmt"/>
        <line num="92" count="19" type="stmt"/>
        <line num="93" count="0" type="stmt"/>
        <line num="95" count="0" type="cond" truecount="0" falsecount="2"/>
        <line num="96" count="0" type="stmt"/>
        <line num="98" count="0" type="cond" truecount="0" falsecount="2"/>
        <line num="99" count="0" type="stmt"/>
        <line num="101" count="0" type="cond" truecount="0" falsecount="2"/>
        <line num="102" count="0" type="stmt"/>
        <line num="104" count="0" type="cond" truecount="0" falsecount="2"/>
        <line num="105" count="0" type="stmt"/>
        <line num="108" count="0" type="stmt"/>
        <line num="109" count="0" type="stmt"/>
        <line num="110" count="0" type="stmt"/>
        <line num="113" count="19" type="stmt"/>
        <line num="114" count="0" type="stmt"/>
        <line num="115" count="0" type="stmt"/>
        <line num="116" count="0" type="stmt"/>
        <line num="117" count="0" type="stmt"/>
        <line num="118" count="0" type="stmt"/>
        <line num="119" count="0" type="stmt"/>
        <line num="120" count="0" type="stmt"/>
        <line num="121" count="0" type="stmt"/>
        <line num="124" count="19" type="stmt"/>
        <line num="125" count="33" type="stmt"/>
        <line num="126" count="33" type="cond" truecount="2" falsecount="0"/>
        <line num="127" count="33" type="cond" truecount="1" falsecount="1"/>
        <line num="128" count="33" type="cond" truecount="1" falsecount="1"/>
        <line num="129" count="33" type="cond" truecount="1" falsecount="1"/>
        <line num="130" count="33" type="cond" truecount="1" falsecount="1"/>
        <line num="131" count="33" type="cond" truecount="1" falsecount="1"/>
        <line num="132" count="33" type="stmt"/>
        <line num="135" count="19" type="stmt"/>
        <line num="136" count="0" type="cond" truecount="0" falsecount="4"/>
        <line num="137" count="0" type="stmt"/>
        <line num="141" count="19" type="stmt"/>
        <line num="142" count="0" type="stmt"/>
        <line num="145" count="19" type="stmt"/>
        <line num="146" count="1" type="stmt"/>
        <line num="149" count="19" type="stmt"/>
        <line num="150" count="3" type="stmt"/>
        <line num="183" count="19" type="stmt"/>
        <line num="184" count="7" type="cond" truecount="1" falsecount="1"/>
        <line num="185" count="7" type="stmt"/>
        <line num="186" count="7" type="stmt"/>
        <line num="189" count="7" type="stmt"/>
        <line num="190" count="7" type="stmt"/>
        <line num="191" count="7" type="cond" truecount="2" falsecount="0"/>
        <line num="193" count="7" type="cond" truecount="5" falsecount="3"/>
        <line num="195" count="7" type="stmt"/>
        <line num="198" count="1" type="stmt"/>
        <line num="255" count="19" type="stmt"/>
        <line num="256" count="14" type="cond" truecount="4" falsecount="0"/>
        <line num="258" count="1" type="stmt"/>
        <line num="261" count="3" type="stmt"/>
        <line num="267" count="13" type="stmt"/>
        <line num="269" count="13" type="stmt"/>
        <line num="292" count="19" type="stmt"/>
        <line num="293" count="1" type="cond" truecount="1" falsecount="1"/>
        <line num="295" count="1" type="stmt"/>
        <line num="307" count="19" type="stmt"/>
        <line num="308" count="18" type="cond" truecount="3" falsecount="1"/>
        <line num="310" count="0" type="stmt"/>
        <line num="317" count="19" type="stmt"/>
        <line num="330" count="2" type="stmt"/>
        <line num="352" count="0" type="stmt"/>
        <line num="369" count="0" type="stmt"/>
        <line num="450" count="11" type="stmt"/>
        <line num="474" count="1" type="stmt"/>
      </file>
      <file name="messages.js" path="/Users/arnev/Desktop/RideShare-App/app/(tabs)/messages.js">
        <metrics statements="64" coveredstatements="59" conditionals="68" coveredconditionals="56" methods="20" coveredmethods="19"/>
        <line num="23" count="19" type="stmt"/>
        <line num="24" count="30" type="stmt"/>
        <line num="25" count="30" type="stmt"/>
        <line num="26" count="30" type="stmt"/>
        <line num="29" count="19" type="stmt"/>
        <line num="30" count="11" type="cond" truecount="4" falsecount="0"/>
        <line num="32" count="10" type="stmt"/>
        <line num="33" count="10" type="stmt"/>
        <line num="34" count="10" type="stmt"/>
        <line num="35" count="5" type="stmt"/>
        <line num="36" count="5" type="stmt"/>
        <line num="39" count="5" type="cond" truecount="2" falsecount="2"/>
        <line num="40" count="5" type="cond" truecount="4" falsecount="0"/>
        <line num="41" count="3" type="stmt"/>
        <line num="45" count="19" type="stmt"/>
        <line num="46" count="19" type="stmt"/>
        <line num="47" count="19" type="stmt"/>
        <line num="52" count="19" type="stmt"/>
        <line num="53" count="11" type="cond" truecount="2" falsecount="0"/>
        <line num="54" count="1" type="stmt"/>
        <line num="55" count="1" type="stmt"/>
        <line num="58" count="10" type="stmt"/>
        <line num="59" count="10" type="stmt"/>
        <line num="60" count="7" type="stmt"/>
        <line num="61" count="7" type="stmt"/>
        <line num="62" count="7" type="stmt"/>
        <line num="65" count="10" type="stmt"/>
        <line num="66" count="10" type="stmt"/>
        <line num="70" count="19" type="stmt"/>
        <line num="71" count="0" type="cond" truecount="0" falsecount="2"/>
        <line num="72" count="0" type="stmt"/>
        <line num="76" count="19" type="stmt"/>
        <line num="77" count="1" type="stmt"/>
        <line num="80" count="19" type="stmt"/>
        <line num="81" count="11" type="cond" truecount="1" falsecount="1"/>
        <line num="83" count="11" type="stmt"/>
        <line num="84" count="11" type="cond" truecount="1" falsecount="1"/>
        <line num="85" count="11" type="stmt"/>
        <line num="86" count="11" type="stmt"/>
        <line num="87" count="11" type="stmt"/>
        <line num="88" count="11" type="stmt"/>
        <line num="89" count="11" type="stmt"/>
        <line num="91" count="11" type="cond" truecount="2" falsecount="0"/>
        <line num="92" count="6" type="cond" truecount="2" falsecount="0"/>
        <line num="93" count="3" type="cond" truecount="1" falsecount="1"/>
        <line num="94" count="0" type="cond" truecount="0" falsecount="2"/>
        <line num="96" count="0" type="stmt"/>
        <line num="98" count="0" type="stmt"/>
        <line num="102" count="19" type="stmt"/>
        <line num="104" count="22" type="stmt"/>
        <line num="105" count="11" type="stmt"/>
        <line num="108" count="11" type="stmt"/>
        <line num="111" count="11" type="cond" truecount="2" falsecount="0"/>
        <line num="112" count="11" type="cond" truecount="2" falsecount="0"/>
        <line num="114" count="11" type="stmt"/>
        <line num="117" count="1" type="stmt"/>
        <line num="166" count="19" type="stmt"/>
        <line num="167" count="2" type="stmt"/>
        <line num="176" count="19" type="cond" truecount="4" falsecount="0"/>
        <line num="177" count="11" type="stmt"/>
        <line num="189" count="8" type="stmt"/>
        <line num="200" count="17" type="stmt"/>
        <line num="205" count="5" type="stmt"/>
        <line num="212" count="1" type="stmt"/>
      </file>
      <file name="my-rides.js" path="/Users/arnev/Desktop/RideShare-App/app/(tabs)/my-rides.js">
        <metrics statements="173" coveredstatements="96" conditionals="193" coveredconditionals="72" methods="56" coveredmethods="27"/>
        <line num="17" count="18" type="stmt"/>
        <line num="18" count="27" type="stmt"/>
        <line num="19" count="27" type="stmt"/>
        <line num="20" count="27" type="stmt"/>
        <line num="22" count="18" type="stmt"/>
        <line num="23" count="18" type="stmt"/>
        <line num="24" count="18" type="stmt"/>
        <line num="25" count="18" type="stmt"/>
        <line num="26" count="18" type="stmt"/>
        <line num="27" count="18" type="stmt"/>
        <line num="28" count="18" type="stmt"/>
        <line num="29" count="18" type="stmt"/>
        <line num="33" count="18" type="stmt"/>
        <line num="36" count="18" type="stmt"/>
        <line num="37" count="9" type="cond" truecount="2" falsecount="0"/>
        <line num="38" count="1" type="stmt"/>
        <line num="39" count="1" type="stmt"/>
        <line num="40" count="1" type="stmt"/>
        <line num="42" count="8" type="stmt"/>
        <line num="43" count="8" type="stmt"/>
        <line num="46" count="8" type="stmt"/>
        <line num="47" count="8" type="stmt"/>
        <line num="50" count="8" type="cond" truecount="2" falsecount="0"/>
        <line num="55" count="18" type="stmt"/>
        <line num="56" count="9" type="stmt"/>
        <line num="57" count="9" type="stmt"/>
        <line num="60" count="18" type="stmt"/>
        <line num="61" count="9" type="cond" truecount="2" falsecount="2"/>
        <line num="62" count="0" type="stmt"/>
        <line num="68" count="0" type="cond" truecount="0" falsecount="2"/>
        <line num="69" count="0" type="stmt"/>
        <line num="70" count="0" type="stmt"/>
        <line num="80" count="18" type="stmt"/>
        <line num="81" count="18" type="cond" truecount="1" falsecount="1"/>
        <line num="82" count="18" type="cond" truecount="1" falsecount="1"/>
        <line num="84" count="0" type="stmt"/>
        <line num="85" count="0" type="stmt"/>
        <line num="87" count="0" type="stmt"/>
        <line num="88" count="0" type="cond" truecount="0" falsecount="2"/>
        <line num="89" count="0" type="stmt"/>
        <line num="90" count="0" type="cond" truecount="0" falsecount="2"/>
        <line num="92" count="0" type="cond" truecount="0" falsecount="3"/>
        <line num="94" count="0" type="cond" truecount="0" falsecount="2"/>
        <line num="97" count="0" type="cond" truecount="0" falsecount="2"/>
        <line num="101" count="0" type="stmt"/>
        <line num="108" count="0" type="cond" truecount="0" falsecount="2"/>
        <line num="109" count="0" type="stmt"/>
        <line num="113" count="0" type="stmt"/>
        <line num="117" count="18" type="stmt"/>
        <line num="118" count="9" type="cond" truecount="5" falsecount="0"/>
        <line num="119" count="6" type="stmt"/>
        <line num="120" count="6" type="stmt"/>
        <line num="123" count="3" type="stmt"/>
        <line num="125" count="3" type="stmt"/>
        <line num="126" count="6" type="cond" truecount="3" falsecount="1"/>
        <line num="128" count="6" type="stmt"/>
        <line num="129" count="6" type="stmt"/>
        <line num="130" count="6" type="stmt"/>
        <line num="136" count="6" type="stmt"/>
        <line num="139" count="3" type="stmt"/>
        <line num="140" count="6" type="cond" truecount="2" falsecount="0"/>
        <line num="145" count="18" type="stmt"/>
        <line num="146" count="6" type="stmt"/>
        <line num="147" count="6" type="cond" truecount="3" falsecount="3"/>
        <line num="148" count="6" type="stmt"/>
        <line num="149" count="6" type="cond" truecount="1" falsecount="1"/>
        <line num="150" count="6" type="stmt"/>
        <line num="152" count="6" type="cond" truecount="1" falsecount="1"/>
        <line num="153" count="0" type="stmt"/>
        <line num="154" count="0" type="stmt"/>
        <line num="155" count="6" type="cond" truecount="4" falsecount="0"/>
        <line num="156" count="3" type="stmt"/>
        <line num="157" count="3" type="stmt"/>
        <line num="158" count="3" type="cond" truecount="4" falsecount="1"/>
        <line num="159" count="0" type="stmt"/>
        <line num="160" count="0" type="stmt"/>
        <line num="161" count="3" type="cond" truecount="1" falsecount="1"/>
        <line num="162" count="3" type="stmt"/>
        <line num="163" count="3" type="stmt"/>
        <line num="166" count="6" type="stmt"/>
        <line num="169" count="18" type="stmt"/>
        <line num="170" count="12" type="cond" truecount="1" falsecount="2"/>
        <line num="171" count="12" type="cond" truecount="1" falsecount="1"/>
        <line num="172" count="12" type="stmt"/>
        <line num="173" count="12" type="stmt"/>
        <line num="176" count="18" type="stmt"/>
        <line num="177" count="6" type="cond" truecount="3" falsecount="1"/>
        <line num="178" count="6" type="cond" truecount="3" falsecount="0"/>
        <line num="179" count="6" type="cond" truecount="2" falsecount="3"/>
        <line num="180" count="0" type="stmt"/>
        <line num="183" count="18" type="stmt"/>
        <line num="184" count="18" type="stmt"/>
        <line num="185" count="0" type="cond" truecount="0" falsecount="4"/>
        <line num="186" count="0" type="stmt"/>
        <line num="187" count="0" type="stmt"/>
        <line num="188" count="0" type="stmt"/>
        <line num="189" count="0" type="stmt"/>
        <line num="190" count="0" type="stmt"/>
        <line num="191" count="0" type="stmt"/>
        <line num="192" count="0" type="stmt"/>
        <line num="193" count="0" type="stmt"/>
        <line num="196" count="18" type="stmt"/>
        <line num="197" count="0" type="cond" truecount="0" falsecount="4"/>
        <line num="198" count="0" type="stmt"/>
        <line num="199" count="0" type="stmt"/>
        <line num="200" count="0" type="stmt"/>
        <line num="203" count="18" type="stmt"/>
        <line num="204" count="0" type="cond" truecount="0" falsecount="2"/>
        <line num="205" count="0" type="stmt"/>
        <line num="206" count="0" type="stmt"/>
        <line num="207" count="0" type="cond" truecount="0" falsecount="2"/>
        <line num="209" count="0" type="stmt"/>
        <line num="214" count="18" type="stmt"/>
        <line num="215" count="0" type="stmt"/>
        <line num="216" count="0" type="stmt"/>
        <line num="225" count="0" type="stmt"/>
        <line num="226" count="0" type="stmt"/>
        <line num="227" count="0" type="stmt"/>
        <line num="229" count="0" type="stmt"/>
        <line num="230" count="0" type="cond" truecount="0" falsecount="2"/>
        <line num="240" count="18" type="stmt"/>
        <line num="241" count="0" type="stmt"/>
        <line num="242" count="0" type="stmt"/>
        <line num="251" count="0" type="stmt"/>
        <line num="252" count="0" type="stmt"/>
        <line num="253" count="0" type="stmt"/>
        <line num="255" count="0" type="stmt"/>
        <line num="256" count="0" type="cond" truecount="0" falsecount="2"/>
        <line num="266" count="18" type="stmt"/>
        <line num="267" count="0" type="cond" truecount="0" falsecount="2"/>
        <line num="268" count="0" type="stmt"/>
        <line num="277" count="0" type="stmt"/>
        <line num="278" count="0" type="stmt"/>
        <line num="280" count="0" type="cond" truecount="0" falsecount="2"/>
        <line num="290" count="18" type="stmt"/>
        <line num="291" count="0" type="stmt"/>
        <line num="293" count="0" type="stmt"/>
        <line num="295" count="0" type="stmt"/>
        <line num="298" count="18" type="cond" truecount="2" falsecount="0"/>
        <line num="299" count="18" type="stmt"/>
        <line num="300" count="18" type="stmt"/>
        <line num="301" count="12" type="cond" truecount="3" falsecount="1"/>
        <line num="304" count="18" type="cond" truecount="1" falsecount="1"/>
        <line num="306" count="18" type="stmt"/>
        <line num="310" count="1" type="stmt"/>
        <line num="322" count="1" type="stmt"/>
        <line num="330" count="9" type="stmt"/>
        <line num="332" count="6" type="stmt"/>
        <line num="333" count="6" type="cond" truecount="2" falsecount="2"/>
        <line num="334" count="6" type="cond" truecount="1" falsecount="1"/>
        <line num="335" count="6" type="stmt"/>
        <line num="336" count="6" type="cond" truecount="2" falsecount="0"/>
        <line num="338" count="6" type="stmt"/>
        <line num="340" count="0" type="stmt"/>
        <line num="380" count="0" type="stmt"/>
        <line num="381" count="0" type="stmt"/>
        <line num="393" count="0" type="stmt"/>
        <line num="394" count="0" type="cond" truecount="0" falsecount="6"/>
        <line num="395" count="0" type="cond" truecount="0" falsecount="4"/>
        <line num="396" count="0" type="cond" truecount="0" falsecount="2"/>
        <line num="397" count="0" type="stmt"/>
        <line num="432" count="0" type="stmt"/>
        <line num="440" count="0" type="stmt"/>
        <line num="449" count="0" type="stmt"/>
        <line num="466" count="0" type="stmt"/>
        <line num="469" count="0" type="stmt"/>
        <line num="485" count="0" type="stmt"/>
        <line num="491" count="18" type="cond" truecount="1" falsecount="1"/>
        <line num="499" count="18" type="cond" truecount="1" falsecount="1"/>
        <line num="500" count="18" type="cond" truecount="1" falsecount="1"/>
        <line num="509" count="18" type="stmt"/>
        <line num="531" count="0" type="stmt"/>
        <line num="541" count="1" type="stmt"/>
      </file>
      <file name="my-trips.js" path="/Users/arnev/Desktop/RideShare-App/app/(tabs)/my-trips.js">
        <metrics statements="122" coveredstatements="102" conditionals="112" coveredconditionals="71" methods="34" coveredmethods="28"/>
        <line num="14" count="28" type="stmt"/>
        <line num="15" count="42" type="stmt"/>
        <line num="16" count="42" type="stmt"/>
        <line num="17" count="42" type="stmt"/>
        <line num="18" count="28" type="stmt"/>
        <line num="19" count="28" type="stmt"/>
        <line num="21" count="28" type="stmt"/>
        <line num="22" count="14" type="cond" truecount="2" falsecount="0"/>
        <line num="23" count="1" type="stmt"/>
        <line num="24" count="1" type="stmt"/>
        <line num="25" count="1" type="stmt"/>
        <line num="29" count="13" type="stmt"/>
        <line num="30" count="13" type="stmt"/>
        <line num="34" count="13" type="stmt"/>
        <line num="35" count="13" type="stmt"/>
        <line num="39" count="13" type="stmt"/>
        <line num="41" count="13" type="stmt"/>
        <line num="42" count="13" type="stmt"/>
        <line num="43" count="13" type="stmt"/>
        <line num="47" count="28" type="stmt"/>
        <line num="48" count="14" type="stmt"/>
        <line num="49" count="14" type="stmt"/>
        <line num="50" count="14" type="stmt"/>
        <line num="51" count="14" type="stmt"/>
        <line num="53" count="14" type="cond" truecount="1" falsecount="1"/>
        <line num="54" count="6" type="cond" truecount="3" falsecount="1"/>
        <line num="55" count="6" type="stmt"/>
        <line num="56" count="6" type="cond" truecount="2" falsecount="0"/>
        <line num="57" count="3" type="cond" truecount="1" falsecount="1"/>
        <line num="58" count="3" type="stmt"/>
        <line num="60" count="14" type="stmt"/>
        <line num="63" count="28" type="stmt"/>
        <line num="64" count="28" type="stmt"/>
        <line num="65" count="28" type="stmt"/>
        <line num="66" count="28" type="stmt"/>
        <line num="68" count="28" type="cond" truecount="1" falsecount="1"/>
        <line num="69" count="8" type="cond" truecount="1" falsecount="1"/>
        <line num="70" count="8" type="cond" truecount="2" falsecount="0"/>
        <line num="71" count="4" type="cond" truecount="1" falsecount="1"/>
        <line num="72" count="4" type="cond" truecount="1" falsecount="1"/>
        <line num="74" count="28" type="stmt"/>
        <line num="78" count="28" type="cond" truecount="1" falsecount="1"/>
        <line num="80" count="28" type="stmt"/>
        <line num="81" count="0" type="stmt"/>
        <line num="82" count="0" type="stmt"/>
        <line num="83" count="0" type="stmt"/>
        <line num="85" count="0" type="stmt"/>
        <line num="89" count="28" type="stmt"/>
        <line num="90" count="24" type="cond" truecount="1" falsecount="1"/>
        <line num="91" count="24" type="cond" truecount="1" falsecount="2"/>
        <line num="92" count="24" type="cond" truecount="1" falsecount="1"/>
        <line num="95" count="40" type="stmt"/>
        <line num="96" count="24" type="cond" truecount="2" falsecount="0"/>
        <line num="97" count="16" type="stmt"/>
        <line num="98" count="32" type="cond" truecount="3" falsecount="0"/>
        <line num="102" count="16" type="cond" truecount="1" falsecount="1"/>
        <line num="103" count="16" type="stmt"/>
        <line num="104" count="0" type="cond" truecount="0" falsecount="2"/>
        <line num="105" count="0" type="stmt"/>
        <line num="108" count="8" type="cond" truecount="1" falsecount="1"/>
        <line num="111" count="28" type="stmt"/>
        <line num="112" count="8" type="cond" truecount="1" falsecount="1"/>
        <line num="113" count="8" type="cond" truecount="1" falsecount="1"/>
        <line num="114" count="8" type="cond" truecount="1" falsecount="1"/>
        <line num="115" count="8" type="stmt"/>
        <line num="118" count="0" type="stmt"/>
        <line num="121" count="28" type="stmt"/>
        <line num="122" count="8" type="cond" truecount="1" falsecount="1"/>
        <line num="123" count="8" type="cond" truecount="1" falsecount="1"/>
        <line num="124" count="8" type="cond" truecount="1" falsecount="1"/>
        <line num="125" count="8" type="stmt"/>
        <line num="128" count="0" type="stmt"/>
        <line num="131" count="28" type="stmt"/>
        <line num="132" count="8" type="cond" truecount="2" falsecount="2"/>
        <line num="133" count="4" type="stmt"/>
        <line num="134" count="4" type="stmt"/>
        <line num="135" count="0" type="stmt"/>
        <line num="136" count="0" type="stmt"/>
        <line num="140" count="28" type="stmt"/>
        <line num="141" count="0" type="stmt"/>
        <line num="143" count="0" type="cond" truecount="0" falsecount="2"/>
        <line num="144" count="0" type="stmt"/>
        <line num="147" count="0" type="stmt"/>
        <line num="150" count="28" type="stmt"/>
        <line num="151" count="84" type="stmt"/>
        <line num="160" count="12" type="cond" truecount="1" falsecount="2"/>
        <line num="161" count="12" type="cond" truecount="1" falsecount="2"/>
        <line num="162" count="12" type="stmt"/>
        <line num="178" count="0" type="stmt"/>
        <line num="190" count="28" type="stmt"/>
        <line num="191" count="84" type="stmt"/>
        <line num="200" count="8" type="stmt"/>
        <line num="201" count="8" type="stmt"/>
        <line num="202" count="8" type="stmt"/>
        <line num="204" count="8" type="stmt"/>
        <line num="209" count="1" type="stmt"/>
        <line num="210" count="1" type="stmt"/>
        <line num="244" count="0" type="stmt"/>
        <line num="245" count="0" type="stmt"/>
        <line num="246" count="0" type="stmt"/>
        <line num="262" count="28" type="stmt"/>
        <line num="263" count="28" type="cond" truecount="2" falsecount="0"/>
        <line num="265" count="4" type="stmt"/>
        <line num="280" count="4" type="stmt"/>
        <line num="281" count="4" type="stmt"/>
        <line num="282" count="4" type="stmt"/>
        <line num="283" count="4" type="cond" truecount="2" falsecount="4"/>
        <line num="285" count="4" type="stmt"/>
        <line num="290" count="0" type="stmt"/>
        <line num="291" count="0" type="stmt"/>
        <line num="307" count="1" type="stmt"/>
        <line num="308" count="1" type="stmt"/>
        <line num="326" count="28" type="stmt"/>
        <line num="345" count="196" type="cond" truecount="2" falsecount="0"/>
        <line num="346" count="168" type="cond" truecount="2" falsecount="0"/>
        <line num="347" count="140" type="cond" truecount="2" falsecount="0"/>
        <line num="348" count="112" type="cond" truecount="2" falsecount="0"/>
        <line num="349" count="84" type="cond" truecount="2" falsecount="0"/>
        <line num="350" count="56" type="cond" truecount="2" falsecount="0"/>
        <line num="351" count="28" type="stmt"/>
        <line num="353" count="210" type="stmt"/>
        <line num="362" count="1" type="stmt"/>
      </file>
      <file name="profile.js" path="/Users/arnev/Desktop/RideShare-App/app/(tabs)/profile.js">
        <metrics statements="27" coveredstatements="24" conditionals="61" coveredconditionals="47" methods="13" coveredmethods="11"/>
        <line num="19" count="23" type="stmt"/>
        <line num="20" count="46" type="stmt"/>
        <line num="21" count="46" type="stmt"/>
        <line num="22" count="46" type="stmt"/>
        <line num="25" count="23" type="stmt"/>
        <line num="28" count="46" type="stmt"/>
        <line num="29" count="23" type="cond" truecount="1" falsecount="1"/>
        <line num="31" count="23" type="stmt"/>
        <line num="37" count="23" type="stmt"/>
        <line num="39" count="23" type="cond" truecount="1" falsecount="1"/>
        <line num="41" count="23" type="stmt"/>
        <line num="43" count="23" type="stmt"/>
        <line num="48" count="23" type="cond" truecount="1" falsecount="1"/>
        <line num="49" count="23" type="cond" truecount="2" falsecount="0"/>
        <line num="50" count="1" type="stmt"/>
        <line num="62" count="22" type="stmt"/>
        <line num="76" count="1" type="stmt"/>
        <line num="116" count="20" type="stmt"/>
        <line num="147" count="0" type="stmt"/>
        <line num="160" count="5" type="stmt"/>
        <line num="165" count="0" type="stmt"/>
        <line num="184" count="1" type="stmt"/>
        <line num="192" count="1" type="stmt"/>
        <line num="193" count="1" type="stmt"/>
        <line num="194" count="1" type="stmt"/>
        <line num="196" count="0" type="stmt"/>
        <line num="207" count="1" type="stmt"/>
      </file>
    </package>
    <package name="app.chat">
      <metrics statements="152" coveredstatements="100" conditionals="159" coveredconditionals="73" methods="33" coveredmethods="20"/>
      <file name="[id].js" path="/Users/arnev/Desktop/RideShare-App/app/chat/[id].js">
        <metrics statements="152" coveredstatements="100" conditionals="159" coveredconditionals="73" methods="33" coveredmethods="20"/>
        <line num="16" count="1" type="stmt"/>
        <line num="17" count="13" type="stmt"/>
        <line num="18" count="13" type="stmt"/>
        <line num="20" count="13" type="stmt"/>
        <line num="21" count="0" type="stmt"/>
        <line num="22" count="0" type="cond" truecount="0" falsecount="4"/>
        <line num="24" count="0" type="stmt"/>
        <line num="25" count="0" type="stmt"/>
        <line num="28" count="13" type="stmt"/>
        <line num="62" count="1" type="stmt"/>
        <line num="99" count="41" type="stmt"/>
        <line num="100" count="41" type="stmt"/>
        <line num="102" count="41" type="stmt"/>
        <line num="107" count="55" type="stmt"/>
        <line num="108" count="55" type="stmt"/>
        <line num="109" count="55" type="cond" truecount="1" falsecount="1"/>
        <line num="111" count="41" type="stmt"/>
        <line num="112" count="41" type="stmt"/>
        <line num="113" count="41" type="stmt"/>
        <line num="114" count="41" type="stmt"/>
        <line num="115" count="41" type="stmt"/>
        <line num="117" count="41" type="stmt"/>
        <line num="118" count="14" type="cond" truecount="3" falsecount="1"/>
        <line num="120" count="14" type="stmt"/>
        <line num="121" count="14" type="stmt"/>
        <line num="122" count="14" type="stmt"/>
        <line num="123" count="14" type="cond" truecount="2" falsecount="0"/>
        <line num="124" count="1" type="stmt"/>
        <line num="125" count="1" type="stmt"/>
        <line num="126" count="1" type="stmt"/>
        <line num="129" count="13" type="stmt"/>
        <line num="132" count="26" type="stmt"/>
        <line num="133" count="13" type="cond" truecount="3" falsecount="1"/>
        <line num="134" count="13" type="stmt"/>
        <line num="141" count="13" type="cond" truecount="1" falsecount="1"/>
        <line num="142" count="13" type="stmt"/>
        <line num="143" count="13" type="stmt"/>
        <line num="144" count="13" type="cond" truecount="1" falsecount="1"/>
        <line num="145" count="13" type="stmt"/>
        <line num="148" count="0" type="stmt"/>
        <line num="152" count="0" type="stmt"/>
        <line num="153" count="0" type="stmt"/>
        <line num="154" count="0" type="stmt"/>
        <line num="158" count="14" type="stmt"/>
        <line num="160" count="14" type="stmt"/>
        <line num="161" count="14" type="stmt"/>
        <line num="164" count="14" type="stmt"/>
        <line num="165" count="13" type="stmt"/>
        <line num="166" count="13" type="stmt"/>
        <line num="169" count="13" type="stmt"/>
        <line num="172" count="26" type="cond" truecount="4" falsecount="1"/>
        <line num="173" count="0" type="stmt"/>
        <line num="174" count="0" type="stmt"/>
        <line num="176" count="26" type="stmt"/>
        <line num="181" count="26" type="stmt"/>
        <line num="182" count="26" type="cond" truecount="1" falsecount="1"/>
        <line num="183" count="26" type="stmt"/>
        <line num="184" count="0" type="cond" truecount="0" falsecount="2"/>
        <line num="185" count="0" type="stmt"/>
        <line num="187" count="0" type="stmt"/>
        <line num="190" count="26" type="cond" truecount="1" falsecount="1"/>
        <line num="191" count="0" type="stmt"/>
        <line num="194" count="0" type="stmt"/>
        <line num="197" count="26" type="stmt"/>
        <line num="208" count="26" type="cond" truecount="1" falsecount="1"/>
        <line num="209" count="0" type="stmt"/>
        <line num="212" count="26" type="stmt"/>
        <line num="219" count="26" type="stmt"/>
        <line num="222" count="13" type="stmt"/>
        <line num="223" count="13" type="stmt"/>
        <line num="224" count="13" type="stmt"/>
        <line num="226" count="0" type="stmt"/>
        <line num="227" count="0" type="stmt"/>
        <line num="228" count="0" type="stmt"/>
        <line num="232" count="14" type="stmt"/>
        <line num="233" count="14" type="stmt"/>
        <line num="234" count="14" type="stmt"/>
        <line num="235" count="14" type="stmt"/>
        <line num="240" count="41" type="stmt"/>
        <line num="241" count="14" type="cond" truecount="3" falsecount="1"/>
        <line num="243" count="14" type="stmt"/>
        <line num="244" count="0" type="stmt"/>
        <line num="248" count="41" type="cond" truecount="0" falsecount="1"/>
        <line num="249" count="0" type="cond" truecount="0" falsecount="6"/>
        <line num="251" count="0" type="stmt"/>
        <line num="253" count="0" type="stmt"/>
        <line num="260" count="0" type="stmt"/>
        <line num="266" count="41" type="stmt"/>
        <line num="267" count="0" type="cond" truecount="0" falsecount="6"/>
        <line num="269" count="0" type="stmt"/>
        <line num="276" count="0" type="stmt"/>
        <line num="280" count="41" type="stmt"/>
        <line num="281" count="1" type="stmt"/>
        <line num="285" count="41" type="stmt"/>
        <line num="286" count="24" type="cond" truecount="1" falsecount="1"/>
        <line num="287" count="24" type="cond" truecount="1" falsecount="3"/>
        <line num="288" count="24" type="cond" truecount="1" falsecount="1"/>
        <line num="291" count="48" type="stmt"/>
        <line num="292" count="24" type="cond" truecount="1" falsecount="1"/>
        <line num="295" count="24" type="stmt"/>
        <line num="296" count="48" type="cond" truecount="3" falsecount="0"/>
        <line num="300" count="24" type="cond" truecount="1" falsecount="1"/>
        <line num="301" count="24" type="stmt"/>
        <line num="302" count="0" type="cond" truecount="0" falsecount="2"/>
        <line num="303" count="0" type="stmt"/>
        <line num="306" count="0" type="cond" truecount="0" falsecount="2"/>
        <line num="309" count="41" type="stmt"/>
        <line num="311" count="12" type="cond" truecount="1" falsecount="1"/>
        <line num="312" count="0" type="cond" truecount="0" falsecount="2"/>
        <line num="313" count="0" type="cond" truecount="0" falsecount="2"/>
        <line num="314" count="0" type="stmt"/>
        <line num="318" count="12" type="cond" truecount="3" falsecount="1"/>
        <line num="319" count="12" type="stmt"/>
        <line num="320" count="12" type="stmt"/>
        <line num="321" count="12" type="cond" truecount="1" falsecount="1"/>
        <line num="322" count="12" type="stmt"/>
        <line num="326" count="0" type="cond" truecount="0" falsecount="2"/>
        <line num="327" count="0" type="cond" truecount="0" falsecount="2"/>
        <line num="328" count="0" type="cond" truecount="0" falsecount="2"/>
        <line num="329" count="0" type="stmt"/>
        <line num="332" count="0" type="stmt"/>
        <line num="335" count="41" type="stmt"/>
        <line num="337" count="12" type="cond" truecount="1" falsecount="1"/>
        <line num="338" count="0" type="cond" truecount="0" falsecount="2"/>
        <line num="339" count="0" type="cond" truecount="0" falsecount="2"/>
        <line num="340" count="0" type="stmt"/>
        <line num="344" count="12" type="cond" truecount="4" falsecount="1"/>
        <line num="345" count="12" type="stmt"/>
        <line num="346" count="12" type="stmt"/>
        <line num="347" count="12" type="stmt"/>
        <line num="348" count="12" type="cond" truecount="1" falsecount="1"/>
        <line num="349" count="12" type="stmt"/>
        <line num="352" count="0" type="stmt"/>
        <line num="356" count="41" type="stmt"/>
        <line num="357" count="25" type="stmt"/>
        <line num="364" count="41" type="stmt"/>
        <line num="365" count="0" type="stmt"/>
        <line num="366" count="0" type="stmt"/>
        <line num="390" count="41" type="cond" truecount="4" falsecount="0"/>
        <line num="391" count="15" type="stmt"/>
        <line num="407" count="26" type="cond" truecount="2" falsecount="0"/>
        <line num="408" count="1" type="stmt"/>
        <line num="423" count="25" type="stmt"/>
        <line num="444" count="0" type="stmt"/>
        <line num="511" count="0" type="stmt"/>
        <line num="516" count="0" type="stmt"/>
        <line num="525" count="0" type="stmt"/>
        <line num="526" count="0" type="stmt"/>
        <line num="539" count="0" type="stmt"/>
        <line num="540" count="0" type="stmt"/>
        <line num="551" count="0" type="stmt"/>
        <line num="562" count="1" type="stmt"/>
      </file>
    </package>
    <package name="app.modal">
      <metrics statements="70" coveredstatements="60" conditionals="56" coveredconditionals="54" methods="14" coveredmethods="8"/>
      <file name="edit-profile.js" path="/Users/arnev/Desktop/RideShare-App/app/modal/edit-profile.js">
        <metrics statements="70" coveredstatements="60" conditionals="56" coveredconditionals="54" methods="14" coveredmethods="8"/>
        <line num="14" count="46" type="stmt"/>
        <line num="15" count="46" type="stmt"/>
        <line num="20" count="46" type="cond" truecount="2" falsecount="0"/>
        <line num="21" count="46" type="cond" truecount="2" falsecount="0"/>
        <line num="22" count="46" type="cond" truecount="2" falsecount="0"/>
        <line num="23" count="46" type="cond" truecount="2" falsecount="0"/>
        <line num="24" count="46" type="cond" truecount="2" falsecount="0"/>
        <line num="25" count="46" type="cond" truecount="2" falsecount="0"/>
        <line num="26" count="46" type="cond" truecount="2" falsecount="0"/>
        <line num="27" count="46" type="cond" truecount="2" falsecount="0"/>
        <line num="33" count="46" type="stmt"/>
        <line num="35" count="46" type="stmt"/>
        <line num="36" count="8" type="cond" truecount="2" falsecount="0"/>
        <line num="37" count="1" type="stmt"/>
        <line num="38" count="1" type="stmt"/>
        <line num="40" count="7" type="cond" truecount="2" falsecount="0"/>
        <line num="41" count="1" type="stmt"/>
        <line num="42" count="1" type="stmt"/>
        <line num="44" count="6" type="cond" truecount="4" falsecount="0"/>
        <line num="45" count="1" type="stmt"/>
        <line num="46" count="1" type="stmt"/>
        <line num="48" count="5" type="cond" truecount="4" falsecount="0"/>
        <line num="49" count="1" type="stmt"/>
        <line num="50" count="1" type="stmt"/>
        <line num="52" count="4" type="cond" truecount="4" falsecount="0"/>
        <line num="53" count="1" type="stmt"/>
        <line num="54" count="1" type="stmt"/>
        <line num="56" count="3" type="cond" truecount="2" falsecount="0"/>
        <line num="57" count="1" type="stmt"/>
        <line num="58" count="1" type="stmt"/>
        <line num="60" count="2" type="stmt"/>
        <line num="64" count="46" type="stmt"/>
        <line num="65" count="46" type="stmt"/>
        <line num="66" count="8" type="cond" truecount="2" falsecount="0"/>
        <line num="67" count="2" type="stmt"/>
        <line num="68" count="2" type="stmt"/>
        <line num="69" count="2" type="stmt"/>
        <line num="70" count="2" type="cond" truecount="3" falsecount="1"/>
        <line num="71" count="0" type="stmt"/>
        <line num="72" count="0" type="stmt"/>
        <line num="73" count="0" type="stmt"/>
        <line num="75" count="2" type="stmt"/>
        <line num="76" count="2" type="stmt"/>
        <line num="87" count="1" type="stmt"/>
        <line num="88" count="1" type="stmt"/>
        <line num="92" count="0" type="stmt"/>
        <line num="97" count="1" type="stmt"/>
        <line num="98" count="1" type="stmt"/>
        <line num="100" count="2" type="stmt"/>
        <line num="104" count="46" type="stmt"/>
        <line num="108" count="46" type="stmt"/>
        <line num="112" count="46" type="stmt"/>
        <line num="113" count="46" type="stmt"/>
        <line num="114" count="276" type="stmt"/>
        <line num="115" count="46" type="stmt"/>
        <line num="119" count="46" type="cond" truecount="4" falsecount="0"/>
        <line num="120" count="2" type="stmt"/>
        <line num="127" count="44" type="stmt"/>
        <line num="132" count="1" type="stmt"/>
        <line num="206" count="5" type="stmt"/>
        <line num="211" count="0" type="stmt"/>
        <line num="212" count="0" type="stmt"/>
        <line num="213" count="0" type="stmt"/>
        <line num="216" count="0" type="stmt"/>
        <line num="224" count="1" type="stmt"/>
        <line num="244" count="0" type="stmt"/>
        <line num="253" count="0" type="stmt"/>
        <line num="262" count="1" type="stmt"/>
        <line num="269" count="1" type="stmt"/>
        <line num="283" count="1" type="stmt"/>
      </file>
    </package>
    <package name="app.rating">
      <metrics statements="103" coveredstatements="86" conditionals="89" coveredconditionals="64" methods="17" coveredmethods="13"/>
      <file name="[tripId].js" path="/Users/arnev/Desktop/RideShare-App/app/rating/[tripId].js">
        <metrics statements="103" coveredstatements="86" conditionals="89" coveredconditionals="64" methods="17" coveredmethods="13"/>
        <line num="33" count="76" type="stmt"/>
        <line num="34" count="76" type="stmt"/>
        <line num="37" count="112" type="stmt"/>
        <line num="40" count="76" type="stmt"/>
        <line num="43" count="112" type="stmt"/>
        <line num="46" count="76" type="stmt"/>
        <line num="47" count="76" type="stmt"/>
        <line num="48" count="76" type="stmt"/>
        <line num="49" count="76" type="stmt"/>
        <line num="50" count="76" type="stmt"/>
        <line num="51" count="76" type="stmt"/>
        <line num="52" count="76" type="stmt"/>
        <line num="55" count="76" type="stmt"/>
        <line num="61" count="76" type="stmt"/>
        <line num="62" count="36" type="stmt"/>
        <line num="63" count="36" type="cond" truecount="4" falsecount="0"/>
        <line num="64" count="2" type="stmt"/>
        <line num="65" count="2" type="stmt"/>
        <line num="66" count="2" type="stmt"/>
        <line num="69" count="34" type="stmt"/>
        <line num="70" count="34" type="stmt"/>
        <line num="71" count="34" type="stmt"/>
        <line num="74" count="34" type="stmt"/>
        <line num="76" count="33" type="cond" truecount="2" falsecount="0"/>
        <line num="77" count="2" type="stmt"/>
        <line num="78" count="2" type="stmt"/>
        <line num="79" count="2" type="stmt"/>
        <line num="82" count="31" type="cond" truecount="2" falsecount="0"/>
        <line num="83" count="1" type="stmt"/>
        <line num="84" count="1" type="stmt"/>
        <line num="85" count="1" type="stmt"/>
        <line num="88" count="30" type="stmt"/>
        <line num="91" count="30" type="stmt"/>
        <line num="92" count="30" type="stmt"/>
        <line num="94" count="30" type="cond" truecount="4" falsecount="0"/>
        <line num="95" count="1" type="stmt"/>
        <line num="96" count="1" type="stmt"/>
        <line num="97" count="1" type="stmt"/>
        <line num="100" count="29" type="cond" truecount="2" falsecount="0"/>
        <line num="101" count="29" type="stmt"/>
        <line num="104" count="29" type="cond" truecount="2" falsecount="0"/>
        <line num="105" count="29" type="cond" truecount="2" falsecount="0"/>
        <line num="106" count="2" type="stmt"/>
        <line num="109" count="0" type="stmt"/>
        <line num="111" count="2" type="stmt"/>
        <line num="115" count="27" type="cond" truecount="2" falsecount="0"/>
        <line num="116" count="27" type="stmt"/>
        <line num="118" count="27" type="cond" truecount="2" falsecount="0"/>
        <line num="124" count="0" type="stmt"/>
        <line num="125" count="0" type="cond" truecount="0" falsecount="2"/>
        <line num="127" count="33" type="stmt"/>
        <line num="131" count="36" type="stmt"/>
        <line num="135" count="76" type="stmt"/>
        <line num="136" count="1" type="cond" truecount="1" falsecount="1"/>
        <line num="137" count="0" type="stmt"/>
        <line num="138" count="0" type="stmt"/>
        <line num="141" count="1" type="stmt"/>
        <line num="142" count="1" type="cond" truecount="1" falsecount="1"/>
        <line num="143" count="0" type="stmt"/>
        <line num="144" count="0" type="stmt"/>
        <line num="147" count="1" type="cond" truecount="1" falsecount="1"/>
        <line num="149" count="1" type="stmt"/>
        <line num="150" count="1" type="stmt"/>
        <line num="161" count="0" type="cond" truecount="0" falsecount="2"/>
        <line num="162" count="0" type="stmt"/>
        <line num="165" count="0" type="stmt"/>
        <line num="168" count="0" type="stmt"/>
        <line num="171" count="1" type="stmt"/>
        <line num="183" count="76" type="stmt"/>
        <line num="184" count="1" type="stmt"/>
        <line num="189" count="0" type="stmt"/>
        <line num="195" count="76" type="stmt"/>
        <line num="196" count="34" type="cond" truecount="2" falsecount="0"/>
        <line num="198" count="33" type="stmt"/>
        <line num="199" count="33" type="cond" truecount="1" falsecount="1"/>
        <line num="203" count="33" type="stmt"/>
        <line num="210" count="0" type="stmt"/>
        <line num="215" count="76" type="stmt"/>
        <line num="216" count="68" type="cond" truecount="2" falsecount="0"/>
        <line num="217" count="66" type="cond" truecount="1" falsecount="3"/>
        <line num="218" count="66" type="cond" truecount="1" falsecount="1"/>
        <line num="221" count="132" type="stmt"/>
        <line num="222" count="66" type="cond" truecount="1" falsecount="1"/>
        <line num="224" count="66" type="stmt"/>
        <line num="225" count="132" type="cond" truecount="3" falsecount="0"/>
        <line num="229" count="66" type="cond" truecount="1" falsecount="1"/>
        <line num="230" count="66" type="stmt"/>
        <line num="231" count="0" type="cond" truecount="0" falsecount="2"/>
        <line num="232" count="0" type="stmt"/>
        <line num="235" count="0" type="cond" truecount="0" falsecount="2"/>
        <line num="239" count="76" type="stmt"/>
        <line num="240" count="34" type="cond" truecount="1" falsecount="1"/>
        <line num="242" count="34" type="stmt"/>
        <line num="243" count="34" type="stmt"/>
        <line num="245" count="34" type="stmt"/>
        <line num="249" count="76" type="cond" truecount="4" falsecount="0"/>
        <line num="250" count="36" type="stmt"/>
        <line num="261" count="40" type="cond" truecount="2" falsecount="0"/>
        <line num="262" count="6" type="stmt"/>
        <line num="267" count="1" type="stmt"/>
        <line num="275" count="34" type="stmt"/>
        <line num="283" count="0" type="stmt"/>
        <line num="380" count="1" type="stmt"/>
      </file>
    </package>
    <package name="app.reviews">
      <metrics statements="18" coveredstatements="18" conditionals="16" coveredconditionals="16" methods="7" coveredmethods="7"/>
      <file name="[userId].js" path="/Users/arnev/Desktop/RideShare-App/app/reviews/[userId].js">
        <metrics statements="18" coveredstatements="18" conditionals="16" coveredconditionals="16" methods="7" coveredmethods="7"/>
        <line num="18" count="17" type="stmt"/>
        <line num="19" count="17" type="stmt"/>
        <line num="21" count="17" type="stmt"/>
        <line num="22" count="17" type="cond" truecount="2" falsecount="0"/>
        <line num="24" count="17" type="stmt"/>
        <line num="29" count="17" type="stmt"/>
        <line num="30" count="17" type="cond" truecount="2" falsecount="0"/>
        <line num="31" count="16" type="stmt"/>
        <line num="36" count="17" type="cond" truecount="2" falsecount="0"/>
        <line num="37" count="12" type="cond" truecount="2" falsecount="0"/>
        <line num="40" count="17" type="cond" truecount="2" falsecount="0"/>
        <line num="42" count="16" type="cond" truecount="4" falsecount="0"/>
        <line num="43" count="1" type="stmt"/>
        <line num="53" count="15" type="stmt"/>
        <line num="57" count="1" type="stmt"/>
        <line num="86" count="19" type="stmt"/>
        <line num="88" count="12" type="stmt"/>
        <line num="107" count="1" type="stmt"/>
      </file>
    </package>
    <package name="app.ride">
      <metrics statements="386" coveredstatements="268" conditionals="488" coveredconditionals="279" methods="74" coveredmethods="59"/>
      <file name="[id].js" path="/Users/arnev/Desktop/RideShare-App/app/ride/[id].js">
        <metrics statements="81" coveredstatements="78" conditionals="110" coveredconditionals="92" methods="21" coveredmethods="20"/>
        <line num="15" count="90" type="stmt"/>
        <line num="16" count="90" type="stmt"/>
        <line num="17" count="90" type="stmt"/>
        <line num="18" count="90" type="stmt"/>
        <line num="19" count="90" type="stmt"/>
        <line num="20" count="90" type="stmt"/>
        <line num="21" count="90" type="stmt"/>
        <line num="23" count="90" type="stmt"/>
        <line num="24" count="46" type="stmt"/>
        <line num="25" count="45" type="stmt"/>
        <line num="26" count="45" type="stmt"/>
        <line num="27" count="45" type="stmt"/>
        <line num="28" count="42" type="cond" truecount="2" falsecount="0"/>
        <line num="29" count="1" type="stmt"/>
        <line num="31" count="41" type="stmt"/>
        <line num="34" count="2" type="cond" truecount="2" falsecount="0"/>
        <line num="36" count="44" type="stmt"/>
        <line num="39" count="46" type="cond" truecount="2" falsecount="0"/>
        <line num="42" count="90" type="stmt"/>
        <line num="43" count="46" type="cond" truecount="2" falsecount="0"/>
        <line num="44" count="45" type="stmt"/>
        <line num="48" count="90" type="stmt"/>
        <line num="49" count="3" type="stmt"/>
        <line num="58" count="2" type="stmt"/>
        <line num="59" count="2" type="stmt"/>
        <line num="60" count="1" type="stmt"/>
        <line num="61" count="0" type="stmt"/>
        <line num="64" count="1" type="cond" truecount="1" falsecount="1"/>
        <line num="73" count="90" type="stmt"/>
        <line num="74" count="2" type="stmt"/>
        <line num="75" count="2" type="cond" truecount="2" falsecount="0"/>
        <line num="76" count="1" type="stmt"/>
        <line num="77" count="1" type="stmt"/>
        <line num="80" count="1" type="cond" truecount="1" falsecount="1"/>
        <line num="81" count="0" type="stmt"/>
        <line num="82" count="0" type="stmt"/>
        <line num="85" count="1" type="stmt"/>
        <line num="88" count="90" type="stmt"/>
        <line num="89" count="82" type="cond" truecount="2" falsecount="1"/>
        <line num="90" count="82" type="cond" truecount="1" falsecount="1"/>
        <line num="91" count="82" type="stmt"/>
        <line num="92" count="82" type="stmt"/>
        <line num="95" count="90" type="stmt"/>
        <line num="96" count="41" type="cond" truecount="1" falsecount="1"/>
        <line num="97" count="41" type="stmt"/>
        <line num="98" count="41" type="cond" truecount="5" falsecount="1"/>
        <line num="99" count="41" type="stmt"/>
        <line num="100" count="41" type="cond" truecount="1" falsecount="1"/>
        <line num="101" count="41" type="stmt"/>
        <line num="102" count="41" type="cond" truecount="2" falsecount="0"/>
        <line num="103" count="40" type="cond" truecount="4" falsecount="0"/>
        <line num="104" count="39" type="cond" truecount="5" falsecount="0"/>
        <line num="105" count="38" type="cond" truecount="1" falsecount="1"/>
        <line num="106" count="41" type="stmt"/>
        <line num="109" count="90" type="stmt"/>
        <line num="110" count="90" type="cond" truecount="4" falsecount="0"/>
        <line num="112" count="90" type="stmt"/>
        <line num="113" count="41" type="cond" truecount="1" falsecount="1"/>
        <line num="114" count="41" type="cond" truecount="1" falsecount="3"/>
        <line num="115" count="41" type="cond" truecount="3" falsecount="0"/>
        <line num="116" count="41" type="cond" truecount="5" falsecount="0"/>
        <line num="117" count="40" type="stmt"/>
        <line num="120" count="90" type="stmt"/>
        <line num="121" count="90" type="cond" truecount="2" falsecount="0"/>
        <line num="122" count="41" type="stmt"/>
        <line num="123" count="41" type="stmt"/>
        <line num="124" count="40" type="cond" truecount="1" falsecount="1"/>
        <line num="125" count="1" type="stmt"/>
        <line num="128" count="90" type="stmt"/>
        <line num="129" count="90" type="cond" truecount="2" falsecount="0"/>
        <line num="130" count="40" type="stmt"/>
        <line num="131" count="40" type="stmt"/>
        <line num="133" count="50" type="stmt"/>
        <line num="136" count="90" type="stmt"/>
        <line num="139" count="1" type="stmt"/>
        <line num="177" count="41" type="stmt"/>
        <line num="178" count="41" type="stmt"/>
        <line num="241" count="1" type="cond" truecount="1" falsecount="1"/>
        <line num="267" count="1" type="stmt"/>
        <line num="270" count="3" type="stmt"/>
        <line num="292" count="1" type="stmt"/>
      </file>
      <file name="create.js" path="/Users/arnev/Desktop/RideShare-App/app/ride/create.js">
        <metrics statements="98" coveredstatements="53" conditionals="124" coveredconditionals="47" methods="18" coveredmethods="10"/>
        <line num="18" count="28" type="stmt"/>
        <line num="19" count="49" type="stmt"/>
        <line num="20" count="49" type="cond" truecount="1" falsecount="1"/>
        <line num="21" count="28" type="stmt"/>
        <line num="22" count="28" type="stmt"/>
        <line num="24" count="28" type="stmt"/>
        <line num="25" count="28" type="stmt"/>
        <line num="26" count="28" type="stmt"/>
        <line num="29" count="28" type="stmt"/>
        <line num="30" count="28" type="stmt"/>
        <line num="31" count="28" type="stmt"/>
        <line num="32" count="28" type="stmt"/>
        <line num="35" count="28" type="stmt"/>
        <line num="42" count="28" type="stmt"/>
        <line num="43" count="28" type="stmt"/>
        <line num="44" count="28" type="stmt"/>
        <line num="45" count="28" type="stmt"/>
        <line num="46" count="28" type="stmt"/>
        <line num="47" count="28" type="stmt"/>
        <line num="48" count="28" type="stmt"/>
        <line num="49" count="28" type="stmt"/>
        <line num="50" count="28" type="stmt"/>
        <line num="53" count="28" type="stmt"/>
        <line num="54" count="28" type="stmt"/>
        <line num="56" count="28" type="stmt"/>
        <line num="57" count="0" type="cond" truecount="0" falsecount="2"/>
        <line num="58" count="0" type="stmt"/>
        <line num="59" count="0" type="cond" truecount="0" falsecount="6"/>
        <line num="60" count="0" type="stmt"/>
        <line num="61" count="0" type="cond" truecount="0" falsecount="3"/>
        <line num="64" count="28" type="stmt"/>
        <line num="65" count="0" type="cond" truecount="0" falsecount="2"/>
        <line num="66" count="0" type="stmt"/>
        <line num="67" count="0" type="cond" truecount="0" falsecount="4"/>
        <line num="70" count="28" type="stmt"/>
        <line num="71" count="1" type="cond" truecount="2" falsecount="2"/>
        <line num="72" count="0" type="cond" truecount="0" falsecount="2"/>
        <line num="73" count="0" type="cond" truecount="0" falsecount="2"/>
        <line num="74" count="0" type="cond" truecount="0" falsecount="2"/>
        <line num="75" count="0" type="cond" truecount="0" falsecount="2"/>
        <line num="76" count="0" type="cond" truecount="0" falsecount="5"/>
        <line num="77" count="0" type="cond" truecount="0" falsecount="5"/>
        <line num="78" count="0" type="cond" truecount="0" falsecount="4"/>
        <line num="80" count="0" type="cond" truecount="0" falsecount="2"/>
        <line num="81" count="0" type="cond" truecount="0" falsecount="4"/>
        <line num="82" count="0" type="stmt"/>
        <line num="83" count="0" type="cond" truecount="0" falsecount="4"/>
        <line num="85" count="0" type="stmt"/>
        <line num="89" count="28" type="stmt"/>
        <line num="90" count="1" type="stmt"/>
        <line num="91" count="1" type="stmt"/>
        <line num="92" count="1" type="stmt"/>
        <line num="93" count="1" type="cond" truecount="1" falsecount="1"/>
        <line num="94" count="1" type="stmt"/>
        <line num="95" count="1" type="stmt"/>
        <line num="97" count="0" type="stmt"/>
        <line num="98" count="0" type="stmt"/>
        <line num="99" count="0" type="cond" truecount="0" falsecount="2"/>
        <line num="100" count="0" type="cond" truecount="0" falsecount="2"/>
        <line num="101" count="0" type="stmt"/>
        <line num="102" count="0" type="cond" truecount="0" falsecount="2"/>
        <line num="103" count="0" type="stmt"/>
        <line num="119" count="0" type="stmt"/>
[...]
        <line num="49" count="4" type="stmt"/>
        <line num="50" count="2" type="stmt"/>
        <line num="52" count="2" type="cond" truecount="2" falsecount="0"/>
        <line num="57" count="7" type="stmt"/>
        <line num="60" count="3" type="stmt"/>
        <line num="61" count="3" type="stmt"/>
        <line num="62" count="1" type="stmt"/>
        <line num="64" count="2" type="cond" truecount="2" falsecount="0"/>
        <line num="69" count="7" type="stmt"/>
        <line num="76" count="7" type="stmt"/>
        <line num="81" count="4" type="stmt"/>
        <line num="84" count="1" type="stmt"/>
        <line num="87" count="2" type="stmt"/>
        <line num="88" count="2" type="cond" truecount="2" falsecount="0"/>
        <line num="91" count="2" type="stmt"/>
        <line num="94" count="4" type="stmt"/>
        <line num="97" count="2" type="stmt"/>
        <line num="100" count="3" type="stmt"/>
        <line num="105" count="5" type="stmt"/>
        <line num="107" count="5" type="stmt"/>
        <line num="108" count="5" type="stmt"/>
        <line num="111" count="3" type="stmt"/>
        <line num="112" count="3" type="stmt"/>
        <line num="113" count="3" type="stmt"/>
        <line num="116" count="2" type="stmt"/>
        <line num="117" count="2" type="stmt"/>
        <line num="121" count="5" type="stmt"/>
        <line num="123" count="5" type="stmt"/>
        <line num="124" count="5" type="stmt"/>
        <line num="127" count="3" type="stmt"/>
        <line num="128" count="3" type="stmt"/>
        <line num="129" count="3" type="stmt"/>
        <line num="132" count="2" type="stmt"/>
        <line num="133" count="2" type="stmt"/>
        <line num="137" count="5" type="stmt"/>
        <line num="139" count="4" type="stmt"/>
        <line num="140" count="4" type="stmt"/>
        <line num="143" count="2" type="stmt"/>
        <line num="144" count="2" type="stmt"/>
        <line num="145" count="2" type="stmt"/>
        <line num="146" count="2" type="cond" truecount="2" falsecount="0"/>
        <line num="147" count="1" type="stmt"/>
        <line num="149" count="2" type="stmt"/>
        <line num="152" count="2" type="stmt"/>
        <line num="153" count="2" type="stmt"/>
        <line num="157" count="5" type="stmt"/>
        <line num="159" count="3" type="stmt"/>
        <line num="160" count="3" type="stmt"/>
        <line num="163" count="1" type="stmt"/>
        <line num="164" count="2" type="stmt"/>
        <line num="165" count="1" type="stmt"/>
        <line num="168" count="2" type="stmt"/>
        <line num="169" count="2" type="stmt"/>
        <line num="174" count="7" type="stmt"/>
      </file>
      <file name="safetySlice.js" path="/Users/arnev/Desktop/RideShare-App/store/slices/safetySlice.js">
        <metrics statements="56" coveredstatements="54" conditionals="2" coveredconditionals="2" methods="22" coveredmethods="22"/>
        <line num="13" count="6" type="stmt"/>
        <line num="16" count="2" type="stmt"/>
        <line num="17" count="2" type="stmt"/>
        <line num="25" count="1" type="stmt"/>
        <line num="27" count="1" type="stmt"/>
        <line num="35" count="6" type="stmt"/>
        <line num="38" count="2" type="stmt"/>
        <line num="39" count="2" type="stmt"/>
        <line num="40" count="2" type="stmt"/>
        <line num="42" count="0" type="stmt"/>
        <line num="50" count="6" type="stmt"/>
        <line num="53" count="1" type="stmt"/>
        <line num="54" count="1" type="stmt"/>
        <line num="55" count="1" type="stmt"/>
        <line num="57" count="0" type="stmt"/>
        <line num="65" count="6" type="stmt"/>
        <line num="68" count="3" type="stmt"/>
        <line num="69" count="3" type="stmt"/>
        <line num="70" count="2" type="stmt"/>
        <line num="72" count="1" type="stmt"/>
        <line num="77" count="6" type="stmt"/>
        <line num="93" count="6" type="stmt"/>
        <line num="98" count="1" type="stmt"/>
        <line num="101" count="1" type="stmt"/>
        <line num="104" count="1" type="stmt"/>
        <line num="106" count="1" type="stmt"/>
        <line num="110" count="5" type="stmt"/>
        <line num="112" count="1" type="stmt"/>
        <line num="113" count="1" type="stmt"/>
        <line num="116" count="1" type="stmt"/>
        <line num="117" count="1" type="stmt"/>
        <line num="120" count="1" type="stmt"/>
        <line num="121" count="1" type="stmt"/>
        <line num="125" count="5" type="stmt"/>
        <line num="127" count="1" type="stmt"/>
        <line num="128" count="1" type="stmt"/>
        <line num="131" count="2" type="stmt"/>
        <line num="132" count="2" type="cond" truecount="2" falsecount="0"/>
        <line num="133" count="1" type="stmt"/>
        <line num="137" count="1" type="stmt"/>
        <line num="138" count="1" type="stmt"/>
        <line num="142" count="5" type="stmt"/>
        <line num="144" count="1" type="stmt"/>
        <line num="145" count="1" type="stmt"/>
        <line num="148" count="1" type="stmt"/>
        <line num="149" count="3" type="stmt"/>
        <line num="152" count="1" type="stmt"/>
        <line num="153" count="1" type="stmt"/>
        <line num="157" count="5" type="stmt"/>
        <line num="159" count="1" type="stmt"/>
        <line num="160" count="1" type="stmt"/>
        <line num="163" count="1" type="stmt"/>
        <line num="164" count="1" type="stmt"/>
        <line num="167" count="1" type="stmt"/>
        <line num="168" count="1" type="stmt"/>
        <line num="178" count="6" type="stmt"/>
      </file>
      <file name="tripsSlice.js" path="/Users/arnev/Desktop/RideShare-App/store/slices/tripsSlice.js">
        <metrics statements="82" coveredstatements="82" conditionals="41" coveredconditionals="41" methods="28" coveredmethods="28"/>
        <line num="7" count="5" type="stmt"/>
        <line num="20" count="5" type="stmt"/>
        <line num="23" count="10" type="stmt"/>
        <line num="24" count="10" type="stmt"/>
        <line num="33" count="8" type="stmt"/>
        <line num="34" count="8" type="cond" truecount="2" falsecount="0"/>
        <line num="35" count="7" type="stmt"/>
        <line num="46" count="8" type="stmt"/>
        <line num="47" count="8" type="cond" truecount="2" falsecount="0"/>
        <line num="48" count="8" type="cond" truecount="2" falsecount="0"/>
        <line num="50" count="8" type="stmt"/>
        <line num="51" count="8" type="cond" truecount="2" falsecount="0"/>
        <line num="53" count="8" type="stmt"/>
        <line num="59" count="1" type="stmt"/>
        <line num="63" count="8" type="stmt"/>
        <line num="65" count="2" type="stmt"/>
        <line num="66" count="2" type="cond" truecount="2" falsecount="0"/>
        <line num="75" count="8" type="cond" truecount="4" falsecount="0"/>
        <line num="77" count="4" type="stmt"/>
        <line num="79" count="2" type="stmt"/>
        <line num="81" count="1" type="stmt"/>
        <line num="83" count="1" type="stmt"/>
        <line num="91" count="8" type="cond" truecount="4" falsecount="0"/>
        <line num="93" count="4" type="stmt"/>
        <line num="95" count="2" type="stmt"/>
        <line num="97" count="1" type="stmt"/>
        <line num="99" count="1" type="stmt"/>
        <line num="107" count="8" type="cond" truecount="4" falsecount="0"/>
        <line num="109" count="4" type="stmt"/>
        <line num="111" count="2" type="stmt"/>
        <line num="113" count="1" type="stmt"/>
        <line num="115" count="1" type="stmt"/>
        <line num="124" count="5" type="stmt"/>
        <line num="127" count="5" type="stmt"/>
        <line num="128" count="5" type="stmt"/>
        <line num="131" count="3" type="stmt"/>
        <line num="140" count="3" type="stmt"/>
        <line num="142" count="2" type="stmt"/>
        <line num="143" count="2" type="cond" truecount="2" falsecount="0"/>
        <line num="148" count="5" type="stmt"/>
        <line num="153" count="6" type="stmt"/>
        <line num="155" count="6" type="stmt"/>
        <line num="158" count="1" type="stmt"/>
        <line num="161" count="2" type="stmt"/>
        <line num="162" count="2" type="cond" truecount="2" falsecount="0"/>
        <line num="165" count="2" type="stmt"/>
        <line num="168" count="3" type="stmt"/>
        <line num="171" count="3" type="stmt"/>
        <line num="174" count="1" type="stmt"/>
        <line num="177" count="1" type="stmt"/>
        <line num="181" count="5" type="stmt"/>
        <line num="184" count="10" type="stmt"/>
        <line num="185" count="10" type="stmt"/>
        <line num="188" count="8" type="stmt"/>
        <line num="190" count="8" type="stmt"/>
        <line num="191" count="8" type="stmt"/>
        <line num="192" count="8" type="cond" truecount="2" falsecount="0"/>
        <line num="193" count="1" type="stmt"/>
        <line num="196" count="8" type="stmt"/>
        <line num="197" count="8" type="cond" truecount="2" falsecount="0"/>
        <line num="198" count="1" type="stmt"/>
        <line num="200" count="8" type="stmt"/>
        <line num="201" count="8" type="cond" truecount="2" falsecount="0"/>
        <line num="202" count="1" type="stmt"/>
        <line num="206" count="2" type="stmt"/>
        <line num="207" count="2" type="stmt"/>
        <line num="211" count="5" type="stmt"/>
        <line num="212" count="5" type="stmt"/>
        <line num="215" count="3" type="stmt"/>
        <line num="216" count="3" type="stmt"/>
        <line num="217" count="3" type="stmt"/>
        <line num="218" count="3" type="cond" truecount="2" falsecount="0"/>
        <line num="219" count="1" type="stmt"/>
        <line num="221" count="3" type="stmt"/>
        <line num="222" count="3" type="cond" truecount="2" falsecount="0"/>
        <line num="223" count="1" type="stmt"/>
        <line num="225" count="3" type="stmt"/>
        <line num="226" count="3" type="cond" truecount="2" falsecount="0"/>
        <line num="227" count="1" type="stmt"/>
        <line num="231" count="2" type="stmt"/>
        <line num="232" count="2" type="stmt"/>
        <line num="237" count="5" type="stmt"/>
      </file>
    </package>
    <package name="utils">
      <metrics statements="146" coveredstatements="146" conditionals="124" coveredconditionals="121" methods="54" coveredmethods="50"/>
      <file name="blockFilters.js" path="/Users/arnev/Desktop/RideShare-App/utils/blockFilters.js">
        <metrics statements="25" coveredstatements="25" conditionals="41" coveredconditionals="40" methods="9" coveredmethods="9"/>
        <line num="14" count="10" type="cond" truecount="4" falsecount="0"/>
        <line num="15" count="3" type="stmt"/>
        <line num="18" count="7" type="cond" truecount="5" falsecount="0"/>
        <line num="19" count="3" type="stmt"/>
        <line num="22" count="14" type="stmt"/>
        <line num="33" count="9" type="cond" truecount="4" falsecount="0"/>
        <line num="34" count="2" type="stmt"/>
        <line num="37" count="7" type="cond" truecount="2" falsecount="0"/>
        <line num="38" count="1" type="stmt"/>
        <line num="41" count="6" type="cond" truecount="5" falsecount="0"/>
        <line num="42" count="2" type="stmt"/>
        <line num="45" count="4" type="stmt"/>
        <line num="46" count="26" type="stmt"/>
        <line num="47" count="24" type="stmt"/>
        <line num="48" count="13" type="stmt"/>
        <line num="49" count="13" type="stmt"/>
        <line num="52" count="13" type="cond" truecount="3" falsecount="1"/>
        <line num="53" count="13" type="cond" truecount="4" falsecount="0"/>
        <line num="54" count="6" type="stmt"/>
        <line num="65" count="8" type="cond" truecount="5" falsecount="0"/>
        <line num="66" count="5" type="stmt"/>
        <line num="69" count="3" type="stmt"/>
        <line num="79" count="9" type="cond" truecount="5" falsecount="0"/>
        <line num="80" count="5" type="stmt"/>
        <line num="83" count="6" type="cond" truecount="2" falsecount="0"/>
      </file>
      <file name="mapboxHelpers.js" path="/Users/arnev/Desktop/RideShare-App/utils/mapboxHelpers.js">
        <metrics statements="5" coveredstatements="5" conditionals="2" coveredconditionals="2" methods="3" coveredmethods="3"/>
        <line num="10" count="7" type="cond" truecount="2" falsecount="0"/>
        <line num="12" count="5" type="stmt"/>
        <line num="13" count="5" type="stmt"/>
        <line num="22" count="5" type="stmt"/>
        <line num="31" count="5" type="stmt"/>
      </file>
      <file name="notificationHelpers.js" path="/Users/arnev/Desktop/RideShare-App/utils/notificationHelpers.js">
        <metrics statements="67" coveredstatements="67" conditionals="42" coveredconditionals="40" methods="11" coveredmethods="10"/>
        <line num="16" count="4" type="stmt"/>
        <line num="17" count="4" type="stmt"/>
        <line num="18" count="3" type="stmt"/>
        <line num="20" count="1" type="stmt"/>
        <line num="21" count="1" type="stmt"/>
        <line num="30" count="5" type="stmt"/>
        <line num="51" count="3" type="stmt"/>
        <line num="52" count="3" type="cond" truecount="2" falsecount="0"/>
        <line num="53" count="2" type="stmt"/>
        <line num="55" count="1" type="stmt"/>
        <line num="58" count="1" type="stmt"/>
        <line num="59" count="1" type="stmt"/>
        <line num="71" count="4" type="stmt"/>
        <line num="72" count="4" type="stmt"/>
        <line num="74" count="3" type="cond" truecount="2" falsecount="0"/>
        <line num="75" count="1" type="stmt"/>
        <line num="79" count="2" type="stmt"/>
        <line num="81" count="2" type="cond" truecount="2" falsecount="0"/>
        <line num="83" count="1" type="stmt"/>
        <line num="84" count="1" type="stmt"/>
        <line num="87" count="1" type="stmt"/>
        <line num="89" count="1" type="stmt"/>
        <line num="90" count="1" type="stmt"/>
        <line num="101" count="10" type="cond" truecount="4" falsecount="0"/>
        <line num="102" count="2" type="stmt"/>
        <line num="105" count="8" type="stmt"/>
        <line num="106" count="8" type="stmt"/>
        <line num="107" count="8" type="stmt"/>
        <line num="109" count="7" type="cond" truecount="2" falsecount="0"/>
        <line num="110" count="1" type="stmt"/>
        <line num="113" count="6" type="stmt"/>
        <line num="114" count="6" type="cond" truecount="1" falsecount="1"/>
        <line num="116" count="6" type="cond" truecount="2" falsecount="0"/>
        <line num="117" count="1" type="stmt"/>
        <line num="121" count="5" type="stmt"/>
        <line num="125" count="5" type="stmt"/>
        <line num="127" count="1" type="stmt"/>
        <line num="128" count="1" type="stmt"/>
        <line num="140" count="8" type="stmt"/>
        <line num="142" count="8" type="cond" truecount="4" falsecount="0"/>
        <line num="143" count="2" type="stmt"/>
        <line num="147" count="6" type="cond" truecount="2" falsecount="0"/>
        <line num="149" count="6" type="stmt"/>
        <line num="150" count="6" type="stmt"/>
        <line num="151" count="6" type="stmt"/>
        <line num="154" count="6" type="cond" truecount="2" falsecount="0"/>
        <line num="156" count="5" type="cond" truecount="3" falsecount="0"/>
        <line num="160" count="5" type="cond" truecount="4" falsecount="0"/>
        <line num="161" count="4" type="stmt"/>
        <line num="162" count="4" type="cond" truecount="1" falsecount="1"/>
        <line num="163" count="4" type="stmt"/>
        <line num="169" count="6" type="stmt"/>
        <line num="178" count="14" type="cond" truecount="4" falsecount="0"/>
        <line num="179" count="6" type="stmt"/>
        <line num="183" count="8" type="cond" truecount="2" falsecount="0"/>
        <line num="192" count="4" type="cond" truecount="2" falsecount="0"/>
        <line num="193" count="2" type="stmt"/>
        <line num="196" count="2" type="stmt"/>
        <line num="204" count="3" type="stmt"/>
        <line num="205" count="3" type="stmt"/>
        <line num="206" count="2" type="stmt"/>
        <line num="208" count="1" type="stmt"/>
        <line num="209" count="1" type="stmt"/>
        <line num="219" count="4" type="stmt"/>
        <line num="220" count="4" type="stmt"/>
        <line num="221" count="3" type="stmt"/>
        <line num="223" count="1" type="stmt"/>
      </file>
      <file name="safetyHelpers.js" path="/Users/arnev/Desktop/RideShare-App/utils/safetyHelpers.js">
        <metrics statements="13" coveredstatements="13" conditionals="18" coveredconditionals="18" methods="11" coveredmethods="8"/>
        <line num="15" count="10" type="cond" truecount="2" falsecount="0"/>
        <line num="17" count="10" type="stmt"/>
        <line num="43" count="7" type="cond" truecount="2" falsecount="0"/>
        <line num="45" count="7" type="stmt"/>
        <line num="69" count="5" type="stmt"/>
        <line num="87" count="4" type="cond" truecount="2" falsecount="0"/>
        <line num="89" count="4" type="stmt"/>
        <line num="107" count="4" type="cond" truecount="2" falsecount="0"/>
        <line num="109" count="4" type="stmt"/>
        <line num="128" count="7" type="stmt"/>
        <line num="135" count="7" type="cond" truecount="2" falsecount="0"/>
        <line num="136" count="2" type="stmt"/>
        <line num="142" count="7" type="stmt"/>
      </file>
      <file name="testUtils.js" path="/Users/arnev/Desktop/RideShare-App/utils/testUtils.js">
        <metrics statements="36" coveredstatements="36" conditionals="21" coveredconditionals="21" methods="20" coveredmethods="20"/>
        <line num="10" count="6" type="cond" truecount="1" falsecount="0"/>
        <line num="40" count="6" type="cond" truecount="1" falsecount="0"/>
        <line num="60" count="2" type="cond" truecount="1" falsecount="0"/>
        <line num="81" count="2" type="cond" truecount="1" falsecount="0"/>
        <line num="97" count="1" type="cond" truecount="1" falsecount="0"/>
        <line num="98" count="4" type="stmt"/>
        <line num="108" count="4" type="cond" truecount="4" falsecount="0"/>
        <line num="110" count="1" type="stmt"/>
        <line num="125" count="1" type="stmt"/>
        <line num="141" count="1" type="stmt"/>
        <line num="156" count="1" type="stmt"/>
        <line num="167" count="1" type="stmt"/>
        <line num="168" count="3" type="cond" truecount="2" falsecount="0"/>
        <line num="169" count="1" type="stmt"/>
        <line num="171" count="2" type="stmt"/>
        <line num="172" count="2" type="stmt"/>
        <line num="180" count="1" type="stmt"/>
        <line num="181" count="1" type="stmt"/>
        <line num="189" count="1" type="stmt"/>
        <line num="196" count="1" type="cond" truecount="1" falsecount="0"/>
        <line num="197" count="3" type="stmt"/>
        <line num="203" count="1" type="stmt"/>
        <line num="208" count="6" type="cond" truecount="3" falsecount="0"/>
        <line num="215" count="5" type="cond" truecount="3" falsecount="0"/>
        <line num="222" count="6" type="stmt"/>
        <line num="230" count="6" type="stmt"/>
        <line num="237" count="5" type="stmt"/>
        <line num="238" count="5" type="stmt"/>
        <line num="245" count="5" type="stmt"/>
        <line num="254" count="5" type="stmt"/>
        <line num="261" count="1" type="stmt"/>
        <line num="265" count="1" type="stmt"/>
        <line num="274" count="1" type="stmt"/>
        <line num="283" count="1" type="stmt"/>
        <line num="293" count="2" type="cond" truecount="2" falsecount="0"/>
        <line num="302" count="2" type="cond" truecount="1" falsecount="0"/>
      </file>
    </package>
  </project>
</coverage>
