<?xml version="1.0" encoding="UTF-8"?>
<coverage generated="1768632809780" clover="3.2.0">
  <project timestamp="1768632809780" name="All files">
    <metrics statements="195" coveredstatements="129" conditionals="225" coveredconditionals="135" methods="29" coveredmethods="20" elements="449" coveredelements="284" complexity="0" loc="195" ncloc="195" packages="1" files="1" classes="1"/>
    <file name="[id].js" path="/Users/arnev/Desktop/RideShare-App/app/trip/[id].js">
      <metrics statements="195" coveredstatements="129" conditionals="225" coveredconditionals="135" methods="29" coveredmethods="20"/>
      <line num="16" count="232" type="cond" truecount="1" falsecount="1"/>
      <line num="17" count="232" type="cond" truecount="4" falsecount="1"/>
      <line num="19" count="180" type="stmt"/>
      <line num="21" count="16" type="stmt"/>
      <line num="23" count="32" type="stmt"/>
      <line num="25" count="4" type="stmt"/>
      <line num="27" count="0" type="stmt"/>
      <line num="33" count="58" type="cond" truecount="1" falsecount="1"/>
      <line num="34" count="58" type="stmt"/>
      <line num="35" count="58" type="cond" truecount="1" falsecount="1"/>
      <line num="36" count="58" type="stmt"/>
      <line num="37" count="58" type="stmt"/>
      <line num="38" count="58" type="stmt"/>
      <line num="39" count="58" type="stmt"/>
      <line num="40" count="58" type="stmt"/>
      <line num="42" count="0" type="stmt"/>
      <line num="47" count="115" type="stmt"/>
      <line num="48" count="115" type="stmt"/>
      <line num="49" count="169" type="stmt"/>
      <line num="50" count="169" type="stmt"/>
      <line num="52" count="115" type="stmt"/>
      <line num="53" count="115" type="stmt"/>
      <line num="54" count="115" type="stmt"/>
      <line num="55" count="115" type="stmt"/>
      <line num="56" count="115" type="stmt"/>
      <line num="57" count="115" type="stmt"/>
      <line num="59" count="115" type="stmt"/>
      <line num="60" count="54" type="cond" truecount="2" falsecount="0"/>
      <line num="63" count="53" type="stmt"/>
      <line num="64" count="53" type="stmt"/>
      <line num="65" count="53" type="stmt"/>
      <line num="66" count="53" type="stmt"/>
      <line num="67" count="53" type="stmt"/>
      <line num="68" count="51" type="cond" truecount="2" falsecount="0"/>
      <line num="69" count="2" type="stmt"/>
      <line num="71" count="49" type="stmt"/>
      <line num="74" count="1" type="stmt"/>
      <line num="75" count="1" type="cond" truecount="1" falsecount="1"/>
      <line num="77" count="52" type="stmt"/>
      <line num="82" count="53" type="stmt"/>
      <line num="85" count="53" type="stmt"/>
      <line num="86" count="1" type="cond" truecount="1" falsecount="1"/>
      <line num="87" count="1" type="stmt"/>
      <line num="91" count="53" type="stmt"/>
      <line num="92" count="53" type="stmt"/>
      <line num="97" count="115" type="stmt"/>
      <line num="98" count="102" type="cond" truecount="2" falsecount="0"/>
      <line num="99" count="55" type="stmt"/>
      <line num="100" count="55" type="stmt"/>
      <line num="102" count="47" type="stmt"/>
      <line num="103" count="47" type="stmt"/>
      <line num="104" count="46" type="stmt"/>
      <line num="105" count="46" type="stmt"/>
      <line num="107" count="1" type="stmt"/>
      <line num="108" count="1" type="stmt"/>
      <line num="112" count="115" type="stmt"/>
      <line num="113" count="1" type="cond" truecount="4" falsecount="1"/>
      <line num="115" count="1" type="stmt"/>
      <line num="116" count="1" type="stmt"/>
      <line num="119" count="1" type="stmt"/>
      <line num="120" count="1" type="cond" truecount="1" falsecount="1"/>
      <line num="122" count="1" type="cond" truecount="1" falsecount="1"/>
      <line num="123" count="0" type="stmt"/>
      <line num="124" count="0" type="stmt"/>
      <line num="128" count="1" type="cond" truecount="1" falsecount="1"/>
      <line num="130" count="1" type="stmt"/>
      <line num="131" count="1" type="stmt"/>
      <line num="135" count="0" type="cond" truecount="0" falsecount="2"/>
      <line num="136" count="0" type="cond" truecount="0" falsecount="2"/>
      <line num="138" count="0" type="stmt"/>
      <line num="147" count="0" type="cond" truecount="0" falsecount="4"/>
      <line num="149" count="0" type="stmt"/>
      <line num="151" count="0" type="stmt"/>
      <line num="154" count="0" type="stmt"/>
      <line num="155" count="0" type="cond" truecount="0" falsecount="2"/>
      <line num="157" count="1" type="stmt"/>
      <line num="161" count="115" type="stmt"/>
      <line num="162" count="1" type="cond" truecount="3" falsecount="1"/>
      <line num="165" count="1" type="cond" truecount="1" falsecount="1"/>
      <line num="166" count="0" type="stmt"/>
      <line num="167" count="0" type="stmt"/>
      <line num="170" count="1" type="stmt"/>
      <line num="178" count="0" type="stmt"/>
      <line num="179" count="0" type="stmt"/>
      <line num="180" count="0" type="stmt"/>
      <line num="186" count="0" type="cond" truecount="0" falsecount="4"/>
      <line num="187" count="0" type="stmt"/>
      <line num="188" count="0" type="stmt"/>
      <line num="190" count="0" type="cond" truecount="0" falsecount="2"/>
      <line num="193" count="0" type="stmt"/>
      <line num="194" count="0" type="cond" truecount="0" falsecount="2"/>
      <line num="196" count="0" type="stmt"/>
      <line num="205" count="115" type="stmt"/>
      <line num="206" count="0" type="cond" truecount="0" falsecount="4"/>
      <line num="209" count="0" type="cond" truecount="0" falsecount="2"/>
      <line num="210" count="0" type="stmt"/>
      <line num="211" count="0" type="stmt"/>
      <line num="214" count="0" type="stmt"/>
      <line num="222" count="0" type="stmt"/>
      <line num="223" count="0" type="stmt"/>
      <line num="224" count="0" type="stmt"/>
      <line num="230" count="0" type="cond" truecount="0" falsecount="4"/>
      <line num="231" count="0" type="stmt"/>
      <line num="232" count="0" type="stmt"/>
      <line num="234" count="0" type="cond" truecount="0" falsecount="2"/>
      <line num="237" count="0" type="stmt"/>
      <line num="238" count="0" type="cond" truecount="0" falsecount="2"/>
      <line num="240" count="0" type="stmt"/>
      <line num="249" count="115" type="stmt"/>
      <line num="250" count="6" type="cond" truecount="3" falsecount="1"/>
      <line num="253" count="6" type="stmt"/>
      <line num="254" count="6" type="stmt"/>
      <line num="256" count="6" type="cond" truecount="4" falsecount="0"/>
      <line num="257" count="1" type="stmt"/>
      <line num="258" count="1" type="stmt"/>
      <line num="261" count="5" type="cond" truecount="1" falsecount="1"/>
      <line num="262" count="0" type="stmt"/>
      <line num="263" count="0" type="stmt"/>
      <line num="267" count="5" type="cond" truecount="1" falsecount="1"/>
      <line num="268" count="5" type="cond" truecount="1" falsecount="1"/>
      <line num="269" count="0" type="stmt"/>
      <line num="270" count="0" type="stmt"/>
      <line num="272" count="5" type="stmt"/>
      <line num="273" count="5" type="cond" truecount="1" falsecount="1"/>
      <line num="274" count="0" type="stmt"/>
      <line num="275" count="0" type="stmt"/>
      <line num="277" count="5" type="stmt"/>
      <line num="278" count="5" type="stmt"/>
      <line num="280" count="5" type="cond" truecount="2" falsecount="0"/>
      <line num="281" count="1" type="stmt"/>
      <line num="282" count="1" type="stmt"/>
      <line num="286" count="4" type="stmt"/>
      <line num="287" count="4" type="stmt"/>
      <line num="290" count="115" type="stmt"/>
      <line num="291" count="1" type="stmt"/>
      <line num="293" count="1" type="stmt"/>
      <line num="294" count="1" type="stmt"/>
      <line num="295" count="1" type="stmt"/>
      <line num="302" count="1" type="cond" truecount="1" falsecount="1"/>
      <line num="303" count="0" type="stmt"/>
      <line num="304" count="0" type="stmt"/>
      <line num="306" count="1" type="stmt"/>
      <line num="309" count="0" type="stmt"/>
      <line num="310" count="0" type="cond" truecount="0" falsecount="2"/>
      <line num="312" count="1" type="stmt"/>
      <line num="316" count="115" type="stmt"/>
      <line num="317" count="1" type="cond" truecount="3" falsecount="1"/>
      <line num="320" count="1" type="cond" truecount="1" falsecount="1"/>
      <line num="321" count="0" type="stmt"/>
      <line num="322" count="0" type="stmt"/>
      <line num="326" count="1" type="cond" truecount="1" falsecount="1"/>
      <line num="327" count="0" type="stmt"/>
      <line num="328" count="0" type="stmt"/>
      <line num="331" count="1" type="stmt"/>
      <line num="339" count="0" type="stmt"/>
      <line num="340" count="0" type="stmt"/>
      <line num="341" count="0" type="stmt"/>
      <line num="346" count="0" type="cond" truecount="0" falsecount="4"/>
      <line num="347" count="0" type="stmt"/>
      <line num="348" count="0" type="stmt"/>
      <line num="350" count="0" type="cond" truecount="0" falsecount="2"/>
      <line num="353" count="0" type="stmt"/>
      <line num="354" count="0" type="cond" truecount="0" falsecount="2"/>
      <line num="356" count="0" type="stmt"/>
      <line num="365" count="115" type="stmt"/>
      <line num="366" count="4" type="cond" truecount="1" falsecount="1"/>
      <line num="368" count="4" type="stmt"/>
      <line num="370" count="4" type="cond" truecount="1" falsecount="1"/>
      <line num="373" count="4" type="stmt"/>
      <line num="379" count="4" type="stmt"/>
      <line num="385" count="4" type="cond" truecount="1" falsecount="2"/>
      <line num="386" count="4" type="cond" truecount="1" falsecount="2"/>
      <line num="389" count="4" type="stmt"/>
      <line num="392" count="4" type="stmt"/>
      <line num="401" count="4" type="stmt"/>
      <line num="406" count="3" type="cond" truecount="2" falsecount="0"/>
      <line num="407" count="2" type="cond" truecount="1" falsecount="1"/>
      <line num="408" count="0" type="stmt"/>
      <line num="410" count="2" type="stmt"/>
      <line num="412" count="1" type="cond" truecount="1" falsecount="1"/>
      <line num="413" count="1" type="stmt"/>
      <line num="416" count="1" type="stmt"/>
      <line num="417" count="1" type="stmt"/>
      <line num="421" count="115" type="cond" truecount="2" falsecount="0"/>
      <line num="422" count="54" type="stmt"/>
      <line num="435" count="61" type="cond" truecount="4" falsecount="0"/>
      <line num="436" count="3" type="stmt"/>
      <line num="441" count="0" type="stmt"/>
      <line num="451" count="58" type="stmt"/>
      <line num="456" count="1" type="stmt"/>
      <line num="484" count="58" type="stmt"/>
      <line num="803" count="1" type="stmt"/>
      <line num="816" count="0" type="stmt"/>
      <line num="836" count="1" type="stmt"/>
      <line num="855" count="1" type="stmt"/>
    </file>
  </project>
</coverage>
