{"/Users/arnev/Desktop/RideShare-App/app/trip/[id].js": {"path":"/Users/arnev/Desktop/RideShare-App/app/trip/[id].js","statementMap":{"0":{"start":{"line":16,"column":22},"end":{"line":16,"column":59}},"1":{"start":{"line":17,"column":2},"end":{"line":28,"column":3}},"2":{"start":{"line":19,"column":6},"end":{"line":19,"column":80}},"3":{"start":{"line":21,"column":6},"end":{"line":21,"column":72}},"4":{"start":{"line":23,"column":6},"end":{"line":23,"column":78}},"5":{"start":{"line":25,"column":6},"end":{"line":25,"column":76}},"6":{"start":{"line":27,"column":6},"end":{"line":27,"column":75}},"7":{"start":{"line":33,"column":2},"end":{"line":33,"column":28}},"8":{"start":{"line":33,"column":18},"end":{"line":33,"column":28}},"9":{"start":{"line":34,"column":2},"end":{"line":43,"column":3}},"10":{"start":{"line":35,"column":17},"end":{"line":35,"column":76}},"11":{"start":{"line":36,"column":18},"end":{"line":36,"column":58}},"12":{"start":{"line":37,"column":17},"end":{"line":37,"column":59}},"13":{"start":{"line":38,"column":16},"end":{"line":38,"column":55}},"14":{"start":{"line":39,"column":18},"end":{"line":39,"column":62}},"15":{"start":{"line":40,"column":4},"end":{"line":40,"column":46}},"16":{"start":{"line":42,"column":4},"end":{"line":42,"column":14}},"17":{"start":{"line":47,"column":25},"end":{"line":47,"column":47}},"18":{"start":{"line":48,"column":19},"end":{"line":48,"column":32}},"19":{"start":{"line":49,"column":15},"end":{"line":49,"column":54}},"20":{"start":{"line":49,"column":38},"end":{"line":49,"column":53}},"21":{"start":{"line":50,"column":22},"end":{"line":50,"column":68}},"22":{"start":{"line":50,"column":45},"end":{"line":50,"column":67}},"23":{"start":{"line":52,"column":26},"end":{"line":52,"column":40}},"24":{"start":{"line":53,"column":32},"end":{"line":53,"column":46}},"25":{"start":{"line":54,"column":28},"end":{"line":54,"column":42}},"26":{"start":{"line":55,"column":50},"end":{"line":55,"column":65}},"27":{"start":{"line":56,"column":54},"end":{"line":56,"column":69}},"28":{"start":{"line":57,"column":42},"end":{"line":57,"column":54}},"29":{"start":{"line":59,"column":2},"end":{"line":94,"column":15}},"30":{"start":{"line":60,"column":4},"end":{"line":60,"column":24}},"31":{"start":{"line":60,"column":17},"end":{"line":60,"column":24}},"32":{"start":{"line":63,"column":22},"end":{"line":79,"column":5}},"33":{"start":{"line":64,"column":6},"end":{"line":78,"column":7}},"34":{"start":{"line":65,"column":8},"end":{"line":65,"column":25}},"35":{"start":{"line":66,"column":8},"end":{"line":66,"column":23}},"36":{"start":{"line":67,"column":25},"end":{"line":67,"column":50}},"37":{"start":{"line":68,"column":8},"end":{"line":72,"column":9}},"38":{"start":{"line":69,"column":10},"end":{"line":69,"column":38}},"39":{"start":{"line":71,"column":10},"end":{"line":71,"column":28}},"40":{"start":{"line":74,"column":8},"end":{"line":74,"column":49}},"41":{"start":{"line":75,"column":8},"end":{"line":75,"column":63}},"42":{"start":{"line":77,"column":8},"end":{"line":77,"column":26}},"43":{"start":{"line":82,"column":4},"end":{"line":82,"column":16}},"44":{"start":{"line":85,"column":24},"end":{"line":89,"column":6}},"45":{"start":{"line":86,"column":6},"end":{"line":88,"column":7}},"46":{"start":{"line":87,"column":8},"end":{"line":87,"column":29}},"47":{"start":{"line":91,"column":4},"end":{"line":93,"column":6}},"48":{"start":{"line":92,"column":6},"end":{"line":92,"column":20}},"49":{"start":{"line":97,"column":20},"end":{"line":110,"column":27}},"50":{"start":{"line":98,"column":4},"end":{"line":101,"column":5}},"51":{"start":{"line":99,"column":6},"end":{"line":99,"column":58}},"52":{"start":{"line":100,"column":6},"end":{"line":100,"column":16}},"53":{"start":{"line":102,"column":4},"end":{"line":109,"column":5}},"54":{"start":{"line":103,"column":21},"end":{"line":103,"column":51}},"55":{"start":{"line":104,"column":6},"end":{"line":104,"column":88}},"56":{"start":{"line":105,"column":6},"end":{"line":105,"column":20}},"57":{"start":{"line":107,"column":6},"end":{"line":107,"column":73}},"58":{"start":{"line":108,"column":6},"end":{"line":108,"column":16}},"59":{"start":{"line":112,"column":29},"end":{"line":159,"column":3}},"60":{"start":{"line":113,"column":4},"end":{"line":113,"column":47}},"61":{"start":{"line":113,"column":40},"end":{"line":113,"column":47}},"62":{"start":{"line":115,"column":4},"end":{"line":158,"column":5}},"63":{"start":{"line":116,"column":6},"end":{"line":116,"column":32}},"64":{"start":{"line":119,"column":23},"end":{"line":119,"column":49}},"65":{"start":{"line":120,"column":33},"end":{"line":120,"column":72}},"66":{"start":{"line":122,"column":6},"end":{"line":125,"column":7}},"67":{"start":{"line":123,"column":8},"end":{"line":123,"column":69}},"68":{"start":{"line":124,"column":8},"end":{"line":124,"column":15}},"69":{"start":{"line":128,"column":6},"end":{"line":132,"column":7}},"70":{"start":{"line":130,"column":8},"end":{"line":130,"column":44}},"71":{"start":{"line":131,"column":8},"end":{"line":131,"column":15}},"72":{"start":{"line":135,"column":28},"end":{"line":135,"column":78}},"73":{"start":{"line":136,"column":27},"end":{"line":136,"column":76}},"74":{"start":{"line":138,"column":21},"end":{"line":145,"column":9}},"75":{"start":{"line":147,"column":6},"end":{"line":152,"column":7}},"76":{"start":{"line":149,"column":8},"end":{"line":149,"column":50}},"77":{"start":{"line":151,"column":8},"end":{"line":151,"column":54}},"78":{"start":{"line":154,"column":6},"end":{"line":154,"column":49}},"79":{"start":{"line":155,"column":6},"end":{"line":155,"column":67}},"80":{"start":{"line":157,"column":6},"end":{"line":157,"column":33}},"81":{"start":{"line":161,"column":26},"end":{"line":203,"column":3}},"82":{"start":{"line":162,"column":4},"end":{"line":162,"column":31}},"83":{"start":{"line":162,"column":24},"end":{"line":162,"column":31}},"84":{"start":{"line":165,"column":4},"end":{"line":168,"column":5}},"85":{"start":{"line":166,"column":6},"end":{"line":166,"column":65}},"86":{"start":{"line":167,"column":6},"end":{"line":167,"column":13}},"87":{"start":{"line":170,"column":4},"end":{"line":202,"column":6}},"88":{"start":{"line":178,"column":12},"end":{"line":197,"column":13}},"89":{"start":{"line":179,"column":14},"end":{"line":179,"column":31}},"90":{"start":{"line":180,"column":29},"end":{"line":184,"column":17}},"91":{"start":{"line":186,"column":14},"end":{"line":191,"column":15}},"92":{"start":{"line":187,"column":16},"end":{"line":187,"column":40}},"93":{"start":{"line":188,"column":16},"end":{"line":188,"column":56}},"94":{"start":{"line":190,"column":16},"end":{"line":190,"column":86}},"95":{"start":{"line":193,"column":14},"end":{"line":193,"column":57}},"96":{"start":{"line":194,"column":14},"end":{"line":194,"column":75}},"97":{"start":{"line":196,"column":14},"end":{"line":196,"column":32}},"98":{"start":{"line":205,"column":29},"end":{"line":247,"column":3}},"99":{"start":{"line":206,"column":4},"end":{"line":206,"column":31}},"100":{"start":{"line":206,"column":24},"end":{"line":206,"column":31}},"101":{"start":{"line":209,"column":4},"end":{"line":212,"column":5}},"102":{"start":{"line":210,"column":6},"end":{"line":210,"column":68}},"103":{"start":{"line":211,"column":6},"end":{"line":211,"column":13}},"104":{"start":{"line":214,"column":4},"end":{"line":246,"column":6}},"105":{"start":{"line":222,"column":12},"end":{"line":241,"column":13}},"106":{"start":{"line":223,"column":14},"end":{"line":223,"column":31}},"107":{"start":{"line":224,"column":29},"end":{"line":228,"column":17}},"108":{"start":{"line":230,"column":14},"end":{"line":235,"column":15}},"109":{"start":{"line":231,"column":16},"end":{"line":231,"column":40}},"110":{"start":{"line":232,"column":16},"end":{"line":232,"column":58}},"111":{"start":{"line":234,"column":16},"end":{"line":234,"column":89}},"112":{"start":{"line":237,"column":14},"end":{"line":237,"column":59}},"113":{"start":{"line":238,"column":14},"end":{"line":238,"column":78}},"114":{"start":{"line":240,"column":14},"end":{"line":240,"column":32}},"115":{"start":{"line":249,"column":27},"end":{"line":288,"column":3}},"116":{"start":{"line":250,"column":4},"end":{"line":250,"column":31}},"117":{"start":{"line":250,"column":24},"end":{"line":250,"column":31}},"118":{"start":{"line":253,"column":21},"end":{"line":253,"column":47}},"119":{"start":{"line":254,"column":20},"end":{"line":254,"column":45}},"120":{"start":{"line":256,"column":4},"end":{"line":259,"column":5}},"121":{"start":{"line":257,"column":6},"end":{"line":257,"column":60}},"122":{"start":{"line":258,"column":6},"end":{"line":258,"column":13}},"123":{"start":{"line":261,"column":4},"end":{"line":264,"column":5}},"124":{"start":{"line":262,"column":6},"end":{"line":262,"column":62}},"125":{"start":{"line":263,"column":6},"end":{"line":263,"column":13}},"126":{"start":{"line":267,"column":31},"end":{"line":267,"column":93}},"127":{"start":{"line":268,"column":4},"end":{"line":271,"column":5}},"128":{"start":{"line":269,"column":6},"end":{"line":269,"column":58}},"129":{"start":{"line":270,"column":6},"end":{"line":270,"column":13}},"130":{"start":{"line":272,"column":26},"end":{"line":272,"column":54}},"131":{"start":{"line":273,"column":4},"end":{"line":276,"column":5}},"132":{"start":{"line":274,"column":6},"end":{"line":274,"column":58}},"133":{"start":{"line":275,"column":6},"end":{"line":275,"column":13}},"134":{"start":{"line":277,"column":16},"end":{"line":277,"column":26}},"135":{"start":{"line":278,"column":28},"end":{"line":278,"column":63}},"136":{"start":{"line":280,"column":4},"end":{"line":283,"column":5}},"137":{"start":{"line":281,"column":6},"end":{"line":281,"column":83}},"138":{"start":{"line":282,"column":6},"end":{"line":282,"column":13}},"139":{"start":{"line":286,"column":4},"end":{"line":286,"column":24}},"140":{"start":{"line":287,"column":4},"end":{"line":287,"column":32}},"141":{"start":{"line":290,"column":28},"end":{"line":314,"column":3}},"142":{"start":{"line":291,"column":4},"end":{"line":291,"column":33}},"143":{"start":{"line":293,"column":4},"end":{"line":313,"column":5}},"144":{"start":{"line":294,"column":6},"end":{"line":294,"column":23}},"145":{"start":{"line":295,"column":21},"end":{"line":300,"column":9}},"146":{"start":{"line":302,"column":6},"end":{"line":307,"column":7}},"147":{"start":{"line":303,"column":8},"end":{"line":303,"column":32}},"148":{"start":{"line":304,"column":8},"end":{"line":304,"column":50}},"149":{"start":{"line":306,"column":8},"end":{"line":306,"column":54}},"150":{"start":{"line":309,"column":6},"end":{"line":309,"column":51}},"151":{"start":{"line":310,"column":6},"end":{"line":310,"column":68}},"152":{"start":{"line":312,"column":6},"end":{"line":312,"column":24}},"153":{"start":{"line":316,"column":39},"end":{"line":363,"column":3}},"154":{"start":{"line":317,"column":4},"end":{"line":317,"column":31}},"155":{"start":{"line":317,"column":24},"end":{"line":317,"column":31}},"156":{"start":{"line":320,"column":4},"end":{"line":323,"column":5}},"157":{"start":{"line":321,"column":6},"end":{"line":321,"column":73}},"158":{"start":{"line":322,"column":6},"end":{"line":322,"column":13}},"159":{"start":{"line":326,"column":4},"end":{"line":329,"column":5}},"160":{"start":{"line":327,"column":6},"end":{"line":327,"column":86}},"161":{"start":{"line":328,"column":6},"end":{"line":328,"column":13}},"162":{"start":{"line":331,"column":4},"end":{"line":362,"column":6}},"163":{"start":{"line":339,"column":12},"end":{"line":357,"column":13}},"164":{"start":{"line":340,"column":14},"end":{"line":340,"column":31}},"165":{"start":{"line":341,"column":29},"end":{"line":344,"column":17}},"166":{"start":{"line":346,"column":14},"end":{"line":351,"column":15}},"167":{"start":{"line":347,"column":16},"end":{"line":347,"column":40}},"168":{"start":{"line":348,"column":16},"end":{"line":348,"column":88}},"169":{"start":{"line":350,"column":16},"end":{"line":350,"column":88}},"170":{"start":{"line":353,"column":14},"end":{"line":353,"column":59}},"171":{"start":{"line":354,"column":14},"end":{"line":354,"column":77}},"172":{"start":{"line":356,"column":14},"end":{"line":356,"column":32}},"173":{"start":{"line":365,"column":26},"end":{"line":419,"column":3}},"174":{"start":{"line":366,"column":4},"end":{"line":366,"column":22}},"175":{"start":{"line":366,"column":15},"end":{"line":366,"column":22}},"176":{"start":{"line":368,"column":4},"end":{"line":418,"column":5}},"177":{"start":{"line":370,"column":28},"end":{"line":372,"column":43}},"178":{"start":{"line":373,"column":28},"end":{"line":378,"column":8}},"179":{"start":{"line":379,"column":28},"end":{"line":382,"column":8}},"180":{"start":{"line":385,"column":28},"end":{"line":385,"column":99}},"181":{"start":{"line":386,"column":26},"end":{"line":386,"column":99}},"182":{"start":{"line":389,"column":23},"end":{"line":389,"column":59}},"183":{"start":{"line":392,"column":27},"end":{"line":399,"column":58}},"184":{"start":{"line":401,"column":21},"end":{"line":404,"column":8}},"185":{"start":{"line":406,"column":6},"end":{"line":414,"column":7}},"186":{"start":{"line":407,"column":8},"end":{"line":411,"column":9}},"187":{"start":{"line":408,"column":10},"end":{"line":408,"column":76}},"188":{"start":{"line":410,"column":10},"end":{"line":410,"column":59}},"189":{"start":{"line":412,"column":13},"end":{"line":414,"column":7}},"190":{"start":{"line":413,"column":8},"end":{"line":413,"column":57}},"191":{"start":{"line":416,"column":6},"end":{"line":416,"column":53}},"192":{"start":{"line":417,"column":6},"end":{"line":417,"column":59}},"193":{"start":{"line":421,"column":2},"end":{"line":433,"column":3}},"194":{"start":{"line":422,"column":4},"end":{"line":432,"column":6}},"195":{"start":{"line":435,"column":2},"end":{"line":449,"column":3}},"196":{"start":{"line":436,"column":4},"end":{"line":448,"column":6}},"197":{"start":{"line":441,"column":45},"end":{"line":441,"column":58}},"198":{"start":{"line":451,"column":2},"end":{"line":852,"column":4}},"199":{"start":{"line":456,"column":43},"end":{"line":456,"column":56}},"200":{"start":{"line":484,"column":18},"end":{"line":494,"column":25}},"201":{"start":{"line":803,"column":27},"end":{"line":803,"column":60}},"202":{"start":{"line":816,"column":30},"end":{"line":816,"column":58}},"203":{"start":{"line":836,"column":31},"end":{"line":836,"column":59}},"204":{"start":{"line":855,"column":15},"end":{"line":1226,"column":2}}},"fnMap":{"0":{"name":"getStatusStyle","decl":{"start":{"line":15,"column":9},"end":{"line":15,"column":23}},"loc":{"start":{"line":15,"column":32},"end":{"line":29,"column":1}},"line":15},"1":{"name":"formatTimestamp","decl":{"start":{"line":32,"column":9},"end":{"line":32,"column":24}},"loc":{"start":{"line":32,"column":36},"end":{"line":44,"column":1}},"line":32},"2":{"name":"TripDetailsScreen","decl":{"start":{"line":46,"column":24},"end":{"line":46,"column":41}},"loc":{"start":{"line":46,"column":44},"end":{"line":853,"column":1}},"line":46},"3":{"name":"(anonymous_3)","decl":{"start":{"line":49,"column":27},"end":{"line":49,"column":28}},"loc":{"start":{"line":49,"column":38},"end":{"line":49,"column":53}},"line":49},"4":{"name":"(anonymous_4)","decl":{"start":{"line":50,"column":34},"end":{"line":50,"column":35}},"loc":{"start":{"line":50,"column":45},"end":{"line":50,"column":67}},"line":50},"5":{"name":"(anonymous_5)","decl":{"start":{"line":59,"column":12},"end":{"line":59,"column":13}},"loc":{"start":{"line":59,"column":18},"end":{"line":94,"column":3}},"line":59},"6":{"name":"(anonymous_6)","decl":{"start":{"line":63,"column":22},"end":{"line":63,"column":23}},"loc":{"start":{"line":63,"column":34},"end":{"line":79,"column":5}},"line":63},"7":{"name":"(anonymous_7)","decl":{"start":{"line":85,"column":48},"end":{"line":85,"column":49}},"loc":{"start":{"line":85,"column":65},"end":{"line":89,"column":5}},"line":85},"8":{"name":"(anonymous_8)","decl":{"start":{"line":91,"column":11},"end":{"line":91,"column":12}},"loc":{"start":{"line":91,"column":17},"end":{"line":93,"column":5}},"line":91},"9":{"name":"(anonymous_9)","decl":{"start":{"line":97,"column":34},"end":{"line":97,"column":35}},"loc":{"start":{"line":97,"column":40},"end":{"line":110,"column":3}},"line":97},"10":{"name":"(anonymous_10)","decl":{"start":{"line":112,"column":29},"end":{"line":112,"column":30}},"loc":{"start":{"line":112,"column":41},"end":{"line":159,"column":3}},"line":112},"11":{"name":"(anonymous_11)","decl":{"start":{"line":161,"column":26},"end":{"line":161,"column":27}},"loc":{"start":{"line":161,"column":38},"end":{"line":203,"column":3}},"line":161},"12":{"name":"(anonymous_12)","decl":{"start":{"line":174,"column":35},"end":{"line":174,"column":36}},"loc":{"start":{"line":174,"column":41},"end":{"line":174,"column":43}},"line":174},"13":{"name":"(anonymous_13)","decl":{"start":{"line":177,"column":19},"end":{"line":177,"column":20}},"loc":{"start":{"line":177,"column":31},"end":{"line":198,"column":11}},"line":177},"14":{"name":"(anonymous_14)","decl":{"start":{"line":205,"column":29},"end":{"line":205,"column":30}},"loc":{"start":{"line":205,"column":41},"end":{"line":247,"column":3}},"line":205},"15":{"name":"(anonymous_15)","decl":{"start":{"line":218,"column":35},"end":{"line":218,"column":36}},"loc":{"start":{"line":218,"column":41},"end":{"line":218,"column":43}},"line":218},"16":{"name":"(anonymous_16)","decl":{"start":{"line":221,"column":19},"end":{"line":221,"column":20}},"loc":{"start":{"line":221,"column":31},"end":{"line":242,"column":11}},"line":221},"17":{"name":"(anonymous_17)","decl":{"start":{"line":249,"column":27},"end":{"line":249,"column":28}},"loc":{"start":{"line":249,"column":39},"end":{"line":288,"column":3}},"line":249},"18":{"name":"(anonymous_18)","decl":{"start":{"line":290,"column":28},"end":{"line":290,"column":29}},"loc":{"start":{"line":290,"column":40},"end":{"line":314,"column":3}},"line":290},"19":{"name":"(anonymous_19)","decl":{"start":{"line":316,"column":39},"end":{"line":316,"column":40}},"loc":{"start":{"line":316,"column":51},"end":{"line":363,"column":3}},"line":316},"20":{"name":"(anonymous_20)","decl":{"start":{"line":335,"column":35},"end":{"line":335,"column":36}},"loc":{"start":{"line":335,"column":41},"end":{"line":335,"column":43}},"line":335},"21":{"name":"(anonymous_21)","decl":{"start":{"line":338,"column":19},"end":{"line":338,"column":20}},"loc":{"start":{"line":338,"column":31},"end":{"line":358,"column":11}},"line":338},"22":{"name":"(anonymous_22)","decl":{"start":{"line":365,"column":26},"end":{"line":365,"column":27}},"loc":{"start":{"line":365,"column":38},"end":{"line":419,"column":3}},"line":365},"23":{"name":"(anonymous_23)","decl":{"start":{"line":441,"column":39},"end":{"line":441,"column":40}},"loc":{"start":{"line":441,"column":45},"end":{"line":441,"column":58}},"line":441},"24":{"name":"(anonymous_24)","decl":{"start":{"line":456,"column":37},"end":{"line":456,"column":38}},"loc":{"start":{"line":456,"column":43},"end":{"line":456,"column":56}},"line":456},"25":{"name":"(anonymous_25)","decl":{"start":{"line":483,"column":40},"end":{"line":483,"column":41}},"loc":{"start":{"line":484,"column":18},"end":{"line":494,"column":25}},"line":484},"26":{"name":"(anonymous_26)","decl":{"start":{"line":803,"column":21},"end":{"line":803,"column":22}},"loc":{"start":{"line":803,"column":27},"end":{"line":803,"column":60}},"line":803},"27":{"name":"(anonymous_27)","decl":{"start":{"line":816,"column":24},"end":{"line":816,"column":25}},"loc":{"start":{"line":816,"column":30},"end":{"line":816,"column":58}},"line":816},"28":{"name":"(anonymous_28)","decl":{"start":{"line":836,"column":25},"end":{"line":836,"column":26}},"loc":{"start":{"line":836,"column":31},"end":{"line":836,"column":59}},"line":836}},"branchMap":{"0":{"loc":{"start":{"line":16,"column":23},"end":{"line":16,"column":44}},"type":"binary-expr","locations":[{"start":{"line":16,"column":23},"end":{"line":16,"column":29}},{"start":{"line":16,"column":33},"end":{"line":16,"column":44}}],"line":16},"1":{"loc":{"start":{"line":17,"column":2},"end":{"line":28,"column":3}},"type":"switch","locations":[{"start":{"line":18,"column":4},"end":{"line":19,"column":80}},{"start":{"line":20,"column":4},"end":{"line":21,"column":72}},{"start":{"line":22,"column":4},"end":{"line":23,"column":78}},{"start":{"line":24,"column":4},"end":{"line":25,"column":76}},{"start":{"line":26,"column":4},"end":{"line":27,"column":75}}],"line":17},"2":{"loc":{"start":{"line":33,"column":2},"end":{"line":33,"column":28}},"type":"if","locations":[{"start":{"line":33,"column":2},"end":{"line":33,"column":28}},{"start":{},"end":{}}],"line":33},"3":{"loc":{"start":{"line":35,"column":26},"end":{"line":35,"column":75}},"type":"cond-expr","locations":[{"start":{"line":35,"column":45},"end":{"line":35,"column":63}},{"start":{"line":35,"column":66},"end":{"line":35,"column":75}}],"line":35},"4":{"loc":{"start":{"line":60,"column":4},"end":{"line":60,"column":24}},"type":"if","locations":[{"start":{"line":60,"column":4},"end":{"line":60,"column":24}},{"start":{},"end":{}}],"line":60},"5":{"loc":{"start":{"line":68,"column":8},"end":{"line":72,"column":9}},"type":"if","locations":[{"start":{"line":68,"column":8},"end":{"line":72,"column":9}},{"start":{"line":70,"column":15},"end":{"line":72,"column":9}}],"line":68},"6":{"loc":{"start":{"line":75,"column":17},"end":{"line":75,"column":61}},"type":"binary-expr","locations":[{"start":{"line":75,"column":17},"end":{"line":75,"column":27}},{"start":{"line":75,"column":31},"end":{"line":75,"column":61}}],"line":75},"7":{"loc":{"start":{"line":86,"column":6},"end":{"line":88,"column":7}},"type":"if","locations":[{"start":{"line":86,"column":6},"end":{"line":88,"column":7}},{"start":{},"end":{}}],"line":86},"8":{"loc":{"start":{"line":98,"column":4},"end":{"line":101,"column":5}},"type":"if","locations":[{"start":{"line":98,"column":4},"end":{"line":101,"column":5}},{"start":{},"end":{}}],"line":98},"9":{"loc":{"start":{"line":113,"column":4},"end":{"line":113,"column":47}},"type":"if","locations":[{"start":{"line":113,"column":4},"end":{"line":113,"column":47}},{"start":{},"end":{}}],"line":113},"10":{"loc":{"start":{"line":113,"column":8},"end":{"line":113,"column":38}},"type":"binary-expr","locations":[{"start":{"line":113,"column":8},"end":{"line":113,"column":13}},{"start":{"line":113,"column":17},"end":{"line":113,"column":22}},{"start":{"line":113,"column":26},"end":{"line":113,"column":38}}],"line":113},"11":{"loc":{"start":{"line":120,"column":33},"end":{"line":120,"column":72}},"type":"cond-expr","locations":[{"start":{"line":120,"column":44},"end":{"line":120,"column":56}},{"start":{"line":120,"column":59},"end":{"line":120,"column":72}}],"line":120},"12":{"loc":{"start":{"line":122,"column":6},"end":{"line":125,"column":7}},"type":"if","locations":[{"start":{"line":122,"column":6},"end":{"line":125,"column":7}},{"start":{},"end":{}}],"line":122},"13":{"loc":{"start":{"line":128,"column":6},"end":{"line":132,"column":7}},"type":"if","locations":[{"start":{"line":128,"column":6},"end":{"line":132,"column":7}},{"start":{},"end":{}}],"line":128},"14":{"loc":{"start":{"line":135,"column":28},"end":{"line":135,"column":78}},"type":"cond-expr","locations":[{"start":{"line":135,"column":39},"end":{"line":135,"column":50}},{"start":{"line":135,"column":53},"end":{"line":135,"column":78}}],"line":135},"15":{"loc":{"start":{"line":136,"column":27},"end":{"line":136,"column":76}},"type":"cond-expr","locations":[{"start":{"line":136,"column":38},"end":{"line":136,"column":62}},{"start":{"line":136,"column":65},"end":{"line":136,"column":76}}],"line":136},"16":{"loc":{"start":{"line":147,"column":6},"end":{"line":152,"column":7}},"type":"if","locations":[{"start":{"line":147,"column":6},"end":{"line":152,"column":7}},{"start":{"line":150,"column":13},"end":{"line":152,"column":7}}],"line":147},"17":{"loc":{"start":{"line":147,"column":10},"end":{"line":147,"column":45}},"type":"binary-expr","locations":[{"start":{"line":147,"column":10},"end":{"line":147,"column":24}},{"start":{"line":147,"column":28},"end":{"line":147,"column":45}}],"line":147},"18":{"loc":{"start":{"line":155,"column":27},"end":{"line":155,"column":65}},"type":"binary-expr","locations":[{"start":{"line":155,"column":27},"end":{"line":155,"column":39}},{"start":{"line":155,"column":43},"end":{"line":155,"column":65}}],"line":155},"19":{"loc":{"start":{"line":162,"column":4},"end":{"line":162,"column":31}},"type":"if","locations":[{"start":{"line":162,"column":4},"end":{"line":162,"column":31}},{"start":{},"end":{}}],"line":162},"20":{"loc":{"start":{"line":162,"column":8},"end":{"line":162,"column":22}},"type":"binary-expr","locations":[{"start":{"line":162,"column":8},"end":{"line":162,"column":13}},{"start":{"line":162,"column":17},"end":{"line":162,"column":22}}],"line":162},"21":{"loc":{"start":{"line":165,"column":4},"end":{"line":168,"column":5}},"type":"if","locations":[{"start":{"line":165,"column":4},"end":{"line":168,"column":5}},{"start":{},"end":{}}],"line":165},"22":{"loc":{"start":{"line":186,"column":14},"end":{"line":191,"column":15}},"type":"if","locations":[{"start":{"line":186,"column":14},"end":{"line":191,"column":15}},{"start":{"line":189,"column":21},"end":{"line":191,"column":15}}],"line":186},"23":{"loc":{"start":{"line":186,"column":18},"end":{"line":186,"column":49}},"type":"binary-expr","locations":[{"start":{"line":186,"column":18},"end":{"line":186,"column":32}},{"start":{"line":186,"column":36},"end":{"line":186,"column":49}}],"line":186},"24":{"loc":{"start":{"line":190,"column":37},"end":{"line":190,"column":84}},"type":"binary-expr","locations":[{"start":{"line":190,"column":37},"end":{"line":190,"column":58}},{"start":{"line":190,"column":62},"end":{"line":190,"column":84}}],"line":190},"25":{"loc":{"start":{"line":194,"column":35},"end":{"line":194,"column":73}},"type":"binary-expr","locations":[{"start":{"line":194,"column":35},"end":{"line":194,"column":47}},{"start":{"line":194,"column":51},"end":{"line":194,"column":73}}],"line":194},"26":{"loc":{"start":{"line":206,"column":4},"end":{"line":206,"column":31}},"type":"if","locations":[{"start":{"line":206,"column":4},"end":{"line":206,"column":31}},{"start":{},"end":{}}],"line":206},"27":{"loc":{"start":{"line":206,"column":8},"end":{"line":206,"column":22}},"type":"binary-expr","locations":[{"start":{"line":206,"column":8},"end":{"line":206,"column":13}},{"start":{"line":206,"column":17},"end":{"line":206,"column":22}}],"line":206},"28":{"loc":{"start":{"line":209,"column":4},"end":{"line":212,"column":5}},"type":"if","locations":[{"start":{"line":209,"column":4},"end":{"line":212,"column":5}},{"start":{},"end":{}}],"line":209},"29":{"loc":{"start":{"line":230,"column":14},"end":{"line":235,"column":15}},"type":"if","locations":[{"start":{"line":230,"column":14},"end":{"line":235,"column":15}},{"start":{"line":233,"column":21},"end":{"line":235,"column":15}}],"line":230},"30":{"loc":{"start":{"line":230,"column":18},"end":{"line":230,"column":49}},"type":"binary-expr","locations":[{"start":{"line":230,"column":18},"end":{"line":230,"column":32}},{"start":{"line":230,"column":36},"end":{"line":230,"column":49}}],"line":230},"31":{"loc":{"start":{"line":234,"column":37},"end":{"line":234,"column":87}},"type":"binary-expr","locations":[{"start":{"line":234,"column":37},"end":{"line":234,"column":58}},{"start":{"line":234,"column":62},"end":{"line":234,"column":87}}],"line":234},"32":{"loc":{"start":{"line":238,"column":35},"end":{"line":238,"column":76}},"type":"binary-expr","locations":[{"start":{"line":238,"column":35},"end":{"line":238,"column":47}},{"start":{"line":238,"column":51},"end":{"line":238,"column":76}}],"line":238},"33":{"loc":{"start":{"line":250,"column":4},"end":{"line":250,"column":31}},"type":"if","locations":[{"start":{"line":250,"column":4},"end":{"line":250,"column":31}},{"start":{},"end":{}}],"line":250},"34":{"loc":{"start":{"line":250,"column":8},"end":{"line":250,"column":22}},"type":"binary-expr","locations":[{"start":{"line":250,"column":8},"end":{"line":250,"column":13}},{"start":{"line":250,"column":17},"end":{"line":250,"column":22}}],"line":250},"35":{"loc":{"start":{"line":256,"column":4},"end":{"line":259,"column":5}},"type":"if","locations":[{"start":{"line":256,"column":4},"end":{"line":259,"column":5}},{"start":{},"end":{}}],"line":256},"36":{"loc":{"start":{"line":256,"column":8},"end":{"line":256,"column":29}},"type":"binary-expr","locations":[{"start":{"line":256,"column":8},"end":{"line":256,"column":17}},{"start":{"line":256,"column":21},"end":{"line":256,"column":29}}],"line":256},"37":{"loc":{"start":{"line":261,"column":4},"end":{"line":264,"column":5}},"type":"if","locations":[{"start":{"line":261,"column":4},"end":{"line":264,"column":5}},{"start":{},"end":{}}],"line":261},"38":{"loc":{"start":{"line":267,"column":31},"end":{"line":267,"column":93}},"type":"binary-expr","locations":[{"start":{"line":267,"column":31},"end":{"line":267,"column":66}},{"start":{"line":267,"column":70},"end":{"line":267,"column":93}}],"line":267},"39":{"loc":{"start":{"line":268,"column":4},"end":{"line":271,"column":5}},"type":"if","locations":[{"start":{"line":268,"column":4},"end":{"line":271,"column":5}},{"start":{},"end":{}}],"line":268},"40":{"loc":{"start":{"line":273,"column":4},"end":{"line":276,"column":5}},"type":"if","locations":[{"start":{"line":273,"column":4},"end":{"line":276,"column":5}},{"start":{},"end":{}}],"line":273},"41":{"loc":{"start":{"line":280,"column":4},"end":{"line":283,"column":5}},"type":"if","locations":[{"start":{"line":280,"column":4},"end":{"line":283,"column":5}},{"start":{},"end":{}}],"line":280},"42":{"loc":{"start":{"line":299,"column":28},"end":{"line":299,"column":46}},"type":"binary-expr","locations":[{"start":{"line":299,"column":28},"end":{"line":299,"column":40}},{"start":{"line":299,"column":44},"end":{"line":299,"column":46}}],"line":299},"43":{"loc":{"start":{"line":302,"column":6},"end":{"line":307,"column":7}},"type":"if","locations":[{"start":{"line":302,"column":6},"end":{"line":307,"column":7}},{"start":{"line":305,"column":13},"end":{"line":307,"column":7}}],"line":302},"44":{"loc":{"start":{"line":310,"column":27},"end":{"line":310,"column":66}},"type":"binary-expr","locations":[{"start":{"line":310,"column":27},"end":{"line":310,"column":39}},{"start":{"line":310,"column":43},"end":{"line":310,"column":66}}],"line":310},"45":{"loc":{"start":{"line":317,"column":4},"end":{"line":317,"column":31}},"type":"if","locations":[{"start":{"line":317,"column":4},"end":{"line":317,"column":31}},{"start":{},"end":{}}],"line":317},"46":{"loc":{"start":{"line":317,"column":8},"end":{"line":317,"column":22}},"type":"binary-expr","locations":[{"start":{"line":317,"column":8},"end":{"line":317,"column":13}},{"start":{"line":317,"column":17},"end":{"line":317,"column":22}}],"line":317},"47":{"loc":{"start":{"line":320,"column":4},"end":{"line":323,"column":5}},"type":"if","locations":[{"start":{"line":320,"column":4},"end":{"line":323,"column":5}},{"start":{},"end":{}}],"line":320},"48":{"loc":{"start":{"line":326,"column":4},"end":{"line":329,"column":5}},"type":"if","locations":[{"start":{"line":326,"column":4},"end":{"line":329,"column":5}},{"start":{},"end":{}}],"line":326},"49":{"loc":{"start":{"line":346,"column":14},"end":{"line":351,"column":15}},"type":"if","locations":[{"start":{"line":346,"column":14},"end":{"line":351,"column":15}},{"start":{"line":349,"column":21},"end":{"line":351,"column":15}}],"line":346},"50":{"loc":{"start":{"line":346,"column":18},"end":{"line":346,"column":49}},"type":"binary-expr","locations":[{"start":{"line":346,"column":18},"end":{"line":346,"column":32}},{"start":{"line":346,"column":36},"end":{"line":346,"column":49}}],"line":346},"51":{"loc":{"start":{"line":350,"column":37},"end":{"line":350,"column":86}},"type":"binary-expr","locations":[{"start":{"line":350,"column":37},"end":{"line":350,"column":58}},{"start":{"line":350,"column":62},"end":{"line":350,"column":86}}],"line":350},"52":{"loc":{"start":{"line":354,"column":35},"end":{"line":354,"column":75}},"type":"binary-expr","locations":[{"start":{"line":354,"column":35},"end":{"line":354,"column":47}},{"start":{"line":354,"column":51},"end":{"line":354,"column":75}}],"line":354},"53":{"loc":{"start":{"line":366,"column":4},"end":{"line":366,"column":22}},"type":"if","locations":[{"start":{"line":366,"column":4},"end":{"line":366,"column":22}},{"start":{},"end":{}}],"line":366},"54":{"loc":{"start":{"line":370,"column":28},"end":{"line":372,"column":43}},"type":"cond-expr","locations":[{"start":{"line":371,"column":10},"end":{"line":371,"column":42}},{"start":{"line":372,"column":10},"end":{"line":372,"column":43}}],"line":370},"55":{"loc":{"start":{"line":385,"column":28},"end":{"line":385,"column":99}},"type":"binary-expr","locations":[{"start":{"line":385,"column":28},"end":{"line":385,"column":57}},{"start":{"line":385,"column":61},"end":{"line":385,"column":88}},{"start":{"line":385,"column":92},"end":{"line":385,"column":99}}],"line":385},"56":{"loc":{"start":{"line":386,"column":26},"end":{"line":386,"column":99}},"type":"binary-expr","locations":[{"start":{"line":386,"column":26},"end":{"line":386,"column":53}},{"start":{"line":386,"column":57},"end":{"line":386,"column":82}},{"start":{"line":386,"column":86},"end":{"line":386,"column":99}}],"line":386},"57":{"loc":{"start":{"line":397,"column":22},"end":{"line":397,"column":49}},"type":"binary-expr","locations":[{"start":{"line":397,"column":22},"end":{"line":397,"column":37}},{"start":{"line":397,"column":41},"end":{"line":397,"column":49}}],"line":397},"58":{"loc":{"start":{"line":398,"column":21},"end":{"line":398,"column":42}},"type":"binary-expr","locations":[{"start":{"line":398,"column":21},"end":{"line":398,"column":37}},{"start":{"line":398,"column":41},"end":{"line":398,"column":42}}],"line":398},"59":{"loc":{"start":{"line":406,"column":6},"end":{"line":414,"column":7}},"type":"if","locations":[{"start":{"line":406,"column":6},"end":{"line":414,"column":7}},{"start":{"line":412,"column":13},"end":{"line":414,"column":7}}],"line":406},"60":{"loc":{"start":{"line":407,"column":8},"end":{"line":411,"column":9}},"type":"if","locations":[{"start":{"line":407,"column":8},"end":{"line":411,"column":9}},{"start":{"line":409,"column":15},"end":{"line":411,"column":9}}],"line":407},"61":{"loc":{"start":{"line":412,"column":13},"end":{"line":414,"column":7}},"type":"if","locations":[{"start":{"line":412,"column":13},"end":{"line":414,"column":7}},{"start":{},"end":{}}],"line":412},"62":{"loc":{"start":{"line":421,"column":2},"end":{"line":433,"column":3}},"type":"if","locations":[{"start":{"line":421,"column":2},"end":{"line":433,"column":3}},{"start":{},"end":{}}],"line":421},"63":{"loc":{"start":{"line":435,"column":2},"end":{"line":449,"column":3}},"type":"if","locations":[{"start":{"line":435,"column":2},"end":{"line":449,"column":3}},{"start":{},"end":{}}],"line":435},"64":{"loc":{"start":{"line":435,"column":6},"end":{"line":435,"column":20}},"type":"binary-expr","locations":[{"start":{"line":435,"column":6},"end":{"line":435,"column":11}},{"start":{"line":435,"column":15},"end":{"line":435,"column":20}}],"line":435},"65":{"loc":{"start":{"line":444,"column":46},"end":{"line":444,"column":72}},"type":"binary-expr","locations":[{"start":{"line":444,"column":46},"end":{"line":444,"column":51}},{"start":{"line":444,"column":55},"end":{"line":444,"column":72}}],"line":444},"66":{"loc":{"start":{"line":475,"column":18},"end":{"line":475,"column":44}},"type":"binary-expr","locations":[{"start":{"line":475,"column":18},"end":{"line":475,"column":29}},{"start":{"line":475,"column":33},"end":{"line":475,"column":44}}],"line":475},"67":{"loc":{"start":{"line":475,"column":73},"end":{"line":475,"column":99}},"type":"binary-expr","locations":[{"start":{"line":475,"column":73},"end":{"line":475,"column":84}},{"start":{"line":475,"column":88},"end":{"line":475,"column":99}}],"line":475},"68":{"loc":{"start":{"line":480,"column":13},"end":{"line":497,"column":13}},"type":"binary-expr","locations":[{"start":{"line":480,"column":13},"end":{"line":480,"column":31}},{"start":{"line":480,"column":35},"end":{"line":480,"column":64}},{"start":{"line":481,"column":14},"end":{"line":496,"column":21}}],"line":480},"69":{"loc":{"start":{"line":507,"column":16},"end":{"line":519,"column":21}},"type":"cond-expr","locations":[{"start":{"line":508,"column":20},"end":{"line":513,"column":21}},{"start":{"line":514,"column":20},"end":{"line":519,"column":21}}],"line":507},"70":{"loc":{"start":{"line":509,"column":32},"end":{"line":509,"column":90}},"type":"binary-expr","locations":[{"start":{"line":509,"column":32},"end":{"line":509,"column":85}},{"start":{"line":509,"column":89},"end":{"line":509,"column":90}}],"line":509},"71":{"loc":{"start":{"line":510,"column":33},"end":{"line":510,"column":92}},"type":"binary-expr","locations":[{"start":{"line":510,"column":33},"end":{"line":510,"column":87}},{"start":{"line":510,"column":91},"end":{"line":510,"column":92}}],"line":510},"72":{"loc":{"start":{"line":523,"column":15},"end":{"line":531,"column":15}},"type":"binary-expr","locations":[{"start":{"line":523,"column":15},"end":{"line":523,"column":35}},{"start":{"line":524,"column":16},"end":{"line":530,"column":18}}],"line":523},"73":{"loc":{"start":{"line":534,"column":15},"end":{"line":544,"column":15}},"type":"binary-expr","locations":[{"start":{"line":534,"column":15},"end":{"line":534,"column":37}},{"start":{"line":534,"column":41},"end":{"line":534,"column":72}},{"start":{"line":534,"column":76},"end":{"line":534,"column":105}},{"start":{"line":535,"column":16},"end":{"line":543,"column":18}}],"line":534},"74":{"loc":{"start":{"line":547,"column":15},"end":{"line":554,"column":15}},"type":"binary-expr","locations":[{"start":{"line":547,"column":15},"end":{"line":547,"column":46}},{"start":{"line":548,"column":16},"end":{"line":553,"column":18}}],"line":547},"75":{"loc":{"start":{"line":557,"column":15},"end":{"line":564,"column":15}},"type":"binary-expr","locations":[{"start":{"line":557,"column":15},"end":{"line":557,"column":44}},{"start":{"line":558,"column":16},"end":{"line":563,"column":18}}],"line":557},"76":{"loc":{"start":{"line":567,"column":15},"end":{"line":577,"column":15}},"type":"binary-expr","locations":[{"start":{"line":567,"column":15},"end":{"line":567,"column":34}},{"start":{"line":568,"column":16},"end":{"line":576,"column":25}}],"line":567},"77":{"loc":{"start":{"line":580,"column":15},"end":{"line":590,"column":15}},"type":"binary-expr","locations":[{"start":{"line":580,"column":15},"end":{"line":580,"column":35}},{"start":{"line":581,"column":16},"end":{"line":589,"column":25}}],"line":580},"78":{"loc":{"start":{"line":602,"column":15},"end":{"line":602,"column":240}},"type":"cond-expr","locations":[{"start":{"line":602,"column":41},"end":{"line":602,"column":223}},{"start":{"line":602,"column":226},"end":{"line":602,"column":240}}],"line":602},"79":{"loc":{"start":{"line":602,"column":50},"end":{"line":602,"column":141}},"type":"cond-expr","locations":[{"start":{"line":602,"column":83},"end":{"line":602,"column":115}},{"start":{"line":602,"column":118},"end":{"line":602,"column":141}}],"line":602},"80":{"loc":{"start":{"line":602,"column":245},"end":{"line":602,"column":457}},"type":"cond-expr","locations":[{"start":{"line":602,"column":271},"end":{"line":602,"column":440}},{"start":{"line":602,"column":443},"end":{"line":602,"column":457}}],"line":602},"81":{"loc":{"start":{"line":602,"column":280},"end":{"line":602,"column":371}},"type":"cond-expr","locations":[{"start":{"line":602,"column":313},"end":{"line":602,"column":345}},{"start":{"line":602,"column":348},"end":{"line":602,"column":371}}],"line":602},"82":{"loc":{"start":{"line":608,"column":46},"end":{"line":608,"column":67}},"type":"binary-expr","locations":[{"start":{"line":608,"column":46},"end":{"line":608,"column":62}},{"start":{"line":608,"column":66},"end":{"line":608,"column":67}}],"line":608},"83":{"loc":{"start":{"line":614,"column":18},"end":{"line":614,"column":40}},"type":"binary-expr","locations":[{"start":{"line":614,"column":18},"end":{"line":614,"column":35}},{"start":{"line":614,"column":39},"end":{"line":614,"column":40}}],"line":614},"84":{"loc":{"start":{"line":614,"column":45},"end":{"line":614,"column":66}},"type":"binary-expr","locations":[{"start":{"line":614,"column":45},"end":{"line":614,"column":61}},{"start":{"line":614,"column":65},"end":{"line":614,"column":66}}],"line":614},"85":{"loc":{"start":{"line":627,"column":58},"end":{"line":627,"column":85}},"type":"binary-expr","locations":[{"start":{"line":627,"column":58},"end":{"line":627,"column":73}},{"start":{"line":627,"column":77},"end":{"line":627,"column":85}}],"line":627},"86":{"loc":{"start":{"line":630,"column":13},"end":{"line":635,"column":13}},"type":"binary-expr","locations":[{"start":{"line":630,"column":13},"end":{"line":630,"column":34}},{"start":{"line":631,"column":14},"end":{"line":634,"column":21}}],"line":630},"87":{"loc":{"start":{"line":642,"column":58},"end":{"line":642,"column":83}},"type":"binary-expr","locations":[{"start":{"line":642,"column":58},"end":{"line":642,"column":72}},{"start":{"line":642,"column":76},"end":{"line":642,"column":83}}],"line":642},"88":{"loc":{"start":{"line":645,"column":13},"end":{"line":650,"column":13}},"type":"binary-expr","locations":[{"start":{"line":645,"column":13},"end":{"line":645,"column":33}},{"start":{"line":646,"column":14},"end":{"line":649,"column":21}}],"line":645},"89":{"loc":{"start":{"line":662,"column":17},"end":{"line":662,"column":90}},"type":"binary-expr","locations":[{"start":{"line":662,"column":17},"end":{"line":662,"column":46}},{"start":{"line":662,"column":50},"end":{"line":662,"column":77}},{"start":{"line":662,"column":81},"end":{"line":662,"column":90}}],"line":662},"90":{"loc":{"start":{"line":666,"column":11},"end":{"line":676,"column":11}},"type":"binary-expr","locations":[{"start":{"line":666,"column":11},"end":{"line":666,"column":30}},{"start":{"line":667,"column":12},"end":{"line":675,"column":19}}],"line":666},"91":{"loc":{"start":{"line":677,"column":11},"end":{"line":687,"column":11}},"type":"binary-expr","locations":[{"start":{"line":677,"column":11},"end":{"line":677,"column":31}},{"start":{"line":678,"column":12},"end":{"line":686,"column":19}}],"line":677},"92":{"loc":{"start":{"line":693,"column":17},"end":{"line":693,"column":86}},"type":"binary-expr","locations":[{"start":{"line":693,"column":17},"end":{"line":693,"column":44}},{"start":{"line":693,"column":48},"end":{"line":693,"column":73}},{"start":{"line":693,"column":77},"end":{"line":693,"column":86}}],"line":693},"93":{"loc":{"start":{"line":705,"column":11},"end":{"line":712,"column":11}},"type":"cond-expr","locations":[{"start":{"line":706,"column":12},"end":{"line":706,"column":62}},{"start":{"line":708,"column":12},"end":{"line":711,"column":15}}],"line":705},"94":{"loc":{"start":{"line":725,"column":9},"end":{"line":740,"column":9}},"type":"binary-expr","locations":[{"start":{"line":725,"column":9},"end":{"line":725,"column":36}},{"start":{"line":725,"column":40},"end":{"line":725,"column":67}},{"start":{"line":726,"column":10},"end":{"line":739,"column":29}}],"line":725},"95":{"loc":{"start":{"line":731,"column":13},"end":{"line":738,"column":13}},"type":"cond-expr","locations":[{"start":{"line":732,"column":14},"end":{"line":732,"column":64}},{"start":{"line":734,"column":14},"end":{"line":737,"column":17}}],"line":731},"96":{"loc":{"start":{"line":743,"column":9},"end":{"line":758,"column":9}},"type":"binary-expr","locations":[{"start":{"line":743,"column":9},"end":{"line":743,"column":36}},{"start":{"line":743,"column":40},"end":{"line":743,"column":69}},{"start":{"line":744,"column":10},"end":{"line":757,"column":29}}],"line":743},"97":{"loc":{"start":{"line":749,"column":13},"end":{"line":756,"column":13}},"type":"cond-expr","locations":[{"start":{"line":750,"column":14},"end":{"line":750,"column":64}},{"start":{"line":752,"column":14},"end":{"line":755,"column":17}}],"line":749},"98":{"loc":{"start":{"line":761,"column":9},"end":{"line":776,"column":9}},"type":"binary-expr","locations":[{"start":{"line":761,"column":9},"end":{"line":761,"column":36}},{"start":{"line":762,"column":10},"end":{"line":775,"column":29}}],"line":761},"99":{"loc":{"start":{"line":767,"column":13},"end":{"line":774,"column":13}},"type":"cond-expr","locations":[{"start":{"line":768,"column":14},"end":{"line":768,"column":64}},{"start":{"line":770,"column":14},"end":{"line":773,"column":17}}],"line":767},"100":{"loc":{"start":{"line":779,"column":9},"end":{"line":794,"column":9}},"type":"binary-expr","locations":[{"start":{"line":779,"column":9},"end":{"line":779,"column":35}},{"start":{"line":779,"column":39},"end":{"line":779,"column":66}},{"start":{"line":779,"column":70},"end":{"line":779,"column":100}},{"start":{"line":780,"column":10},"end":{"line":793,"column":29}}],"line":779},"101":{"loc":{"start":{"line":785,"column":13},"end":{"line":792,"column":13}},"type":"cond-expr","locations":[{"start":{"line":786,"column":14},"end":{"line":786,"column":64}},{"start":{"line":788,"column":14},"end":{"line":791,"column":17}}],"line":785},"102":{"loc":{"start":{"line":797,"column":9},"end":{"line":808,"column":9}},"type":"binary-expr","locations":[{"start":{"line":797,"column":9},"end":{"line":797,"column":36}},{"start":{"line":798,"column":11},"end":{"line":798,"column":38}},{"start":{"line":798,"column":42},"end":{"line":798,"column":63}},{"start":{"line":799,"column":11},"end":{"line":799,"column":37}},{"start":{"line":799,"column":41},"end":{"line":799,"column":61}},{"start":{"line":801,"column":10},"end":{"line":807,"column":29}}],"line":797}},"s":{"0":232,"1":232,"2":180,"3":16,"4":32,"5":4,"6":0,"7":58,"8":0,"9":58,"10":58,"11":58,"12":58,"13":58,"14":58,"15":58,"16":0,"17":115,"18":115,"19":115,"20":169,"21":115,"22":169,"23":115,"24":115,"25":115,"26":115,"27":115,"28":115,"29":115,"30":54,"31":1,"32":53,"33":53,"34":53,"35":53,"36":53,"37":51,"38":2,"39":49,"40":1,"41":1,"42":52,"43":53,"44":53,"45":1,"46":1,"47":53,"48":53,"49":115,"50":102,"51":55,"52":55,"53":47,"54":47,"55":46,"56":46,"57":1,"58":1,"59":115,"60":1,"61":0,"62":1,"63":1,"64":1,"65":1,"66":1,"67":0,"68":0,"69":1,"70":1,"71":1,"72":0,"73":0,"74":0,"75":0,"76":0,"77":0,"78":0,"79":0,"80":1,"81":115,"82":1,"83":0,"84":1,"85":0,"86":0,"87":1,"88":0,"89":0,"90":0,"91":0,"92":0,"93":0,"94":0,"95":0,"96":0,"97":0,"98":115,"99":0,"100":0,"101":0,"102":0,"103":0,"104":0,"105":0,"106":0,"107":0,"108":0,"109":0,"110":0,"111":0,"112":0,"113":0,"114":0,"115":115,"116":6,"117":0,"118":6,"119":6,"120":6,"121":1,"122":1,"123":5,"124":0,"125":0,"126":5,"127":5,"128":0,"129":0,"130":5,"131":5,"132":0,"133":0,"134":5,"135":5,"136":5,"137":1,"138":1,"139":4,"140":4,"141":115,"142":1,"143":1,"144":1,"145":1,"146":1,"147":0,"148":0,"149":1,"150":0,"151":0,"152":1,"153":115,"154":1,"155":0,"156":1,"157":0,"158":0,"159":1,"160":0,"161":0,"162":1,"163":0,"164":0,"165":0,"166":0,"167":0,"168":0,"169":0,"170":0,"171":0,"172":0,"173":115,"174":4,"175":0,"176":4,"177":4,"178":4,"179":4,"180":4,"181":4,"182":4,"183":4,"184":4,"185":3,"186":2,"187":0,"188":2,"189":1,"190":1,"191":1,"192":1,"193":115,"194":54,"195":61,"196":3,"197":0,"198":58,"199":1,"200":58,"201":1,"202":0,"203":1,"204":1},"f":{"0":232,"1":58,"2":115,"3":169,"4":169,"5":54,"6":53,"7":1,"8":53,"9":102,"10":1,"11":1,"12":0,"13":0,"14":0,"15":0,"16":0,"17":6,"18":1,"19":1,"20":0,"21":0,"22":4,"23":0,"24":1,"25":58,"26":1,"27":0,"28":1},"b":{"0":[232,0],"1":[180,16,32,4,0],"2":[0,58],"3":[58,0],"4":[1,53],"5":[2,49],"6":[1,0],"7":[1,0],"8":[55,47],"9":[0,1],"10":[1,1,1],"11":[0,1],"12":[0,1],"13":[1,0],"14":[0,0],"15":[0,0],"16":[0,0],"17":[0,0],"18":[0,0],"19":[0,1],"20":[1,1],"21":[0,1],"22":[0,0],"23":[0,0],"24":[0,0],"25":[0,0],"26":[0,0],"27":[0,0],"28":[0,0],"29":[0,0],"30":[0,0],"31":[0,0],"32":[0,0],"33":[0,6],"34":[6,6],"35":[1,5],"36":[6,6],"37":[0,5],"38":[5,0],"39":[0,5],"40":[0,5],"41":[1,4],"42":[1,1],"43":[0,1],"44":[0,0],"45":[0,1],"46":[1,1],"47":[0,1],"48":[0,1],"49":[0,0],"50":[0,0],"51":[0,0],"52":[0,0],"53":[0,4],"54":[4,0],"55":[4,0,0],"56":[4,0,0],"57":[4,0],"58":[4,0],"59":[2,1],"60":[0,2],"61":[1,0],"62":[54,61],"63":[3,58],"64":[61,58],"65":[3,0],"66":[58,0],"67":[58,0],"68":[58,57,57],"69":[55,3],"70":[55,0],"71":[55,0],"72":[58,55],"73":[58,3,2,2],"74":[58,57],"75":[58,57],"76":[58,1],"77":[58,1],"78":[58,0],"79":[58,0],"80":[58,0],"81":[58,0],"82":[58,0],"83":[58,0],"84":[58,0],"85":[58,1],"86":[58,57],"87":[58,1],"88":[58,57],"89":[58,1,1],"90":[58,1],"91":[58,1],"92":[58,1,1],"93":[0,58],"94":[58,6,3],"95":[0,3],"96":[58,6,1],"97":[0,1],"98":[58,45],"99":[0,45],"100":[58,56,7,6],"101":[0,6],"102":[58,8,2,7,6,7]},"_coverageSchema":"1a1c01bbd47fc00a2c39e90264f33305004495a9","hash":"f629c96e2382c1b365642fb962456f8537e6ddd3"}
}
