{"total": {"lines":{"total":3773,"covered":3252,"skipped":0,"pct":86.19},"statements":{"total":4168,"covered":3546,"skipped":0,"pct":85.07},"functions":{"total":920,"covered":776,"skipped":0,"pct":84.34},"branches":{"total":3395,"covered":2543,"skipped":0,"pct":74.9},"branchesTrue":{"total":0,"covered":0,"skipped":0,"pct":100}}
,"/Users/arnev/Desktop/RideShare-App/app/_layout.js": {"lines":{"total":97,"covered":91,"skipped":0,"pct":93.81},"functions":{"total":23,"covered":20,"skipped":0,"pct":86.95},"statements":{"total":117,"covered":107,"skipped":0,"pct":91.45},"branches":{"total":86,"covered":74,"skipped":0,"pct":86.04}}
,"/Users/arnev/Desktop/RideShare-App/app/index.js": {"lines":{"total":8,"covered":8,"skipped":0,"pct":100},"functions":{"total":1,"covered":1,"skipped":0,"pct":100},"statements":{"total":8,"covered":8,"skipped":0,"pct":100},"branches":{"total":8,"covered":8,"skipped":0,"pct":100}}
,"/Users/arnev/Desktop/RideShare-App/app/modal.tsx": {"lines":{"total":2,"covered":2,"skipped":0,"pct":100},"functions":{"total":1,"covered":1,"skipped":0,"pct":100},"statements":{"total":2,"covered":2,"skipped":0,"pct":100},"branches":{"total":0,"covered":0,"skipped":0,"pct":100}}
,"/Users/arnev/Desktop/RideShare-App/app/(auth)/_layout.js": {"lines":{"total":1,"covered":1,"skipped":0,"pct":100},"functions":{"total":1,"covered":1,"skipped":0,"pct":100},"statements":{"total":1,"covered":1,"skipped":0,"pct":100},"branches":{"total":0,"covered":0,"skipped":0,"pct":100}}
,"/Users/arnev/Desktop/RideShare-App/app/(auth)/forgot-password.js": {"lines":{"total":42,"covered":40,"skipped":0,"pct":95.23},"functions":{"total":8,"covered":6,"skipped":0,"pct":75},"statements":{"total":45,"covered":42,"skipped":0,"pct":93.33},"branches":{"total":29,"covered":26,"skipped":0,"pct":89.65}}
,"/Users/arnev/Desktop/RideShare-App/app/(auth)/profile-setup.js": {"lines":{"total":85,"covered":79,"skipped":0,"pct":92.94},"functions":{"total":13,"covered":11,"skipped":0,"pct":84.61},"statements":{"total":88,"covered":82,"skipped":0,"pct":93.18},"branches":{"total":52,"covered":47,"skipped":0,"pct":90.38}}
,"/Users/arnev/Desktop/RideShare-App/app/(auth)/signin.js": {"lines":{"total":38,"covered":36,"skipped":0,"pct":94.73},"functions":{"total":7,"covered":5,"skipped":0,"pct":71.42},"statements":{"total":39,"covered":36,"skipped":0,"pct":92.3},"branches":{"total":22,"covered":20,"skipped":0,"pct":90.9}}
,"/Users/arnev/Desktop/RideShare-App/app/(auth)/signup.js": {"lines":{"total":53,"covered":49,"skipped":0,"pct":92.45},"functions":{"total":8,"covered":6,"skipped":0,"pct":75},"statements":{"total":54,"covered":49,"skipped":0,"pct":90.74},"branches":{"total":32,"covered":30,"skipped":0,"pct":93.75}}
,"/Users/arnev/Desktop/RideShare-App/app/(tabs)/_layout.js": {"lines":{"total":21,"covered":16,"skipped":0,"pct":76.19},"functions":{"total":9,"covered":4,"skipped":0,"pct":44.44},"statements":{"total":24,"covered":19,"skipped":0,"pct":79.16},"branches":{"total":8,"covered":4,"skipped":0,"pct":50}}
,"/Users/arnev/Desktop/RideShare-App/app/(tabs)/home.js": {"lines":{"total":110,"covered":99,"skipped":0,"pct":90},"functions":{"total":30,"covered":26,"skipped":0,"pct":86.66},"statements":{"total":122,"covered":106,"skipped":0,"pct":86.88},"branches":{"total":94,"covered":67,"skipped":0,"pct":71.27}}
,"/Users/arnev/Desktop/RideShare-App/app/(tabs)/messages.js": {"lines":{"total":64,"covered":59,"skipped":0,"pct":92.18},"functions":{"total":20,"covered":19,"skipped":0,"pct":95},"statements":{"total":79,"covered":70,"skipped":0,"pct":88.6},"branches":{"total":68,"covered":56,"skipped":0,"pct":82.35}}
,"/Users/arnev/Desktop/RideShare-App/app/(tabs)/my-rides.js": {"lines":{"total":173,"covered":115,"skipped":0,"pct":66.47},"functions":{"total":56,"covered":32,"skipped":0,"pct":57.14},"statements":{"total":199,"covered":129,"skipped":0,"pct":64.82},"branches":{"total":193,"covered":94,"skipped":0,"pct":48.7}}
,"/Users/arnev/Desktop/RideShare-App/app/(tabs)/my-trips.js": {"lines":{"total":122,"covered":102,"skipped":0,"pct":83.6},"functions":{"total":34,"covered":28,"skipped":0,"pct":82.35},"statements":{"total":143,"covered":116,"skipped":0,"pct":81.11},"branches":{"total":112,"covered":71,"skipped":0,"pct":63.39}}
,"/Users/arnev/Desktop/RideShare-App/app/(tabs)/profile.js": {"lines":{"total":27,"covered":24,"skipped":0,"pct":88.88},"functions":{"total":13,"covered":11,"skipped":0,"pct":84.61},"statements":{"total":32,"covered":28,"skipped":0,"pct":87.5},"branches":{"total":61,"covered":47,"skipped":0,"pct":77.04}}
,"/Users/arnev/Desktop/RideShare-App/app/chat/[id].js": {"lines":{"total":152,"covered":114,"skipped":0,"pct":75},"functions":{"total":33,"covered":24,"skipped":0,"pct":72.72},"statements":{"total":164,"covered":119,"skipped":0,"pct":72.56},"branches":{"total":159,"covered":78,"skipped":0,"pct":49.05}}
,"/Users/arnev/Desktop/RideShare-App/app/modal/edit-profile.js": {"lines":{"total":70,"covered":60,"skipped":0,"pct":85.71},"functions":{"total":14,"covered":8,"skipped":0,"pct":57.14},"statements":{"total":74,"covered":63,"skipped":0,"pct":85.13},"branches":{"total":56,"covered":54,"skipped":0,"pct":96.42}}
,"/Users/arnev/Desktop/RideShare-App/app/rating/[tripId].js": {"lines":{"total":103,"covered":86,"skipped":0,"pct":83.49},"functions":{"total":17,"covered":13,"skipped":0,"pct":76.47},"statements":{"total":110,"covered":91,"skipped":0,"pct":82.72},"branches":{"total":89,"covered":64,"skipped":0,"pct":71.91}}
,"/Users/arnev/Desktop/RideShare-App/app/reviews/[userId].js": {"lines":{"total":18,"covered":18,"skipped":0,"pct":100},"functions":{"total":7,"covered":7,"skipped":0,"pct":100},"statements":{"total":20,"covered":20,"skipped":0,"pct":100},"branches":{"total":16,"covered":16,"skipped":0,"pct":100}}
,"/Users/arnev/Desktop/RideShare-App/app/ride/[id].js": {"lines":{"total":81,"covered":78,"skipped":0,"pct":96.29},"functions":{"total":21,"covered":20,"skipped":0,"pct":95.23},"statements":{"total":102,"covered":96,"skipped":0,"pct":94.11},"branches":{"total":110,"covered":92,"skipped":0,"pct":83.63}}
,"/Users/arnev/Desktop/RideShare-App/app/ride/create.js": {"lines":{"total":98,"covered":80,"skipped":0,"pct":81.63},"functions":{"total":18,"covered":16,"skipped":0,"pct":88.88},"statements":{"total":124,"covered":104,"skipped":0,"pct":83.87},"branches":{"total":124,"covered":96,"skipped":0,"pct":77.41}}
,"/Users/arnev/Desktop/RideShare-App/app/ride/edit.js": {"lines":{"total":105,"covered":80,"skipped":0,"pct":76.19},"functions":{"total":13,"covered":11,"skipped":0,"pct":84.61},"statements":{"total":126,"covered":97,"skipped":0,"pct":76.98},"branches":{"total":149,"covered":88,"skipped":0,"pct":59.06}}
,"/Users/arnev/Desktop/RideShare-App/app/ride/request.js": {"lines":{"total":102,"covered":62,"skipped":0,"pct":60.78},"functions":{"total":22,"covered":19,"skipped":0,"pct":86.36},"statements":{"total":112,"covered":71,"skipped":0,"pct":63.39},"branches":{"total":105,"covered":65,"skipped":0,"pct":61.9}}
,"/Users/arnev/Desktop/RideShare-App/app/trip/[id].js": {"lines":{"total":195,"covered":129,"skipped":0,"pct":66.15},"functions":{"total":29,"covered":20,"skipped":0,"pct":68.96},"statements":{"total":205,"covered":132,"skipped":0,"pct":64.39},"branches":{"total":225,"covered":135,"skipped":0,"pct":60}}
,"/Users/arnev/Desktop/RideShare-App/app/user/[id].js": {"lines":{"total":69,"covered":42,"skipped":0,"pct":60.86},"functions":{"total":20,"covered":10,"skipped":0,"pct":50},"statements":{"total":72,"covered":45,"skipped":0,"pct":62.5},"branches":{"total":78,"covered":50,"skipped":0,"pct":64.1}}
,"/Users/arnev/Desktop/RideShare-App/components/CustomDropdown.js": {"lines":{"total":15,"covered":13,"skipped":0,"pct":86.66},"functions":{"total":9,"covered":7,"skipped":0,"pct":77.77},"statements":{"total":15,"covered":13,"skipped":0,"pct":86.66},"branches":{"total":20,"covered":20,"skipped":0,"pct":100}}
,"/Users/arnev/Desktop/RideShare-App/components/DateTimeInput.js": {"lines":{"total":23,"covered":23,"skipped":0,"pct":100},"functions":{"total":2,"covered":2,"skipped":0,"pct":100},"statements":{"total":30,"covered":30,"skipped":0,"pct":100},"branches":{"total":33,"covered":30,"skipped":0,"pct":90.9}}
,"/Users/arnev/Desktop/RideShare-App/components/EmergencyContactInput.js": {"lines":{"total":7,"covered":7,"skipped":0,"pct":100},"functions":{"total":4,"covered":4,"skipped":0,"pct":100},"statements":{"total":7,"covered":7,"skipped":0,"pct":100},"branches":{"total":0,"covered":0,"skipped":0,"pct":100}}
,"/Users/arnev/Desktop/RideShare-App/components/ErrorAlert.js": {"lines":{"total":3,"covered":3,"skipped":0,"pct":100},"functions":{"total":1,"covered":1,"skipped":0,"pct":100},"statements":{"total":4,"covered":4,"skipped":0,"pct":100},"branches":{"total":2,"covered":2,"skipped":0,"pct":100}}
,"/Users/arnev/Desktop/RideShare-App/components/ErrorAlertDemo.js": {"lines":{"total":8,"covered":8,"skipped":0,"pct":100},"functions":{"total":4,"covered":4,"skipped":0,"pct":100},"statements":{"total":8,"covered":8,"skipped":0,"pct":100},"branches":{"total":0,"covered":0,"skipped":0,"pct":100}}
,"/Users/arnev/Desktop/RideShare-App/components/LocationMapPicker.js": {"lines":{"total":92,"covered":87,"skipped":0,"pct":94.56},"functions":{"total":17,"covered":17,"skipped":0,"pct":100},"statements":{"total":98,"covered":91,"skipped":0,"pct":92.85},"branches":{"total":92,"covered":81,"skipped":0,"pct":88.04}}
,"/Users/arnev/Desktop/RideShare-App/components/LocationSearchInput.js": {"lines":{"total":34,"covered":34,"skipped":0,"pct":100},"functions":{"total":6,"covered":6,"skipped":0,"pct":100},"statements":{"total":35,"covered":34,"skipped":0,"pct":97.14},"branches":{"total":29,"covered":26,"skipped":0,"pct":89.65}}
,"/Users/arnev/Desktop/RideShare-App/components/PreferenceToggle.js": {"lines":{"total":3,"covered":3,"skipped":0,"pct":100},"functions":{"total":1,"covered":1,"skipped":0,"pct":100},"statements":{"total":3,"covered":3,"skipped":0,"pct":100},"branches":{"total":4,"covered":4,"skipped":0,"pct":100}}
,"/Users/arnev/Desktop/RideShare-App/components/ReportModal.js": {"lines":{"total":14,"covered":14,"skipped":0,"pct":100},"functions":{"total":5,"covered":5,"skipped":0,"pct":100},"statements":{"total":15,"covered":14,"skipped":0,"pct":93.33},"branches":{"total":21,"covered":17,"skipped":0,"pct":80.95}}
,"/Users/arnev/Desktop/RideShare-App/components/ReviewCard.js": {"lines":{"total":40,"covered":37,"skipped":0,"pct":92.5},"functions":{"total":5,"covered":5,"skipped":0,"pct":100},"statements":{"total":42,"covered":39,"skipped":0,"pct":92.85},"branches":{"total":73,"covered":69,"skipped":0,"pct":94.52}}
,"/Users/arnev/Desktop/RideShare-App/components/StarRating.js": {"lines":{"total":34,"covered":32,"skipped":0,"pct":94.11},"functions":{"total":9,"covered":7,"skipped":0,"pct":77.77},"statements":{"total":38,"covered":33,"skipped":0,"pct":86.84},"branches":{"total":31,"covered":24,"skipped":0,"pct":77.41}}
,"/Users/arnev/Desktop/RideShare-App/components/external-link.tsx": {"lines":{"total":4,"covered":4,"skipped":0,"pct":100},"functions":{"total":2,"covered":2,"skipped":0,"pct":100},"statements":{"total":4,"covered":4,"skipped":0,"pct":100},"branches":{"total":2,"covered":1,"skipped":0,"pct":50}}
,"/Users/arnev/Desktop/RideShare-App/components/haptic-tab.tsx": {"lines":{"total":4,"covered":4,"skipped":0,"pct":100},"functions":{"total":2,"covered":2,"skipped":0,"pct":100},"statements":{"total":4,"covered":4,"skipped":0,"pct":100},"branches":{"total":2,"covered":1,"skipped":0,"pct":50}}
,"/Users/arnev/Desktop/RideShare-App/components/hello-wave.tsx": {"lines":{"total":1,"covered":1,"skipped":0,"pct":100},"functions":{"total":1,"covered":1,"skipped":0,"pct":100},"statements":{"total":1,"covered":1,"skipped":0,"pct":100},"branches":{"total":0,"covered":0,"skipped":0,"pct":100}}
,"/Users/arnev/Desktop/RideShare-App/components/parallax-scroll-view.tsx": {"lines":{"total":9,"covered":8,"skipped":0,"pct":88.88},"functions":{"total":2,"covered":1,"skipped":0,"pct":50},"statements":{"total":9,"covered":8,"skipped":0,"pct":88.88},"branches":{"total":2,"covered":2,"skipped":0,"pct":100}}
,"/Users/arnev/Desktop/RideShare-App/components/themed-text.tsx": {"lines":{"total":3,"covered":3,"skipped":0,"pct":100},"functions":{"total":1,"covered":1,"skipped":0,"pct":100},"statements":{"total":3,"covered":3,"skipped":0,"pct":100},"branches":{"total":11,"covered":11,"skipped":0,"pct":100}}
,"/Users/arnev/Desktop/RideShare-App/components/themed-view.tsx": {"lines":{"total":2,"covered":2,"skipped":0,"pct":100},"functions":{"total":1,"covered":1,"skipped":0,"pct":100},"statements":{"total":2,"covered":2,"skipped":0,"pct":100},"branches":{"total":0,"covered":0,"skipped":0,"pct":100}}
,"/Users/arnev/Desktop/RideShare-App/components/ui/collapsible.tsx": {"lines":{"total":5,"covered":5,"skipped":0,"pct":100},"functions":{"total":3,"covered":3,"skipped":0,"pct":100},"statements":{"total":6,"covered":6,"skipped":0,"pct":100},"branches":{"total":8,"covered":8,"skipped":0,"pct":100}}
,"/Users/arnev/Desktop/RideShare-App/components/ui/icon-symbol.ios.tsx": {"lines":{"total":1,"covered":1,"skipped":0,"pct":100},"functions":{"total":1,"covered":1,"skipped":0,"pct":100},"statements":{"total":1,"covered":1,"skipped":0,"pct":100},"branches":{"total":2,"covered":2,"skipped":0,"pct":100}}
,"/Users/arnev/Desktop/RideShare-App/components/ui/icon-symbol.tsx": {"lines":{"total":2,"covered":0,"skipped":0,"pct":0},"functions":{"total":1,"covered":0,"skipped":0,"pct":0},"statements":{"total":2,"covered":0,"skipped":0,"pct":0},"branches":{"total":1,"covered":0,"skipped":0,"pct":0}}
,"/Users/arnev/Desktop/RideShare-App/constants/theme.ts": {"lines":{"total":4,"covered":4,"skipped":0,"pct":100},"functions":{"total":0,"covered":0,"skipped":0,"pct":100},"statements":{"total":4,"covered":4,"skipped":0,"pct":100},"branches":{"total":0,"covered":0,"skipped":0,"pct":100}}
,"/Users/arnev/Desktop/RideShare-App/hooks/AuthContext.js": {"lines":{"total":82,"covered":75,"skipped":0,"pct":91.46},"functions":{"total":7,"covered":7,"skipped":0,"pct":100},"statements":{"total":91,"covered":79,"skipped":0,"pct":86.81},"branches":{"total":39,"covered":26,"skipped":0,"pct":66.66}}
,"/Users/arnev/Desktop/RideShare-App/hooks/use-color-scheme.ts": {"lines":{"total":0,"covered":0,"skipped":0,"pct":100},"functions":{"total":0,"covered":0,"skipped":0,"pct":100},"statements":{"total":0,"covered":0,"skipped":0,"pct":100},"branches":{"total":0,"covered":0,"skipped":0,"pct":100}}
,"/Users/arnev/Desktop/RideShare-App/hooks/use-color-scheme.web.ts": {"lines":{"total":7,"covered":0,"skipped":0,"pct":0},"functions":{"total":2,"covered":0,"skipped":0,"pct":0},"statements":{"total":7,"covered":0,"skipped":0,"pct":0},"branches":{"total":2,"covered":0,"skipped":0,"pct":0}}
,"/Users/arnev/Desktop/RideShare-App/hooks/use-theme-color.ts": {"lines":{"total":5,"covered":5,"skipped":0,"pct":100},"functions":{"total":1,"covered":1,"skipped":0,"pct":100},"statements":{"total":5,"covered":5,"skipped":0,"pct":100},"branches":{"total":4,"covered":4,"skipped":0,"pct":100}}
,"/Users/arnev/Desktop/RideShare-App/hooks/useAuth.js": {"lines":{"total":44,"covered":41,"skipped":0,"pct":93.18},"functions":{"total":5,"covered":5,"skipped":0,"pct":100},"statements":{"total":50,"covered":44,"skipped":0,"pct":88},"branches":{"total":33,"covered":24,"skipped":0,"pct":72.72}}
,"/Users/arnev/Desktop/RideShare-App/services/analytics/analytics.js": {"lines":{"total":44,"covered":28,"skipped":0,"pct":63.63},"functions":{"total":16,"covered":16,"skipped":0,"pct":100},"statements":{"total":47,"covered":30,"skipped":0,"pct":63.82},"branches":{"total":18,"covered":12,"skipped":0,"pct":66.66}}
,"/Users/arnev/Desktop/RideShare-App/services/firebase/config.js": {"lines":{"total":9,"covered":8,"skipped":0,"pct":88.88},"functions":{"total":0,"covered":0,"skipped":0,"pct":100},"statements":{"total":9,"covered":8,"skipped":0,"pct":88.88},"branches":{"total":2,"covered":2,"skipped":0,"pct":100}}
,"/Users/arnev/Desktop/RideShare-App/services/firebase/firestore.js": {"lines":{"total":323,"covered":227,"skipped":0,"pct":70.27},"functions":{"total":70,"covered":41,"skipped":0,"pct":58.57},"statements":{"total":370,"covered":253,"skipped":0,"pct":68.37},"branches":{"total":389,"covered":245,"skipped":0,"pct":62.98}}
,"/Users/arnev/Desktop/RideShare-App/services/firebase/reports.js": {"lines":{"total":37,"covered":37,"skipped":0,"pct":100},"functions":{"total":6,"covered":6,"skipped":0,"pct":100},"statements":{"total":39,"covered":39,"skipped":0,"pct":100},"branches":{"total":23,"covered":23,"skipped":0,"pct":100}}
,"/Users/arnev/Desktop/RideShare-App/services/firebase/reviews.js": {"lines":{"total":90,"covered":90,"skipped":0,"pct":100},"functions":{"total":12,"covered":12,"skipped":0,"pct":100},"statements":{"total":92,"covered":92,"skipped":0,"pct":100},"branches":{"total":62,"covered":62,"skipped":0,"pct":100}}
,"/Users/arnev/Desktop/RideShare-App/services/firebase/users.js": {"lines":{"total":32,"covered":32,"skipped":0,"pct":100},"functions":{"total":8,"covered":8,"skipped":0,"pct":100},"statements":{"total":44,"covered":44,"skipped":0,"pct":100},"branches":{"total":36,"covered":36,"skipped":0,"pct":100}}
,"/Users/arnev/Desktop/RideShare-App/services/maps/directions.js": {"lines":{"total":34,"covered":34,"skipped":0,"pct":100},"functions":{"total":6,"covered":6,"skipped":0,"pct":100},"statements":{"total":37,"covered":37,"skipped":0,"pct":100},"branches":{"total":40,"covered":39,"skipped":0,"pct":97.5}}
,"/Users/arnev/Desktop/RideShare-App/services/maps/geocoding.js": {"lines":{"total":56,"covered":55,"skipped":0,"pct":98.21},"functions":{"total":11,"covered":11,"skipped":0,"pct":100},"statements":{"total":64,"covered":63,"skipped":0,"pct":98.43},"branches":{"total":42,"covered":38,"skipped":0,"pct":90.47}}
,"/Users/arnev/Desktop/RideShare-App/services/maps/utils.js": {"lines":{"total":2,"covered":2,"skipped":0,"pct":100},"functions":{"total":2,"covered":2,"skipped":0,"pct":100},"statements":{"total":2,"covered":2,"skipped":0,"pct":100},"branches":{"total":2,"covered":2,"skipped":0,"pct":100}}
,"/Users/arnev/Desktop/RideShare-App/services/notifications/notificationHandler.js": {"lines":{"total":78,"covered":77,"skipped":0,"pct":98.71},"functions":{"total":14,"covered":13,"skipped":0,"pct":92.85},"statements":{"total":80,"covered":79,"skipped":0,"pct":98.75},"branches":{"total":40,"covered":40,"skipped":0,"pct":100}}
,"/Users/arnev/Desktop/RideShare-App/services/notifications/pushNotifications.js": {"lines":{"total":36,"covered":34,"skipped":0,"pct":94.44},"functions":{"total":7,"covered":6,"skipped":0,"pct":85.71},"statements":{"total":41,"covered":39,"skipped":0,"pct":95.12},"branches":{"total":41,"covered":27,"skipped":0,"pct":65.85}}
,"/Users/arnev/Desktop/RideShare-App/services/notifications/pushTokens.js": {"lines":{"total":14,"covered":14,"skipped":0,"pct":100},"functions":{"total":4,"covered":4,"skipped":0,"pct":100},"statements":{"total":19,"covered":19,"skipped":0,"pct":100},"branches":{"total":25,"covered":25,"skipped":0,"pct":100}}
,"/Users/arnev/Desktop/RideShare-App/services/notifications/ratingReminders.js": {"lines":{"total":28,"covered":28,"skipped":0,"pct":100},"functions":{"total":5,"covered":5,"skipped":0,"pct":100},"statements":{"total":28,"covered":28,"skipped":0,"pct":100},"branches":{"total":28,"covered":26,"skipped":0,"pct":92.85}}
,"/Users/arnev/Desktop/RideShare-App/services/notifications/tripReminders.js": {"lines":{"total":55,"covered":55,"skipped":0,"pct":100},"functions":{"total":10,"covered":10,"skipped":0,"pct":100},"statements":{"total":56,"covered":56,"skipped":0,"pct":100},"branches":{"total":31,"covered":27,"skipped":0,"pct":87.09}}
,"/Users/arnev/Desktop/RideShare-App/store/devtools.js": {"lines":{"total":4,"covered":4,"skipped":0,"pct":100},"functions":{"total":1,"covered":1,"skipped":0,"pct":100},"statements":{"total":5,"covered":5,"skipped":0,"pct":100},"branches":{"total":2,"covered":1,"skipped":0,"pct":50}}
,"/Users/arnev/Desktop/RideShare-App/store/store.js": {"lines":{"total":10,"covered":6,"skipped":0,"pct":60},"functions":{"total":3,"covered":1,"skipped":0,"pct":33.33},"statements":{"total":10,"covered":6,"skipped":0,"pct":60},"branches":{"total":8,"covered":1,"skipped":0,"pct":12.5}}
,"/Users/arnev/Desktop/RideShare-App/store/slices/authSlice.js": {"lines":{"total":13,"covered":13,"skipped":0,"pct":100},"functions":{"total":5,"covered":5,"skipped":0,"pct":100},"statements":{"total":13,"covered":13,"skipped":0,"pct":100},"branches":{"total":0,"covered":0,"skipped":0,"pct":100}}
,"/Users/arnev/Desktop/RideShare-App/store/slices/chatsSlice.js": {"lines":{"total":58,"covered":58,"skipped":0,"pct":100},"functions":{"total":26,"covered":26,"skipped":0,"pct":100},"statements":{"total":62,"covered":62,"skipped":0,"pct":100},"branches":{"total":30,"covered":29,"skipped":0,"pct":96.66}}
,"/Users/arnev/Desktop/RideShare-App/store/slices/feedSlice.js": {"lines":{"total":83,"covered":83,"skipped":0,"pct":100},"functions":{"total":21,"covered":21,"skipped":0,"pct":100},"statements":{"total":85,"covered":85,"skipped":0,"pct":100},"branches":{"total":55,"covered":50,"skipped":0,"pct":90.9}}
,"/Users/arnev/Desktop/RideShare-App/store/slices/requestsSlice.js": {"lines":{"total":72,"covered":72,"skipped":0,"pct":100},"functions":{"total":27,"covered":27,"skipped":0,"pct":100},"statements":{"total":75,"covered":75,"skipped":0,"pct":100},"branches":{"total":32,"covered":32,"skipped":0,"pct":100}}
,"/Users/arnev/Desktop/RideShare-App/store/slices/reviewsSlice.js": {"lines":{"total":63,"covered":63,"skipped":0,"pct":100},"functions":{"total":24,"covered":24,"skipped":0,"pct":100},"statements":{"total":65,"covered":65,"skipped":0,"pct":100},"branches":{"total":17,"covered":10,"skipped":0,"pct":58.82}}
,"/Users/arnev/Desktop/RideShare-App/store/slices/ridesSlice.js": {"lines":{"total":66,"covered":66,"skipped":0,"pct":100},"functions":{"total":28,"covered":28,"skipped":0,"pct":100},"statements":{"total":71,"covered":71,"skipped":0,"pct":100},"branches":{"total":18,"covered":18,"skipped":0,"pct":100}}
,"/Users/arnev/Desktop/RideShare-App/store/slices/safetySlice.js": {"lines":{"total":56,"covered":54,"skipped":0,"pct":96.42},"functions":{"total":22,"covered":22,"skipped":0,"pct":100},"statements":{"total":57,"covered":55,"skipped":0,"pct":96.49},"branches":{"total":2,"covered":2,"skipped":0,"pct":100}}
,"/Users/arnev/Desktop/RideShare-App/store/slices/tripsSlice.js": {"lines":{"total":82,"covered":82,"skipped":0,"pct":100},"functions":{"total":28,"covered":28,"skipped":0,"pct":100},"statements":{"total":91,"covered":91,"skipped":0,"pct":100},"branches":{"total":41,"covered":41,"skipped":0,"pct":100}}
,"/Users/arnev/Desktop/RideShare-App/utils/blockFilters.js": {"lines":{"total":25,"covered":25,"skipped":0,"pct":100},"functions":{"total":9,"covered":9,"skipped":0,"pct":100},"statements":{"total":31,"covered":30,"skipped":0,"pct":96.77},"branches":{"total":41,"covered":40,"skipped":0,"pct":97.56}}
,"/Users/arnev/Desktop/RideShare-App/utils/mapboxHelpers.js": {"lines":{"total":5,"covered":5,"skipped":0,"pct":100},"functions":{"total":3,"covered":3,"skipped":0,"pct":100},"statements":{"total":6,"covered":6,"skipped":0,"pct":100},"branches":{"total":2,"covered":2,"skipped":0,"pct":100}}
,"/Users/arnev/Desktop/RideShare-App/utils/notificationHelpers.js": {"lines":{"total":67,"covered":67,"skipped":0,"pct":100},"functions":{"total":11,"covered":10,"skipped":0,"pct":90.9},"statements":{"total":68,"covered":68,"skipped":0,"pct":100},"branches":{"total":42,"covered":40,"skipped":0,"pct":95.23}}
,"/Users/arnev/Desktop/RideShare-App/utils/safetyHelpers.js": {"lines":{"total":13,"covered":13,"skipped":0,"pct":100},"functions":{"total":11,"covered":8,"skipped":0,"pct":72.72},"statements":{"total":13,"covered":13,"skipped":0,"pct":100},"branches":{"total":18,"covered":18,"skipped":0,"pct":100}}
,"/Users/arnev/Desktop/RideShare-App/utils/testUtils.js": {"lines":{"total":36,"covered":36,"skipped":0,"pct":100},"functions":{"total":20,"covered":20,"skipped":0,"pct":100},"statements":{"total":42,"covered":42,"skipped":0,"pct":100},"branches":{"total":21,"covered":21,"skipped":0,"pct":100}}
}
