{"/Users/arnev/Desktop/RideShare-App/app/_layout.js": {"path":"/Users/arnev/Desktop/RideShare-App/app/_layout.js","statementMap":{"0":{"start":{"line":48,"column":15},"end":{"line":48,"column":52}},"1":{"start":{"line":48,"column":36},"end":{"line":48,"column":51}},"2":{"start":{"line":49,"column":22},"end":{"line":49,"column":66}},"3":{"start":{"line":49,"column":43},"end":{"line":49,"column":65}},"4":{"start":{"line":50,"column":18},"end":{"line":50,"column":58}},"5":{"start":{"line":50,"column":39},"end":{"line":50,"column":57}},"6":{"start":{"line":51,"column":19},"end":{"line":51,"column":32}},"7":{"start":{"line":54,"column":27},"end":{"line":54,"column":99}},"8":{"start":{"line":56,"column":26},"end":{"line":56,"column":68}},"9":{"start":{"line":57,"column":19},"end":{"line":57,"column":32}},"10":{"start":{"line":58,"column":17},"end":{"line":58,"column":28}},"11":{"start":{"line":61,"column":28},"end":{"line":61,"column":49}},"12":{"start":{"line":62,"column":38},"end":{"line":62,"column":79}},"13":{"start":{"line":65,"column":2},"end":{"line":65,"column":78}},"14":{"start":{"line":67,"column":29},"end":{"line":70,"column":3}},"15":{"start":{"line":68,"column":4},"end":{"line":68,"column":51}},"16":{"start":{"line":69,"column":4},"end":{"line":69,"column":29}},"17":{"start":{"line":72,"column":2},"end":{"line":78,"column":18}},"18":{"start":{"line":73,"column":4},"end":{"line":73,"column":27}},"19":{"start":{"line":73,"column":20},"end":{"line":73,"column":27}},"20":{"start":{"line":75,"column":4},"end":{"line":77,"column":7}},"21":{"start":{"line":76,"column":6},"end":{"line":76,"column":79}},"22":{"start":{"line":81,"column":2},"end":{"line":85,"column":28}},"23":{"start":{"line":82,"column":4},"end":{"line":82,"column":27}},"24":{"start":{"line":82,"column":20},"end":{"line":82,"column":27}},"25":{"start":{"line":84,"column":4},"end":{"line":84,"column":59}},"26":{"start":{"line":88,"column":2},"end":{"line":100,"column":9}},"27":{"start":{"line":89,"column":33},"end":{"line":93,"column":5}},"28":{"start":{"line":90,"column":6},"end":{"line":92,"column":7}},"29":{"start":{"line":91,"column":8},"end":{"line":91,"column":26}},"30":{"start":{"line":96,"column":4},"end":{"line":96,"column":22}},"31":{"start":{"line":98,"column":25},"end":{"line":98,"column":82}},"32":{"start":{"line":99,"column":4},"end":{"line":99,"column":40}},"33":{"start":{"line":99,"column":17},"end":{"line":99,"column":39}},"34":{"start":{"line":103,"column":2},"end":{"line":106,"column":15}},"35":{"start":{"line":104,"column":25},"end":{"line":104,"column":67}},"36":{"start":{"line":105,"column":4},"end":{"line":105,"column":39}},"37":{"start":{"line":105,"column":17},"end":{"line":105,"column":38}},"38":{"start":{"line":109,"column":21},"end":{"line":109,"column":29}},"39":{"start":{"line":112,"column":4},"end":{"line":122,"column":80}},"40":{"start":{"line":114,"column":10},"end":{"line":118,"column":11}},"41":{"start":{"line":115,"column":12},"end":{"line":115,"column":85}},"42":{"start":{"line":116,"column":12},"end":{"line":116,"column":43}},"43":{"start":{"line":117,"column":12},"end":{"line":117,"column":19}},"44":{"start":{"line":119,"column":6},"end":{"line":119,"column":29}},"45":{"start":{"line":119,"column":22},"end":{"line":119,"column":29}},"46":{"start":{"line":120,"column":20},"end":{"line":120,"column":59}},"47":{"start":{"line":120,"column":37},"end":{"line":120,"column":51}},"48":{"start":{"line":121,"column":6},"end":{"line":121,"column":39}},"49":{"start":{"line":121,"column":19},"end":{"line":121,"column":38}},"50":{"start":{"line":125,"column":2},"end":{"line":135,"column":35}},"51":{"start":{"line":132,"column":4},"end":{"line":134,"column":5}},"52":{"start":{"line":133,"column":6},"end":{"line":133,"column":73}},"53":{"start":{"line":139,"column":24},"end":{"line":139,"column":68}},"54":{"start":{"line":139,"column":44},"end":{"line":139,"column":63}},"55":{"start":{"line":141,"column":24},"end":{"line":141,"column":88}},"56":{"start":{"line":141,"column":44},"end":{"line":141,"column":83}},"57":{"start":{"line":144,"column":19},"end":{"line":155,"column":70}},"58":{"start":{"line":145,"column":4},"end":{"line":145,"column":57}},"59":{"start":{"line":145,"column":44},"end":{"line":145,"column":57}},"60":{"start":{"line":146,"column":17},"end":{"line":146,"column":46}},"61":{"start":{"line":148,"column":4},"end":{"line":148,"column":47}},"62":{"start":{"line":148,"column":34},"end":{"line":148,"column":47}},"63":{"start":{"line":149,"column":4},"end":{"line":149,"column":47}},"64":{"start":{"line":149,"column":34},"end":{"line":149,"column":47}},"65":{"start":{"line":151,"column":4},"end":{"line":151,"column":70}},"66":{"start":{"line":151,"column":57},"end":{"line":151,"column":70}},"67":{"start":{"line":152,"column":4},"end":{"line":152,"column":71}},"68":{"start":{"line":152,"column":29},"end":{"line":152,"column":56}},"69":{"start":{"line":152,"column":59},"end":{"line":152,"column":71}},"70":{"start":{"line":153,"column":4},"end":{"line":153,"column":50}},"71":{"start":{"line":153,"column":38},"end":{"line":153,"column":50}},"72":{"start":{"line":154,"column":4},"end":{"line":154,"column":17}},"73":{"start":{"line":158,"column":2},"end":{"line":238,"column":111}},"74":{"start":{"line":159,"column":4},"end":{"line":159,"column":28}},"75":{"start":{"line":159,"column":21},"end":{"line":159,"column":28}},"76":{"start":{"line":162,"column":4},"end":{"line":162,"column":31}},"77":{"start":{"line":163,"column":4},"end":{"line":163,"column":45}},"78":{"start":{"line":164,"column":4},"end":{"line":164,"column":53}},"79":{"start":{"line":165,"column":4},"end":{"line":165,"column":39}},"80":{"start":{"line":166,"column":4},"end":{"line":166,"column":35}},"81":{"start":{"line":169,"column":4},"end":{"line":171,"column":5}},"82":{"start":{"line":170,"column":6},"end":{"line":170,"column":37}},"83":{"start":{"line":175,"column":4},"end":{"line":182,"column":5}},"84":{"start":{"line":176,"column":29},"end":{"line":176,"column":63}},"85":{"start":{"line":177,"column":6},"end":{"line":181,"column":7}},"86":{"start":{"line":178,"column":8},"end":{"line":178,"column":81}},"87":{"start":{"line":179,"column":8},"end":{"line":179,"column":39}},"88":{"start":{"line":180,"column":8},"end":{"line":180,"column":15}},"89":{"start":{"line":185,"column":4},"end":{"line":199,"column":5}},"90":{"start":{"line":191,"column":6},"end":{"line":197,"column":7}},"91":{"start":{"line":192,"column":8},"end":{"line":192,"column":81}},"92":{"start":{"line":193,"column":8},"end":{"line":193,"column":48}},"93":{"start":{"line":195,"column":8},"end":{"line":195,"column":83}},"94":{"start":{"line":196,"column":8},"end":{"line":196,"column":39}},"95":{"start":{"line":198,"column":6},"end":{"line":198,"column":13}},"96":{"start":{"line":202,"column":4},"end":{"line":211,"column":5}},"97":{"start":{"line":208,"column":6},"end":{"line":208,"column":82}},"98":{"start":{"line":209,"column":6},"end":{"line":209,"column":37}},"99":{"start":{"line":210,"column":6},"end":{"line":210,"column":13}},"100":{"start":{"line":214,"column":4},"end":{"line":217,"column":5}},"101":{"start":{"line":215,"column":6},"end":{"line":215,"column":72}},"102":{"start":{"line":216,"column":6},"end":{"line":216,"column":13}},"103":{"start":{"line":220,"column":4},"end":{"line":227,"column":5}},"104":{"start":{"line":221,"column":29},"end":{"line":221,"column":63}},"105":{"start":{"line":222,"column":6},"end":{"line":226,"column":7}},"106":{"start":{"line":223,"column":8},"end":{"line":223,"column":77}},"107":{"start":{"line":224,"column":8},"end":{"line":224,"column":48}},"108":{"start":{"line":225,"column":8},"end":{"line":225,"column":15}},"109":{"start":{"line":230,"column":4},"end":{"line":235,"column":5}},"110":{"start":{"line":231,"column":6},"end":{"line":231,"column":53}},"111":{"start":{"line":232,"column":6},"end":{"line":232,"column":37}},"112":{"start":{"line":234,"column":6},"end":{"line":234,"column":13}},"113":{"start":{"line":240,"column":2},"end":{"line":262,"column":3}},"114":{"start":{"line":241,"column":4},"end":{"line":261,"column":6}},"115":{"start":{"line":264,"column":2},"end":{"line":279,"column":4}},"116":{"start":{"line":283,"column":2},"end":{"line":291,"column":4}}},"fnMap":{"0":{"name":"RootLayoutInner","decl":{"start":{"line":46,"column":9},"end":{"line":46,"column":24}},"loc":{"start":{"line":46,"column":27},"end":{"line":280,"column":1}},"line":46},"1":{"name":"(anonymous_1)","decl":{"start":{"line":48,"column":27},"end":{"line":48,"column":28}},"loc":{"start":{"line":48,"column":36},"end":{"line":48,"column":51}},"line":48},"2":{"name":"(anonymous_2)","decl":{"start":{"line":49,"column":34},"end":{"line":49,"column":35}},"loc":{"start":{"line":49,"column":43},"end":{"line":49,"column":65}},"line":49},"3":{"name":"(anonymous_3)","decl":{"start":{"line":50,"column":30},"end":{"line":50,"column":31}},"loc":{"start":{"line":50,"column":39},"end":{"line":50,"column":57}},"line":50},"4":{"name":"(anonymous_4)","decl":{"start":{"line":67,"column":29},"end":{"line":67,"column":30}},"loc":{"start":{"line":67,"column":35},"end":{"line":70,"column":3}},"line":67},"5":{"name":"(anonymous_5)","decl":{"start":{"line":72,"column":18},"end":{"line":72,"column":19}},"loc":{"start":{"line":72,"column":24},"end":{"line":78,"column":3}},"line":72},"6":{"name":"(anonymous_6)","decl":{"start":{"line":75,"column":54},"end":{"line":75,"column":55}},"loc":{"start":{"line":75,"column":63},"end":{"line":77,"column":5}},"line":75},"7":{"name":"(anonymous_7)","decl":{"start":{"line":81,"column":18},"end":{"line":81,"column":19}},"loc":{"start":{"line":81,"column":24},"end":{"line":85,"column":3}},"line":81},"8":{"name":"(anonymous_8)","decl":{"start":{"line":88,"column":18},"end":{"line":88,"column":19}},"loc":{"start":{"line":88,"column":24},"end":{"line":100,"column":3}},"line":88},"9":{"name":"(anonymous_9)","decl":{"start":{"line":89,"column":33},"end":{"line":89,"column":34}},"loc":{"start":{"line":89,"column":51},"end":{"line":93,"column":5}},"line":89},"10":{"name":"(anonymous_10)","decl":{"start":{"line":99,"column":11},"end":{"line":99,"column":12}},"loc":{"start":{"line":99,"column":17},"end":{"line":99,"column":39}},"line":99},"11":{"name":"(anonymous_11)","decl":{"start":{"line":103,"column":18},"end":{"line":103,"column":19}},"loc":{"start":{"line":103,"column":24},"end":{"line":106,"column":3}},"line":103},"12":{"name":"(anonymous_12)","decl":{"start":{"line":105,"column":11},"end":{"line":105,"column":12}},"loc":{"start":{"line":105,"column":17},"end":{"line":105,"column":38}},"line":105},"13":{"name":"(anonymous_13)","decl":{"start":{"line":112,"column":20},"end":{"line":112,"column":21}},"loc":{"start":{"line":112,"column":26},"end":{"line":122,"column":5}},"line":112},"14":{"name":"(anonymous_14)","decl":{"start":{"line":120,"column":31},"end":{"line":120,"column":32}},"loc":{"start":{"line":120,"column":37},"end":{"line":120,"column":51}},"line":120},"15":{"name":"(anonymous_15)","decl":{"start":{"line":121,"column":13},"end":{"line":121,"column":14}},"loc":{"start":{"line":121,"column":19},"end":{"line":121,"column":38}},"line":121},"16":{"name":"(anonymous_16)","decl":{"start":{"line":125,"column":18},"end":{"line":125,"column":19}},"loc":{"start":{"line":125,"column":24},"end":{"line":135,"column":3}},"line":125},"17":{"name":"(anonymous_17)","decl":{"start":{"line":139,"column":38},"end":{"line":139,"column":39}},"loc":{"start":{"line":139,"column":44},"end":{"line":139,"column":63}},"line":139},"18":{"name":"(anonymous_18)","decl":{"start":{"line":141,"column":38},"end":{"line":141,"column":39}},"loc":{"start":{"line":141,"column":44},"end":{"line":141,"column":83}},"line":141},"19":{"name":"(anonymous_19)","decl":{"start":{"line":144,"column":33},"end":{"line":144,"column":34}},"loc":{"start":{"line":144,"column":39},"end":{"line":155,"column":3}},"line":144},"20":{"name":"(anonymous_20)","decl":{"start":{"line":152,"column":22},"end":{"line":152,"column":23}},"loc":{"start":{"line":152,"column":29},"end":{"line":152,"column":56}},"line":152},"21":{"name":"(anonymous_21)","decl":{"start":{"line":158,"column":18},"end":{"line":158,"column":19}},"loc":{"start":{"line":158,"column":24},"end":{"line":238,"column":3}},"line":158},"22":{"name":"RootLayout","decl":{"start":{"line":282,"column":24},"end":{"line":282,"column":34}},"loc":{"start":{"line":282,"column":37},"end":{"line":292,"column":1}},"line":282}},"branchMap":{"0":{"loc":{"start":{"line":54,"column":27},"end":{"line":54,"column":99}},"type":"cond-expr","locations":[{"start":{"line":54,"column":81},"end":{"line":54,"column":92}},{"start":{"line":54,"column":95},"end":{"line":54,"column":99}}],"line":54},"1":{"loc":{"start":{"line":54,"column":27},"end":{"line":54,"column":78}},"type":"binary-expr","locations":[{"start":{"line":54,"column":27},"end":{"line":54,"column":31}},{"start":{"line":54,"column":35},"end":{"line":54,"column":46}},{"start":{"line":54,"column":50},"end":{"line":54,"column":78}}],"line":54},"2":{"loc":{"start":{"line":73,"column":4},"end":{"line":73,"column":27}},"type":"if","locations":[{"start":{"line":73,"column":4},"end":{"line":73,"column":27}},{"start":{},"end":{}}],"line":73},"3":{"loc":{"start":{"line":76,"column":58},"end":{"line":76,"column":77}},"type":"binary-expr","locations":[{"start":{"line":76,"column":58},"end":{"line":76,"column":70}},{"start":{"line":76,"column":74},"end":{"line":76,"column":77}}],"line":76},"4":{"loc":{"start":{"line":82,"column":4},"end":{"line":82,"column":27}},"type":"if","locations":[{"start":{"line":82,"column":4},"end":{"line":82,"column":27}},{"start":{},"end":{}}],"line":82},"5":{"loc":{"start":{"line":90,"column":6},"end":{"line":92,"column":7}},"type":"if","locations":[{"start":{"line":90,"column":6},"end":{"line":92,"column":7}},{"start":{},"end":{}}],"line":90},"6":{"loc":{"start":{"line":114,"column":10},"end":{"line":118,"column":11}},"type":"if","locations":[{"start":{"line":114,"column":10},"end":{"line":118,"column":11}},{"start":{},"end":{}}],"line":114},"7":{"loc":{"start":{"line":114,"column":14},"end":{"line":114,"column":97}},"type":"binary-expr","locations":[{"start":{"line":114,"column":15},"end":{"line":114,"column":19}},{"start":{"line":114,"column":23},"end":{"line":114,"column":39}},{"start":{"line":114,"column":44},"end":{"line":114,"column":59}},{"start":{"line":114,"column":63},"end":{"line":114,"column":97}}],"line":114},"8":{"loc":{"start":{"line":119,"column":6},"end":{"line":119,"column":29}},"type":"if","locations":[{"start":{"line":119,"column":6},"end":{"line":119,"column":29}},{"start":{},"end":{}}],"line":119},"9":{"loc":{"start":{"line":132,"column":4},"end":{"line":134,"column":5}},"type":"if","locations":[{"start":{"line":132,"column":4},"end":{"line":134,"column":5}},{"start":{},"end":{}}],"line":132},"10":{"loc":{"start":{"line":145,"column":4},"end":{"line":145,"column":57}},"type":"if","locations":[{"start":{"line":145,"column":4},"end":{"line":145,"column":57}},{"start":{},"end":{}}],"line":145},"11":{"loc":{"start":{"line":145,"column":8},"end":{"line":145,"column":42}},"type":"binary-expr","locations":[{"start":{"line":145,"column":8},"end":{"line":145,"column":17}},{"start":{"line":145,"column":21},"end":{"line":145,"column":42}}],"line":145},"12":{"loc":{"start":{"line":148,"column":4},"end":{"line":148,"column":47}},"type":"if","locations":[{"start":{"line":148,"column":4},"end":{"line":148,"column":47}},{"start":{},"end":{}}],"line":148},"13":{"loc":{"start":{"line":148,"column":8},"end":{"line":148,"column":32}},"type":"binary-expr","locations":[{"start":{"line":148,"column":8},"end":{"line":148,"column":12}},{"start":{"line":148,"column":16},"end":{"line":148,"column":32}}],"line":148},"14":{"loc":{"start":{"line":149,"column":4},"end":{"line":149,"column":47}},"type":"if","locations":[{"start":{"line":149,"column":4},"end":{"line":149,"column":47}},{"start":{},"end":{}}],"line":149},"15":{"loc":{"start":{"line":151,"column":4},"end":{"line":151,"column":70}},"type":"if","locations":[{"start":{"line":151,"column":4},"end":{"line":151,"column":70}},{"start":{},"end":{}}],"line":151},"16":{"loc":{"start":{"line":151,"column":8},"end":{"line":151,"column":55}},"type":"binary-expr","locations":[{"start":{"line":151,"column":8},"end":{"line":151,"column":25}},{"start":{"line":151,"column":30},"end":{"line":151,"column":34}},{"start":{"line":151,"column":38},"end":{"line":151,"column":54}}],"line":151},"17":{"loc":{"start":{"line":152,"column":4},"end":{"line":152,"column":71}},"type":"if","locations":[{"start":{"line":152,"column":4},"end":{"line":152,"column":71}},{"start":{},"end":{}}],"line":152},"18":{"loc":{"start":{"line":153,"column":4},"end":{"line":153,"column":50}},"type":"if","locations":[{"start":{"line":153,"column":4},"end":{"line":153,"column":50}},{"start":{},"end":{}}],"line":153},"19":{"loc":{"start":{"line":159,"column":4},"end":{"line":159,"column":28}},"type":"if","locations":[{"start":{"line":159,"column":4},"end":{"line":159,"column":28}},{"start":{},"end":{}}],"line":159},"20":{"loc":{"start":{"line":169,"column":4},"end":{"line":171,"column":5}},"type":"if","locations":[{"start":{"line":169,"column":4},"end":{"line":171,"column":5}},{"start":{},"end":{}}],"line":169},"21":{"loc":{"start":{"line":169,"column":8},"end":{"line":169,"column":28}},"type":"binary-expr","locations":[{"start":{"line":169,"column":8},"end":{"line":169,"column":13}},{"start":{"line":169,"column":17},"end":{"line":169,"column":28}}],"line":169},"22":{"loc":{"start":{"line":175,"column":4},"end":{"line":182,"column":5}},"type":"if","locations":[{"start":{"line":175,"column":4},"end":{"line":182,"column":5}},{"start":{},"end":{}}],"line":175},"23":{"loc":{"start":{"line":175,"column":8},"end":{"line":175,"column":53}},"type":"binary-expr","locations":[{"start":{"line":175,"column":9},"end":{"line":175,"column":13}},{"start":{"line":175,"column":17},"end":{"line":175,"column":33}},{"start":{"line":175,"column":38},"end":{"line":175,"column":53}}],"line":175},"24":{"loc":{"start":{"line":177,"column":6},"end":{"line":181,"column":7}},"type":"if","locations":[{"start":{"line":177,"column":6},"end":{"line":181,"column":7}},{"start":{},"end":{}}],"line":177},"25":{"loc":{"start":{"line":185,"column":4},"end":{"line":199,"column":5}},"type":"if","locations":[{"start":{"line":185,"column":4},"end":{"line":199,"column":5}},{"start":{},"end":{}}],"line":185},"26":{"loc":{"start":{"line":186,"column":6},"end":{"line":189,"column":32}},"type":"binary-expr","locations":[{"start":{"line":186,"column":6},"end":{"line":186,"column":27}},{"start":{"line":187,"column":6},"end":{"line":187,"column":30}},{"start":{"line":188,"column":6},"end":{"line":188,"column":30}},{"start":{"line":189,"column":7},"end":{"line":189,"column":11}},{"start":{"line":189,"column":15},"end":{"line":189,"column":31}}],"line":186},"27":{"loc":{"start":{"line":191,"column":6},"end":{"line":197,"column":7}},"type":"if","locations":[{"start":{"line":191,"column":6},"end":{"line":197,"column":7}},{"start":{"line":194,"column":13},"end":{"line":197,"column":7}}],"line":191},"28":{"loc":{"start":{"line":202,"column":4},"end":{"line":211,"column":5}},"type":"if","locations":[{"start":{"line":202,"column":4},"end":{"line":211,"column":5}},{"start":{},"end":{}}],"line":202},"29":{"loc":{"start":{"line":203,"column":6},"end":{"line":206,"column":29}},"type":"binary-expr","locations":[{"start":{"line":203,"column":6},"end":{"line":203,"column":27}},{"start":{"line":204,"column":6},"end":{"line":204,"column":30}},{"start":{"line":205,"column":6},"end":{"line":205,"column":30}},{"start":{"line":206,"column":6},"end":{"line":206,"column":10}},{"start":{"line":206,"column":14},"end":{"line":206,"column":29}}],"line":203},"30":{"loc":{"start":{"line":214,"column":4},"end":{"line":217,"column":5}},"type":"if","locations":[{"start":{"line":214,"column":4},"end":{"line":217,"column":5}},{"start":{},"end":{}}],"line":214},"31":{"loc":{"start":{"line":220,"column":4},"end":{"line":227,"column":5}},"type":"if","locations":[{"start":{"line":220,"column":4},"end":{"line":227,"column":5}},{"start":{},"end":{}}],"line":220},"32":{"loc":{"start":{"line":220,"column":8},"end":{"line":220,"column":54}},"type":"binary-expr","locations":[{"start":{"line":220,"column":9},"end":{"line":220,"column":13}},{"start":{"line":220,"column":17},"end":{"line":220,"column":33}},{"start":{"line":220,"column":38},"end":{"line":220,"column":54}}],"line":220},"33":{"loc":{"start":{"line":222,"column":6},"end":{"line":226,"column":7}},"type":"if","locations":[{"start":{"line":222,"column":6},"end":{"line":226,"column":7}},{"start":{},"end":{}}],"line":222},"34":{"loc":{"start":{"line":230,"column":4},"end":{"line":235,"column":5}},"type":"if","locations":[{"start":{"line":230,"column":4},"end":{"line":235,"column":5}},{"start":{},"end":{}}],"line":230},"35":{"loc":{"start":{"line":240,"column":2},"end":{"line":262,"column":3}},"type":"if","locations":[{"start":{"line":240,"column":2},"end":{"line":262,"column":3}},{"start":{},"end":{}}],"line":240},"36":{"loc":{"start":{"line":243,"column":9},"end":{"line":254,"column":9}},"type":"cond-expr","locations":[{"start":{"line":244,"column":10},"end":{"line":246,"column":17}},{"start":{"line":248,"column":10},"end":{"line":253,"column":13}}],"line":243}},"s":{"0":15,"1":15,"2":15,"3":15,"4":15,"5":15,"6":15,"7":15,"8":15,"9":15,"10":15,"11":15,"12":15,"13":15,"14":15,"15":0,"16":0,"17":15,"18":15,"19":9,"20":6,"21":1,"22":15,"23":15,"24":9,"25":6,"26":15,"27":15,"28":0,"29":0,"30":15,"31":15,"32":15,"33":15,"34":15,"35":15,"36":15,"37":15,"38":15,"39":15,"40":15,"41":1,"42":1,"43":1,"44":14,"45":13,"46":1,"47":0,"48":1,"49":1,"50":15,"51":15,"52":1,"53":15,"54":15,"55":15,"56":15,"57":15,"58":15,"59":8,"60":7,"61":7,"62":4,"63":3,"64":0,"65":3,"66":0,"67":3,"68":4,"69":2,"70":1,"71":0,"72":1,"73":15,"74":15,"75":1,"76":14,"77":14,"78":14,"79":14,"80":14,"81":14,"82":1,"83":14,"84":4,"85":4,"86":1,"87":1,"88":1,"89":13,"90":1,"91":1,"92":1,"93":0,"94":0,"95":1,"96":12,"97":1,"98":1,"99":1,"100":11,"101":2,"102":2,"103":9,"104":1,"105":1,"106":1,"107":1,"108":1,"109":8,"110":6,"111":6,"112":6,"113":15,"114":1,"115":14,"116":15},"f":{"0":15,"1":15,"2":15,"3":15,"4":0,"5":15,"6":1,"7":15,"8":15,"9":0,"10":15,"11":15,"12":15,"13":15,"14":0,"15":1,"16":15,"17":15,"18":15,"19":15,"20":4,"21":15,"22":15},"b":{"0":[6,9],"1":[15,6,6],"2":[9,6],"3":[1,0],"4":[9,6],"5":[0,0],"6":[1,14],"7":[15,9,6,4],"8":[13,1],"9":[1,14],"10":[8,7],"11":[15,15],"12":[4,3],"13":[7,3],"14":[0,3],"15":[0,3],"16":[3,0,0],"17":[2,1],"18":[0,1],"19":[1,14],"20":[1,13],"21":[14,8],"22":[4,10],"23":[14,8,6],"24":[1,3],"25":[1,12],"26":[13,6,4,1,0],"27":[1,0],"28":[1,11],"29":[12,5,3,3,1],"30":[2,9],"31":[1,8],"32":[9,6,3],"33":[1,0],"34":[6,2],"35":[1,14],"36":[0,1]},"_coverageSchema":"1a1c01bbd47fc00a2c39e90264f33305004495a9","hash":"95f7f288aa58211b642dd7989c3e04ef653888c2"}
,"/Users/arnev/Desktop/RideShare-App/app/index.js": {"path":"/Users/arnev/Desktop/RideShare-App/app/index.js","statementMap":{"0":{"start":{"line":10,"column":61},"end":{"line":10,"column":70}},"1":{"start":{"line":12,"column":2},"end":{"line":18,"column":3}},"2":{"start":{"line":13,"column":4},"end":{"line":17,"column":6}},"3":{"start":{"line":21,"column":2},"end":{"line":23,"column":3}},"4":{"start":{"line":22,"column":4},"end":{"line":22,"column":46}},"5":{"start":{"line":26,"column":2},"end":{"line":28,"column":3}},"6":{"start":{"line":27,"column":4},"end":{"line":27,"column":53}},"7":{"start":{"line":31,"column":2},"end":{"line":31,"column":42}}},"fnMap":{"0":{"name":"Index","decl":{"start":{"line":9,"column":24},"end":{"line":9,"column":29}},"loc":{"start":{"line":9,"column":32},"end":{"line":32,"column":1}},"line":9}},"branchMap":{"0":{"loc":{"start":{"line":12,"column":2},"end":{"line":18,"column":3}},"type":"if","locations":[{"start":{"line":12,"column":2},"end":{"line":18,"column":3}},{"start":{},"end":{}}],"line":12},"1":{"loc":{"start":{"line":12,"column":6},"end":{"line":12,"column":31}},"type":"binary-expr","locations":[{"start":{"line":12,"column":6},"end":{"line":12,"column":13}},{"start":{"line":12,"column":17},"end":{"line":12,"column":31}}],"line":12},"2":{"loc":{"start":{"line":21,"column":2},"end":{"line":23,"column":3}},"type":"if","locations":[{"start":{"line":21,"column":2},"end":{"line":23,"column":3}},{"start":{},"end":{}}],"line":21},"3":{"loc":{"start":{"line":26,"column":2},"end":{"line":28,"column":3}},"type":"if","locations":[{"start":{"line":26,"column":2},"end":{"line":28,"column":3}},{"start":{},"end":{}}],"line":26}},"s":{"0":8,"1":8,"2":4,"3":4,"4":1,"5":3,"6":1,"7":2},"f":{"0":8},"b":{"0":[4,4],"1":[8,5],"2":[1,3],"3":[1,2]},"_coverageSchema":"1a1c01bbd47fc00a2c39e90264f33305004495a9","hash":"52ea878aa8a1bc69f69c0c318d7818d49d6efb55"}
,"/Users/arnev/Desktop/RideShare-App/app/modal.tsx": {"path":"/Users/arnev/Desktop/RideShare-App/app/modal.tsx","statementMap":{"0":{"start":{"line":8,"column":2},"end":{"line":15,"column":4}},"1":{"start":{"line":18,"column":15},"end":{"line":29,"column":2}}},"fnMap":{"0":{"name":"ModalScreen","decl":{"start":{"line":7,"column":24},"end":{"line":7,"column":35}},"loc":{"start":{"line":7,"column":38},"end":{"line":16,"column":1}},"line":7}},"branchMap":{},"s":{"0":6,"1":1},"f":{"0":6},"b":{},"_coverageSchema":"1a1c01bbd47fc00a2c39e90264f33305004495a9","hash":"1ec4aaf4359ba91d13769bfed4ed883873d388ff"}
,"/Users/arnev/Desktop/RideShare-App/app/(auth)/_layout.js": {"path":"/Users/arnev/Desktop/RideShare-App/app/(auth)/_layout.js","statementMap":{"0":{"start":{"line":4,"column":2},"end":{"line":41,"column":4}}},"fnMap":{"0":{"name":"AuthLayout","decl":{"start":{"line":3,"column":24},"end":{"line":3,"column":34}},"loc":{"start":{"line":3,"column":37},"end":{"line":42,"column":1}},"line":3}},"branchMap":{},"s":{"0":11},"f":{"0":11},"b":{},"_coverageSchema":"1a1c01bbd47fc00a2c39e90264f33305004495a9","hash":"b6b7987292441fbf7eb7de9171973938a08157bf"}
,"/Users/arnev/Desktop/RideShare-App/app/(auth)/forgot-password.js": {"path":"/Users/arnev/Desktop/RideShare-App/app/(auth)/forgot-password.js","statementMap":{"0":{"start":{"line":24,"column":17},"end":{"line":24,"column":28}},"1":{"start":{"line":25,"column":28},"end":{"line":25,"column":40}},"2":{"start":{"line":26,"column":32},"end":{"line":26,"column":47}},"3":{"start":{"line":27,"column":42},"end":{"line":27,"column":54}},"4":{"start":{"line":28,"column":46},"end":{"line":28,"column":58}},"5":{"start":{"line":30,"column":24},"end":{"line":33,"column":4}},"6":{"start":{"line":36,"column":21},"end":{"line":36,"column":33}},"7":{"start":{"line":38,"column":2},"end":{"line":42,"column":9}},"8":{"start":{"line":39,"column":4},"end":{"line":41,"column":6}},"9":{"start":{"line":40,"column":6},"end":{"line":40,"column":63}},"10":{"start":{"line":40,"column":30},"end":{"line":40,"column":63}},"11":{"start":{"line":44,"column":2},"end":{"line":44,"column":32}},"12":{"start":{"line":44,"column":20},"end":{"line":44,"column":32}},"13":{"start":{"line":46,"column":23},"end":{"line":49,"column":3}},"14":{"start":{"line":47,"column":23},"end":{"line":47,"column":51}},"15":{"start":{"line":48,"column":4},"end":{"line":48,"column":34}},"16":{"start":{"line":51,"column":31},"end":{"line":90,"column":3}},"17":{"start":{"line":52,"column":4},"end":{"line":52,"column":24}},"18":{"start":{"line":53,"column":4},"end":{"line":53,"column":26}},"19":{"start":{"line":55,"column":4},"end":{"line":58,"column":5}},"20":{"start":{"line":56,"column":6},"end":{"line":56,"column":57}},"21":{"start":{"line":57,"column":6},"end":{"line":57,"column":13}},"22":{"start":{"line":60,"column":4},"end":{"line":63,"column":5}},"23":{"start":{"line":61,"column":6},"end":{"line":61,"column":60}},"24":{"start":{"line":62,"column":6},"end":{"line":62,"column":13}},"25":{"start":{"line":65,"column":4},"end":{"line":65,"column":21}},"26":{"start":{"line":67,"column":4},"end":{"line":89,"column":5}},"27":{"start":{"line":68,"column":6},"end":{"line":68,"column":48}},"28":{"start":{"line":69,"column":6},"end":{"line":69,"column":72}},"29":{"start":{"line":70,"column":6},"end":{"line":70,"column":19}},"30":{"start":{"line":73,"column":17},"end":{"line":75,"column":14}},"31":{"start":{"line":74,"column":8},"end":{"line":74,"column":22}},"32":{"start":{"line":77,"column":6},"end":{"line":77,"column":30}},"33":{"start":{"line":79,"column":6},"end":{"line":79,"column":85}},"34":{"start":{"line":79,"column":19},"end":{"line":79,"column":85}},"35":{"start":{"line":80,"column":6},"end":{"line":86,"column":7}},"36":{"start":{"line":81,"column":8},"end":{"line":81,"column":68}},"37":{"start":{"line":82,"column":13},"end":{"line":86,"column":7}},"38":{"start":{"line":83,"column":8},"end":{"line":83,"column":49}},"39":{"start":{"line":85,"column":8},"end":{"line":85,"column":90}},"40":{"start":{"line":88,"column":6},"end":{"line":88,"column":24}},"41":{"start":{"line":92,"column":2},"end":{"line":169,"column":4}},"42":{"start":{"line":93,"column":45},"end":{"line":93,"column":63}},"43":{"start":{"line":98,"column":25},"end":{"line":98,"column":38}},"44":{"start":{"line":172,"column":15},"end":{"line":294,"column":2}}},"fnMap":{"0":{"name":"ForgotPasswordScreen","decl":{"start":{"line":23,"column":24},"end":{"line":23,"column":44}},"loc":{"start":{"line":23,"column":47},"end":{"line":170,"column":1}},"line":23},"1":{"name":"(anonymous_1)","decl":{"start":{"line":38,"column":12},"end":{"line":38,"column":13}},"loc":{"start":{"line":38,"column":18},"end":{"line":42,"column":3}},"line":38},"2":{"name":"(anonymous_2)","decl":{"start":{"line":39,"column":11},"end":{"line":39,"column":12}},"loc":{"start":{"line":39,"column":17},"end":{"line":41,"column":5}},"line":39},"3":{"name":"(anonymous_3)","decl":{"start":{"line":46,"column":23},"end":{"line":46,"column":24}},"loc":{"start":{"line":46,"column":34},"end":{"line":49,"column":3}},"line":46},"4":{"name":"(anonymous_4)","decl":{"start":{"line":51,"column":31},"end":{"line":51,"column":32}},"loc":{"start":{"line":51,"column":43},"end":{"line":90,"column":3}},"line":51},"5":{"name":"(anonymous_5)","decl":{"start":{"line":73,"column":28},"end":{"line":73,"column":29}},"loc":{"start":{"line":73,"column":34},"end":{"line":75,"column":7}},"line":73},"6":{"name":"(anonymous_6)","decl":{"start":{"line":93,"column":39},"end":{"line":93,"column":40}},"loc":{"start":{"line":93,"column":45},"end":{"line":93,"column":63}},"line":93},"7":{"name":"(anonymous_7)","decl":{"start":{"line":98,"column":19},"end":{"line":98,"column":20}},"loc":{"start":{"line":98,"column":25},"end":{"line":98,"column":38}},"line":98}},"branchMap":{"0":{"loc":{"start":{"line":40,"column":6},"end":{"line":40,"column":63}},"type":"if","locations":[{"start":{"line":40,"column":6},"end":{"line":40,"column":63}},{"start":{},"end":{}}],"line":40},"1":{"loc":{"start":{"line":44,"column":2},"end":{"line":44,"column":32}},"type":"if","locations":[{"start":{"line":44,"column":2},"end":{"line":44,"column":32}},{"start":{},"end":{}}],"line":44},"2":{"loc":{"start":{"line":55,"column":4},"end":{"line":58,"column":5}},"type":"if","locations":[{"start":{"line":55,"column":4},"end":{"line":58,"column":5}},{"start":{},"end":{}}],"line":55},"3":{"loc":{"start":{"line":60,"column":4},"end":{"line":63,"column":5}},"type":"if","locations":[{"start":{"line":60,"column":4},"end":{"line":63,"column":5}},{"start":{},"end":{}}],"line":60},"4":{"loc":{"start":{"line":79,"column":6},"end":{"line":79,"column":85}},"type":"if","locations":[{"start":{"line":79,"column":6},"end":{"line":79,"column":85}},{"start":{},"end":{}}],"line":79},"5":{"loc":{"start":{"line":80,"column":6},"end":{"line":86,"column":7}},"type":"if","locations":[{"start":{"line":80,"column":6},"end":{"line":86,"column":7}},{"start":{"line":82,"column":13},"end":{"line":86,"column":7}}],"line":80},"6":{"loc":{"start":{"line":82,"column":13},"end":{"line":86,"column":7}},"type":"if","locations":[{"start":{"line":82,"column":13},"end":{"line":86,"column":7}},{"start":{"line":84,"column":13},"end":{"line":86,"column":7}}],"line":82},"7":{"loc":{"start":{"line":85,"column":24},"end":{"line":85,"column":88}},"type":"binary-expr","locations":[{"start":{"line":85,"column":24},"end":{"line":85,"column":37}},{"start":{"line":85,"column":41},"end":{"line":85,"column":88}}],"line":85},"8":{"loc":{"start":{"line":114,"column":9},"end":{"line":119,"column":9}},"type":"binary-expr","locations":[{"start":{"line":114,"column":9},"end":{"line":114,"column":21}},{"start":{"line":115,"column":10},"end":{"line":118,"column":17}}],"line":114},"9":{"loc":{"start":{"line":122,"column":9},"end":{"line":127,"column":9}},"type":"binary-expr","locations":[{"start":{"line":122,"column":9},"end":{"line":122,"column":23}},{"start":{"line":123,"column":10},"end":{"line":126,"column":17}}],"line":122},"10":{"loc":{"start":{"line":141,"column":22},"end":{"line":141,"column":49}},"type":"binary-expr","locations":[{"start":{"line":141,"column":22},"end":{"line":141,"column":30}},{"start":{"line":141,"column":34},"end":{"line":141,"column":49}}],"line":141},"11":{"loc":{"start":{"line":148,"column":33},"end":{"line":148,"column":85}},"type":"binary-expr","locations":[{"start":{"line":148,"column":34},"end":{"line":148,"column":41}},{"start":{"line":148,"column":45},"end":{"line":148,"column":59}},{"start":{"line":148,"column":64},"end":{"line":148,"column":85}}],"line":148},"12":{"loc":{"start":{"line":150,"column":20},"end":{"line":150,"column":47}},"type":"binary-expr","locations":[{"start":{"line":150,"column":20},"end":{"line":150,"column":27}},{"start":{"line":150,"column":31},"end":{"line":150,"column":47}}],"line":150},"13":{"loc":{"start":{"line":152,"column":11},"end":{"line":156,"column":11}},"type":"cond-expr","locations":[{"start":{"line":153,"column":12},"end":{"line":153,"column":49}},{"start":{"line":155,"column":12},"end":{"line":155,"column":66}}],"line":152}},"s":{"0":32,"1":32,"2":32,"3":32,"4":32,"5":32,"6":32,"7":32,"8":14,"9":14,"10":4,"11":32,"12":0,"13":32,"14":8,"15":8,"16":32,"17":9,"18":9,"19":9,"20":1,"21":1,"22":8,"23":1,"24":1,"25":7,"26":7,"27":7,"28":4,"29":4,"30":4,"31":0,"32":4,"33":3,"34":3,"35":3,"36":1,"37":2,"38":1,"39":1,"40":7,"41":32,"42":0,"43":1,"44":1},"f":{"0":32,"1":14,"2":14,"3":8,"4":9,"5":0,"6":0,"7":1},"b":{"0":[4,10],"1":[0,32],"2":[1,8],"3":[1,7],"4":[3,0],"5":[1,2],"6":[1,1],"7":[1,0],"8":[32,5],"9":[32,4],"10":[32,31],"11":[32,31,5],"12":[32,31],"13":[1,31]},"_coverageSchema":"1a1c01bbd47fc00a2c39e90264f33305004495a9","hash":"a326782b1a4c62912766be8bc4de27219fbaadb0"}
,"/Users/arnev/Desktop/RideShare-App/app/(auth)/profile-setup.js": {"path":"/Users/arnev/Desktop/RideShare-App/app/(auth)/profile-setup.js","statementMap":{"0":{"start":{"line":28,"column":27},"end":{"line":485,"column":1}},"1":{"start":{"line":29,"column":26},"end":{"line":35,"column":6}},"2":{"start":{"line":37,"column":36},"end":{"line":37,"column":48}},"3":{"start":{"line":38,"column":32},"end":{"line":38,"column":62}},"4":{"start":{"line":39,"column":30},"end":{"line":39,"column":54}},"5":{"start":{"line":40,"column":36},"end":{"line":40,"column":59}},"6":{"start":{"line":41,"column":26},"end":{"line":41,"column":38}},"7":{"start":{"line":42,"column":36},"end":{"line":42,"column":65}},"8":{"start":{"line":43,"column":27},"end":{"line":43,"column":41}},"9":{"start":{"line":44,"column":34},"end":{"line":44,"column":49}},"10":{"start":{"line":47,"column":54},"end":{"line":47,"column":66}},"11":{"start":{"line":50,"column":31},"end":{"line":50,"column":40}},"12":{"start":{"line":51,"column":21},"end":{"line":51,"column":34}},"13":{"start":{"line":54,"column":50},"end":{"line":59,"column":6}},"14":{"start":{"line":61,"column":20},"end":{"line":77,"column":5}},"15":{"start":{"line":79,"column":19},"end":{"line":106,"column":5}},"16":{"start":{"line":108,"column":24},"end":{"line":108,"column":48}},"17":{"start":{"line":109,"column":18},"end":{"line":109,"column":33}},"18":{"start":{"line":110,"column":4},"end":{"line":112,"column":5}},"19":{"start":{"line":110,"column":17},"end":{"line":110,"column":18}},"20":{"start":{"line":111,"column":8},"end":{"line":111,"column":49}},"21":{"start":{"line":114,"column":27},"end":{"line":120,"column":5}},"22":{"start":{"line":122,"column":22},"end":{"line":129,"column":5}},"23":{"start":{"line":124,"column":8},"end":{"line":127,"column":10}},"24":{"start":{"line":128,"column":8},"end":{"line":128,"column":15}},"25":{"start":{"line":147,"column":25},"end":{"line":173,"column":5}},"26":{"start":{"line":148,"column":8},"end":{"line":151,"column":9}},"27":{"start":{"line":149,"column":12},"end":{"line":149,"column":79}},"28":{"start":{"line":150,"column":12},"end":{"line":150,"column":25}},"29":{"start":{"line":152,"column":8},"end":{"line":155,"column":9}},"30":{"start":{"line":153,"column":12},"end":{"line":153,"column":79}},"31":{"start":{"line":154,"column":12},"end":{"line":154,"column":25}},"32":{"start":{"line":156,"column":8},"end":{"line":159,"column":9}},"33":{"start":{"line":157,"column":12},"end":{"line":157,"column":77}},"34":{"start":{"line":158,"column":12},"end":{"line":158,"column":25}},"35":{"start":{"line":160,"column":8},"end":{"line":163,"column":9}},"36":{"start":{"line":161,"column":12},"end":{"line":161,"column":76}},"37":{"start":{"line":162,"column":12},"end":{"line":162,"column":25}},"38":{"start":{"line":164,"column":8},"end":{"line":167,"column":9}},"39":{"start":{"line":165,"column":12},"end":{"line":165,"column":86}},"40":{"start":{"line":166,"column":12},"end":{"line":166,"column":25}},"41":{"start":{"line":168,"column":8},"end":{"line":171,"column":9}},"42":{"start":{"line":169,"column":12},"end":{"line":169,"column":79}},"43":{"start":{"line":170,"column":12},"end":{"line":170,"column":25}},"44":{"start":{"line":172,"column":8},"end":{"line":172,"column":20}},"45":{"start":{"line":175,"column":29},"end":{"line":256,"column":5}},"46":{"start":{"line":176,"column":8},"end":{"line":176,"column":36}},"47":{"start":{"line":176,"column":29},"end":{"line":176,"column":36}},"48":{"start":{"line":178,"column":8},"end":{"line":178,"column":25}},"49":{"start":{"line":180,"column":8},"end":{"line":255,"column":9}},"50":{"start":{"line":181,"column":25},"end":{"line":181,"column":41}},"51":{"start":{"line":182,"column":12},"end":{"line":186,"column":13}},"52":{"start":{"line":183,"column":16},"end":{"line":183,"column":78}},"53":{"start":{"line":184,"column":16},"end":{"line":184,"column":34}},"54":{"start":{"line":185,"column":16},"end":{"line":185,"column":23}},"55":{"start":{"line":189,"column":31},"end":{"line":189,"column":57}},"56":{"start":{"line":190,"column":32},"end":{"line":190,"column":56}},"57":{"start":{"line":191,"column":12},"end":{"line":191,"column":94}},"58":{"start":{"line":192,"column":12},"end":{"line":194,"column":13}},"59":{"start":{"line":193,"column":16},"end":{"line":193,"column":94}},"60":{"start":{"line":195,"column":12},"end":{"line":202,"column":13}},"61":{"start":{"line":196,"column":16},"end":{"line":199,"column":18}},"62":{"start":{"line":200,"column":16},"end":{"line":200,"column":34}},"63":{"start":{"line":201,"column":16},"end":{"line":201,"column":23}},"64":{"start":{"line":205,"column":29},"end":{"line":205,"column":31}},"65":{"start":{"line":207,"column":12},"end":{"line":222,"column":15}},"66":{"start":{"line":225,"column":35},"end":{"line":239,"column":13}},"67":{"start":{"line":240,"column":12},"end":{"line":240,"column":53}},"68":{"start":{"line":241,"column":12},"end":{"line":241,"column":43}},"69":{"start":{"line":243,"column":12},"end":{"line":246,"column":14}},"70":{"start":{"line":248,"column":12},"end":{"line":248,"column":60}},"71":{"start":{"line":249,"column":12},"end":{"line":252,"column":14}},"72":{"start":{"line":254,"column":12},"end":{"line":254,"column":30}},"73":{"start":{"line":258,"column":4},"end":{"line":264,"column":5}},"74":{"start":{"line":259,"column":8},"end":{"line":263,"column":10}},"75":{"start":{"line":266,"column":4},"end":{"line":484,"column":6}},"76":{"start":{"line":373,"column":24},"end":{"line":385,"column":26}},"77":{"start":{"line":378,"column":48},"end":{"line":378,"column":70}},"78":{"start":{"line":379,"column":32},"end":{"line":379,"column":83}},"79":{"start":{"line":380,"column":32},"end":{"line":380,"column":62}},"80":{"start":{"line":383,"column":32},"end":{"line":383,"column":102}},"81":{"start":{"line":383,"column":88},"end":{"line":383,"column":99}},"82":{"start":{"line":392,"column":32},"end":{"line":395,"column":35}},"83":{"start":{"line":427,"column":32},"end":{"line":427,"column":93}},"84":{"start":{"line":439,"column":32},"end":{"line":439,"column":93}},"85":{"start":{"line":450,"column":32},"end":{"line":453,"column":34}},"86":{"start":{"line":460,"column":32},"end":{"line":463,"column":34}},"87":{"start":{"line":487,"column":15},"end":{"line":643,"column":2}}},"fnMap":{"0":{"name":"(anonymous_0)","decl":{"start":{"line":28,"column":27},"end":{"line":28,"column":28}},"loc":{"start":{"line":28,"column":33},"end":{"line":485,"column":1}},"line":28},"1":{"name":"(anonymous_1)","decl":{"start":{"line":122,"column":22},"end":{"line":122,"column":23}},"loc":{"start":{"line":122,"column":34},"end":{"line":129,"column":5}},"line":122},"2":{"name":"(anonymous_2)","decl":{"start":{"line":147,"column":25},"end":{"line":147,"column":26}},"loc":{"start":{"line":147,"column":31},"end":{"line":173,"column":5}},"line":147},"3":{"name":"(anonymous_3)","decl":{"start":{"line":175,"column":29},"end":{"line":175,"column":30}},"loc":{"start":{"line":175,"column":41},"end":{"line":256,"column":5}},"line":175},"4":{"name":"(anonymous_4)","decl":{"start":{"line":372,"column":43},"end":{"line":372,"column":44}},"loc":{"start":{"line":373,"column":24},"end":{"line":385,"column":26}},"line":373},"5":{"name":"(anonymous_5)","decl":{"start":{"line":377,"column":38},"end":{"line":377,"column":39}},"loc":{"start":{"line":377,"column":61},"end":{"line":381,"column":29}},"line":377},"6":{"name":"(anonymous_6)","decl":{"start":{"line":382,"column":38},"end":{"line":382,"column":39}},"loc":{"start":{"line":382,"column":44},"end":{"line":384,"column":29}},"line":382},"7":{"name":"(anonymous_7)","decl":{"start":{"line":383,"column":78},"end":{"line":383,"column":79}},"loc":{"start":{"line":383,"column":88},"end":{"line":383,"column":99}},"line":383},"8":{"name":"(anonymous_8)","decl":{"start":{"line":391,"column":37},"end":{"line":391,"column":38}},"loc":{"start":{"line":391,"column":43},"end":{"line":396,"column":29}},"line":391},"9":{"name":"(anonymous_9)","decl":{"start":{"line":426,"column":38},"end":{"line":426,"column":39}},"loc":{"start":{"line":427,"column":32},"end":{"line":427,"column":93}},"line":427},"10":{"name":"(anonymous_10)","decl":{"start":{"line":438,"column":38},"end":{"line":438,"column":39}},"loc":{"start":{"line":439,"column":32},"end":{"line":439,"column":93}},"line":439},"11":{"name":"(anonymous_11)","decl":{"start":{"line":449,"column":38},"end":{"line":449,"column":39}},"loc":{"start":{"line":450,"column":32},"end":{"line":453,"column":34}},"line":450},"12":{"name":"(anonymous_12)","decl":{"start":{"line":459,"column":38},"end":{"line":459,"column":39}},"loc":{"start":{"line":460,"column":32},"end":{"line":463,"column":34}},"line":460}},"branchMap":{"0":{"loc":{"start":{"line":148,"column":8},"end":{"line":151,"column":9}},"type":"if","locations":[{"start":{"line":148,"column":8},"end":{"line":151,"column":9}},{"start":{},"end":{}}],"line":148},"1":{"loc":{"start":{"line":152,"column":8},"end":{"line":155,"column":9}},"type":"if","locations":[{"start":{"line":152,"column":8},"end":{"line":155,"column":9}},{"start":{},"end":{}}],"line":152},"2":{"loc":{"start":{"line":156,"column":8},"end":{"line":159,"column":9}},"type":"if","locations":[{"start":{"line":156,"column":8},"end":{"line":159,"column":9}},{"start":{},"end":{}}],"line":156},"3":{"loc":{"start":{"line":156,"column":12},"end":{"line":156,"column":54}},"type":"binary-expr","locations":[{"start":{"line":156,"column":12},"end":{"line":156,"column":19}},{"start":{"line":156,"column":23},"end":{"line":156,"column":54}}],"line":156},"4":{"loc":{"start":{"line":160,"column":8},"end":{"line":163,"column":9}},"type":"if","locations":[{"start":{"line":160,"column":8},"end":{"line":163,"column":9}},{"start":{},"end":{}}],"line":160},"5":{"loc":{"start":{"line":160,"column":12},"end":{"line":160,"column":46}},"type":"binary-expr","locations":[{"start":{"line":160,"column":12},"end":{"line":160,"column":18}},{"start":{"line":160,"column":22},"end":{"line":160,"column":46}}],"line":160},"6":{"loc":{"start":{"line":164,"column":8},"end":{"line":167,"column":9}},"type":"if","locations":[{"start":{"line":164,"column":8},"end":{"line":167,"column":9}},{"start":{},"end":{}}],"line":164},"7":{"loc":{"start":{"line":164,"column":12},"end":{"line":164,"column":51}},"type":"binary-expr","locations":[{"start":{"line":164,"column":12},"end":{"line":164,"column":21}},{"start":{"line":164,"column":25},"end":{"line":164,"column":51}}],"line":164},"8":{"loc":{"start":{"line":168,"column":8},"end":{"line":171,"column":9}},"type":"if","locations":[{"start":{"line":168,"column":8},"end":{"line":171,"column":9}},{"start":{},"end":{}}],"line":168},"9":{"loc":{"start":{"line":176,"column":8},"end":{"line":176,"column":36}},"type":"if","locations":[{"start":{"line":176,"column":8},"end":{"line":176,"column":36}},{"start":{},"end":{}}],"line":176},"10":{"loc":{"start":{"line":182,"column":12},"end":{"line":186,"column":13}},"type":"if","locations":[{"start":{"line":182,"column":12},"end":{"line":186,"column":13}},{"start":{},"end":{}}],"line":182},"11":{"loc":{"start":{"line":182,"column":16},"end":{"line":182,"column":34}},"type":"binary-expr","locations":[{"start":{"line":182,"column":16},"end":{"line":182,"column":21}},{"start":{"line":182,"column":25},"end":{"line":182,"column":34}}],"line":182},"12":{"loc":{"start":{"line":192,"column":12},"end":{"line":194,"column":13}},"type":"if","locations":[{"start":{"line":192,"column":12},"end":{"line":194,"column":13}},{"start":{},"end":{}}],"line":192},"13":{"loc":{"start":{"line":195,"column":12},"end":{"line":202,"column":13}},"type":"if","locations":[{"start":{"line":195,"column":12},"end":{"line":202,"column":13}},{"start":{},"end":{}}],"line":195},"14":{"loc":{"start":{"line":195,"column":16},"end":{"line":195,"column":74}},"type":"binary-expr","locations":[{"start":{"line":195,"column":16},"end":{"line":195,"column":36}},{"start":{"line":195,"column":40},"end":{"line":195,"column":74}}],"line":195},"15":{"loc":{"start":{"line":214,"column":21},"end":{"line":214,"column":37}},"type":"binary-expr","locations":[{"start":{"line":214,"column":21},"end":{"line":214,"column":31}},{"start":{"line":214,"column":35},"end":{"line":214,"column":37}}],"line":214},"16":{"loc":{"start":{"line":215,"column":26},"end":{"line":215,"column":74}},"type":"cond-expr","locations":[{"start":{"line":215,"column":61},"end":{"line":215,"column":69}},{"start":{"line":215,"column":72},"end":{"line":215,"column":74}}],"line":215},"17":{"loc":{"start":{"line":232,"column":21},"end":{"line":232,"column":37}},"type":"binary-expr","locations":[{"start":{"line":232,"column":21},"end":{"line":232,"column":31}},{"start":{"line":232,"column":35},"end":{"line":232,"column":37}}],"line":232},"18":{"loc":{"start":{"line":233,"column":26},"end":{"line":233,"column":74}},"type":"cond-expr","locations":[{"start":{"line":233,"column":61},"end":{"line":233,"column":69}},{"start":{"line":233,"column":72},"end":{"line":233,"column":74}}],"line":233},"19":{"loc":{"start":{"line":258,"column":4},"end":{"line":264,"column":5}},"type":"if","locations":[{"start":{"line":258,"column":4},"end":{"line":264,"column":5}},{"start":{},"end":{}}],"line":258},"20":{"loc":{"start":{"line":269,"column":18},"end":{"line":269,"column":62}},"type":"cond-expr","locations":[{"start":{"line":269,"column":42},"end":{"line":269,"column":51}},{"start":{"line":269,"column":54},"end":{"line":269,"column":62}}],"line":269},"21":{"loc":{"start":{"line":270,"column":32},"end":{"line":270,"column":62}},"type":"cond-expr","locations":[{"start":{"line":270,"column":56},"end":{"line":270,"column":58}},{"start":{"line":270,"column":61},"end":{"line":270,"column":62}}],"line":270},"22":{"loc":{"start":{"line":288,"column":21},"end":{"line":294,"column":21}},"type":"cond-expr","locations":[{"start":{"line":289,"column":24},"end":{"line":289,"column":92}},{"start":{"line":291,"column":24},"end":{"line":293,"column":31}}],"line":288},"23":{"loc":{"start":{"line":388,"column":21},"end":{"line":401,"column":21}},"type":"binary-expr","locations":[{"start":{"line":388,"column":21},"end":{"line":388,"column":49}},{"start":{"line":389,"column":24},"end":{"line":400,"column":43}}],"line":388},"24":{"loc":{"start":{"line":471,"column":39},"end":{"line":471,"column":71}},"type":"binary-expr","locations":[{"start":{"line":471,"column":39},"end":{"line":471,"column":46}},{"start":{"line":471,"column":50},"end":{"line":471,"column":71}}],"line":471},"25":{"loc":{"start":{"line":476,"column":21},"end":{"line":480,"column":21}},"type":"cond-expr","locations":[{"start":{"line":477,"column":24},"end":{"line":477,"column":61}},{"start":{"line":479,"column":24},"end":{"line":479,"column":74}}],"line":476}},"s":{"0":1,"1":124,"2":124,"3":124,"4":124,"5":124,"6":124,"7":124,"8":124,"9":124,"10":124,"11":124,"12":124,"13":124,"14":124,"15":124,"16":124,"17":124,"18":124,"19":124,"20":744,"21":124,"22":124,"23":1,"24":1,"25":124,"26":14,"27":1,"28":1,"29":13,"30":1,"31":1,"32":12,"33":1,"34":1,"35":11,"36":0,"37":0,"38":11,"39":0,"40":0,"41":11,"42":1,"43":1,"44":10,"45":124,"46":14,"47":4,"48":10,"49":10,"50":10,"51":10,"52":1,"53":1,"54":1,"55":9,"56":9,"57":9,"58":9,"59":1,"60":9,"61":1,"62":1,"63":1,"64":8,"65":8,"66":6,"67":6,"68":6,"69":6,"70":1,"71":1,"72":9,"73":124,"74":1,"75":123,"76":12,"77":2,"78":2,"79":2,"80":1,"81":1,"82":7,"83":0,"84":0,"85":1,"86":1,"87":1},"f":{"0":124,"1":1,"2":14,"3":14,"4":12,"5":2,"6":1,"7":1,"8":7,"9":0,"10":0,"11":1,"12":1},"b":{"0":[1,13],"1":[1,12],"2":[1,11],"3":[12,12],"4":[0,11],"5":[11,11],"6":[0,11],"7":[11,11],"8":[1,10],"9":[4,10],"10":[1,9],"11":[10,9],"12":[1,8],"13":[1,8],"14":[9,1],"15":[8,7],"16":[1,7],"17":[6,5],"18":[1,5],"19":[1,123],"20":[123,0],"21":[123,0],"22":[0,123],"23":[123,122],"24":[123,7],"25":[7,116]},"_coverageSchema":"1a1c01bbd47fc00a2c39e90264f33305004495a9","hash":"e09961239b1f74fff8abf2359a9fcb1a80ce02ff"}
,"/Users/arnev/Desktop/RideShare-App/app/(auth)/signin.js": {"path":"/Users/arnev/Desktop/RideShare-App/app/(auth)/signin.js","statementMap":{"0":{"start":{"line":22,"column":17},"end":{"line":22,"column":28}},"1":{"start":{"line":23,"column":28},"end":{"line":23,"column":40}},"2":{"start":{"line":24,"column":34},"end":{"line":24,"column":46}},"3":{"start":{"line":25,"column":32},"end":{"line":25,"column":47}},"4":{"start":{"line":26,"column":42},"end":{"line":26,"column":57}},"5":{"start":{"line":27,"column":42},"end":{"line":27,"column":54}},"6":{"start":{"line":28,"column":24},"end":{"line":31,"column":4}},"7":{"start":{"line":33,"column":2},"end":{"line":33,"column":32}},"8":{"start":{"line":33,"column":20},"end":{"line":33,"column":32}},"9":{"start":{"line":35,"column":23},"end":{"line":38,"column":3}},"10":{"start":{"line":36,"column":23},"end":{"line":36,"column":51}},"11":{"start":{"line":37,"column":4},"end":{"line":37,"column":34}},"12":{"start":{"line":40,"column":23},"end":{"line":69,"column":3}},"13":{"start":{"line":41,"column":4},"end":{"line":41,"column":24}},"14":{"start":{"line":43,"column":4},"end":{"line":46,"column":5}},"15":{"start":{"line":44,"column":6},"end":{"line":44,"column":62}},"16":{"start":{"line":45,"column":6},"end":{"line":45,"column":13}},"17":{"start":{"line":48,"column":4},"end":{"line":51,"column":5}},"18":{"start":{"line":49,"column":6},"end":{"line":49,"column":60}},"19":{"start":{"line":50,"column":6},"end":{"line":50,"column":13}},"20":{"start":{"line":53,"column":4},"end":{"line":53,"column":21}},"21":{"start":{"line":55,"column":4},"end":{"line":68,"column":5}},"22":{"start":{"line":56,"column":6},"end":{"line":56,"column":62}},"23":{"start":{"line":59,"column":6},"end":{"line":65,"column":7}},"24":{"start":{"line":60,"column":8},"end":{"line":60,"column":60}},"25":{"start":{"line":61,"column":13},"end":{"line":65,"column":7}},"26":{"start":{"line":62,"column":8},"end":{"line":62,"column":46}},"27":{"start":{"line":64,"column":8},"end":{"line":64,"column":39}},"28":{"start":{"line":67,"column":6},"end":{"line":67,"column":24}},"29":{"start":{"line":71,"column":31},"end":{"line":77,"column":3}},"30":{"start":{"line":72,"column":4},"end":{"line":75,"column":5}},"31":{"start":{"line":73,"column":6},"end":{"line":73,"column":55}},"32":{"start":{"line":74,"column":6},"end":{"line":74,"column":13}},"33":{"start":{"line":76,"column":4},"end":{"line":76,"column":35}},"34":{"start":{"line":79,"column":2},"end":{"line":153,"column":4}},"35":{"start":{"line":80,"column":45},"end":{"line":80,"column":63}},"36":{"start":{"line":119,"column":45},"end":{"line":119,"column":75}},"37":{"start":{"line":147,"column":43},"end":{"line":147,"column":64}},"38":{"start":{"line":156,"column":15},"end":{"line":256,"column":2}}},"fnMap":{"0":{"name":"SignInScreen","decl":{"start":{"line":21,"column":24},"end":{"line":21,"column":36}},"loc":{"start":{"line":21,"column":39},"end":{"line":154,"column":1}},"line":21},"1":{"name":"(anonymous_1)","decl":{"start":{"line":35,"column":23},"end":{"line":35,"column":24}},"loc":{"start":{"line":35,"column":34},"end":{"line":38,"column":3}},"line":35},"2":{"name":"(anonymous_2)","decl":{"start":{"line":40,"column":23},"end":{"line":40,"column":24}},"loc":{"start":{"line":40,"column":35},"end":{"line":69,"column":3}},"line":40},"3":{"name":"(anonymous_3)","decl":{"start":{"line":71,"column":31},"end":{"line":71,"column":32}},"loc":{"start":{"line":71,"column":43},"end":{"line":77,"column":3}},"line":71},"4":{"name":"(anonymous_4)","decl":{"start":{"line":80,"column":39},"end":{"line":80,"column":40}},"loc":{"start":{"line":80,"column":45},"end":{"line":80,"column":63}},"line":80},"5":{"name":"(anonymous_5)","decl":{"start":{"line":119,"column":39},"end":{"line":119,"column":40}},"loc":{"start":{"line":119,"column":45},"end":{"line":119,"column":75}},"line":119},"6":{"name":"(anonymous_6)","decl":{"start":{"line":147,"column":37},"end":{"line":147,"column":38}},"loc":{"start":{"line":147,"column":43},"end":{"line":147,"column":64}},"line":147}},"branchMap":{"0":{"loc":{"start":{"line":33,"column":2},"end":{"line":33,"column":32}},"type":"if","locations":[{"start":{"line":33,"column":2},"end":{"line":33,"column":32}},{"start":{},"end":{}}],"line":33},"1":{"loc":{"start":{"line":43,"column":4},"end":{"line":46,"column":5}},"type":"if","locations":[{"start":{"line":43,"column":4},"end":{"line":46,"column":5}},{"start":{},"end":{}}],"line":43},"2":{"loc":{"start":{"line":43,"column":8},"end":{"line":43,"column":27}},"type":"binary-expr","locations":[{"start":{"line":43,"column":8},"end":{"line":43,"column":14}},{"start":{"line":43,"column":18},"end":{"line":43,"column":27}}],"line":43},"3":{"loc":{"start":{"line":48,"column":4},"end":{"line":51,"column":5}},"type":"if","locations":[{"start":{"line":48,"column":4},"end":{"line":51,"column":5}},{"start":{},"end":{}}],"line":48},"4":{"loc":{"start":{"line":59,"column":6},"end":{"line":65,"column":7}},"type":"if","locations":[{"start":{"line":59,"column":6},"end":{"line":65,"column":7}},{"start":{"line":61,"column":13},"end":{"line":65,"column":7}}],"line":59},"5":{"loc":{"start":{"line":61,"column":13},"end":{"line":65,"column":7}},"type":"if","locations":[{"start":{"line":61,"column":13},"end":{"line":65,"column":7}},{"start":{"line":63,"column":13},"end":{"line":65,"column":7}}],"line":61},"6":{"loc":{"start":{"line":72,"column":4},"end":{"line":75,"column":5}},"type":"if","locations":[{"start":{"line":72,"column":4},"end":{"line":75,"column":5}},{"start":{},"end":{}}],"line":72},"7":{"loc":{"start":{"line":87,"column":9},"end":{"line":91,"column":9}},"type":"binary-expr","locations":[{"start":{"line":87,"column":9},"end":{"line":87,"column":21}},{"start":{"line":88,"column":10},"end":{"line":90,"column":17}}],"line":87},"8":{"loc":{"start":{"line":121,"column":22},"end":{"line":121,"column":54}},"type":"cond-expr","locations":[{"start":{"line":121,"column":37},"end":{"line":121,"column":42}},{"start":{"line":121,"column":45},"end":{"line":121,"column":54}}],"line":121},"9":{"loc":{"start":{"line":130,"column":33},"end":{"line":130,"column":65}},"type":"binary-expr","locations":[{"start":{"line":130,"column":33},"end":{"line":130,"column":40}},{"start":{"line":130,"column":44},"end":{"line":130,"column":65}}],"line":130},"10":{"loc":{"start":{"line":134,"column":11},"end":{"line":138,"column":11}},"type":"cond-expr","locations":[{"start":{"line":135,"column":12},"end":{"line":135,"column":49}},{"start":{"line":137,"column":12},"end":{"line":137,"column":58}}],"line":134}},"s":{"0":50,"1":50,"2":50,"3":50,"4":50,"5":50,"6":50,"7":50,"8":0,"9":50,"10":6,"11":6,"12":50,"13":9,"14":9,"15":3,"16":3,"17":6,"18":1,"19":1,"20":5,"21":5,"22":5,"23":3,"24":1,"25":2,"26":1,"27":1,"28":4,"29":50,"30":2,"31":1,"32":1,"33":1,"34":50,"35":0,"36":0,"37":1,"38":1},"f":{"0":50,"1":6,"2":9,"3":2,"4":0,"5":0,"6":1},"b":{"0":[0,50],"1":[3,6],"2":[9,7],"3":[1,5],"4":[1,2],"5":[1,1],"6":[1,1],"7":[50,8],"8":[0,50],"9":[50,5],"10":[5,45]},"_coverageSchema":"1a1c01bbd47fc00a2c39e90264f33305004495a9","hash":"668742ff0c73f03f0f4e6d465459e07d56392a6f"}
,"/Users/arnev/Desktop/RideShare-App/app/(auth)/signup.js": {"path":"/Users/arnev/Desktop/RideShare-App/app/(auth)/signup.js","statementMap":{"0":{"start":{"line":24,"column":17},"end":{"line":24,"column":28}},"1":{"start":{"line":25,"column":28},"end":{"line":25,"column":40}},"2":{"start":{"line":26,"column":34},"end":{"line":26,"column":46}},"3":{"start":{"line":27,"column":48},"end":{"line":27,"column":60}},"4":{"start":{"line":28,"column":32},"end":{"line":28,"column":47}},"5":{"start":{"line":29,"column":42},"end":{"line":29,"column":57}},"6":{"start":{"line":30,"column":56},"end":{"line":30,"column":71}},"7":{"start":{"line":31,"column":42},"end":{"line":31,"column":54}},"8":{"start":{"line":33,"column":24},"end":{"line":36,"column":4}},"9":{"start":{"line":38,"column":2},"end":{"line":38,"column":32}},"10":{"start":{"line":38,"column":20},"end":{"line":38,"column":32}},"11":{"start":{"line":40,"column":23},"end":{"line":43,"column":3}},"12":{"start":{"line":41,"column":23},"end":{"line":41,"column":51}},"13":{"start":{"line":42,"column":4},"end":{"line":42,"column":34}},"14":{"start":{"line":45,"column":26},"end":{"line":51,"column":3}},"15":{"start":{"line":47,"column":25},"end":{"line":47,"column":45}},"16":{"start":{"line":48,"column":25},"end":{"line":48,"column":47}},"17":{"start":{"line":49,"column":22},"end":{"line":49,"column":44}},"18":{"start":{"line":50,"column":4},"end":{"line":50,"column":53}},"19":{"start":{"line":53,"column":23},"end":{"line":108,"column":3}},"20":{"start":{"line":54,"column":4},"end":{"line":54,"column":24}},"21":{"start":{"line":57,"column":4},"end":{"line":60,"column":5}},"22":{"start":{"line":58,"column":6},"end":{"line":58,"column":51}},"23":{"start":{"line":59,"column":6},"end":{"line":59,"column":13}},"24":{"start":{"line":62,"column":4},"end":{"line":65,"column":5}},"25":{"start":{"line":63,"column":6},"end":{"line":63,"column":60}},"26":{"start":{"line":64,"column":6},"end":{"line":64,"column":13}},"27":{"start":{"line":67,"column":4},"end":{"line":72,"column":5}},"28":{"start":{"line":68,"column":6},"end":{"line":70,"column":8}},"29":{"start":{"line":71,"column":6},"end":{"line":71,"column":13}},"30":{"start":{"line":74,"column":4},"end":{"line":77,"column":5}},"31":{"start":{"line":75,"column":6},"end":{"line":75,"column":48}},"32":{"start":{"line":76,"column":6},"end":{"line":76,"column":13}},"33":{"start":{"line":79,"column":4},"end":{"line":79,"column":21}},"34":{"start":{"line":81,"column":4},"end":{"line":107,"column":5}},"35":{"start":{"line":82,"column":29},"end":{"line":82,"column":88}},"36":{"start":{"line":83,"column":19},"end":{"line":83,"column":38}},"37":{"start":{"line":85,"column":47},"end":{"line":85,"column":81}},"38":{"start":{"line":86,"column":21},"end":{"line":86,"column":57}},"39":{"start":{"line":87,"column":6},"end":{"line":93,"column":9}},"40":{"start":{"line":96,"column":6},"end":{"line":104,"column":7}},"41":{"start":{"line":97,"column":8},"end":{"line":97,"column":77}},"42":{"start":{"line":98,"column":13},"end":{"line":104,"column":7}},"43":{"start":{"line":99,"column":8},"end":{"line":99,"column":81}},"44":{"start":{"line":100,"column":13},"end":{"line":104,"column":7}},"45":{"start":{"line":101,"column":8},"end":{"line":101,"column":49}},"46":{"start":{"line":103,"column":8},"end":{"line":103,"column":39}},"47":{"start":{"line":106,"column":6},"end":{"line":106,"column":24}},"48":{"start":{"line":110,"column":2},"end":{"line":211,"column":4}},"49":{"start":{"line":111,"column":45},"end":{"line":111,"column":63}},"50":{"start":{"line":157,"column":45},"end":{"line":157,"column":75}},"51":{"start":{"line":181,"column":45},"end":{"line":181,"column":89}},"52":{"start":{"line":205,"column":43},"end":{"line":205,"column":65}},"53":{"start":{"line":214,"column":15},"end":{"line":322,"column":2}}},"fnMap":{"0":{"name":"SignUpScreen","decl":{"start":{"line":23,"column":24},"end":{"line":23,"column":36}},"loc":{"start":{"line":23,"column":39},"end":{"line":212,"column":1}},"line":23},"1":{"name":"(anonymous_1)","decl":{"start":{"line":40,"column":23},"end":{"line":40,"column":24}},"loc":{"start":{"line":40,"column":34},"end":{"line":43,"column":3}},"line":40},"2":{"name":"(anonymous_2)","decl":{"start":{"line":45,"column":26},"end":{"line":45,"column":27}},"loc":{"start":{"line":45,"column":40},"end":{"line":51,"column":3}},"line":45},"3":{"name":"(anonymous_3)","decl":{"start":{"line":53,"column":23},"end":{"line":53,"column":24}},"loc":{"start":{"line":53,"column":35},"end":{"line":108,"column":3}},"line":53},"4":{"name":"(anonymous_4)","decl":{"start":{"line":111,"column":39},"end":{"line":111,"column":40}},"loc":{"start":{"line":111,"column":45},"end":{"line":111,"column":63}},"line":111},"5":{"name":"(anonymous_5)","decl":{"start":{"line":157,"column":39},"end":{"line":157,"column":40}},"loc":{"start":{"line":157,"column":45},"end":{"line":157,"column":75}},"line":157},"6":{"name":"(anonymous_6)","decl":{"start":{"line":181,"column":39},"end":{"line":181,"column":40}},"loc":{"start":{"line":181,"column":45},"end":{"line":181,"column":89}},"line":181},"7":{"name":"(anonymous_7)","decl":{"start":{"line":205,"column":37},"end":{"line":205,"column":38}},"loc":{"start":{"line":205,"column":43},"end":{"line":205,"column":65}},"line":205}},"branchMap":{"0":{"loc":{"start":{"line":38,"column":2},"end":{"line":38,"column":32}},"type":"if","locations":[{"start":{"line":38,"column":2},"end":{"line":38,"column":32}},{"start":{},"end":{}}],"line":38},"1":{"loc":{"start":{"line":50,"column":11},"end":{"line":50,"column":52}},"type":"binary-expr","locations":[{"start":{"line":50,"column":11},"end":{"line":50,"column":23}},{"start":{"line":50,"column":27},"end":{"line":50,"column":39}},{"start":{"line":50,"column":43},"end":{"line":50,"column":52}}],"line":50},"2":{"loc":{"start":{"line":57,"column":4},"end":{"line":60,"column":5}},"type":"if","locations":[{"start":{"line":57,"column":4},"end":{"line":60,"column":5}},{"start":{},"end":{}}],"line":57},"3":{"loc":{"start":{"line":57,"column":8},"end":{"line":57,"column":47}},"type":"binary-expr","locations":[{"start":{"line":57,"column":8},"end":{"line":57,"column":14}},{"start":{"line":57,"column":18},"end":{"line":57,"column":27}},{"start":{"line":57,"column":31},"end":{"line":57,"column":47}}],"line":57},"4":{"loc":{"start":{"line":62,"column":4},"end":{"line":65,"column":5}},"type":"if","locations":[{"start":{"line":62,"column":4},"end":{"line":65,"column":5}},{"start":{},"end":{}}],"line":62},"5":{"loc":{"start":{"line":67,"column":4},"end":{"line":72,"column":5}},"type":"if","locations":[{"start":{"line":67,"column":4},"end":{"line":72,"column":5}},{"start":{},"end":{}}],"line":67},"6":{"loc":{"start":{"line":74,"column":4},"end":{"line":77,"column":5}},"type":"if","locations":[{"start":{"line":74,"column":4},"end":{"line":77,"column":5}},{"start":{},"end":{}}],"line":74},"7":{"loc":{"start":{"line":96,"column":6},"end":{"line":104,"column":7}},"type":"if","locations":[{"start":{"line":96,"column":6},"end":{"line":104,"column":7}},{"start":{"line":98,"column":13},"end":{"line":104,"column":7}}],"line":96},"8":{"loc":{"start":{"line":98,"column":13},"end":{"line":104,"column":7}},"type":"if","locations":[{"start":{"line":98,"column":13},"end":{"line":104,"column":7}},{"start":{"line":100,"column":13},"end":{"line":104,"column":7}}],"line":98},"9":{"loc":{"start":{"line":100,"column":13},"end":{"line":104,"column":7}},"type":"if","locations":[{"start":{"line":100,"column":13},"end":{"line":104,"column":7}},{"start":{"line":102,"column":13},"end":{"line":104,"column":7}}],"line":100},"10":{"loc":{"start":{"line":118,"column":9},"end":{"line":122,"column":9}},"type":"binary-expr","locations":[{"start":{"line":118,"column":9},"end":{"line":118,"column":21}},{"start":{"line":119,"column":10},"end":{"line":121,"column":17}}],"line":118},"11":{"loc":{"start":{"line":159,"column":22},"end":{"line":159,"column":54}},"type":"cond-expr","locations":[{"start":{"line":159,"column":37},"end":{"line":159,"column":42}},{"start":{"line":159,"column":45},"end":{"line":159,"column":54}}],"line":159},"12":{"loc":{"start":{"line":183,"column":22},"end":{"line":183,"column":61}},"type":"cond-expr","locations":[{"start":{"line":183,"column":44},"end":{"line":183,"column":49}},{"start":{"line":183,"column":52},"end":{"line":183,"column":61}}],"line":183},"13":{"loc":{"start":{"line":192,"column":33},"end":{"line":192,"column":65}},"type":"binary-expr","locations":[{"start":{"line":192,"column":33},"end":{"line":192,"column":40}},{"start":{"line":192,"column":44},"end":{"line":192,"column":65}}],"line":192},"14":{"loc":{"start":{"line":196,"column":11},"end":{"line":200,"column":11}},"type":"cond-expr","locations":[{"start":{"line":197,"column":12},"end":{"line":197,"column":49}},{"start":{"line":199,"column":12},"end":{"line":199,"column":65}}],"line":196}},"s":{"0":64,"1":64,"2":64,"3":64,"4":64,"5":64,"6":64,"7":64,"8":64,"9":64,"10":0,"11":64,"12":10,"13":10,"14":64,"15":9,"16":9,"17":9,"18":9,"19":64,"20":11,"21":11,"22":1,"23":1,"24":10,"25":1,"26":1,"27":9,"28":3,"29":3,"30":6,"31":1,"32":1,"33":5,"34":5,"35":5,"36":1,"37":1,"38":0,"39":0,"40":5,"41":1,"42":4,"43":1,"44":3,"45":1,"46":2,"47":5,"48":64,"49":0,"50":1,"51":0,"52":1,"53":1},"f":{"0":64,"1":10,"2":9,"3":11,"4":0,"5":1,"6":0,"7":1},"b":{"0":[0,64],"1":[9,8,7],"2":[1,10],"3":[11,10,10],"4":[1,9],"5":[3,6],"6":[1,5],"7":[1,4],"8":[1,3],"9":[1,2],"10":[64,11],"11":[1,63],"12":[0,64],"13":[64,5],"14":[5,59]},"_coverageSchema":"1a1c01bbd47fc00a2c39e90264f33305004495a9","hash":"066c9ca9d7d8c3401a301b85d8cf7b2d383084a6"}
,"/Users/arnev/Desktop/RideShare-App/app/(tabs)/_layout.js": {"path":"/Users/arnev/Desktop/RideShare-App/app/(tabs)/_layout.js","statementMap":{"0":{"start":{"line":12,"column":17},"end":{"line":12,"column":36}},"1":{"start":{"line":13,"column":26},"end":{"line":13,"column":35}},"2":{"start":{"line":14,"column":28},"end":{"line":14,"column":37}},"3":{"start":{"line":16,"column":15},"end":{"line":16,"column":54}},"4":{"start":{"line":16,"column":38},"end":{"line":16,"column":53}},"5":{"start":{"line":17,"column":16},"end":{"line":17,"column":57}},"6":{"start":{"line":17,"column":39},"end":{"line":17,"column":56}},"7":{"start":{"line":20,"column":22},"end":{"line":23,"column":7}},"8":{"start":{"line":21,"column":24},"end":{"line":21,"column":58}},"9":{"start":{"line":22,"column":4},"end":{"line":22,"column":31}},"10":{"start":{"line":25,"column":24},"end":{"line":27,"column":4}},"11":{"start":{"line":29,"column":27},"end":{"line":29,"column":81}},"12":{"start":{"line":30,"column":23},"end":{"line":30,"column":55}},"13":{"start":{"line":31,"column":17},"end":{"line":31,"column":19}},"14":{"start":{"line":32,"column":22},"end":{"line":32,"column":23}},"15":{"start":{"line":34,"column":2},"end":{"line":34,"column":32}},"16":{"start":{"line":34,"column":20},"end":{"line":34,"column":32}},"17":{"start":{"line":36,"column":2},"end":{"line":135,"column":4}},"18":{"start":{"line":85,"column":12},"end":{"line":85,"column":70}},"19":{"start":{"line":94,"column":12},"end":{"line":94,"column":75}},"20":{"start":{"line":103,"column":12},"end":{"line":103,"column":68}},"21":{"start":{"line":112,"column":12},"end":{"line":121,"column":19}},"22":{"start":{"line":130,"column":12},"end":{"line":130,"column":78}},"23":{"start":{"line":138,"column":15},"end":{"line":166,"column":2}}},"fnMap":{"0":{"name":"TabsLayout","decl":{"start":{"line":11,"column":24},"end":{"line":11,"column":34}},"loc":{"start":{"line":11,"column":37},"end":{"line":136,"column":1}},"line":11},"1":{"name":"(anonymous_1)","decl":{"start":{"line":16,"column":27},"end":{"line":16,"column":28}},"loc":{"start":{"line":16,"column":38},"end":{"line":16,"column":53}},"line":16},"2":{"name":"(anonymous_2)","decl":{"start":{"line":17,"column":28},"end":{"line":17,"column":29}},"loc":{"start":{"line":17,"column":39},"end":{"line":17,"column":56}},"line":17},"3":{"name":"(anonymous_3)","decl":{"start":{"line":20,"column":35},"end":{"line":20,"column":36}},"loc":{"start":{"line":20,"column":52},"end":{"line":23,"column":3}},"line":20},"4":{"name":"(anonymous_4)","decl":{"start":{"line":84,"column":22},"end":{"line":84,"column":23}},"loc":{"start":{"line":85,"column":12},"end":{"line":85,"column":70}},"line":85},"5":{"name":"(anonymous_5)","decl":{"start":{"line":93,"column":22},"end":{"line":93,"column":23}},"loc":{"start":{"line":94,"column":12},"end":{"line":94,"column":75}},"line":94},"6":{"name":"(anonymous_6)","decl":{"start":{"line":102,"column":22},"end":{"line":102,"column":23}},"loc":{"start":{"line":103,"column":12},"end":{"line":103,"column":68}},"line":103},"7":{"name":"(anonymous_7)","decl":{"start":{"line":111,"column":22},"end":{"line":111,"column":23}},"loc":{"start":{"line":112,"column":12},"end":{"line":121,"column":19}},"line":112},"8":{"name":"(anonymous_8)","decl":{"start":{"line":129,"column":22},"end":{"line":129,"column":23}},"loc":{"start":{"line":130,"column":12},"end":{"line":130,"column":78}},"line":130}},"branchMap":{"0":{"loc":{"start":{"line":21,"column":24},"end":{"line":21,"column":58}},"type":"binary-expr","locations":[{"start":{"line":21,"column":24},"end":{"line":21,"column":53}},{"start":{"line":21,"column":57},"end":{"line":21,"column":58}}],"line":21},"1":{"loc":{"start":{"line":34,"column":2},"end":{"line":34,"column":32}},"type":"if","locations":[{"start":{"line":34,"column":2},"end":{"line":34,"column":32}},{"start":{},"end":{}}],"line":34},"2":{"loc":{"start":{"line":114,"column":15},"end":{"line":120,"column":15}},"type":"binary-expr","locations":[{"start":{"line":114,"column":15},"end":{"line":114,"column":30}},{"start":{"line":115,"column":16},"end":{"line":119,"column":23}}],"line":114},"3":{"loc":{"start":{"line":117,"column":21},"end":{"line":117,"column":57}},"type":"cond-expr","locations":[{"start":{"line":117,"column":39},"end":{"line":117,"column":43}},{"start":{"line":117,"column":46},"end":{"line":117,"column":57}}],"line":117}},"s":{"0":13,"1":13,"2":13,"3":13,"4":13,"5":13,"6":13,"7":13,"8":3,"9":3,"10":13,"11":13,"12":13,"13":13,"14":13,"15":13,"16":1,"17":12,"18":0,"19":0,"20":0,"21":0,"22":0,"23":1},"f":{"0":13,"1":13,"2":13,"3":3,"4":0,"5":0,"6":0,"7":0,"8":0},"b":{"0":[3,3],"1":[1,12],"2":[0,0],"3":[0,0]},"_coverageSchema":"1a1c01bbd47fc00a2c39e90264f33305004495a9","hash":"71d82ba8e87654e527de1829c791a451196734a6"}
,"/Users/arnev/Desktop/RideShare-App/app/(tabs)/home.js": {"path":"/Users/arnev/Desktop/RideShare-App/app/(tabs)/home.js","statementMap":{"0":{"start":{"line":14,"column":19},"end":{"line":14,"column":32}},"1":{"start":{"line":15,"column":24},"end":{"line":18,"column":4}},"2":{"start":{"line":20,"column":66},"end":{"line":20,"column":98}},"3":{"start":{"line":20,"column":87},"end":{"line":20,"column":97}},"4":{"start":{"line":21,"column":27},"end":{"line":21,"column":61}},"5":{"start":{"line":21,"column":48},"end":{"line":21,"column":60}},"6":{"start":{"line":24,"column":24},"end":{"line":29,"column":27}},"7":{"start":{"line":25,"column":4},"end":{"line":27,"column":5}},"8":{"start":{"line":26,"column":6},"end":{"line":26,"column":19}},"9":{"start":{"line":28,"column":4},"end":{"line":28,"column":71}},"10":{"start":{"line":28,"column":32},"end":{"line":28,"column":69}},"11":{"start":{"line":31,"column":40},"end":{"line":31,"column":55}},"12":{"start":{"line":32,"column":56},"end":{"line":32,"column":68}},"13":{"start":{"line":33,"column":52},"end":{"line":33,"column":64}},"14":{"start":{"line":34,"column":36},"end":{"line":34,"column":48}},"15":{"start":{"line":35,"column":32},"end":{"line":35,"column":44}},"16":{"start":{"line":36,"column":34},"end":{"line":36,"column":46}},"17":{"start":{"line":37,"column":34},"end":{"line":37,"column":46}},"18":{"start":{"line":38,"column":29},"end":{"line":38,"column":41}},"19":{"start":{"line":39,"column":27},"end":{"line":39,"column":39}},"20":{"start":{"line":41,"column":2},"end":{"line":44,"column":17}},"21":{"start":{"line":43,"column":4},"end":{"line":43,"column":49}},"22":{"start":{"line":47,"column":2},"end":{"line":64,"column":68}},"23":{"start":{"line":48,"column":4},"end":{"line":50,"column":5}},"24":{"start":{"line":49,"column":6},"end":{"line":49,"column":47}},"25":{"start":{"line":52,"column":4},"end":{"line":57,"column":12}},"26":{"start":{"line":53,"column":6},"end":{"line":56,"column":7}},"27":{"start":{"line":54,"column":8},"end":{"line":54,"column":76}},"28":{"start":{"line":55,"column":8},"end":{"line":55,"column":53}},"29":{"start":{"line":59,"column":4},"end":{"line":63,"column":6}},"30":{"start":{"line":60,"column":6},"end":{"line":62,"column":7}},"31":{"start":{"line":61,"column":8},"end":{"line":61,"column":49}},"32":{"start":{"line":67,"column":2},"end":{"line":84,"column":64}},"33":{"start":{"line":68,"column":4},"end":{"line":70,"column":5}},"34":{"start":{"line":69,"column":6},"end":{"line":69,"column":45}},"35":{"start":{"line":72,"column":4},"end":{"line":77,"column":12}},"36":{"start":{"line":73,"column":6},"end":{"line":76,"column":7}},"37":{"start":{"line":74,"column":8},"end":{"line":74,"column":72}},"38":{"start":{"line":75,"column":8},"end":{"line":75,"column":53}},"39":{"start":{"line":79,"column":4},"end":{"line":83,"column":6}},"40":{"start":{"line":80,"column":6},"end":{"line":82,"column":7}},"41":{"start":{"line":81,"column":8},"end":{"line":81,"column":47}},"42":{"start":{"line":86,"column":2},"end":{"line":86,"column":32}},"43":{"start":{"line":86,"column":20},"end":{"line":86,"column":32}},"44":{"start":{"line":88,"column":24},"end":{"line":90,"column":3}},"45":{"start":{"line":89,"column":4},"end":{"line":89,"column":28}},"46":{"start":{"line":92,"column":29},"end":{"line":111,"column":3}},"47":{"start":{"line":93,"column":26},"end":{"line":93,"column":28}},"48":{"start":{"line":95,"column":4},"end":{"line":97,"column":5}},"49":{"start":{"line":96,"column":6},"end":{"line":96,"column":52}},"50":{"start":{"line":98,"column":4},"end":{"line":100,"column":5}},"51":{"start":{"line":99,"column":6},"end":{"line":99,"column":48}},"52":{"start":{"line":101,"column":4},"end":{"line":103,"column":5}},"53":{"start":{"line":102,"column":6},"end":{"line":102,"column":52}},"54":{"start":{"line":104,"column":4},"end":{"line":106,"column":5}},"55":{"start":{"line":105,"column":6},"end":{"line":105,"column":54}},"56":{"start":{"line":108,"column":4},"end":{"line":108,"column":40}},"57":{"start":{"line":109,"column":4},"end":{"line":109,"column":49}},"58":{"start":{"line":110,"column":4},"end":{"line":110,"column":26}},"59":{"start":{"line":113,"column":29},"end":{"line":122,"column":3}},"60":{"start":{"line":114,"column":4},"end":{"line":114,"column":31}},"61":{"start":{"line":115,"column":4},"end":{"line":115,"column":29}},"62":{"start":{"line":116,"column":4},"end":{"line":116,"column":21}},"63":{"start":{"line":117,"column":4},"end":{"line":117,"column":19}},"64":{"start":{"line":118,"column":4},"end":{"line":118,"column":20}},"65":{"start":{"line":119,"column":4},"end":{"line":119,"column":20}},"66":{"start":{"line":120,"column":4},"end":{"line":120,"column":29}},"67":{"start":{"line":121,"column":4},"end":{"line":121,"column":49}},"68":{"start":{"line":124,"column":32},"end":{"line":133,"column":3}},"69":{"start":{"line":125,"column":16},"end":{"line":125,"column":17}},"70":{"start":{"line":126,"column":4},"end":{"line":126,"column":46}},"71":{"start":{"line":126,"column":38},"end":{"line":126,"column":46}},"72":{"start":{"line":127,"column":4},"end":{"line":127,"column":44}},"73":{"start":{"line":127,"column":36},"end":{"line":127,"column":44}},"74":{"start":{"line":128,"column":4},"end":{"line":128,"column":35}},"75":{"start":{"line":128,"column":27},"end":{"line":128,"column":35}},"76":{"start":{"line":129,"column":4},"end":{"line":129,"column":33}},"77":{"start":{"line":129,"column":25},"end":{"line":129,"column":33}},"78":{"start":{"line":130,"column":4},"end":{"line":130,"column":34}},"79":{"start":{"line":130,"column":26},"end":{"line":130,"column":34}},"80":{"start":{"line":131,"column":4},"end":{"line":131,"column":34}},"81":{"start":{"line":131,"column":26},"end":{"line":131,"column":34}},"82":{"start":{"line":132,"column":4},"end":{"line":132,"column":17}},"83":{"start":{"line":135,"column":25},"end":{"line":139,"column":3}},"84":{"start":{"line":136,"column":4},"end":{"line":138,"column":5}},"85":{"start":{"line":137,"column":6},"end":{"line":137,"column":52}},"86":{"start":{"line":141,"column":22},"end":{"line":143,"column":3}},"87":{"start":{"line":142,"column":4},"end":{"line":142,"column":49}},"88":{"start":{"line":145,"column":26},"end":{"line":147,"column":3}},"89":{"start":{"line":146,"column":4},"end":{"line":146,"column":35}},"90":{"start":{"line":149,"column":29},"end":{"line":181,"column":3}},"91":{"start":{"line":150,"column":4},"end":{"line":180,"column":11}},"92":{"start":{"line":183,"column":25},"end":{"line":253,"column":3}},"93":{"start":{"line":184,"column":26},"end":{"line":184,"column":128}},"94":{"start":{"line":185,"column":26},"end":{"line":185,"column":120}},"95":{"start":{"line":186,"column":26},"end":{"line":186,"column":107}},"96":{"start":{"line":189,"column":16},"end":{"line":189,"column":26}},"97":{"start":{"line":190,"column":32},"end":{"line":190,"column":72}},"98":{"start":{"line":191,"column":28},"end":{"line":191,"column":80}},"99":{"start":{"line":193,"column":31},"end":{"line":193,"column":346}},"100":{"start":{"line":195,"column":4},"end":{"line":252,"column":6}},"101":{"start":{"line":198,"column":23},"end":{"line":198,"column":47}},"102":{"start":{"line":255,"column":27},"end":{"line":290,"column":3}},"103":{"start":{"line":256,"column":4},"end":{"line":265,"column":5}},"104":{"start":{"line":258,"column":6},"end":{"line":264,"column":8}},"105":{"start":{"line":261,"column":12},"end":{"line":261,"column":57}},"106":{"start":{"line":267,"column":29},"end":{"line":267,"column":56}},"107":{"start":{"line":269,"column":4},"end":{"line":289,"column":6}},"1
[...]
}},"type":"if","locations":[{"start":{"line":142,"column":1},"end":{"line":144,"column":2}},{"start":{},"end":{}}],"line":142},"10":{"loc":{"start":{"line":142,"column":5},"end":{"line":142,"column":32}},"type":"binary-expr","locations":[{"start":{"line":142,"column":5},"end":{"line":142,"column":14}},{"start":{"line":142,"column":18},"end":{"line":142,"column":32}}],"line":142},"11":{"loc":{"start":{"line":147,"column":17},"end":{"line":147,"column":79}},"type":"cond-expr","locations":[{"start":{"line":147,"column":48},"end":{"line":147,"column":61}},{"start":{"line":147,"column":64},"end":{"line":147,"column":79}}],"line":147},"12":{"loc":{"start":{"line":154,"column":2},"end":{"line":166,"column":3}},"type":"if","locations":[{"start":{"line":154,"column":2},"end":{"line":166,"column":3}},{"start":{},"end":{}}],"line":154},"13":{"loc":{"start":{"line":156,"column":4},"end":{"line":158,"column":62}},"type":"binary-expr","locations":[{"start":{"line":156,"column":4},"end":{"line":156,"column":51}},{"start":{"line":157,"column":4},"end":{"line":157,"column":50}},{"start":{"line":158,"column":4},"end":{"line":158,"column":62}}],"line":156},"14":{"loc":{"start":{"line":160,"column":3},"end":{"line":165,"column":4}},"type":"if","locations":[{"start":{"line":160,"column":3},"end":{"line":165,"column":4}},{"start":{},"end":{}}],"line":160},"15":{"loc":{"start":{"line":160,"column":7},"end":{"line":160,"column":28}},"type":"binary-expr","locations":[{"start":{"line":160,"column":7},"end":{"line":160,"column":19}},{"start":{"line":160,"column":23},"end":{"line":160,"column":28}}],"line":160},"16":{"loc":{"start":{"line":162,"column":4},"end":{"line":164,"column":5}},"type":"if","locations":[{"start":{"line":162,"column":4},"end":{"line":164,"column":5}},{"start":{},"end":{}}],"line":162},"17":{"loc":{"start":{"line":178,"column":1},"end":{"line":180,"column":2}},"type":"if","locations":[{"start":{"line":178,"column":1},"end":{"line":180,"column":2}},{"start":{},"end":{}}],"line":178},"18":{"loc":{"start":{"line":178,"column":5},"end":{"line":178,"column":40}},"type":"binary-expr","locations":[{"start":{"line":178,"column":5},"end":{"line":178,"column":11}},{"start":{"line":178,"column":15},"end":{"line":178,"column":40}}],"line":178},"19":{"loc":{"start":{"line":183,"column":8},"end":{"line":183,"column":69}},"type":"binary-expr","locations":[{"start":{"line":183,"column":8},"end":{"line":183,"column":46}},{"start":{"line":183,"column":50},"end":{"line":183,"column":69}}],"line":183},"20":{"loc":{"start":{"line":192,"column":1},"end":{"line":194,"column":2}},"type":"if","locations":[{"start":{"line":192,"column":1},"end":{"line":194,"column":2}},{"start":{},"end":{}}],"line":192}},"s":{"0":4,"1":4,"2":3,"3":1,"4":1,"5":5,"6":3,"7":3,"8":2,"9":1,"10":1,"11":1,"12":4,"13":4,"14":3,"15":1,"16":2,"17":2,"18":1,"19":1,"20":1,"21":1,"22":1,"23":10,"24":2,"25":8,"26":8,"27":8,"28":7,"29":1,"30":6,"31":6,"32":6,"33":1,"34":5,"35":5,"36":1,"37":1,"38":8,"39":8,"40":2,"41":6,"42":6,"43":6,"44":6,"45":6,"46":6,"47":5,"48":5,"49":4,"50":4,"51":4,"52":6,"53":14,"54":6,"55":8,"56":4,"57":2,"58":2,"59":3,"60":3,"61":2,"62":1,"63":1,"64":4,"65":4,"66":3,"67":1},"f":{"0":4,"1":5,"2":0,"3":3,"4":4,"5":10,"6":8,"7":14,"8":4,"9":3,"10":4},"b":{"0":[4],"1":[2,1],"2":[1,2],"3":[1,1],"4":[2,8],"5":[10,9],"6":[1,6],"7":[6,0],"8":[1,5],"9":[2,6],"10":[8,7],"11":[5,1],"12":[5,1],"13":[5,3,2],"14":[4,1],"15":[5,4],"16":[4,0],"17":[6,8],"18":[14,9],"19":[8,4],"20":[2,2]},"_coverageSchema":"1a1c01bbd47fc00a2c39e90264f33305004495a9","hash":"0e891ed80cb6fb14d3644a8e4befc402478530d1"}
,"/Users/arnev/Desktop/RideShare-App/utils/safetyHelpers.js": {"path":"/Users/arnev/Desktop/RideShare-App/utils/safetyHelpers.js","statementMap":{"0":{"start":{"line":15,"column":21},"end":{"line":15,"column":44}},"1":{"start":{"line":17,"column":1},"end":{"line":33,"column":3}},"2":{"start":{"line":43,"column":21},"end":{"line":43,"column":44}},"3":{"start":{"line":45,"column":1},"end":{"line":61,"column":3}},"4":{"start":{"line":69,"column":1},"end":{"line":78,"column":3}},"5":{"start":{"line":87,"column":21},"end":{"line":87,"column":39}},"6":{"start":{"line":89,"column":1},"end":{"line":98,"column":3}},"7":{"start":{"line":107,"column":21},"end":{"line":107,"column":39}},"8":{"start":{"line":109,"column":1},"end":{"line":118,"column":3}},"9":{"start":{"line":128,"column":17},"end":{"line":133,"column":2}},"10":{"start":{"line":135,"column":1},"end":{"line":140,"column":2}},"11":{"start":{"line":136,"column":2},"end":{"line":139,"column":5}},"12":{"start":{"line":142,"column":1},"end":{"line":146,"column":3}}},"fnMap":{"0":{"name":"showBlockConfirmation","decl":{"start":{"line":14,"column":16},"end":{"line":14,"column":37}},"loc":{"start":{"line":14,"column":80},"end":{"line":34,"column":1}},"line":14},"1":{"name":"(anonymous_1)","decl":{"start":{"line":14,"column":70},"end":{"line":14,"column":71}},"loc":{"start":{"line":14,"column":76},"end":{"line":14,"column":78}},"line":14},"2":{"name":"showUnblockConfirmation","decl":{"start":{"line":42,"column":16},"end":{"line":42,"column":39}},"loc":{"start":{"line":42,"column":82},"end":{"line":62,"column":1}},"line":42},"3":{"name":"(anonymous_3)","decl":{"start":{"line":42,"column":72},"end":{"line":42,"column":73}},"loc":{"start":{"line":42,"column":78},"end":{"line":42,"column":80}},"line":42},"4":{"name":"showReportSuccessAlert","decl":{"start":{"line":68,"column":16},"end":{"line":68,"column":38}},"loc":{"start":{"line":68,"column":61},"end":{"line":79,"column":1}},"line":68},"5":{"name":"(anonymous_5)","decl":{"start":{"line":68,"column":51},"end":{"line":68,"column":52}},"loc":{"start":{"line":68,"column":57},"end":{"line":68,"column":59}},"line":68},"6":{"name":"showBlockSuccessAlert","decl":{"start":{"line":86,"column":16},"end":{"line":86,"column":37}},"loc":{"start":{"line":86,"column":70},"end":{"line":99,"column":1}},"line":86},"7":{"name":"(anonymous_7)","decl":{"start":{"line":86,"column":60},"end":{"line":86,"column":61}},"loc":{"start":{"line":86,"column":66},"end":{"line":86,"column":68}},"line":86},"8":{"name":"showUnblockSuccessAlert","decl":{"start":{"line":106,"column":16},"end":{"line":106,"column":39}},"loc":{"start":{"line":106,"column":72},"end":{"line":119,"column":1}},"line":106},"9":{"name":"(anonymous_9)","decl":{"start":{"line":106,"column":62},"end":{"line":106,"column":63}},"loc":{"start":{"line":106,"column":68},"end":{"line":106,"column":70}},"line":106},"10":{"name":"showSafetyErrorAlert","decl":{"start":{"line":127,"column":16},"end":{"line":127,"column":36}},"loc":{"start":{"line":127,"column":78},"end":{"line":147,"column":1}},"line":127}},"branchMap":{"0":{"loc":{"start":{"line":14,"column":59},"end":{"line":14,"column":78}},"type":"default-arg","locations":[{"start":{"line":14,"column":70},"end":{"line":14,"column":78}}],"line":14},"1":{"loc":{"start":{"line":15,"column":21},"end":{"line":15,"column":44}},"type":"binary-expr","locations":[{"start":{"line":15,"column":21},"end":{"line":15,"column":29}},{"start":{"line":15,"column":33},"end":{"line":15,"column":44}}],"line":15},"2":{"loc":{"start":{"line":42,"column":61},"end":{"line":42,"column":80}},"type":"default-arg","locations":[{"start":{"line":42,"column":72},"end":{"line":42,"column":80}}],"line":42},"3":{"loc":{"start":{"line":43,"column":21},"end":{"line":43,"column":44}},"type":"binary-expr","locations":[{"start":{"line":43,"column":21},"end":{"line":43,"column":29}},{"start":{"line":43,"column":33},"end":{"line":43,"column":44}}],"line":43},"4":{"loc":{"start":{"line":68,"column":39},"end":{"line":68,"column":59}},"type":"default-arg","locations":[{"start":{"line":68,"column":51},"end":{"line":68,"column":59}}],"line":68},"5":{"loc":{"start":{"line":86,"column":48},"end":{"line":86,"column":68}},"type":"default-arg","locations":[{"start":{"line":86,"column":60},"end":{"line":86,"column":68}}],"line":86},"6":{"loc":{"start":{"line":87,"column":21},"end":{"line":87,"column":39}},"type":"binary-expr","locations":[{"start":{"line":87,"column":21},"end":{"line":87,"column":29}},{"start":{"line":87,"column":33},"end":{"line":87,"column":39}}],"line":87},"7":{"loc":{"start":{"line":106,"column":50},"end":{"line":106,"column":70}},"type":"default-arg","locations":[{"start":{"line":106,"column":62},"end":{"line":106,"column":70}}],"line":106},"8":{"loc":{"start":{"line":107,"column":21},"end":{"line":107,"column":39}},"type":"binary-expr","locations":[{"start":{"line":107,"column":21},"end":{"line":107,"column":29}},{"start":{"line":107,"column":33},"end":{"line":107,"column":39}}],"line":107},"9":{"loc":{"start":{"line":127,"column":62},"end":{"line":127,"column":76}},"type":"default-arg","locations":[{"start":{"line":127,"column":72},"end":{"line":127,"column":76}}],"line":127},"10":{"loc":{"start":{"line":135,"column":1},"end":{"line":140,"column":2}},"type":"if","locations":[{"start":{"line":135,"column":1},"end":{"line":140,"column":2}},{"start":{},"end":{}}],"line":135},"11":{"loc":{"start":{"line":144,"column":2},"end":{"line":144,"column":59}},"type":"binary-expr","locations":[{"start":{"line":144,"column":2},"end":{"line":144,"column":14}},{"start":{"line":144,"column":18},"end":{"line":144,"column":59}}],"line":144}},"s":{"0":10,"1":10,"2":7,"3":7,"4":5,"5":4,"6":4,"7":4,"8":4,"9":7,"10":7,"11":2,"12":7},"f":{"0":10,"1":1,"2":7,"3":0,"4":5,"5":1,"6":4,"7":0,"8":4,"9":0,"10":7},"b":{"0":[9],"1":[10,1],"2":[6],"3":[7,1],"4":[4],"5":[3],"6":[4,1],"7":[3],"8":[4,1],"9":[5],"10":[2,5],"11":[7,1]},"_coverageSchema":"1a1c01bbd47fc00a2c39e90264f33305004495a9","hash":"78e172bf0caa3b87c353359799669371bf87b7ab"}
,"/Users/arnev/Desktop/RideShare-App/utils/testUtils.js": {"path":"/Users/arnev/Desktop/RideShare-App/utils/testUtils.js","statementMap":{"0":{"start":{"line":10,"column":30},"end":{"line":35,"column":2}},"1":{"start":{"line":10,"column":51},"end":{"line":35,"column":1}},"2":{"start":{"line":40,"column":30},"end":{"line":55,"column":2}},"3":{"start":{"line":40,"column":51},"end":{"line":55,"column":1}},"4":{"start":{"line":60,"column":32},"end":{"line":76,"column":2}},"5":{"start":{"line":60,"column":53},"end":{"line":76,"column":1}},"6":{"start":{"line":81,"column":32},"end":{"line":92,"column":2}},"7":{"start":{"line":81,"column":53},"end":{"line":92,"column":1}},"8":{"start":{"line":97,"column":38},"end":{"line":158,"column":1}},"9":{"start":{"line":98,"column":26},"end":{"line":106,"column":2}},"10":{"start":{"line":108,"column":1},"end":{"line":157,"column":2}},"11":{"start":{"line":110,"column":3},"end":{"line":123,"column":5}},"12":{"start":{"line":125,"column":3},"end":{"line":139,"column":5}},"13":{"start":{"line":141,"column":3},"end":{"line":154,"column":5}},"14":{"start":{"line":156,"column":3},"end":{"line":156,"column":27}},"15":{"start":{"line":167,"column":40},"end":{"line":173,"column":1}},"16":{"start":{"line":168,"column":1},"end":{"line":170,"column":2}},"17":{"start":{"line":169,"column":2},"end":{"line":169,"column":19}},"18":{"start":{"line":171,"column":18},"end":{"line":171,"column":59}},"19":{"start":{"line":172,"column":1},"end":{"line":172,"column":38}},"20":{"start":{"line":180,"column":30},"end":{"line":182,"column":1}},"21":{"start":{"line":181,"column":1},"end":{"line":181,"column":51}},"22":{"start":{"line":189,"column":20},"end":{"line":189,"column":77}},"23":{"start":{"line":189,"column":28},"end":{"line":189,"column":77}},"24":{"start":{"line":189,"column":53},"end":{"line":189,"column":76}},"25":{"start":{"line":196,"column":30},"end":{"line":198,"column":1}},"26":{"start":{"line":197,"column":1},"end":{"line":197,"column":77}},"27":{"start":{"line":203,"column":30},"end":{"line":256,"column":1}},"28":{"start":{"line":208,"column":2},"end":{"line":208,"column":66}},"29":{"start":{"line":215,"column":2},"end":{"line":215,"column":69}},"30":{"start":{"line":222,"column":23},"end":{"line":229,"column":3}},"31":{"start":{"line":230,"column":2},"end":{"line":230,"column":39}},"32":{"start":{"line":237,"column":24},"end":{"line":237,"column":75}},"33":{"start":{"line":238,"column":2},"end":{"line":238,"column":40}},"34":{"start":{"line":245,"column":21},"end":{"line":253,"column":3}},"35":{"start":{"line":254,"column":2},"end":{"line":254,"column":35}},"36":{"start":{"line":261,"column":29},"end":{"line":305,"column":1}},"37":{"start":{"line":265,"column":36},"end":{"line":269,"column":3}},"38":{"start":{"line":274,"column":26},"end":{"line":278,"column":3}},"39":{"start":{"line":283,"column":23},"end":{"line":288,"column":3}},"40":{"start":{"line":293,"column":51},"end":{"line":297,"column":3}},"41":{"start":{"line":302,"column":68},"end":{"line":304,"column":3}}},"fnMap":{"0":{"name":"(anonymous_0)","decl":{"start":{"line":10,"column":30},"end":{"line":10,"column":31}},"loc":{"start":{"line":10,"column":51},"end":{"line":35,"column":1}},"line":10},"1":{"name":"(anonymous_1)","decl":{"start":{"line":40,"column":30},"end":{"line":40,"column":31}},"loc":{"start":{"line":40,"column":51},"end":{"line":55,"column":1}},"line":40},"2":{"name":"(anonymous_2)","decl":{"start":{"line":60,"column":32},"end":{"line":60,"column":33}},"loc":{"start":{"line":60,"column":53},"end":{"line":76,"column":1}},"line":60},"3":{"name":"(anonymous_3)","decl":{"start":{"line":81,"column":32},"end":{"line":81,"column":33}},"loc":{"start":{"line":81,"column":53},"end":{"line":92,"column":1}},"line":81},"4":{"name":"(anonymous_4)","decl":{"start":{"line":97,"column":38},"end":{"line":97,"column":39}},"loc":{"start":{"line":97,"column":64},"end":{"line":158,"column":1}},"line":97},"5":{"name":"(anonymous_5)","decl":{"start":{"line":167,"column":40},"end":{"line":167,"column":41}},"loc":{"start":{"line":167,"column":85},"end":{"line":173,"column":1}},"line":167},"6":{"name":"(anonymous_6)","decl":{"start":{"line":180,"column":30},"end":{"line":180,"column":31}},"loc":{"start":{"line":180,"column":40},"end":{"line":182,"column":1}},"line":180},"7":{"name":"(anonymous_7)","decl":{"start":{"line":189,"column":20},"end":{"line":189,"column":21}},"loc":{"start":{"line":189,"column":28},"end":{"line":189,"column":77}},"line":189},"8":{"name":"(anonymous_8)","decl":{"start":{"line":189,"column":40},"end":{"line":189,"column":41}},"loc":{"start":{"line":189,"column":53},"end":{"line":189,"column":76}},"line":189},"9":{"name":"(anonymous_9)","decl":{"start":{"line":196,"column":30},"end":{"line":196,"column":31}},"loc":{"start":{"line":196,"column":51},"end":{"line":198,"column":1}},"line":196},"10":{"name":"(anonymous_10)","decl":{"start":{"line":207,"column":16},"end":{"line":207,"column":17}},"loc":{"start":{"line":207,"column":28},"end":{"line":209,"column":2}},"line":207},"11":{"name":"(anonymous_11)","decl":{"start":{"line":214,"column":17},"end":{"line":214,"column":18}},"loc":{"start":{"line":214,"column":30},"end":{"line":216,"column":2}},"line":214},"12":{"name":"(anonymous_12)","decl":{"start":{"line":221,"column":22},"end":{"line":221,"column":23}},"loc":{"start":{"line":221,"column":34},"end":{"line":231,"column":2}},"line":221},"13":{"name":"(anonymous_13)","decl":{"start":{"line":236,"column":20},"end":{"line":236,"column":21}},"loc":{"start":{"line":236,"column":32},"end":{"line":239,"column":2}},"line":236},"14":{"name":"(anonymous_14)","decl":{"start":{"line":244,"column":26},"end":{"line":244,"column":27}},"loc":{"start":{"line":244,"column":36},"end":{"line":255,"column":2}},"line":244},"15":{"name":"(anonymous_15)","decl":{"start":{"line":265,"column":30},"end":{"line":265,"column":31}},"loc":{"start":{"line":265,"column":36},"end":{"line":269,"column":3}},"line":265},"16":{"name":"(anonymous_16)","decl":{"start":{"line":274,"column":20},"end":{"line":274,"column":21}},"loc":{"start":{"line":274,"column":26},"end":{"line":278,"column":3}},"line":274},"17":{"name":"(anonymous_17)","decl":{"start":{"line":283,"column":17},"end":{"line":283,"column":18}},"loc":{"start":{"line":283,"column":23},"end":{"line":288,"column":3}},"line":283},"18":{"name":"(anonymous_18)","decl":{"start":{"line":293,"column":18},"end":{"line":293,"column":19}},"loc":{"start":{"line":293,"column":51},"end":{"line":297,"column":3}},"line":293},"19":{"name":"(anonymous_19)","decl":{"start":{"line":302,"column":23},"end":{"line":302,"column":24}},"loc":{"start":{"line":302,"column":68},"end":{"line":304,"column":3}},"line":302}},"branchMap":{"0":{"loc":{"start":{"line":10,"column":31},"end":{"line":10,"column":45}},"type":"default-arg","locations":[{"start":{"line":10,"column":43},"end":{"line":10,"column":45}}],"line":10},"1":{"loc":{"start":{"line":40,"column":31},"end":{"line":40,"column":45}},"type":"default-arg","locations":[{"start":{"line":40,"column":43},"end":{"line":40,"column":45}}],"line":40},"2":{"loc":{"start":{"line":60,"column":33},"end":{"line":60,"column":47}},"type":"default-arg","locations":[{"start":{"line":60,"column":45},"end":{"line":60,"column":47}}],"line":60},"3":{"loc":{"start":{"line":81,"column":33},"end":{"line":81,"column":47}},"type":"default-arg","locations":[{"start":{"line":81,"column":45},"end":{"line":81,"column":47}}],"line":81},"4":{"loc":{"start":{"line":97,"column":45},"end":{"line":97,"column":59}},"type":"default-arg","locations":[{"start":{"line":97,"column":57},"end":{"line":97,"column":59}}],"line":97},"5":{"loc":{"start":{"line":108,"column":1},"end":{"line":157,"column":2}},"type":"switch","locations":[{"start":{"line":109,"column":2},"end":{"line":123,"column":5}},{"start":{"line":124,"column":2},"end":{"line":139,"column":5}},{"start":{"line":140,"column":2},"end":{"line":154,"column":5}},{"start":{"line":155,"column":2},"end":{"line":156,"column":27}}],"line":108},"6":{"loc":{"start":{"line":168,"column":1},"end":{"line":170,"column":2}},"type":"if","locations":[{"start":{"line":168,"column":1},"end":{"line":170,"column":2}},{"start":{},"end":{}}],"line":168},"7":{"loc":{"start":{"line":196,"column":31},"end":{"line":196,"column":46}},"type":"default-arg","locations":[{"start":{"line":196,"column":40},"end":{"line":196,"column":46}}],"line":196},"8":{"loc":{"start":{"line":208,"column":9},"end":{"line":208,"column":65}},"type":"binary-expr","locations":[{"start":{"line":208,"column":9},"end":{"line":208,"column":35}},{"start":{"line":208,"column":39},"end":{"line":208,"column":50}},{"start":{"line":208,"column":54},"end":{"line":208,"column":65}}],"line":208},"9":{"loc":{"start":{"line":215,"column":9},"end":{"line":215,"column":68}},"type":"binary-expr","locations":[{"start":{"line":215,"column":9},"end":{"line":215,"column":36}},{"start":{"line":215,"column":40},"end":{"line":215,"column":52}},{"start":{"line":215,"column":56},"end":{"line":215,"column":68}}],"line":215},"10":{"loc":{"start":{"line":293,"column":19},"end":{"line":293,"column":34}},"type":"default-arg","locations":[{"start":{"line":293,"column":31},"end":{"line":293,"column":34}}],"line":293},"11":{"loc":{"start":{"line":293,"column":36},"end":{"line":293,"column":46}},"type":"default-arg","locations":[{"start":{"line":293,"column":44},"end":{"line":293,"column":46}}],"line":293},"12":{"loc":{"start":{"line":302,"column":24},"end":{"line":302,"column":63}},"type":"default-arg","locations":[{"start":{"line":302,"column":37},"end":{"line":302,"column":63}}],"line":302}},"s":{"0":1,"1":6,"2":1,"3":6,"4":1,"5":2,"6":1,"7":2,"8":1,"9":4,"10":4,"11":1,"12":1,"13":1,"14":1,"15":1,"16":3,"17":1,"18":2,"19":2,"20":1,"21":1,"22":1,"23":1,"24":1,"25":1,"26":3,"27":1,"28":6,"29":5,"30":6,"31":6,"32":5,"33":5,"34":5,"35":5,"36":1,"37":1,"38":1,"39":1,"40":2,"41":2},"f":{"0":6,"1":6,"2":2,"3":2,"4":4,"5":3,"6":1,"7":1,"8":1,"9":3,"10":6,"11":5,"12":6,"13":5,"14":5,"15":1,"16":1,"17":1,"18":2,"19":2},"b":{"0":[2],"1":[1],"2":[1],"3":[1],"4":[4],"5":[1,1,1,1],"6":[1,2],"7":[1],"8":[6,5,4],"9":[5,5,4],"10":[1],"11":[1],"12":[1]},"_coverageSchema":"1a1c01bbd47fc00a2c39e90264f33305004495a9","hash":"8cbb9c59146304706f5edf1a88f05ac87dd4e522"}
}
