TN:
SF:app/_layout.js
FN:46,RootLayoutInner
FN:48,(anonymous_1)
FN:49,(anonymous_2)
FN:50,(anonymous_3)
FN:67,(anonymous_4)
FN:72,(anonymous_5)
FN:75,(anonymous_6)
FN:81,(anonymous_7)
FN:88,(anonymous_8)
FN:89,(anonymous_9)
FN:99,(anonymous_10)
FN:103,(anonymous_11)
FN:105,(anonymous_12)
FN:112,(anonymous_13)
FN:120,(anonymous_14)
FN:121,(anonymous_15)
FN:125,(anonymous_16)
FN:139,(anonymous_17)
FN:141,(anonymous_18)
FN:144,(anonymous_19)
FN:152,(anonymous_20)
FN:158,(anonymous_21)
FN:282,RootLayout
FNF:23
FNH:20
FNDA:15,RootLayoutInner
FNDA:15,(anonymous_1)
FNDA:15,(anonymous_2)
FNDA:15,(anonymous_3)
FNDA:0,(anonymous_4)
FNDA:15,(anonymous_5)
FNDA:1,(anonymous_6)
FNDA:15,(anonymous_7)
FNDA:15,(anonymous_8)
FNDA:0,(anonymous_9)
FNDA:15,(anonymous_10)
FNDA:15,(anonymous_11)
FNDA:15,(anonymous_12)
FNDA:15,(anonymous_13)
FNDA:0,(anonymous_14)
FNDA:1,(anonymous_15)
FNDA:15,(anonymous_16)
FNDA:15,(anonymous_17)
FNDA:15,(anonymous_18)
FNDA:15,(anonymous_19)
FNDA:4,(anonymous_20)
FNDA:15,(anonymous_21)
FNDA:15,RootLayout
DA:48,15
DA:49,15
DA:50,15
DA:51,15
DA:54,15
DA:56,15
DA:57,15
DA:58,15
DA:61,15
DA:62,15
DA:65,15
DA:67,15
DA:68,0
DA:69,0
DA:72,15
DA:73,15
DA:75,6
DA:76,1
DA:81,15
DA:82,15
DA:84,6
DA:88,15
DA:89,15
DA:90,0
DA:91,0
DA:96,15
DA:98,15
DA:99,15
DA:103,15
DA:104,15
DA:105,15
DA:109,15
DA:112,15
DA:114,15
DA:115,1
DA:116,1
DA:117,1
DA:119,14
DA:120,1
DA:121,1
DA:125,15
DA:132,15
DA:133,1
DA:139,15
DA:141,15
DA:144,15
DA:145,15
DA:146,7
DA:148,7
DA:149,3
DA:151,3
DA:152,4
DA:153,1
DA:154,1
DA:158,15
DA:159,15
DA:162,14
DA:163,14
DA:164,14
DA:165,14
DA:166,14
DA:169,14
DA:170,1
DA:175,14
DA:176,4
DA:177,4
DA:178,1
DA:179,1
DA:180,1
DA:185,13
DA:191,1
DA:192,1
DA:193,1
DA:195,0
DA:196,0
DA:198,1
DA:202,12
DA:208,1
DA:209,1
DA:210,1
DA:214,11
DA:215,2
DA:216,2
DA:220,9
DA:221,1
DA:222,1
DA:223,1
DA:224,1
DA:225,1
DA:230,8
DA:231,6
DA:232,6
DA:234,6
DA:240,15
DA:241,1
DA:264,14
DA:283,15
LF:97
LH:91
BRDA:54,0,0,6
BRDA:54,0,1,9
BRDA:54,1,0,15
BRDA:54,1,1,6
BRDA:54,1,2,6
BRDA:73,2,0,9
BRDA:73,2,1,6
BRDA:76,3,0,1
BRDA:76,3,1,0
BRDA:82,4,0,9
BRDA:82,4,1,6
BRDA:90,5,0,0
BRDA:90,5,1,0
BRDA:114,6,0,1
BRDA:114,6,1,14
BRDA:114,7,0,15
BRDA:114,7,1,9
BRDA:114,7,2,6
BRDA:114,7,3,4
BRDA:119,8,0,13
BRDA:119,8,1,1
BRDA:132,9,0,1
BRDA:132,9,1,14
BRDA:145,10,0,8
BRDA:145,10,1,7
BRDA:145,11,0,15
BRDA:145,11,1,15
BRDA:148,12,0,4
BRDA:148,12,1,3
BRDA:148,13,0,7
BRDA:148,13,1,3
BRDA:149,14,0,0
BRDA:149,14,1,3
BRDA:151,15,0,0
BRDA:151,15,1,3
BRDA:151,16,0,3
BRDA:151,16,1,0
BRDA:151,16,2,0
BRDA:152,17,0,2
BRDA:152,17,1,1
BRDA:153,18,0,0
BRDA:153,18,1,1
BRDA:159,19,0,1
BRDA:159,19,1,14
BRDA:169,20,0,1
BRDA:169,20,1,13
BRDA:169,21,0,14
BRDA:169,21,1,8
BRDA:175,22,0,4
BRDA:175,22,1,10
BRDA:175,23,0,14
BRDA:175,23,1,8
BRDA:175,23,2,6
BRDA:177,24,0,1
BRDA:177,24,1,3
BRDA:185,25,0,1
BRDA:185,25,1,12
BRDA:186,26,0,13
BRDA:186,26,1,6
BRDA:186,26,2,4
BRDA:186,26,3,1
BRDA:186,26,4,0
BRDA:191,27,0,1
BRDA:191,27,1,0
BRDA:202,28,0,1
BRDA:202,28,1,11
BRDA:203,29,0,12
BRDA:203,29,1,5
BRDA:203,29,2,3
BRDA:203,29,3,3
BRDA:203,29,4,1
BRDA:214,30,0,2
BRDA:214,30,1,9
BRDA:220,31,0,1
BRDA:220,31,1,8
BRDA:220,32,0,9
BRDA:220,32,1,6
BRDA:220,32,2,3
BRDA:222,33,0,1
BRDA:222,33,1,0
BRDA:230,34,0,6
BRDA:230,34,1,2
BRDA:240,35,0,1
BRDA:240,35,1,14
BRDA:243,36,0,0
BRDA:243,36,1,1
BRF:86
BRH:74
end_of_record
TN:
SF:app/index.js
FN:9,Index
FNF:1
FNH:1
FNDA:8,Index
DA:10,8
DA:12,8
DA:13,4
DA:21,4
DA:22,1
DA:26,3
DA:27,1
DA:31,2
LF:8
LH:8
BRDA:12,0,0,4
BRDA:12,0,1,4
BRDA:12,1,0,8
BRDA:12,1,1,5
BRDA:21,2,0,1
BRDA:21,2,1,3
BRDA:26,3,0,1
BRDA:26,3,1,2
BRF:8
BRH:8
end_of_record
TN:
SF:app/modal.tsx
FN:7,ModalScreen
FNF:1
FNH:1
FNDA:6,ModalScreen
DA:8,6
DA:18,1
LF:2
LH:2
BRF:0
BRH:0
end_of_record
TN:
SF:app/(auth)/_layout.js
FN:3,AuthLayout
FNF:1
FNH:1
FNDA:11,AuthLayout
DA:4,11
LF:1
LH:1
BRF:0
BRH:0
end_of_record
TN:
SF:app/(auth)/forgot-password.js
FN:23,ForgotPasswordScreen
FN:38,(anonymous_1)
FN:39,(anonymous_2)
FN:46,(anonymous_3)
FN:51,(anonymous_4)
FN:73,(anonymous_5)
FN:93,(anonymous_6)
FN:98,(anonymous_7)
FNF:8
FNH:6
FNDA:32,ForgotPasswordScreen
FNDA:14,(anonymous_1)
FNDA:14,(anonymous_2)
FNDA:8,(anonymous_3)
FNDA:9,(anonymous_4)
FNDA:0,(anonymous_5)
FNDA:0,(anonymous_6)
FNDA:1,(anonymous_7)
DA:24,32
DA:25,32
DA:26,32
DA:27,32
DA:28,32
DA:30,32
DA:36,32
DA:38,32
DA:39,14
DA:40,14
DA:44,32
DA:46,32
DA:47,8
DA:48,8
DA:51,32
DA:52,9
DA:53,9
DA:55,9
DA:56,1
DA:57,1
DA:60,8
DA:61,1
DA:62,1
DA:65,7
DA:67,7
DA:68,7
DA:69,4
DA:70,4
DA:73,4
DA:74,0
DA:77,4
DA:79,3
DA:80,3
DA:81,1
DA:82,2
DA:83,1
DA:85,1
DA:88,7
DA:92,32
DA:93,0
DA:98,1
DA:172,1
LF:42
LH:40
BRDA:40,0,0,4
BRDA:40,0,1,10
BRDA:44,1,0,0
BRDA:44,1,1,32
BRDA:55,2,0,1
BRDA:55,2,1,8
BRDA:60,3,0,1
BRDA:60,3,1,7
BRDA:79,4,0,3
BRDA:79,4,1,0
BRDA:80,5,0,1
BRDA:80,5,1,2
BRDA:82,6,0,1
BRDA:82,6,1,1
BRDA:85,7,0,1
BRDA:85,7,1,0
BRDA:114,8,0,32
BRDA:114,8,1,5
BRDA:122,9,0,32
BRDA:122,9,1,4
BRDA:141,10,0,32
BRDA:141,10,1,31
BRDA:148,11,0,32
BRDA:148,11,1,31
BRDA:148,11,2,5
BRDA:150,12,0,32
BRDA:150,12,1,31
BRDA:152,13,0,1
BRDA:152,13,1,31
BRF:29
BRH:26
end_of_record
TN:
SF:app/(auth)/profile-setup.js
FN:28,(anonymous_0)
FN:122,(anonymous_1)
FN:147,(anonymous_2)
FN:175,(anonymous_3)
FN:372,(anonymous_4)
FN:377,(anonymous_5)
FN:382,(anonymous_6)
FN:383,(anonymous_7)
FN:391,(anonymous_8)
FN:426,(anonymous_9)
FN:438,(anonymous_10)
FN:449,(anonymous_11)
FN:459,(anonymous_12)
FNF:13
FNH:11
FNDA:124,(anonymous_0)
FNDA:1,(anonymous_1)
FNDA:14,(anonymous_2)
FNDA:14,(anonymous_3)
FNDA:12,(anonymous_4)
FNDA:2,(anonymous_5)
FNDA:1,(anonymous_6)
FNDA:1,(anonymous_7)
FNDA:7,(anonymous_8)
FNDA:0,(anonymous_9)
FNDA:0,(anonymous_10)
FNDA:1,(anonymous_11)
FNDA:1,(anonymous_12)
DA:28,1
DA:29,124
DA:37,124
DA:38,124
DA:39,124
DA:40,124
DA:41,124
DA:42,124
DA:43,124
DA:44,124
DA:47,124
DA:50,124
DA:51,124
DA:54,124
DA:61,124
DA:79,124
DA:108,124
DA:109,124
DA:110,124
DA:111,744
DA:114,124
DA:122,124
DA:124,1
DA:128,1
DA:147,124
DA:148,14
DA:149,1
DA:150,1
DA:152,13
DA:153,1
DA:154,1
DA:156,12
DA:157,1
DA:158,1
DA:160,11
DA:161,0
DA:162,0
DA:164,11
DA:165,0
DA:166,0
DA:168,11
DA:169,1
DA:170,1
DA:172,10
DA:175,124
DA:176,14
DA:178,10
DA:180,10
DA:181,10
DA:182,10
DA:183,1
DA:184,1
DA:185,1
DA:189,9
DA:190,9
DA:191,9
DA:192,9
DA:193,1
DA:195,9
DA:196,1
DA:200,1
DA:201,1
DA:205,8
DA:207,8
DA:225,6
DA:240,6
DA:241,6
DA:243,6
DA:248,1
DA:249,1
DA:254,9
DA:258,124
DA:259,1
DA:266,123
DA:373,12
DA:378,2
DA:379,2
DA:380,2
DA:383,1
DA:392,7
DA:427,0
DA:439,0
DA:450,1
DA:460,1
DA:487,1
LF:85
LH:79
BRDA:148,0,0,1
BRDA:148,0,1,13
BRDA:152,1,0,1
BRDA:152,1,1,12
BRDA:156,2,0,1
BRDA:156,2,1,11
BRDA:156,3,0,12
BRDA:156,3,1,12
BRDA:160,4,0,0
BRDA:160,4,1,11
BRDA:160,5,0,11
BRDA:160,5,1,11
BRDA:164,6,0,0
BRDA:164,6,1,11
BRDA:164,7,0,11
BRDA:164,7,1,11
BRDA:168,8,0,1
BRDA:168,8,1,10
BRDA:176,9,0,4
BRDA:176,9,1,10
BRDA:182,10,0,1
BRDA:182,10,1,9
BRDA:182,11,0,10
BRDA:182,11,1,9
BRDA:192,12,0,1
BRDA:192,12,1,8
BRDA:195,13,0,1
BRDA:195,13,1,8
BRDA:195,14,0,9
BRDA:195,14,1,1
BRDA:214,15,0,8
BRDA:214,15,1,7
BRDA:215,16,0,1
BRDA:215,16,1,7
BRDA:232,17,0,6
BRDA:232,17,1,5
BRDA:233,18,0,1
BRDA:233,18,1,5
BRDA:258,19,0,1
BRDA:258,19,1,123
BRDA:269,20,0,123
BRDA:269,20,1,0
BRDA:270,21,0,123
BRDA:270,21,1,0
BRDA:288,22,0,0
BRDA:288,22,1,123
BRDA:388,23,0,123
BRDA:388,23,1,122
BRDA:471,24,0,123
BRDA:471,24,1,7
BRDA:476,25,0,7
BRDA:476,25,1,116
BRF:52
BRH:47
end_of_record
TN:
SF:app/(auth)/signin.js
FN:21,SignInScreen
FN:35,(anonymous_1)
FN:40,(anonymous_2)
FN:71,(anonymous_3)
FN:80,(anonymous_4)
FN:119,(anonymous_5)
FN:147,(anonymous_6)
FNF:7
FNH:5
FNDA:50,SignInScreen
FNDA:6,(anonymous_1)
FNDA:9,(anonymous_2)
FNDA:2,(anonymous_3)
FNDA:0,(anonymous_4)
FNDA:0,(anonymous_5)
FNDA:1,(anonymous_6)
DA:22,50
DA:23,50
DA:24,50
DA:25,50
DA:26,50
DA:27,50
DA:28,50
DA:33,50
DA:35,50
DA:36,6
DA:37,6
DA:40,50
DA:41,9
DA:43,9
DA:44,3
DA:45,3
DA:48,6
DA:49,1
DA:50,1
DA:53,5
DA:55,5
DA:56,5
DA:59,3
DA:60,1
DA:61,2
DA:62,1
DA:64,1
DA:67,4
DA:71,50
DA:72,2
DA:73,1
DA:74,1
DA:76,1
DA:79,50
DA:80,0
DA:119,0
DA:147,1
DA:156,1
LF:38
LH:36
BRDA:33,0,0,0
BRDA:33,0,1,50
BRDA:43,1,0,3
BRDA:43,1,1,6
BRDA:43,2,0,9
BRDA:43,2,1,7
BRDA:48,3,0,1
BRDA:48,3,1,5
BRDA:59,4,0,1
BRDA:59,4,1,2
BRDA:61,5,0,1
BRDA:61,5,1,1
BRDA:72,6,0,1
BRDA:72,6,1,1
BRDA:87,7,0,50
BRDA:87,7,1,8
BRDA:121,8,0,0
BRDA:121,8,1,50
BRDA:130,9,0,50
BRDA:130,9,1,5
BRDA:134,10,0,5
BRDA:134,10,1,45
BRF:22
BRH:20
end_of_record
TN:
SF:app/(auth)/signup.js
FN:23,SignUpScreen
FN:40,(anonymous_1)
FN:45,(anonymous_2)
FN:53,(anonymous_3)
FN:111,(anonymous_4)
FN:157,(anonymous_5)
FN:181,(anonymous_6)
FN:205,(anonymous_7)
FNF:8
FNH:6
FNDA:64,SignUpScreen
FNDA:10,(anonymous_1)
FNDA:9,(anonymous_2)
FNDA:11,(anonymous_3)
FNDA:0,(anonymous_4)
FNDA:1,(anonymous_5)
FNDA:0,(anonymous_6)
FNDA:1,(anonymous_7)
DA:24,64
DA:25,64
DA:26,64
DA:27,64
DA:28,64
DA:29,64
DA:30,64
DA:31,64
DA:33,64
DA:38,64
DA:40,64
DA:41,10
DA:42,10
DA:45,64
DA:47,9
DA:48,9
DA:49,9
DA:50,9
DA:53,64
DA:54,11
DA:57,11
DA:58,1
DA:59,1
DA:62,10
DA:63,1
DA:64,1
DA:67,9
DA:68,3
DA:71,3
DA:74,6
DA:75,1
DA:76,1
DA:79,5
DA:81,5
DA:82,5
DA:83,1
DA:85,1
DA:86,0
DA:87,0
DA:96,5
DA:97,1
DA:98,4
DA:99,1
DA:100,3
DA:101,1
DA:103,2
DA:106,5
DA:110,64
DA:111,0
DA:157,1
DA:181,0
DA:205,1
DA:214,1
LF:53
LH:49
BRDA:38,0,0,0
BRDA:38,0,1,64
BRDA:50,1,0,9
BRDA:50,1,1,8
BRDA:50,1,2,7
BRDA:57,2,0,1
BRDA:57,2,1,10
BRDA:57,3,0,11
BRDA:57,3,1,10
BRDA:57,3,2,10
BRDA:62,4,0,1
BRDA:62,4,1,9
BRDA:67,5,0,3
BRDA:67,5,1,6
BRDA:74,6,0,1
BRDA:74,6,1,5
BRDA:96,7,0,1
BRDA:96,7,1,4
BRDA:98,8,0,1
BRDA:98,8,1,3
BRDA:100,9,0,1
BRDA:100,9,1,2
BRDA:118,10,0,64
BRDA:118,10,1,11
BRDA:159,11,0,1
BRDA:159,11,1,63
BRDA:183,12,0,0
BRDA:183,12,1,64
BRDA:192,13,0,64
BRDA:192,13,1,5
BRDA:196,14,0,5
BRDA:196,14,1,59
BRF:32
BRH:30
end_of_record
TN:
SF:app/(tabs)/_layout.js
FN:11,TabsLayout
FN:16,(anonymous_1)
FN:17,(anonymous_2)
FN:20,(anonymous_3)
FN:84,(anonymous_4)
FN:93,(anonymous_5)
FN:102,(anonymous_6)
FN:111,(anonymous_7)
FN:129,(anonymous_8)
FNF:9
FNH:4
FNDA:13,TabsLayout
FNDA:13,(anonymous_1)
FNDA:13,(anonymous_2)
FNDA:3,(anonymous_3)
FNDA:0,(anonymous_4)
FNDA:0,(anonymous_5)
FNDA:0,(anonymous_6)
FNDA:0,(anonymous_7)
FNDA:0,(anonymous_8)
DA:12,13
DA:13,13
DA:14,13
DA:16,13
DA:17,13
DA:20,13
DA:21,3
DA:22,3
DA:25,13
DA:29,13
DA:30,13
DA:31,13
DA:32,13
DA:34,13
DA:36,12
DA:85,0
DA:94,0
DA:103,0
DA:112,0
DA:130,0
DA:138,1
LF:21
LH:16
BRDA:21,0,0,3
BRDA:21,0,1,3
BRDA:34,1,0,1
BRDA:34,1,1,12
BRDA:114,2,0,0
BRDA:114,2,1,0
BRDA:117,3,0,0
BRDA:117,3,1,0
BRF:8
BRH:4
end_of_record
TN:
SF:app/(tabs)/home.js
FN:13,HomeScreen
FN:20,(anonymous_1)
FN:21,(anonymous_2)
FN:24,(anonymous_3)
FN:28,(anonymous_4)
FN:41,(anonymous_5)
FN:47,(anonymous_6)
FN:52,(anonymous_7)
FN:59,(anonymous_8)
FN:67,(anonymous_9)
FN:72,(anonymous_10)
FN:79,(anonymous_11)
FN:88,(anonymous_12)
FN:92,(anonymous_13)
FN:113,(anonymous_14)
FN:124,(anonymous_15)
FN:135,(anonymous_16)
FN:141,(anonymous_17)
FN:145,(anonymous_18)
FN:149,(anonymous_19)
FN:183,(anonymous_20)
FN:198,(anonymous_21)
FN:255,(anonymous_22)
FN:260,(anonymous_23)
FN:292,(anonymous_24)
FN:307,(anonymous_25)
FN:330,(anonymous_26)
FN:352,(anonymous_27)
FN:369,(anonymous_28)
FN:450,(anonymous_29)
FNF:30
FNH:21
FNDA:19,HomeScreen
FNDA:34,(anonymous_1)
FNDA:34,(anonymous_2)
FNDA:15,(anonymous_3)
FNDA:2,(anonymous_4)
FNDA:15,(anonymous_5)
FNDA:16,(anonymous_6)
FNDA:0,(anonymous_7)
FNDA:16,(anonymous_8)
FNDA:16,(anonymous_9)
FNDA:0,(anonymous_10)
FNDA:16,(anonymous_11)
FNDA:0,(anonymous_12)
FNDA:0,(anonymous_13)
FNDA:0,(anonymous_14)
FNDA:33,(anonymous_15)
FNDA:0,(anonymous_16)
FNDA:0,(anonymous_17)
FNDA:1,(anonymous_18)
FNDA:3,(anonymous_19)
FNDA:7,(anonymous_20)
FNDA:1,(anonymous_21)
FNDA:14,(anonymous_22)
FNDA:3,(anonymous_23)
FNDA:1,(anonymous_24)
FNDA:18,(anonymous_25)
FNDA:2,(anonymous_26)
FNDA:0,(anonymous_27)
FNDA:0,(anonymous_28)
FNDA:11,(anonymous_29)
DA:14,19
DA:15,19
DA:20,34
DA:21,34
DA:24,19
DA:25,15
DA:26,14
DA:28,2
DA:31,19
DA:32,19
DA:33,19
DA:34,19
DA:35,19
DA:36,19
DA:37,19
DA:38,19
DA:39,19
DA:41,19
DA:43,15
DA:47,19
DA:48,16
DA:49,1
DA:52,16
DA:53,0
DA:54,0
DA:55,0
DA:59,16
DA:60,16
DA:61,16
DA:67,19
DA:68,16
DA:69,1
DA:72,16
DA:73,0
DA:74,0
DA:75,0
DA:79,16
DA:80,16
DA:81,16
DA:86,19
DA:88,19
DA:89,0
DA:92,19
DA:93,0
DA:95,0
DA:96,0
DA:98,0
DA:99,0
DA:101,0
DA:102,0
DA:104,0
DA:105,0
DA:108,0
DA:109,0
DA:110,0
DA:113,19
DA:114,0
DA:115,0
DA:116,0
DA:117,0
DA:118,0
DA:119,0
DA:120,0
DA:121,0
DA:124,19
DA:125,33
DA:126,33
DA:127,33
DA:128,33
DA:129,33
DA:130,33
DA:131,33
DA:132,33
DA:135,19
DA:136,0
DA:137,0
DA:141,19
DA:142,0
DA:145,19
DA:146,1
DA:149,19
DA:150,3
DA:183,19
DA:184,7
DA:185,7
DA:186,7
DA:189,7
DA:190,7
DA:191,7
DA:193,7
DA:195,7
DA:198,1
DA:255,19
DA:256,14
DA:258,1
DA:261,3
DA:267,13
DA:269,13
DA:292,19
DA:293,1
DA:295,1
DA:307,19
DA:308,18
DA:310,0
DA:317,19
DA:330,2
DA:352,0
DA:369,0
DA:450,11
DA:474,1
LF:110
LH:77
BRDA:25,0,0,14
BRDA:25,0,1,1
BRDA:25,1,0,15
BRDA:25,1,1,15
BRDA:48,2,0,1
BRDA:48,2,1,15
BRDA:53,3,0,0
BRDA:53,3,1,0
BRDA:60,4,0,16
BRDA:60,4,1,0
BRDA:68,5,0,1
BRDA:68,5,1,15
BRDA:73,6,0,0
BRDA:73,6,1,0
BRDA:80,7,0,16
BRDA:80,7,1,0
BRDA:86,8,0,0
BRDA:86,8,1,19
BRDA:95,9,0,0
BRDA:95,9,1,0
BRDA:98,10,0,0
BRDA:98,10,1,0
BRDA:101,11,0,0
BRDA:101,11,1,0
BRDA:104,12,0,0
BRDA:104,12,1,0
BRDA:126,13,0,3
BRDA:126,13,1,30
BRDA:127,14,0,0
BRDA:127,14,1,33
BRDA:128,15,0,0
BRDA:128,15,1,33
BRDA:129,16,0,0
BRDA:129,16,1,33
BRDA:130,17,0,0
BRDA:130,17,1,33
BRDA:131,18,0,0
BRDA:131,18,1,33
BRDA:136,19,0,0
BRDA:136,19,1,0
BRDA:136,20,0,0
BRDA:136,20,1,0
BRDA:184,21,0,0
BRDA:184,21,1,7
BRDA:191,22,0,7
BRDA:191,22,1,7
BRDA:193,23,0,7
BRDA:193,23,1,0
BRDA:193,24,0,7
BRDA:193,24,1,0
BRDA:193,25,0,7
BRDA:193,25,1,0
BRDA:193,26,0,4
BRDA:193,26,1,3
BRDA:204,27,0,7
BRDA:204,27,1,4
BRDA:215,28,0,7
BRDA:215,28,1,0
BRDA:219,29,0,7
BRDA:219,29,1,0
BRDA:233,30,0,7
BRDA:233,30,1,0
BRDA:240,31,0,7
BRDA:240,31,1,0
BRDA:256,32,0,1
BRDA:256,32,1,13
BRDA:256,33,0,14
BRDA:256,33,1,1
BRDA:273,34,0,1
BRDA:273,34,1,12
BRDA:276,35,0,1
BRDA:276,35,1,12
BRDA:280,36,0,13
BRDA:280,36,1,1
BRDA:293,37,0,0
BRDA:293,37,1,1
BRDA:308,38,0,18
BRDA:308,38,1,0
BRDA:308,39,0,18
BRDA:308,39,1,1
BRDA:333,40,0,19
BRDA:333,40,1,1
BRDA:351,41,0,19
BRDA:351,41,1,1
BRDA:368,42,0,19
BRDA:368,42,1,1
BRDA:376,43,0,19
BRDA:376,43,1,2
BRDA:444,44,0,1
BRDA:444,44,1,18
BRDA:444,45,0,19
BRDA:444,45,1,1
BRDA:453,46,0,18
BRDA:453,46,1,14
BRF:94
BRH:60
end_of_record
TN:
SF:app/(tabs)/messages.js
FN:22,MessagesScreen
FN:24,(anonymous_1)
FN:25,(anonymous_2)
FN:26,(anonymous_3)
FN:29,(anonymous_4)
FN:32,(anonymous_5)
FN:33,(anonymous_6)
FN:34,(anonymous_7)
FN:52,(anonymous_8)
FN:59,(anonymous_9)
FN:65,(anonymous_10)
FN:70,(anonymous_11)
FN:76,(anonymous_12)
FN:80,(anonymous_13)
FN:102,(anonymous_14)
FN:104,(anonymous_15)
FN:117,(anonymous_16)
FN:166,(anonymous_17)
FN:200,(anonymous_18)
FN:205,(anonymous_19)
FNF:20
FNH:19
FNDA:19,MessagesScreen
FNDA:30,(anonymous_1)
FNDA:30,(anonymous_2)
FNDA:30,(anonymous_3)
FNDA:11,(anonymous_4)
FNDA:5,(anonymous_5)
FNDA:10,(anonymous_6)
FNDA:10,(anonymous_7)
FNDA:11,(anonymous_8)
FNDA:7,(anonymous_9)
FNDA:10,(anonymous_10)
FNDA:0,(anonymous_11)
FNDA:1,(anonymous_12)
FNDA:11,(anonymous_13)
FNDA:11,(anonymous_14)
FNDA:22,(anonymous_15)
FNDA:1,(anonymous_16)
FNDA:2,(anonymous_17)
FNDA:17,(anonymous_18)
FNDA:5,(anonymous_19)
DA:23,19
DA:24,30
DA:25,30
DA:26,30
DA:29,19
DA:30,11
DA:32,10
DA:33,10
DA:34,10
DA:35,5
DA:36,5
DA:39,5
DA:40,5
DA:41,3
DA:45,19
DA:46,19
DA:47,19
DA:52,19
DA:53,11
DA:54,1
DA:55,1
DA:58,10
DA:59,10
DA:60,7
DA:61,7
DA:62,7
DA:65,10
DA:66,10
DA:70,19
DA:71,0
DA:72,0
DA:76,19
DA:77,1
DA:80,19
DA:81,11
DA:83,11
DA:84,11
DA:85,11
DA:86,11
DA:87,11
DA:88,11
DA:89,11
DA:91,11
DA:92,6
DA:93,3
DA:94,0
DA:96,0
DA:98,0
DA:102,19
DA:104,22
DA:105,11
DA:108,11
DA:111,11
DA:112,11
DA:114,11
DA:117,1
DA:166,19
DA:167,2
DA:176,19
DA:177,11
DA:189,8
DA:200,17
DA:205,5
DA:212,1
LF:64
LH:59
BRDA:30,0,0,1
BRDA:30,0,1,10
BRDA:30,1,0,11
BRDA:30,1,1,11
BRDA:39,2,0,0
BRDA:39,2,1,5
BRDA:39,3,0,5
BRDA:39,3,1,0
BRDA:40,4,0,2
BRDA:40,4,1,3
BRDA:40,5,0,5
BRDA:40,5,1,5
BRDA:53,6,0,1
BRDA:53,6,1,10
BRDA:71,7,0,0
BRDA:71,7,1,0
BRDA:81,8,0,0
BRDA:81,8,1,11
BRDA:84,9,0,0
BRDA:84,9,1,11
BRDA:91,10,0,5
BRDA:91,10,1,6
BRDA:92,11,0,3
BRDA:92,11,1,3
BRDA:93,12,0,3
BRDA:93,12,1,0
BRDA:94,13,0,0
BRDA:94,13,1,0
BRDA:111,14,0,11
BRDA:111,14,1,8
BRDA:112,15,0,11
BRDA:112,15,1,3
BRDA:116,16,0,11
BRDA:116,16,1,2
BRDA:121,17,0,3
BRDA:121,17,1,8
BRDA:124,18,0,3
BRDA:124,18,1,0
BRDA:127,19,0,8
BRDA:127,19,1,2
BRDA:128,20,0,2
BRDA:128,20,1,6
BRDA:135,21,0,11
BRDA:135,21,1,3
BRDA:135,22,0,11
BRDA:135,22,1,2
BRDA:136,23,0,11
BRDA:136,23,1,0
BRDA:138,24,0,11
BRDA:138,24,1,2
BRDA:146,25,0,11
BRDA:146,25,1,3
BRDA:146,26,0,11
BRDA:146,26,1,2
BRDA:148,27,0,2
BRDA:148,27,1,9
BRDA:148,28,0,9
BRDA:148,28,1,0
BRDA:153,29,0,11
BRDA:153,29,1,2
BRDA:156,30,0,11
BRDA:156,30,1,3
BRDA:176,31,0,11
BRDA:176,31,1,8
BRDA:176,32,0,19
BRDA:176,32,1,8
BRDA:194,33,0,2
BRDA:194,33,1,6
BRF:68
BRH:56
end_of_record
TN:
SF:app/(tabs)/my-rides.js
FN:16,MyRidesScreen
FN:18,(anonymous_1)
FN:19,(anonymous_2)
FN:20,(anonymous_3)
FN:36,(anonymous_4)
FN:45,(anonymous_5)
FN:50,(anonymous_6)
FN:55,(anonymous_7)
FN:56,(anonymous_8)
FN:57,(anonymous_9)
FN:60,(anonymous_10)
FN:69,(anonymous_11)
FN:80,(anonymous_12)
FN:84,(anonymous_13)
FN:92,(anonymous_14)
FN:109,(anonymous_15)
FN:117,(anonymous_16)
FN:125,(anonymous_17)
FN:128,(anonymous_18)
FN:129,(anonymous_19)
FN:130,(anonymous_20)
FN:139,(anonymous_21)
FN:140,(anonymous_22)
FN:145,(anonymous_23)
FN:169,(anonymous_24)
FN:176,(anonymous_25)
FN:183,(anonymous_26)
FN:184,(anonymous_27)
FN:196,(anonymous_28)
FN:203,(anonymous_29)
FN:214,(anonymous_30)
FN:224,(anonymous_31)
FN:240,(anonymous_32)
FN:250,(anonymous_33)
FN:266,(anonymous_34)
FN:276,(anonymous_35)
FN:290,(anonymous_36)
FN:295,(anonymous_37)
FN:301,(anonymous_38)
FN:301,(anonymous_39)
FN:310,(anonymous_40)
FN:322,(anonymous_41)
FN:330,(anonymous_42)
FN:331,(anonymous_43)
FN:340,(anonymous_44)
FN:379,(anonymous_45)
FN:381,(anonymous_46)
FN:392,(anonymous_47)
FN:432,(anonymous_48)
FN:440,(anonymous_49)
FN:449,(anonymous_50)
FN:466,(anonymous_51)
FN:469,(anonymous_52)
FN:485,(anonymous_53)
FN:490,(anonymous_54)
FN:531,(anonymous_55)
FNF:56
FNH:27
FNDA:18,MyRidesScreen
FNDA:27,(anonymous_1)
FNDA:27,(anonymous_2)
FNDA:27,(anonymous_3)
FNDA:9,(anonymous_4)
FNDA:8,(anonymous_5)
FNDA:8,(anonymous_6)
FNDA:9,(anonymous_7)
FNDA:0,(anonymous_8)
FNDA:9,(anonymous_9)
FNDA:9,(anonymous_10)
FNDA:0,(anonymous_11)
FNDA:18,(anonymous_12)
FNDA:0,(anonymous_13)
FNDA:0,(anonymous_14)
FNDA:0,(anonymous_15)
FNDA:9,(anonymous_16)
FNDA:6,(anonymous_17)
FNDA:6,(anonymous_18)
FNDA:0,(anonymous_19)
FNDA:6,(anonymous_20)
FNDA:3,(anonymous_21)
FNDA:6,(anonymous_22)
FNDA:6,(anonymous_23)
FNDA:12,(anonymous_24)
FNDA:6,(anonymous_25)
FNDA:0,(anonymous_26)
FNDA:0,(anonymous_27)
FNDA:0,(anonymous_28)
FNDA:0,(anonymous_29)
FNDA:0,(anonymous_30)
FNDA:0,(anonymous_31)
FNDA:0,(anonymous_32)
FNDA:0,(anonymous_33)
FNDA:0,(anonymous_34)
FNDA:0,(anonymous_35)
FNDA:0,(anonymous_36)
FNDA:0,(anonymous_37)
FNDA:12,(anonymous_38)
FNDA:12,(anonymous_39)
FNDA:1,(anonymous_40)
FNDA:1,(anonymous_41)
FNDA:9,(anonymous_42)
FNDA:6,(anonymous_43)
FNDA:0,(anonymous_44)
FNDA:0,(anonymous_45)
FNDA:0,(anonymous_46)
FNDA:0,(anonymous_47)
FNDA:0,(anonymous_48)
FNDA:0,(anonymous_49)
FNDA:0,(anonymous_50)
FNDA:0,(anonymous_51)
FNDA:0,(anonymous_52)
FNDA:0,(anonymous_53)
FNDA:18,(anonymous_54)
FNDA:0,(anonymous_55)
DA:17,18
DA:18,27
DA:19,27
DA:20,27
DA:22,18
DA:23,18
DA:24,18
DA:25,18
DA:26,18
DA:27,18
DA:28,18
DA:29,18
DA:33,18
DA:36,18
DA:37,9
DA:38,1
DA:39,1
DA:40,1
DA:42,8
DA:43,8
DA:46,8
DA:47,8
DA:50,8
DA:55,18
DA:56,9
DA:57,9
DA:60,18
DA:61,9
DA:62,0
DA:68,0
DA:69,0
DA:70,0
DA:80,18
DA:81,18
DA:82,18
DA:84,0
DA:85,0
DA:87,0
DA:88,0
DA:89,0
DA:90,0
DA:92,0
DA:94,0
DA:97,0
DA:101,0
DA:108,0
DA:109,0
DA:113,0
DA:117,18
DA:118,9
DA:119,6
DA:120,6
DA:123,3
DA:125,3
DA:126,6
DA:128,6
DA:129,6
DA:130,6
DA:136,6
DA:139,3
DA:140,6
DA:145,18
DA:146,6
DA:147,6
DA:148,6
DA:149,6
DA:150,6
DA:152,6
DA:153,0
DA:154,0
DA:155,6
DA:156,3
DA:157,3
DA:158,3
DA:159,0
DA:160,0
DA:161,3
DA:162,3
DA:163,3
DA:166,6
DA:169,18
DA:170,12
DA:171,12
DA:172,12
DA:173,12
DA:176,18
DA:177,6
DA:178,6
DA:179,6
DA:180,0
DA:183,18
DA:184,18
DA:185,0
DA:186,0
DA:187,0
DA:188,0
DA:189,0
DA:190,0
DA:191,0
DA:192,0
DA:193,0
DA:196,18
DA:197,0
DA:198,0
DA:199,0
DA:200,0
DA:203,18
DA:204,0
DA:205,0
DA:206,0
DA:207,0
DA:209,0
DA:214,18
DA:215,0
DA:216,0
DA:225,0
DA:226,0
DA:227,0
DA:229,0
DA:230,0
DA:240,18
DA:241,0
DA:242,0
DA:251,0
DA:252,0
DA:253,0
DA:255,0
DA:256,0
DA:266,18
DA:267,0
DA:268,0
DA:277,0
DA:278,0
DA:280,0
DA:290,18
DA:291,0
DA:293,0
DA:295,0
DA:298,18
DA:299,18
DA:300,18
DA:301,12
DA:304,18
DA:306,18
DA:310,1
DA:322,1
DA:330,9
DA:332,6
DA:333,6
DA:334,6
DA:335,6
DA:336,6
DA:338,6
DA:340,0
DA:380,0
DA:381,0
DA:393,0
DA:394,0
DA:395,0
DA:396,0
DA:397,0
DA:432,0
DA:440,0
DA:449,0
DA:466,0
DA:469,0
DA:485,0
DA:491,18
DA:499,18
DA:500,18
DA:509,18
DA:531,0
DA:541,1
LF:173
LH:96
BRDA:37,0,0,1
BRDA:37,0,1,8
BRDA:50,1,0,8
BRDA:50,1,1,8
BRDA:61,2,0,0
BRDA:61,2,1,9
BRDA:61,3,0,9
BRDA:61,3,1,0
BRDA:68,4,0,0
BRDA:68,4,1,0
BRDA:81,5,0,18
BRDA:81,5,1,0
BRDA:82,6,0,18
BRDA:82,6,1,0
BRDA:88,7,0,0
BRDA:88,7,1,0
BRDA:90,8,0,0
BRDA:90,8,1,0
BRDA:92,9,0,0
BRDA:92,9,1,0
BRDA:92,9,2,0
BRDA:94,10,0,0
BRDA:94,10,1,0
BRDA:97,11,0,0
BRDA:97,11,1,0
BRDA:108,12,0,0
BRDA:108,12,1,0
BRDA:118,13,0,6
BRDA:118,13,1,3
BRDA:118,14,0,9
BRDA:118,14,1,9
BRDA:118,14,2,3
BRDA:126,15,0,0
BRDA:126,15,1,6
BRDA:126,16,0,6
BRDA:126,16,1,6
BRDA:140,17,0,6
BRDA:140,17,1,6
BRDA:147,18,0,6
BRDA:147,18,1,0
BRDA:147,19,0,6
BRDA:147,19,1,6
BRDA:147,20,0,0
BRDA:147,20,1,0
BRDA:149,21,0,6
BRDA:149,21,1,0
BRDA:152,22,0,0
BRDA:152,22,1,6
BRDA:155,23,0,3
BRDA:155,23,1,3
BRDA:155,24,0,6
BRDA:155,24,1,6
BRDA:158,25,0,0
BRDA:158,25,1,3
BRDA:158,26,0,3
BRDA:158,26,1,3
BRDA:158,26,2,3
BRDA:161,27,0,3
BRDA:161,27,1,0
BRDA:170,28,0,12
BRDA:170,28,1,0
BRDA:170,28,2,0
BRDA:171,29,0,0
BRDA:171,29,1,12
BRDA:177,30,0,6
BRDA:177,30,1,6
BRDA:177,31,0,0
BRDA:177,31,1,6
BRDA:178,32,0,6
BRDA:178,32,1,6
BRDA:178,32,2,6
BRDA:179,33,0,6
BRDA:179,33,1,0
BRDA:179,34,0,6
BRDA:179,34,1,0
BRDA:179,34,2,0
BRDA:185,35,0,0
BRDA:185,35,1,0
BRDA:185,36,0,0
BRDA:185,36,1,0
BRDA:197,37,0,0
BRDA:197,37,1,0
BRDA:197,38,0,0
BRDA:197,38,1,0
BRDA:204,39,0,0
BRDA:204,39,1,0
BRDA:207,40,0,0
BRDA:207,40,1,0
BRDA:230,41,0,0
BRDA:230,41,1,0
BRDA:256,42,0,0
BRDA:256,42,1,0
BRDA:267,43,0,0
BRDA:267,43,1,0
BRDA:280,44,0,0
BRDA:280,44,1,0
BRDA:298,45,0,18
BRDA:298,45,1,9
BRDA:301,46,0,18
BRDA:301,46,1,0
BRDA:301,47,0,12
BRDA:301,47,1,12
BRDA:304,48,0,0
BRDA:304,48,1,18
BRDA:315,49,0,0
BRDA:315,49,1,18
BRDA:316,50,0,9
BRDA:316,50,1,9
BRDA:318,51,0,6
BRDA:318,51,1,3
BRDA:333,52,0,6
BRDA:333,52,1,0
BRDA:333,53,0,6
BRDA:333,53,1,0
BRDA:334,54,0,6
BRDA:334,54,1,0
BRDA:336,55,0,6
BRDA:336,55,1,6
BRDA:346,56,0,6
BRDA:346,56,1,0
BRDA:357,57,0,3
BRDA:357,57,1,3
BRDA:362,58,0,6
BRDA:362,58,1,0
BRDA:366,59,0,0
BRDA:366,59,1,6
BRDA:375,60,0,6
BRDA:375,60,1,0
BRDA:387,61,0,0
BRDA:387,61,1,0
BRDA:390,62,0,0
BRDA:390,62,1,0
BRDA:394,63,0,0
BRDA:394,63,1,0
BRDA:394,64,0,0
BRDA:394,64,1,0
BRDA:394,65,0,0
BRDA:394,65,1,0
BRDA:395,66,0,0
BRDA:395,66,1,0
BRDA:395,67,0,0
BRDA:395,67,1,0
BRDA:396,68,0,0
BRDA:396,68,1,0
BRDA:403,69,0,0
BRDA:403,69,1,0
BRDA:403,69,2,0
BRDA:405,70,0,0
BRDA:405,70,1,0
BRDA:407,71,0,0
BRDA:407,71,1,0
BRDA:410,72,0,0
BRDA:410,72,1,0
BRDA:412,73,0,0
BRDA:412,73,1,0
BRDA:420,74,0,0
BRDA:420,74,1,0
BRDA:420,75,0,0
BRDA:420,75,1,0
BRDA:420,76,0,0
BRDA:420,76,1,0
BRDA:420,77,0,0
BRDA:420,77,1,0
BRDA:421,78,0,0
BRDA:421,78,1,0
BRDA:421,79,0,0
BRDA:421,79,1,0
BRDA:424,80,0,0
BRDA:424,80,1,0
BRDA:441,81,0,0
BRDA:441,81,1,0
BRDA:444,82,0,0
BRDA:444,82,1,0
BRDA:450,83,0,0
BRDA:450,83,1,0
BRDA:453,84,0,0
BRDA:453,84,1,0
BRDA:491,85,0,0
BRDA:491,85,1,18
BRDA:499,86,0,0
BRDA:499,86,1,18
BRDA:500,87,0,0
BRDA:500,87,1,18
BRDA:515,88,0,18
BRDA:515,88,1,0
BRDA:516,89,0,18
BRDA:516,89,1,0
BRDA:519,90,0,18
BRDA:519,90,1,0
BRDA:522,91,0,18
BRDA:522,91,1,0
BRDA:525,92,0,18
BRDA:525,92,1,0
BRF:193
BRH:72
end_of_record
TN:
SF:app/(tabs)/my-trips.js
FN:13,MyTripsScreen
FN:15,(anonymous_1)
FN:16,(anonymous_2)
FN:17,(anonymous_3)
FN:21,(anonymous_4)
FN:29,(anonymous_5)
FN:34,(anonymous_6)
FN:41,(anonymous_7)
FN:47,(anonymous_8)
FN:53,(anonymous_9)
FN:63,(anonymous_10)
FN:68,(anonymous_11)
FN:80,(anonymous_12)
FN:89,(anonymous_13)
FN:95,(anonymous_14)
FN:97,(anonymous_15)
FN:111,(anonymous_16)
FN:121,(anonymous_17)
FN:131,(anonymous_18)
FN:140,(anonymous_19)
FN:147,(anonymous_20)
FN:150,(anonymous_21)
FN:159,(anonymous_22)
FN:178,(anonymous_23)
FN:190,(anonymous_24)
FN:199,(anonymous_25)
FN:208,(anonymous_26)
FN:243,(anonymous_27)
FN:262,(anonymous_28)
FN:279,(anonymous_29)
FN:289,(anonymous_30)
FN:306,(anonymous_31)
FN:344,(anonymous_32)
FN:353,(anonymous_33)
FNF:34
FNH:28
FNDA:28,MyTripsScreen
FNDA:42,(anonymous_1)
FNDA:42,(anonymous_2)
FNDA:42,(anonymous_3)
FNDA:14,(anonymous_4)
FNDA:13,(anonymous_5)
FNDA:13,(anonymous_6)
FNDA:13,(anonymous_7)
FNDA:14,(anonymous_8)
FNDA:6,(anonymous_9)
FNDA:28,(anonymous_10)
FNDA:8,(anonymous_11)
FNDA:0,(anonymous_12)
FNDA:24,(anonymous_13)
FNDA:40,(anonymous_14)
FNDA:32,(anonymous_15)
FNDA:8,(anonymous_16)
FNDA:8,(anonymous_17)
FNDA:8,(anonymous_18)
FNDA:0,(anonymous_19)
FNDA:0,(anonymous_20)
FNDA:84,(anonymous_21)
FNDA:12,(anonymous_22)
FNDA:0,(anonymous_23)
FNDA:84,(anonymous_24)
FNDA:8,(anonymous_25)
FNDA:1,(anonymous_26)
FNDA:0,(anonymous_27)
FNDA:28,(anonymous_28)
FNDA:4,(anonymous_29)
FNDA:0,(anonymous_30)
FNDA:1,(anonymous_31)
FNDA:196,(anonymous_32)
FNDA:210,(anonymous_33)
DA:14,28
DA:15,42
DA:16,42
DA:17,42
DA:18,28
DA:19,28
DA:21,28
DA:22,14
DA:23,1
DA:24,1
DA:25,1
DA:29,13
DA:30,13
DA:34,13
DA:35,13
DA:39,13
DA:41,13
DA:42,13
DA:43,13
DA:47,28
DA:48,14
DA:49,14
DA:50,14
DA:51,14
DA:53,14
DA:54,6
DA:55,6
DA:56,6
DA:57,3
DA:58,3
DA:60,14
DA:63,28
DA:64,28
DA:65,28
DA:66,28
DA:68,28
DA:69,8
DA:70,8
DA:71,4
DA:72,4
DA:74,28
DA:78,28
DA:80,28
DA:81,0
DA:82,0
DA:83,0
DA:85,0
DA:89,28
DA:90,24
DA:91,24
DA:92,24
DA:95,40
DA:96,24
DA:97,16
DA:98,32
DA:102,16
DA:103,16
DA:104,0
DA:105,0
DA:108,8
DA:111,28
DA:112,8
DA:113,8
DA:114,8
DA:115,8
DA:118,0
DA:121,28
DA:122,8
DA:123,8
DA:124,8
DA:125,8
DA:128,0
DA:131,28
DA:132,8
DA:133,4
DA:134,4
DA:135,0
DA:136,0
DA:140,28
DA:141,0
DA:143,0
DA:144,0
DA:147,0
DA:150,28
DA:151,84
DA:160,12
DA:161,12
DA:162,12
DA:178,0
DA:190,28
DA:191,84
DA:200,8
DA:201,8
DA:202,8
DA:204,8
DA:209,1
DA:210,1
DA:244,0
DA:245,0
DA:246,0
DA:262,28
DA:263,28
DA:265,4
DA:280,4
DA:281,4
DA:282,4
DA:283,4
DA:285,4
DA:290,0
DA:291,0
DA:307,1
DA:308,1
DA:326,28
DA:345,196
DA:346,168
DA:347,140
DA:348,112
DA:349,84
DA:350,56
DA:351,28
DA:353,210
DA:362,1
LF:122
LH:102
BRDA:22,0,0,1
BRDA:22,0,1,13
BRDA:53,1,0,14
BRDA:53,1,1,0
BRDA:54,2,0,0
BRDA:54,2,1,6
BRDA:54,3,0,6
BRDA:54,3,1,6
BRDA:56,4,0,3
BRDA:56,4,1,3
BRDA:57,5,0,0
BRDA:57,5,1,3
BRDA:68,6,0,28
BRDA:68,6,1,0
BRDA:69,7,0,0
BRDA:69,7,1,8
BRDA:70,8,0,4
BRDA:70,8,1,4
BRDA:71,9,0,0
BRDA:71,9,1,4
BRDA:72,10,0,4
BRDA:72,10,1,0
BRDA:78,11,0,28
BRDA:78,11,1,0
BRDA:90,12,0,0
BRDA:90,12,1,24
BRDA:91,13,0,24
BRDA:91,13,1,0
BRDA:91,13,2,0
BRDA:92,14,0,0
BRDA:92,14,1,24
BRDA:96,15,0,16
BRDA:96,15,1,8
BRDA:98,16,0,32
BRDA:98,16,1,32
BRDA:98,16,2,32
BRDA:102,17,0,16
BRDA:102,17,1,0
BRDA:104,18,0,0
BRDA:104,18,1,0
BRDA:108,19,0,8
BRDA:108,19,1,0
BRDA:112,20,0,8
BRDA:112,20,1,0
BRDA:113,21,0,8
BRDA:113,21,1,0
BRDA:114,22,0,8
BRDA:114,22,1,0
BRDA:122,23,0,8
BRDA:122,23,1,0
BRDA:123,24,0,8
BRDA:123,24,1,0
BRDA:124,25,0,8
BRDA:124,25,1,0
BRDA:132,26,0,4
BRDA:132,26,1,4
BRDA:132,26,2,0
BRDA:132,26,3,0
BRDA:143,27,0,0
BRDA:143,27,1,0
BRDA:156,28,0,72
BRDA:156,28,1,12
BRDA:160,29,0,12
BRDA:160,29,1,0
BRDA:160,29,2,0
BRDA:161,30,0,12
BRDA:161,30,1,0
BRDA:161,30,2,0
BRDA:163,31,0,12
BRDA:163,31,1,0
BRDA:170,32,0,12
BRDA:170,32,1,0
BRDA:171,33,0,6
BRDA:171,33,1,6
BRDA:177,34,0,6
BRDA:177,34,1,6
BRDA:196,35,0,76
BRDA:196,35,1,8
BRDA:222,36,0,8
BRDA:222,36,1,0
BRDA:235,37,0,4
BRDA:235,37,1,4
BRDA:240,38,0,8
BRDA:240,38,1,4
BRDA:263,39,0,24
BRDA:263,39,1,4
BRDA:277,40,0,0
BRDA:277,40,1,4
BRDA:283,41,0,0
BRDA:283,41,1,4
BRDA:283,42,0,0
BRDA:283,42,1,0
BRDA:283,43,0,4
BRDA:283,43,1,0
BRDA:301,44,0,0
BRDA:301,44,1,4
BRDA:317,45,0,4
BRDA:317,45,1,0
BRDA:330,46,0,0
BRDA:330,46,1,28
BRDA:345,47,0,28
BRDA:345,47,1,168
BRDA:346,48,0,28
BRDA:346,48,1,140
BRDA:347,49,0,28
BRDA:347,49,1,112
BRDA:348,50,0,28
BRDA:348,50,1,84
BRDA:349,51,0,28
BRDA:349,51,1,56
BRDA:350,52,0,28
BRDA:350,52,1,28
BRF:112
BRH:71
end_of_record
TN:
SF:app/(tabs)/profile.js
FN:18,ProfileScreen
FN:20,(anonymous_1)
FN:21,(anonymous_2)
FN:22,(anonymous_3)
FN:28,(anonymous_4)
FN:38,(anonymous_5)
FN:76,(anonymous_6)
FN:115,(anonymous_7)
FN:147,(anonymous_8)
FN:159,(anonymous_9)
FN:165,(anonymous_10)
FN:184,(anonymous_11)
FN:191,(anonymous_12)
FNF:13
FNH:11
FNDA:23,ProfileScreen
FNDA:46,(anonymous_1)
FNDA:46,(anonymous_2)
FNDA:46,(anonymous_3)
FNDA:46,(anonymous_4)
FNDA:23,(anonymous_5)
FNDA:1,(anonymous_6)
FNDA:20,(anonymous_7)
FNDA:0,(anonymous_8)
FNDA:5,(anonymous_9)
FNDA:0,(anonymous_10)
FNDA:1,(anonymous_11)
FNDA:1,(anonymous_12)
DA:19,23
DA:20,46
DA:21,46
DA:22,46
DA:25,23
DA:28,46
DA:29,23
DA:31,23
DA:37,23
DA:39,23
DA:41,23
DA:43,23
DA:48,23
DA:49,23
DA:50,1
DA:62,22
DA:76,1
DA:116,20
DA:147,0
DA:160,5
DA:165,0
DA:184,1
DA:192,1
DA:193,1
DA:194,1
DA:196,0
DA:207,1
LF:27
LH:24
BRDA:29,0,0,23
BRDA:29,0,1,0
BRDA:39,1,0,23
BRDA:39,1,1,0
BRDA:48,2,0,0
BRDA:48,2,1,23
BRDA:49,3,0,1
BRDA:49,3,1,22
BRDA:68,4,0,22
BRDA:68,4,1,0
BRDA:69,5,0,22
BRDA:69,5,1,2
BRDA:69,5,2,2
BRDA:73,6,0,22
BRDA:73,6,1,20
BRDA:87,7,0,20
BRDA:87,7,1,0
BRDA:87,8,0,0
BRDA:87,8,1,20
BRDA:89,9,0,20
BRDA:89,9,1,20
BRDA:89,10,0,20
BRDA:89,10,1,0
BRDA:104,11,0,22
BRDA:104,11,1,2
BRDA:105,12,0,22
BRDA:105,12,1,2
BRDA:106,13,0,22
BRDA:106,13,1,2
BRDA:107,14,0,22
BRDA:107,14,1,2
BRDA:108,15,0,22
BRDA:108,15,1,2
BRDA:114,16,0,20
BRDA:114,16,1,2
BRDA:114,17,0,22
BRDA:114,17,1,21
BRDA:117,18,0,20
BRDA:117,18,1,0
BRDA:118,19,0,20
BRDA:118,19,1,0
BRDA:119,20,0,20
BRDA:119,20,1,0
BRDA:130,21,0,20
BRDA:130,21,1,2
BRDA:132,22,0,20
BRDA:132,22,1,0
BRDA:133,23,0,20
BRDA:133,23,1,0
BRDA:134,24,0,20
BRDA:134,24,1,0
BRDA:135,25,0,0
BRDA:135,25,1,20
BRDA:146,26,0,22
BRDA:146,26,1,2
BRDA:152,27,0,1
BRDA:152,27,1,21
BRDA:157,28,0,2
BRDA:157,28,1,19
BRDA:162,29,0,2
BRDA:162,29,1,1
BRF:61
BRH:47
end_of_record
TN:
SF:app/chat/[id].js
FN:16,ChatInput
FN:20,(anonymous_1)
FN:98,ChatScreen
FN:107,(anonymous_3)
FN:108,(anonymous_4)
FN:109,(anonymous_5)
FN:117,(anonymous_6)
FN:120,(anonymous_7)
FN:132,(anonymous_8)
FN:164,(anonymous_9)
FN:170,(anonymous_10)
FN:178,(anonymous_11)
FN:232,(anonymous_12)
FN:240,(anonymous_13)
FN:243,(anonymous_14)
FN:248,(anonymous_15)
FN:259,(anonymous_16)
FN:266,(anonymous_17)
FN:275,(anonymous_18)
FN:280,(anonymous_19)
FN:285,(anonymous_20)
FN:291,(anonymous_21)
FN:295,(anonymous_22)
FN:309,(anonymous_23)
FN:335,(anonymous_24)
FN:356,(anonymous_25)
FN:364,(anonymous_26)
FN:444,(anonymous_27)
FN:511,(anonymous_28)
FN:516,(anonymous_29)
FN:524,(anonymous_30)
FN:538,(anonymous_31)
FN:551,(anonymous_32)
FNF:33
FNH:20
FNDA:13,ChatInput
FNDA:0,(anonymous_1)
FNDA:41,ChatScreen
FNDA:55,(anonymous_3)
FNDA:55,(anonymous_4)
FNDA:55,(anonymous_5)
FNDA:14,(anonymous_6)
FNDA:14,(anonymous_7)
FNDA:26,(anonymous_8)
FNDA:13,(anonymous_9)
FNDA:26,(anonymous_10)
FNDA:26,(anonymous_11)
FNDA:14,(anonymous_12)
FNDA:14,(anonymous_13)
FNDA:0,(anonymous_14)
FNDA:0,(anonymous_15)
FNDA:0,(anonymous_16)
FNDA:0,(anonymous_17)
FNDA:0,(anonymous_18)
FNDA:1,(anonymous_19)
FNDA:24,(anonymous_20)
FNDA:48,(anonymous_21)
FNDA:48,(anonymous_22)
FNDA:12,(anonymous_23)
FNDA:12,(anonymous_24)
FNDA:25,(anonymous_25)
FNDA:0,(anonymous_26)
FNDA:0,(anonymous_27)
FNDA:0,(anonymous_28)
FNDA:0,(anonymous_29)
FNDA:0,(anonymous_30)
FNDA:0,(anonymous_31)
FNDA:0,(anonymous_32)
DA:16,1
DA:17,13
DA:18,13
DA:20,13
DA:21,0
DA:22,0
DA:24,0
DA:25,0
DA:28,13
DA:62,1
DA:99,41
DA:100,41
DA:102,41
DA:107,55
DA:108,55
DA:109,55
DA:111,41
DA:112,41
DA:113,41
DA:114,41
DA:115,41
DA:117,41
DA:118,14
DA:120,14
DA:121,14
DA:122,14
DA:123,14
DA:124,1
DA:125,1
DA:126,1
DA:129,13
DA:132,26
DA:133,13
DA:134,13
DA:141,13
DA:142,13
DA:143,13
DA:144,13
DA:145,13
DA:148,0
DA:152,0
DA:153,0
DA:154,0
DA:158,14
DA:160,14
DA:161,14
DA:164,14
DA:165,13
DA:166,13
DA:169,13
DA:172,26
DA:173,0
DA:174,0
DA:176,26
DA:181,26
DA:182,26
DA:183,26
DA:184,0
DA:185,0
DA:187,0
DA:190,26
DA:191,0
DA:194,0
DA:197,26
DA:208,26
DA:209,0
DA:212,26
DA:219,26
DA:222,13
DA:223,13
DA:224,13
DA:226,0
DA:227,0
DA:228,0
DA:232,14
DA:233,14
DA:234,14
DA:235,14
DA:240,41
DA:241,14
DA:243,14
DA:244,0
DA:248,41
DA:249,0
DA:251,0
DA:253,0
DA:260,0
DA:266,41
DA:267,0
DA:269,0
DA:276,0
DA:280,41
DA:281,1
DA:285,41
DA:286,24
DA:287,24
DA:288,24
DA:291,48
DA:292,24
DA:295,24
DA:296,48
DA:300,24
DA:301,24
DA:302,0
DA:303,0
DA:306,0
DA:309,41
DA:311,12
DA:312,0
DA:313,0
DA:314,0
DA:318,12
DA:319,12
DA:320,12
DA:321,12
DA:322,12
DA:326,0
DA:327,0
DA:328,0
DA:329,0
DA:332,0
DA:335,41
DA:337,12
DA:338,0
DA:339,0
DA:340,0
DA:344,12
DA:345,12
DA:346,12
DA:347,12
DA:348,12
DA:349,12
DA:352,0
DA:356,41
DA:357,25
DA:364,41
DA:365,0
DA:366,0
DA:390,41
DA:391,15
DA:407,26
DA:408,1
DA:423,25
DA:444,0
DA:511,0
DA:516,0
DA:525,0
DA:526,0
DA:539,0
DA:540,0
DA:551,0
DA:562,1
LF:152
LH:100
BRDA:22,0,0,0
BRDA:22,0,1,0
BRDA:22,1,0,0
BRDA:22,1,1,0
BRDA:47,2,0,13
BRDA:47,2,1,13
BRDA:49,3,0,13
BRDA:49,3,1,0
BRDA:54,4,0,0
BRDA:54,4,1,13
BRDA:109,5,0,41
BRDA:109,5,1,0
BRDA:118,6,0,0
BRDA:118,6,1,14
BRDA:118,7,0,14
BRDA:118,7,1,14
BRDA:123,8,0,1
BRDA:123,8,1,13
BRDA:133,9,0,13
BRDA:133,9,1,0
BRDA:133,10,0,13
BRDA:133,10,1,13
BRDA:141,11,0,13
BRDA:141,11,1,0
BRDA:144,12,0,13
BRDA:144,12,1,0
BRDA:172,13,0,0
BRDA:172,13,1,26
BRDA:172,14,0,26
BRDA:172,14,1,26
BRDA:172,14,2,26
BRDA:182,15,0,26
BRDA:182,15,1,0
BRDA:184,16,0,0
BRDA:184,16,1,0
BRDA:190,17,0,0
BRDA:190,17,1,26
BRDA:198,18,0,26
BRDA:198,18,1,0
BRDA:199,19,0,26
BRDA:199,19,1,0
BRDA:202,20,0,26
BRDA:202,20,1,0
BRDA:203,21,0,26
BRDA:203,21,1,0
BRDA:208,22,0,0
BRDA:208,22,1,26
BRDA:241,23,0,0
BRDA:241,23,1,14
BRDA:241,24,0,14
BRDA:241,24,1,14
BRDA:248,25,0,0
BRDA:249,26,0,0
BRDA:249,26,1,0
BRDA:249,27,0,0
BRDA:249,27,1,0
BRDA:249,27,2,0
BRDA:249,27,3,0
BRDA:257,28,0,0
BRDA:257,28,1,0
BRDA:258,29,0,0
BRDA:258,29,1,0
BRDA:267,30,0,0
BRDA:267,30,1,0
BRDA:267,31,0,0
BRDA:267,31,1,0
BRDA:267,31,2,0
BRDA:267,31,3,0
BRDA:273,32,0,0
BRDA:273,32,1,0
BRDA:274,33,0,0
BRDA:274,33,1,0
BRDA:286,34,0,0
BRDA:286,34,1,24
BRDA:287,35,0,24
BRDA:287,35,1,0
BRDA:287,35,2,0
BRDA:287,35,3,0
BRDA:288,36,0,0
BRDA:288,36,1,24
BRDA:292,37,0,24
BRDA:292,37,1,0
BRDA:296,38,0,48
BRDA:296,38,1,48
BRDA:296,38,2,48
BRDA:300,39,0,24
BRDA:300,39,1,0
BRDA:302,40,0,0
BRDA:302,40,1,0
BRDA:306,41,0,0
BRDA:306,41,1,0
BRDA:311,42,0,0
BRDA:311,42,1,12
BRDA:312,43,0,0
BRDA:312,43,1,0
BRDA:313,44,0,0
BRDA:313,44,1,0
BRDA:318,45,0,12
BRDA:318,45,1,0
BRDA:318,46,0,12
BRDA:318,46,1,12
BRDA:321,47,0,12
BRDA:321,47,1,0
BRDA:326,48,0,0
BRDA:326,48,1,0
BRDA:327,49,0,0
BRDA:327,49,1,0
BRDA:328,50,0,0
BRDA:328,50,1,0
BRDA:337,51,0,0
BRDA:337,51,1,12
BRDA:338,52,0,0
BRDA:338,52,1,0
BRDA:339,53,0,0
BRDA:339,53,1,0
BRDA:344,54,0,12
BRDA:344,54,1,0
BRDA:344,55,0,12
BRDA:344,55,1,12
BRDA:344,55,2,12
BRDA:348,56,0,12
BRDA:348,56,1,0
BRDA:359,57,0,25
BRDA:359,57,1,25
BRDA:359,57,2,25
BRDA:369,58,0,0
BRDA:369,58,1,0
BRDA:373,59,0,0
BRDA:373,59,1,0
BRDA:379,60,0,0
BRDA:379,60,1,0
BRDA:390,61,0,15
BRDA:390,61,1,26
BRDA:390,62,0,41
BRDA:390,62,1,41
BRDA:407,63,0,1
BRDA:407,63,1,25
BRDA:431,64,0,25
BRDA:431,64,1,13
BRDA:452,65,0,25
BRDA:452,65,1,0
BRDA:453,66,0,25
BRDA:453,66,1,0
BRDA:455,67,0,25
BRDA:455,67,1,12
BRDA:475,68,0,12
BRDA:475,68,1,0
BRDA:478,69,0,12
BRDA:478,69,1,12
BRDA:481,70,0,12
BRDA:481,70,1,0
BRDA:492,71,0,25
BRDA:492,71,1,0
BRDA:493,72,0,25
BRDA:493,72,1,0
BRDA:521,73,0,25
BRDA:521,73,1,12
BRDA:535,74,0,25
BRDA:535,74,1,12
BRF:159
BRH:73
end_of_record
TN:
SF:app/modal/edit-profile.js
FN:13,EditProfileScreen
FN:35,(anonymous_1)
FN:65,(anonymous_2)
FN:91,(anonymous_3)
FN:132,(anonymous_4)
FN:205,(anonymous_5)
FN:210,(anonymous_6)
FN:215,(anonymous_7)
FN:216,(anonymous_8)
FN:223,(anonymous_9)
FN:244,(anonymous_10)
FN:253,(anonymous_11)
FN:262,(anonymous_12)
FN:269,(anonymous_13)
FNF:14
FNH:8
FNDA:46,EditProfileScreen
FNDA:8,(anonymous_1)
FNDA:8,(anonymous_2)
FNDA:0,(anonymous_3)
FNDA:1,(anonymous_4)
FNDA:5,(anonymous_5)
FNDA:0,(anonymous_6)
FNDA:0,(anonymous_7)
FNDA:0,(anonymous_8)
FNDA:1,(anonymous_9)
FNDA:0,(anonymous_10)
FNDA:0,(anonymous_11)
FNDA:1,(anonymous_12)
FNDA:1,(anonymous_13)
DA:14,46
DA:15,46
DA:20,46
DA:21,46
DA:22,46
DA:23,46
DA:24,46
DA:25,46
DA:26,46
DA:27,46
DA:33,46
DA:35,46
DA:36,8
DA:37,1
DA:38,1
DA:40,7
DA:41,1
DA:42,1
DA:44,6
DA:45,1
DA:46,1
DA:48,5
DA:49,1
DA:50,1
DA:52,4
DA:53,1
DA:54,1
DA:56,3
DA:57,1
DA:58,1
DA:60,2
DA:64,46
DA:65,46
DA:66,8
DA:67,2
DA:68,2
DA:69,2
DA:70,2
DA:71,0
DA:72,0
DA:73,0
DA:75,2
DA:76,2
DA:87,1
DA:88,1
DA:92,0
DA:97,1
DA:98,1
DA:100,2
DA:104,46
DA:108,46
DA:112,46
DA:113,46
DA:114,276
DA:115,46
DA:119,46
DA:120,2
DA:127,44
DA:132,1
DA:206,5
DA:211,0
DA:212,0
DA:213,0
DA:216,0
DA:224,1
DA:244,0
DA:253,0
DA:262,1
DA:269,1
DA:283,1
LF:70
LH:60
BRDA:20,0,0,46
BRDA:20,0,1,2
BRDA:21,1,0,46
BRDA:21,1,1,2
BRDA:22,2,0,46
BRDA:22,2,1,2
BRDA:23,3,0,46
BRDA:23,3,1,2
BRDA:24,4,0,46
BRDA:24,4,1,11
BRDA:25,5,0,46
BRDA:25,5,1,11
BRDA:26,6,0,46
BRDA:26,6,1,6
BRDA:27,7,0,46
BRDA:27,7,1,8
BRDA:36,8,0,1
BRDA:36,8,1,7
BRDA:40,9,0,1
BRDA:40,9,1,6
BRDA:44,10,0,1
BRDA:44,10,1,5
BRDA:44,11,0,6
BRDA:44,11,1,6
BRDA:48,12,0,1
BRDA:48,12,1,4
BRDA:48,13,0,5
BRDA:48,13,1,5
BRDA:52,14,0,1
BRDA:52,14,1,3
BRDA:52,15,0,4
BRDA:52,15,1,4
BRDA:56,16,0,1
BRDA:56,16,1,2
BRDA:66,17,0,6
BRDA:66,17,1,2
BRDA:70,18,0,0
BRDA:70,18,1,2
BRDA:70,19,0,2
BRDA:70,19,1,2
BRDA:81,20,0,2
BRDA:81,20,1,1
BRDA:82,21,0,1
BRDA:82,21,1,1
BRDA:119,22,0,2
BRDA:119,22,1,44
BRDA:119,23,0,46
BRDA:119,23,1,45
BRDA:128,24,0,44
BRDA:128,24,1,0
BRDA:220,25,0,44
BRDA:220,25,1,43
BRDA:275,26,0,44
BRDA:275,26,1,2
BRDA:276,27,0,2
BRDA:276,27,1,42
BRF:56
BRH:54
end_of_record
TN:
SF:app/rating/[tripId].js
FN:32,RatingScreen
FN:37,(anonymous_1)
FN:43,(anonymous_2)
FN:61,(anonymous_3)
FN:62,(anonymous_4)
FN:109,(anonymous_5)
FN:135,(anonymous_6)
FN:168,(anonymous_7)
FN:183,(anonymous_8)
FN:189,(anonymous_9)
FN:195,(anonymous_10)
FN:215,(anonymous_11)
FN:221,(anonymous_12)
FN:224,(anonymous_13)
FN:239,(anonymous_14)
FN:267,(anonymous_15)
FN:283,(anonymous_16)
FNF:17
FNH:13
FNDA:76,RatingScreen
FNDA:112,(anonymous_1)
FNDA:112,(anonymous_2)
FNDA:36,(anonymous_3)
FNDA:36,(anonymous_4)
FNDA:0,(anonymous_5)
FNDA:1,(anonymous_6)
FNDA:0,(anonymous_7)
FNDA:1,(anonymous_8)
FNDA:0,(anonymous_9)
FNDA:34,(anonymous_10)
FNDA:68,(anonymous_11)
FNDA:132,(anonymous_12)
FNDA:132,(anonymous_13)
FNDA:34,(anonymous_14)
FNDA:1,(anonymous_15)
FNDA:0,(anonymous_16)
DA:33,76
DA:34,76
DA:37,112
DA:40,76
DA:43,112
DA:46,76
DA:47,76
DA:48,76
DA:49,76
DA:50,76
DA:51,76
DA:52,76
DA:55,76
DA:61,76
DA:62,36
DA:63,36
DA:64,2
DA:65,2
DA:66,2
DA:69,34
DA:70,34
DA:71,34
DA:74,34
DA:76,33
DA:77,2
DA:78,2
DA:79,2
DA:82,31
DA:83,1
DA:84,1
DA:85,1
DA:88,30
DA:91,30
DA:92,30
DA:94,30
DA:95,1
DA:96,1
DA:97,1
DA:100,29
DA:101,29
DA:104,29
DA:105,29
DA:106,2
DA:109,0
DA:111,2
DA:115,27
DA:116,27
DA:118,27
DA:124,0
DA:125,0
DA:127,33
DA:131,36
DA:135,76
DA:136,1
DA:137,0
DA:138,0
DA:141,1
DA:142,1
DA:143,0
DA:144,0
DA:147,1
DA:149,1
DA:150,1
DA:161,0
DA:162,0
DA:165,0
DA:168,0
DA:171,1
DA:183,76
DA:184,1
DA:189,0
DA:195,76
DA:196,34
DA:198,33
DA:199,33
DA:203,33
DA:210,0
DA:215,76
DA:216,68
DA:217,66
DA:218,66
DA:221,132
DA:222,66
DA:224,66
DA:225,132
DA:229,66
DA:230,66
DA:231,0
DA:232,0
DA:235,0
DA:239,76
DA:240,34
DA:242,34
DA:243,34
DA:245,34
DA:249,76
DA:250,36
DA:261,40
DA:262,6
DA:267,1
DA:275,34
DA:283,0
DA:380,1
LF:103
LH:86
BRDA:63,0,0,2
BRDA:63,0,1,34
BRDA:63,1,0,36
BRDA:63,1,1,35
BRDA:76,2,0,2
BRDA:76,2,1,31
BRDA:82,3,0,1
BRDA:82,3,1,30
BRDA:94,4,0,1
BRDA:94,4,1,29
BRDA:94,5,0,30
BRDA:94,5,1,28
BRDA:100,6,0,2
BRDA:100,6,1,27
BRDA:104,7,0,2
BRDA:104,7,1,27
BRDA:105,8,0,2
BRDA:105,8,1,27
BRDA:115,9,0,1
BRDA:115,9,1,26
BRDA:118,10,0,27
BRDA:118,10,1,1
BRDA:119,11,0,0
BRDA:119,11,1,1
BRDA:120,12,0,0
BRDA:120,12,1,1
BRDA:125,13,0,0
BRDA:125,13,1,0
BRDA:136,14,0,0
BRDA:136,14,1,1
BRDA:142,15,0,0
BRDA:142,15,1,1
BRDA:147,16,0,0
BRDA:147,16,1,1
BRDA:161,17,0,0
BRDA:161,17,1,0
BRDA:173,18,0,1
BRDA:173,18,1,0
BRDA:196,19,0,1
BRDA:196,19,1,33
BRDA:199,20,0,33
BRDA:199,20,1,0
BRDA:216,21,0,2
BRDA:216,21,1,66
BRDA:217,22,0,66
BRDA:217,22,1,0
BRDA:217,22,2,0
BRDA:217,22,3,0
BRDA:218,23,0,0
BRDA:218,23,1,66
BRDA:222,24,0,66
BRDA:222,24,1,0
BRDA:225,25,0,132
BRDA:225,25,1,132
BRDA:225,25,2,132
BRDA:229,26,0,66
BRDA:229,26,1,0
BRDA:231,27,0,0
BRDA:231,27,1,0
BRDA:235,28,0,0
BRDA:235,28,1,0
BRDA:240,29,0,0
BRDA:240,29,1,34
BRDA:249,30,0,36
BRDA:249,30,1,40
BRDA:249,31,0,76
BRDA:249,31,1,40
BRDA:261,32,0,6
BRDA:261,32,1,34
BRDA:279,33,0,34
BRDA:279,33,1,0
BRDA:298,34,0,30
BRDA:298,34,1,4
BRDA:307,35,0,34
BRDA:307,35,1,2
BRDA:307,36,0,1
BRDA:307,36,1,1
BRDA:310,37,0,2
BRDA:310,37,1,32
BRDA:332,38,0,31
BRDA:332,38,1,3
BRDA:332,39,0,3
BRDA:332,39,1,0
BRDA:358,40,0,34
BRDA:358,40,1,31
BRDA:361,41,0,34
BRDA:361,41,1,34
BRDA:363,42,0,0
BRDA:363,42,1,34
BRF:89
BRH:64
end_of_record
TN:
SF:app/reviews/[userId].js
FN:17,ReviewsScreen
FN:21,(anonymous_1)
FN:29,(anonymous_2)
FN:37,(anonymous_3)
FN:57,(anonymous_4)
FN:86,(anonymous_5)
FN:87,(anonymous_6)
FNF:7
FNH:7
FNDA:17,ReviewsScreen
FNDA:17,(anonymous_1)
FNDA:17,(anonymous_2)
FNDA:12,(anonymous_3)
FNDA:1,(anonymous_4)
FNDA:19,(anonymous_5)
FNDA:12,(anonymous_6)
DA:18,17
DA:19,17
DA:21,17
DA:22,17
DA:24,17
DA:29,17
DA:30,17
DA:31,16
DA:36,17
DA:37,12
DA:40,17
DA:42,16
DA:43,1
DA:53,15
DA:57,1
DA:86,19
DA:88,12
DA:107,1
LF:18
LH:18
BRDA:22,0,0,16
BRDA:22,0,1,1
BRDA:30,1,0,16
BRDA:30,1,1,1
BRDA:36,2,0,7
BRDA:36,2,1,10
BRDA:37,3,0,12
BRDA:37,3,1,1
BRDA:40,4,0,1
BRDA:40,4,1,16
BRDA:42,5,0,1
BRDA:42,5,1,15
BRDA:42,6,0,16
BRDA:42,6,1,2
BRDA:79,7,0,3
BRDA:79,7,1,12
BRF:16
BRH:16
end_of_record
TN:
SF:app/ride/[id].js
FN:14,RideDetailsScreen
FN:17,(anonymous_1)
FN:18,(anonymous_2)
FN:23,(anonymous_3)
FN:24,(anonymous_4)
FN:42,(anonymous_5)
FN:48,(anonymous_6)
FN:57,(anonymous_7)
FN:61,(anonymous_8)
FN:73,(anonymous_9)
FN:88,(anonymous_10)
FN:95,(anonymous_11)
FN:110,(anonymous_12)
FN:112,(anonymous_13)
FN:120,(anonymous_14)
FN:128,(anonymous_15)
FN:139,(anonymous_16)
FN:176,(anonymous_17)
FN:241,(anonymous_18)
FN:267,(anonymous_19)
FN:270,(anonymous_20)
FNF:21
FNH:20
FNDA:90,RideDetailsScreen
FNDA:90,(anonymous_1)
FNDA:90,(anonymous_2)
FNDA:46,(anonymous_3)
FNDA:45,(anonymous_4)
FNDA:46,(anonymous_5)
FNDA:3,(anonymous_6)
FNDA:2,(anonymous_7)
FNDA:0,(anonymous_8)
FNDA:2,(anonymous_9)
FNDA:82,(anonymous_10)
FNDA:41,(anonymous_11)
FNDA:4,(anonymous_12)
FNDA:41,(anonymous_13)
FNDA:90,(anonymous_14)
FNDA:90,(anonymous_15)
FNDA:1,(anonymous_16)
FNDA:41,(anonymous_17)
FNDA:1,(anonymous_18)
FNDA:1,(anonymous_19)
FNDA:3,(anonymous_20)
DA:15,90
DA:16,90
DA:17,90
DA:18,90
DA:19,90
DA:20,90
DA:21,90
DA:23,90
DA:24,46
DA:25,45
DA:26,45
DA:27,45
DA:28,42
DA:29,1
DA:31,41
DA:34,2
DA:36,44
DA:39,46
DA:42,90
DA:43,46
DA:44,45
DA:48,90
DA:49,3
DA:58,2
DA:59,2
DA:60,1
DA:61,0
DA:64,1
DA:73,90
DA:74,2
DA:75,2
DA:76,1
DA:77,1
DA:80,1
DA:81,0
DA:82,0
DA:85,1
DA:88,90
DA:89,82
DA:90,82
DA:91,82
DA:92,82
DA:95,90
DA:96,41
DA:97,41
DA:98,41
DA:99,41
DA:100,41
DA:101,41
DA:102,41
DA:103,40
DA:104,39
DA:105,38
DA:106,41
DA:109,90
DA:110,90
DA:112,90
DA:113,41
DA:114,41
DA:115,41
DA:116,41
DA:117,40
DA:120,90
DA:121,90
DA:122,41
DA:123,41
DA:124,40
DA:125,1
DA:128,90
DA:129,90
DA:130,40
DA:131,40
DA:133,50
DA:136,90
DA:139,1
DA:177,41
DA:178,41
DA:241,1
DA:267,1
DA:270,3
DA:292,1
LF:81
LH:78
BRDA:28,0,0,1
BRDA:28,0,1,41
BRDA:34,1,0,2
BRDA:34,1,1,1
BRDA:39,2,0,45
BRDA:39,2,1,1
BRDA:43,3,0,45
BRDA:43,3,1,1
BRDA:64,4,0,1
BRDA:64,4,1,0
BRDA:75,5,0,1
BRDA:75,5,1,1
BRDA:80,6,0,0
BRDA:80,6,1,1
BRDA:89,7,0,82
BRDA:89,7,1,2
BRDA:89,7,2,0
BRDA:90,8,0,0
BRDA:90,8,1,82
BRDA:96,9,0,0
BRDA:96,9,1,41
BRDA:98,10,0,40
BRDA:98,10,1,1
BRDA:98,11,0,41
BRDA:98,11,1,41
BRDA:98,12,0,1
BRDA:98,12,1,0
BRDA:100,13,0,41
BRDA:100,13,1,0
BRDA:102,14,0,1
BRDA:102,14,1,40
BRDA:103,15,0,1
BRDA:103,15,1,39
BRDA:103,16,0,40
BRDA:103,16,1,40
BRDA:104,17,0,1
BRDA:104,17,1,38
BRDA:104,18,0,39
BRDA:104,18,1,39
BRDA:104,18,2,39
BRDA:105,19,0,38
BRDA:105,19,1,0
BRDA:110,20,0,90
BRDA:110,20,1,84
BRDA:110,21,0,4
BRDA:110,21,1,4
BRDA:113,22,0,0
BRDA:113,22,1,41
BRDA:114,23,0,41
BRDA:114,23,1,0
BRDA:114,24,0,0
BRDA:114,24,1,0
BRDA:115,25,0,41
BRDA:115,25,1,1
BRDA:115,25,2,1
BRDA:116,26,0,1
BRDA:116,26,1,40
BRDA:116,27,0,41
BRDA:116,27,1,40
BRDA:116,27,2,40
BRDA:121,28,0,49
BRDA:121,28,1,41
BRDA:124,29,0,40
BRDA:124,29,1,0
BRDA:129,30,0,40
BRDA:129,30,1,50
BRDA:142,31,0,46
BRDA:142,31,1,44
BRDA:144,32,0,3
BRDA:144,32,1,41
BRDA:146,33,0,0
BRDA:146,33,1,41
BRDA:162,34,0,41
BRDA:162,34,1,1
BRDA:162,34,2,0
BRDA:168,35,0,41
BRDA:168,35,1,1
BRDA:168,35,2,0
BRDA:180,36,0,38
BRDA:180,36,1,3
BRDA:189,37,0,41
BRDA:189,37,1,41
BRDA:192,38,0,41
BRDA:192,38,1,1
BRDA:196,39,0,41
BRDA:196,39,1,41
BRDA:199,40,0,41
BRDA:199,40,1,1
BRDA:204,41,0,41
BRDA:204,41,1,40
BRDA:212,42,0,40
BRDA:212,42,1,1
BRDA:216,43,0,40
BRDA:216,43,1,1
BRDA:224,44,0,41
BRDA:224,44,1,0
BRDA:241,45,0,1
BRDA:241,45,1,0
BRDA:246,46,0,41
BRDA:246,46,1,1
BRDA:252,47,0,40
BRDA:252,47,1,1
BRDA:257,48,0,40
BRDA:257,48,1,1
BRDA:265,49,0,5
BRDA:265,49,1,36
BRDA:276,50,0,36
BRDA:276,50,1,2
BRDA:282,51,0,2
BRDA:282,51,1,34
BRF:110
BRH:92
end_of_record
TN:
SF:app/ride/create.js
FN:16,CreateRideScreen
FN:19,(anonymous_1)
FN:20,(anonymous_2)
FN:53,(anonymous_3)
FN:54,(anonymous_4)
FN:56,(anonymous_5)
FN:64,(anonymous_6)
FN:70,(anonymous_7)
FN:89,(anonymous_8)
FN:121,(anonymous_9)
FN:132,(anonymous_10)
FN:147,(anonymous_11)
FN:170,(anonymous_12)
FN:217,(anonymous_13)
FN:318,(anonymous_14)
FN:327,(anonymous_15)
FN:369,(anonymous_16)
FN:378,(anonymous_17)
FNF:18
FNH:10
FNDA:28,CreateRideScreen
FNDA:49,(anonymous_1)
FNDA:49,(anonymous_2)
FNDA:0,(anonymous_3)
FNDA:0,(anonymous_4)
FNDA:0,(anonymous_5)
FNDA:0,(anonymous_6)
FNDA:1,(anonymous_7)
FNDA:1,(anonymous_8)
FNDA:0,(anonymous_9)
FNDA:2,(anonymous_10)
FNDA:0,(anonymous_11)
FNDA:1,(anonymous_12)
FNDA:2,(anonymous_13)
FNDA:0,(anonymous_14)
FNDA:1,(anonymous_15)
FNDA:1,(anonymous_16)
FNDA:0,(anonymous_17)
DA:18,28
DA:19,49
DA:20,49
DA:21,28
DA:22,28
DA:24,28
DA:25,28
DA:26,28
DA:29,28
DA:30,28
DA:31,28
DA:32,28
DA:35,28
DA:42,28
DA:43,28
DA:44,28
DA:45,28
DA:46,28
DA:47,28
DA:48,28
DA:49,28
DA:50,28
DA:53,28
DA:54,28
DA:56,28
DA:57,0
DA:58,0
DA:59,0
DA:60,0
DA:61,0
DA:64,28
DA:65,0
DA:66,0
DA:67,0
DA:70,28
DA:71,1
DA:72,0
DA:73,0
DA:74,0
DA:75,0
DA:76,0
DA:77,0
DA:78,0
DA:80,0
DA:81,0
DA:82,0
DA:83,0
DA:85,0
DA:89,28
DA:90,1
DA:91,1
DA:92,1
DA:93,1
DA:94,1
DA:95,1
DA:97,0
DA:98,0
DA:99,0
DA:100,0
DA:101,0
DA:102,0
DA:103,0
DA:119,0
DA:120,0
DA:121,0
DA:122,0
DA:125,0
DA:127,0
DA:132,28
DA:133,2
DA:134,2
DA:135,2
DA:136,2
DA:137,2
DA:138,2
DA:139,0
DA:140,0
DA:142,2
DA:143,2
DA:144,2
DA:146,2
DA:147,0
DA:148,0
DA:155,0
DA:157,2
DA:161,28
DA:170,1
DA:217,2
DA:318,0
DA:327,1
DA:369,1
DA:378,0
DA:379,0
DA:380,0
DA:381,0
DA:382,0
DA:383,0
DA:397,1
LF:98
LH:53
BRDA:20,0,0,49
BRDA:20,0,1,0
BRDA:57,1,0,0
BRDA:57,1,1,0
BRDA:59,2,0,0
BRDA:59,2,1,0
BRDA:59,3,0,0
BRDA:59,3,1,0
BRDA:59,3,2,0
BRDA:59,3,3,0
BRDA:61,4,0,0
BRDA:61,4,1,0
BRDA:61,4,2,0
BRDA:65,5,0,0
BRDA:65,5,1,0
BRDA:67,6,0,0
BRDA:67,6,1,0
BRDA:67,6,2,0
BRDA:67,6,3,0
BRDA:71,7,0,1
BRDA:71,7,1,0
BRDA:71,8,0,1
BRDA:71,8,1,0
BRDA:72,9,0,0
BRDA:72,9,1,0
BRDA:73,10,0,0
BRDA:73,10,1,0
BRDA:74,11,0,0
BRDA:74,11,1,0
BRDA:75,12,0,0
BRDA:75,12,1,0
BRDA:76,13,0,0
BRDA:76,13,1,0
BRDA:76,14,0,0
BRDA:76,14,1,0
BRDA:76,14,2,0
BRDA:77,15,0,0
BRDA:77,15,1,0
BRDA:77,16,0,0
BRDA:77,16,1,0
BRDA:77,16,2,0
BRDA:78,17,0,0
BRDA:78,17,1,0
BRDA:78,18,0,0
BRDA:78,18,1,0
BRDA:80,19,0,0
BRDA:80,19,1,0
BRDA:81,20,0,0
BRDA:81,20,1,0
BRDA:81,21,0,0
BRDA:81,21,1,0
BRDA:83,22,0,0
BRDA:83,22,1,0
BRDA:83,23,0,0
BRDA:83,23,1,0
BRDA:93,24,0,1
BRDA:93,24,1,0
BRDA:99,25,0,0
BRDA:99,25,1,0
BRDA:100,26,0,0
BRDA:100,26,1,0
BRDA:102,27,0,0
BRDA:102,27,1,0
BRDA:125,28,0,0
BRDA:125,28,1,0
BRDA:138,29,0,0
BRDA:138,29,1,2
BRDA:138,30,0,2
BRDA:138,30,1,2
BRDA:143,31,0,2
BRDA:143,31,1,0
BRDA:146,32,0,0
BRDA:146,32,1,2
BRDA:146,33,0,2
BRDA:146,33,1,0
BRDA:146,33,2,0
BRDA:155,34,0,0
BRDA:155,34,1,0
BRDA:164,35,0,28
BRDA:164,35,1,0
BRDA:166,36,0,28
BRDA:166,36,1,0
BRDA:185,37,0,28
BRDA:185,37,1,5
BRDA:188,38,0,5
BRDA:188,38,1,0
BRDA:191,39,0,28
BRDA:191,39,1,4
BRDA:194,40,0,4
BRDA:194,40,1,0
BRDA:198,41,0,28
BRDA:198,41,1,2
BRDA:206,42,0,28
BRDA:206,42,1,26
BRDA:216,43,0,28
BRDA:216,43,1,5
BRDA:216,43,2,24
BRDA:218,44,0,28
BRDA:218,44,1,28
BRDA:218,44,2,5
BRDA:220,45,0,0
BRDA:220,45,1,28
BRDA:226,46,0,28
BRDA:226,46,1,0
BRDA:227,47,0,28
BRDA:227,47,1,2
BRDA:317,48,0,28
BRDA:317,48,1,27
BRDA:320,49,0,28
BRDA:320,49,1,27
BRDA:326,50,0,28
BRDA:326,50,1,1
BRDA:329,51,0,28
BRDA:329,51,1,1
BRDA:335,52,0,28
BRDA:335,52,1,1
BRDA:368,53,0,28
BRDA:368,53,1,0
BRDA:372,54,0,0
BRDA:372,54,1,28
BRDA:388,55,0,28
BRDA:388,55,1,1
BRDA:389,56,0,28
BRDA:389,56,1,0
BRF:124
BRH:47
end_of_record
TN:
SF:app/ride/edit.js
FN:17,EditRideScreen
FN:43,(anonymous_1)
FN:44,(anonymous_2)
FN:79,(anonymous_3)
FN:94,(anonymous_4)
FN:113,(anonymous_5)
FN:114,(anonymous_6)
FN:115,(anonymous_7)
FN:122,(anonymous_8)
FN:128,(anonymous_9)
FN:170,(anonymous_10)
FN:178,(anonymous_11)
FN:191,(anonymous_12)
FNF:13
FNH:11
FNDA:79,EditRideScreen
FNDA:34,(anonymous_1)
FNDA:34,(anonymous_2)
FNDA:1,(anonymous_3)
FNDA:0,(anonymous_4)
FNDA:6,(anonymous_5)
FNDA:4,(anonymous_6)
FNDA:6,(anonymous_7)
FNDA:4,(anonymous_8)
FNDA:6,(anonymous_9)
FNDA:0,(anonymous_10)
FNDA:79,(anonymous_11)
FNDA:1,(anonymous_12)
DA:18,79
DA:19,79
DA:20,79
DA:21,79
DA:22,79
DA:23,79
DA:24,79
DA:27,79
DA:28,79
DA:29,79
DA:30,79
DA:31,79
DA:32,79
DA:33,79
DA:34,79
DA:35,79
DA:38,79
DA:39,79
DA:40,79
DA:41,79
DA:43,79
DA:44,34
DA:45,34
DA:46,34
DA:47,34
DA:48,32
DA:49,1
DA:51,31
DA:52,31
DA:53,31
DA:54,31
DA:55,31
DA:56,31
DA:57,31
DA:58,31
DA:59,31
DA:61,31
DA:62,29
DA:63,29
DA:64,28
DA:67,31
DA:68,31
DA:71,1
DA:73,33
DA:76,34
DA:79,79
DA:80,1
DA:81,1
DA:82,1
DA:84,0
DA:85,0
DA:86,0
DA:87,0
DA:88,0
DA:89,0
DA:90,0
DA:91,0
DA:93,0
DA:94,0
DA:95,0
DA:101,0
DA:103,0
DA:106,0
DA:108,0
DA:113,79
DA:114,79
DA:115,79
DA:116,6
DA:117,4
DA:118,4
DA:119,4
DA:120,4
DA:122,79
DA:123,4
DA:124,3
DA:125,3
DA:128,79
DA:129,6
DA:130,6
DA:131,6
DA:132,4
DA:133,3
DA:134,2
DA:135,1
DA:136,1
DA:137,1
DA:139,0
DA:140,0
DA:141,0
DA:142,0
DA:145,0
DA:151,0
DA:169,0
DA:170,0
DA:172,0
DA:174,0
DA:178,79
DA:179,79
DA:180,40
DA:181,40
DA:183,39
DA:184,36
DA:187,79
DA:191,1
DA:325,1
LF:105
LH:80
BRDA:48,0,0,1
BRDA:48,0,1,31
BRDA:54,1,0,31
BRDA:54,1,1,0
BRDA:55,2,0,31
BRDA:55,2,1,0
BRDA:56,3,0,31
BRDA:56,3,1,0
BRDA:57,4,0,31
BRDA:57,4,1,0
BRDA:58,5,0,29
BRDA:58,5,1,2
BRDA:58,6,0,29
BRDA:58,6,1,0
BRDA:58,6,2,0
BRDA:59,7,0,31
BRDA:59,7,1,2
BRDA:61,8,0,29
BRDA:61,8,1,2
BRDA:64,9,0,28
BRDA:64,9,1,0
BRDA:67,10,0,30
BRDA:67,10,1,1
BRDA:68,11,0,30
BRDA:68,11,1,1
BRDA:71,12,0,1
BRDA:71,12,1,0
BRDA:76,13,0,34
BRDA:76,13,1,0
BRDA:80,14,0,1
BRDA:80,14,1,0
BRDA:80,15,0,1
BRDA:80,15,1,0
BRDA:88,16,0,0
BRDA:88,16,1,0
BRDA:88,17,0,0
BRDA:88,17,1,0
BRDA:93,18,0,0
BRDA:93,18,1,0
BRDA:93,19,0,0
BRDA:93,19,1,0
BRDA:106,20,0,0
BRDA:106,20,1,0
BRDA:116,21,0,2
BRDA:116,21,1,4
BRDA:118,22,0,0
BRDA:118,22,1,4
BRDA:118,23,0,4
BRDA:118,23,1,4
BRDA:118,23,2,4
BRDA:118,23,3,4
BRDA:120,24,0,4
BRDA:120,24,1,4
BRDA:123,25,0,1
BRDA:123,25,1,3
BRDA:125,26,0,3
BRDA:125,26,1,3
BRDA:125,26,2,3
BRDA:125,26,3,3
BRDA:130,27,0,0
BRDA:130,27,1,6
BRDA:130,28,0,6
BRDA:130,28,1,6
BRDA:131,29,0,2
BRDA:131,29,1,4
BRDA:131,30,0,6
BRDA:131,30,1,6
BRDA:132,31,0,1
BRDA:132,31,1,3
BRDA:132,32,0,4
BRDA:132,32,1,4
BRDA:133,33,0,1
BRDA:133,33,1,2
BRDA:133,34,0,3
BRDA:133,34,1,3
BRDA:133,34,2,3
BRDA:134,35,0,1
BRDA:134,35,1,1
BRDA:134,36,0,2
BRDA:134,36,1,2
BRDA:134,36,2,2
BRDA:135,37,0,1
BRDA:135,37,1,0
BRDA:135,38,0,1
BRDA:135,38,1,1
BRDA:135,38,2,1
BRDA:135,38,3,1
BRDA:141,39,0,0
BRDA:141,39,1,0
BRDA:142,40,0,0
BRDA:142,40,1,0
BRDA:142,41,0,0
BRDA:142,41,1,0
BRDA:144,42,0,0
BRDA:144,42,1,0
BRDA:145,43,0,0
BRDA:145,43,1,0
BRDA:147,44,0,0
BRDA:147,44,1,0
BRDA:148,45,0,0
BRDA:148,45,1,0
BRDA:162,46,0,0
BRDA:162,46,1,0
BRDA:162,47,0,0
BRDA:162,47,1,0
BRDA:163,48,0,0
BRDA:163,48,1,0
BRDA:163,49,0,0
BRDA:163,49,1,0
BRDA:165,50,0,0
BRDA:165,50,1,0
BRDA:166,51,0,0
BRDA:166,51,1,0
BRDA:167,52,0,0
BRDA:167,52,1,0
BRDA:172,53,0,0
BRDA:172,53,1,0
BRDA:172,54,0,0
BRDA:172,54,1,0
BRDA:179,55,0,40
BRDA:179,55,1,39
BRDA:183,56,0,3
BRDA:183,56,1,36
BRDA:189,57,0,79
BRDA:189,57,1,0
BRDA:189,58,0,79
BRDA:189,58,1,0
BRDA:196,59,0,34
BRDA:196,59,1,45
BRDA:198,60,0,2
BRDA:198,60,1,43
BRDA:205,61,0,43
BRDA:205,61,1,42
BRDA:206,62,0,43
BRDA:206,62,1,42
BRDA:207,63,0,43
BRDA:207,63,1,40
BRDA:209,64,0,43
BRDA:209,64,1,3
BRDA:216,65,0,0
BRDA:216,65,1,43
BRDA:299,66,0,1
BRDA:299,66,1,42
BRDA:312,67,0,43
BRDA:312,67,1,0
BRDA:313,68,0,0
BRDA:313,68,1,43
BRDA:315,69,0,43
BRDA:315,69,1,6
BRF:149
BRH:88
end_of_record
TN:
SF:app/ride/request.js
FN:13,RequestSeatScreen
FN:16,(anonymous_1)
FN:17,(anonymous_2)
FN:18,(anonymous_3)
FN:29,(anonymous_4)
FN:31,(anonymous_5)
FN:41,(anonymous_6)
FN:47,(anonymous_7)
FN:48,(anonymous_8)
FN:76,(anonymous_9)
FN:86,(anonymous_10)
FN:88,(anonymous_11)
FN:91,(anonymous_12)
FN:93,(anonymous_13)
FN:96,(anonymous_14)
FN:98,(anonymous_15)
FN:101,(anonymous_16)
FN:107,(anonymous_17)
FN:182,(anonymous_18)
FN:189,(anonymous_19)
FN:214,(anonymous_20)
FN:229,(anonymous_21)
FNF:22
FNH:18
FNDA:46,RequestSeatScreen
FNDA:67,(anonymous_1)
FNDA:67,(anonymous_2)
FNDA:67,(anonymous_3)
FNDA:0,(anonymous_4)
FNDA:0,(anonymous_5)
FNDA:21,(anonymous_6)
FNDA:21,(anonymous_7)
FNDA:21,(anonymous_8)
FNDA:40,(anonymous_9)
FNDA:21,(anonymous_10)
FNDA:1,(anonymous_11)
FNDA:2,(anonymous_12)
FNDA:2,(anonymous_13)
FNDA:1,(anonymous_14)
FNDA:1,(anonymous_15)
FNDA:1,(anonymous_16)
FNDA:0,(anonymous_17)
FNDA:0,(anonymous_18)
FNDA:23,(anonymous_19)
FNDA:23,(anonymous_20)
FNDA:1,(anonymous_21)
DA:14,46
DA:15,46
DA:16,67
DA:17,67
DA:18,67
DA:20,46
DA:21,46
DA:22,46
DA:23,46
DA:24,46
DA:25,46
DA:26,46
DA:27,46
DA:29,46
DA:30,0
DA:31,0
DA:32,0
DA:33,0
DA:35,0
DA:37,0
DA:38,0
DA:41,46
DA:42,21
DA:43,21
DA:47,46
DA:48,21
DA:49,21
DA:50,21
DA:51,21
DA:52,20
DA:53,1
DA:55,19
DA:58,1
DA:60,21
DA:63,21
DA:66,46
DA:67,46
DA:68,46
DA:69,46
DA:76,46
DA:77,40
DA:78,19
DA:79,19
DA:81,0
DA:82,0
DA:86,46
DA:87,21
DA:88,1
DA:91,46
DA:92,2
DA:93,2
DA:96,46
DA:97,1
DA:98,1
DA:101,46
DA:102,1
DA:103,1
DA:104,1
DA:107,46
DA:108,0
DA:109,0
DA:110,0
DA:112,0
DA:113,0
DA:114,0
DA:116,0
DA:117,0
DA:118,0
DA:122,0
DA:123,0
DA:129,0
DA:135,0
DA:136,0
DA:137,0
DA:140,0
DA:141,0
DA:142,0
DA:144,0
DA:145,0
DA:146,0
DA:148,0
DA:149,0
DA:150,0
DA:152,0
DA:153,0
DA:154,0
DA:156,0
DA:157,0
DA:158,0
DA:161,0
DA:162,0
DA:163,0
DA:181,0
DA:182,0
DA:185,0
DA:189,46
DA:190,23
DA:214,46
DA:215,23
DA:226,46
DA:229,1
DA:324,1
LF:102
LH:57
BRDA:42,0,0,21
BRDA:42,0,1,0
BRDA:52,1,0,1
BRDA:52,1,1,19
BRDA:58,2,0,1
BRDA:58,2,1,0
BRDA:63,3,0,21
BRDA:63,3,1,0
BRDA:66,4,0,46
BRDA:66,4,1,23
BRDA:67,5,0,23
BRDA:67,5,1,23
BRDA:68,6,0,46
BRDA:68,6,1,46
BRDA:68,7,0,0
BRDA:68,7,1,46
BRDA:68,8,0,0
BRDA:68,8,1,46
BRDA:69,9,0,0
BRDA:69,9,1,46
BRDA:71,10,0,0
BRDA:71,10,1,46
BRDA:77,11,0,21
BRDA:77,11,1,19
BRDA:87,12,0,20
BRDA:87,12,1,1
BRDA:87,13,0,21
BRDA:87,13,1,21
BRDA:88,14,0,1
BRDA:88,14,1,1
BRDA:108,15,0,0
BRDA:108,15,1,0
BRDA:112,16,0,0
BRDA:112,16,1,0
BRDA:116,17,0,0
BRDA:116,17,1,0
BRDA:116,18,0,0
BRDA:116,18,1,0
BRDA:122,19,0,0
BRDA:122,19,1,0
BRDA:122,20,0,0
BRDA:122,20,1,0
BRDA:122,20,2,0
BRDA:122,20,3,0
BRDA:135,21,0,0
BRDA:135,21,1,0
BRDA:135,22,0,0
BRDA:135,22,1,0
BRDA:140,23,0,0
BRDA:140,23,1,0
BRDA:144,24,0,0
BRDA:144,24,1,0
BRDA:148,25,0,0
BRDA:148,25,1,0
BRDA:152,26,0,0
BRDA:152,26,1,0
BRDA:156,27,0,0
BRDA:156,27,1,0
BRDA:167,28,0,0
BRDA:167,28,1,0
BRDA:175,29,0,0
BRDA:175,29,1,0
BRDA:185,30,0,0
BRDA:185,30,1,0
BRDA:193,31,0,23
BRDA:193,31,1,0
BRDA:193,31,2,0
BRDA:197,32,0,23
BRDA:197,32,1,0
BRDA:197,32,2,0
BRDA:205,33,0,23
BRDA:205,33,1,0
BRDA:219,34,0,23
BRDA:219,34,1,0
BRDA:220,35,0,23
BRDA:220,35,1,0
BRDA:236,36,0,21
BRDA:236,36,1,25
BRDA:238,37,0,2
BRDA:238,37,1,23
BRDA:240,38,0,0
BRDA:240,38,1,23
BRDA:257,39,0,23
BRDA:257,39,1,0
BRDA:266,40,0,23
BRDA:266,40,1,21
BRDA:272,41,0,23
BRDA:272,41,1,21
BRDA:276,42,0,23
BRDA:276,42,1,0
BRDA:282,43,0,23
BRDA:282,43,1,0
BRDA:303,44,0,23
BRDA:303,44,1,22
BRDA:303,44,2,22
BRDA:303,44,3,22
BRDA:305,45,0,23
BRDA:305,45,1,22
BRDA:305,45,2,22
BRDA:309,46,0,0
BRDA:309,46,1,23
BRDA:313,47,0,1
BRDA:313,47,1,22
BRDA:313,48,0,21
BRDA:313,48,1,1
BRF:105
BRH:52
end_of_record
TN:
SF:app/trip/[id].js
FN:15,getStatusStyle
FN:32,formatTimestamp
FN:46,TripDetailsScreen
FN:49,(anonymous_3)
FN:50,(anonymous_4)
FN:59,(anonymous_5)
FN:63,(anonymous_6)
FN:85,(anonymous_7)
FN:91,(anonymous_8)
FN:97,(anonymous_9)
FN:112,(anonymous_10)
FN:161,(anonymous_11)
FN:174,(anonymous_12)
FN:177,(anonymous_13)
FN:205,(anonymous_14)
FN:218,(anonymous_15)
FN:221,(anonymous_16)
FN:249,(anonymous_17)
FN:290,(anonymous_18)
FN:316,(anonymous_19)
FN:335,(anonymous_20)
FN:338,(anonymous_21)
FN:365,(anonymous_22)
FN:436,(anonymous_23)
FN:448,(anonymous_24)
FN:475,(anonymous_25)
FN:795,(anonymous_26)
FN:808,(anonymous_27)
FN:828,(anonymous_28)
FNF:29
FNH:19
FNDA:208,getStatusStyle
FNDA:52,formatTimestamp
FNDA:105,TripDetailsScreen
FNDA:155,(anonymous_3)
FNDA:155,(anonymous_4)
FNDA:50,(anonymous_5)
FNDA:49,(anonymous_6)
FNDA:1,(anonymous_7)
FNDA:49,(anonymous_8)
FNDA:94,(anonymous_9)
FNDA:1,(anonymous_10)
FNDA:1,(anonymous_11)
FNDA:0,(anonymous_12)
FNDA:0,(anonymous_13)
FNDA:0,(anonymous_14)
FNDA:0,(anonymous_15)
FNDA:0,(anonymous_16)
FNDA:5,(anonymous_17)
FNDA:0,(anonymous_18)
FNDA:1,(anonymous_19)
FNDA:0,(anonymous_20)
FNDA:0,(anonymous_21)
FNDA:1,(anonymous_22)
FNDA:0,(anonymous_23)
FNDA:1,(anonymous_24)
FNDA:52,(anonymous_25)
FNDA:1,(anonymous_26)
FNDA:0,(anonymous_27)
FNDA:1,(anonymous_28)
DA:16,208
DA:17,208
DA:19,156
DA:21,16
DA:23,32
DA:25,4
DA:27,0
DA:33,52
DA:34,52
DA:35,52
DA:36,52
DA:37,52
DA:38,52
DA:39,52
DA:40,52
DA:42,0
DA:47,105
DA:48,105
DA:49,155
DA:50,155
DA:52,105
DA:53,105
DA:54,105
DA:55,105
DA:56,105
DA:57,105
DA:59,105
DA:60,50
DA:63,49
DA:64,49
DA:65,49
DA:66,49
DA:67,49
DA:68,47
DA:69,2
DA:71,45
DA:74,1
DA:75,1
DA:77,48
DA:82,49
DA:85,49
DA:86,1
DA:87,1
DA:91,49
DA:92,49
DA:97,105
DA:98,94
DA:99,51
DA:100,51
DA:102,43
DA:103,43
DA:104,42
DA:105,42
DA:107,1
DA:108,1
DA:112,105
DA:113,1
DA:115,1
DA:116,1
DA:119,1
DA:120,1
DA:122,1
DA:123,0
DA:124,0
DA:128,1
DA:130,1
DA:131,1
DA:135,0
DA:136,0
DA:138,0
DA:147,0
DA:149,0
DA:151,0
DA:154,0
DA:155,0
DA:157,1
DA:161,105
DA:162,1
DA:165,1
DA:166,0
DA:167,0
DA:170,1
DA:178,0
DA:179,0
DA:180,0
DA:186,0
DA:187,0
DA:188,0
DA:190,0
DA:193,0
DA:194,0
DA:196,0
DA:205,105
DA:206,0
DA:209,0
DA:210,0
DA:211,0
DA:214,0
DA:222,0
DA:223,0
DA:224,0
DA:230,0
DA:231,0
DA:232,0
DA:234,0
DA:237,0
DA:238,0
DA:240,0
DA:249,105
DA:250,5
DA:253,5
DA:254,5
DA:256,5
DA:257,1
DA:258,1
DA:261,4
DA:262,0
DA:263,0
DA:267,4
DA:268,4
DA:269,0
DA:270,0
DA:272,4
DA:273,4
DA:274,0
DA:275,0
DA:277,4
DA:278,4
DA:280,4
DA:281,1
DA:282,1
DA:286,3
DA:287,3
DA:290,105
DA:291,0
DA:293,0
DA:294,0
DA:295,0
DA:302,0
DA:303,0
DA:304,0
DA:306,0
DA:309,0
DA:310,0
DA:312,0
DA:316,105
DA:317,1
DA:320,1
DA:321,0
DA:322,0
DA:326,1
DA:327,0
DA:328,0
DA:331,1
DA:339,0
DA:340,0
DA:341,0
DA:346,0
DA:347,0
DA:348,0
DA:350,0
DA:353,0
DA:354,0
DA:356,0
DA:365,105
DA:366,1
DA:368,1
DA:370,1
DA:373,1
DA:379,1
DA:385,1
DA:386,1
DA:389,1
DA:392,1
DA:401,1
DA:406,1
DA:407,1
DA:408,0
DA:410,1
DA:412,0
DA:413,0
DA:416,0
DA:417,0
DA:421,105
DA:422,50
DA:432,55
DA:433,3
DA:436,0
DA:445,52
DA:448,1
DA:476,52
DA:795,1
DA:808,0
DA:828,1
DA:846,1
LF:195
LH:118
BRDA:16,0,0,208
BRDA:16,0,1,0
BRDA:17,1,0,156
BRDA:17,1,1,16
BRDA:17,1,2,32
BRDA:17,1,3,4
BRDA:17,1,4,0
BRDA:33,2,0,0
BRDA:33,2,1,52
BRDA:35,3,0,52
BRDA:35,3,1,0
BRDA:60,4,0,1
BRDA:60,4,1,49
BRDA:68,5,0,2
BRDA:68,5,1,45
BRDA:75,6,0,1
BRDA:75,6,1,0
BRDA:86,7,0,1
BRDA:86,7,1,0
BRDA:98,8,0,51
BRDA:98,8,1,43
BRDA:113,9,0,0
BRDA:113,9,1,1
BRDA:113,10,0,1
BRDA:113,10,1,1
BRDA:113,10,2,1
BRDA:120,11,0,0
BRDA:120,11,1,1
BRDA:122,12,0,0
BRDA:122,12,1,1
BRDA:128,13,0,1
BRDA:128,13,1,0
BRDA:135,14,0,0
BRDA:135,14,1,0
BRDA:136,15,0,0
BRDA:136,15,1,0
BRDA:147,16,0,0
BRDA:147,16,1,0
BRDA:147,17,0,0
BRDA:147,17,1,0
BRDA:155,18,0,0
BRDA:155,18,1,0
BRDA:162,19,0,0
BRDA:162,19,1,1
BRDA:162,20,0,1
BRDA:162,20,1,1
BRDA:165,21,0,0
BRDA:165,21,1,1
BRDA:186,22,0,0
BRDA:186,22,1,0
BRDA:186,23,0,0
BRDA:186,23,1,0
BRDA:190,24,0,0
BRDA:190,24,1,0
BRDA:194,25,0,0
BRDA:194,25,1,0
BRDA:206,26,0,0
BRDA:206,26,1,0
BRDA:206,27,0,0
BRDA:206,27,1,0
BRDA:209,28,0,0
BRDA:209,28,1,0
BRDA:230,29,0,0
BRDA:230,29,1,0
BRDA:230,30,0,0
BRDA:230,30,1,0
BRDA:234,31,0,0
BRDA:234,31,1,0
BRDA:238,32,0,0
BRDA:238,32,1,0
BRDA:250,33,0,0
BRDA:250,33,1,5
BRDA:250,34,0,5
BRDA:250,34,1,5
BRDA:256,35,0,1
BRDA:256,35,1,4
BRDA:256,36,0,5
BRDA:256,36,1,5
BRDA:261,37,0,0
BRDA:261,37,1,4
BRDA:267,38,0,4
BRDA:267,38,1,0
BRDA:268,39,0,0
BRDA:268,39,1,4
BRDA:273,40,0,0
BRDA:273,40,1,4
BRDA:280,41,0,1
BRDA:280,41,1,3
BRDA:299,42,0,0
BRDA:299,42,1,0
BRDA:302,43,0,0
BRDA:302,43,1,0
BRDA:310,44,0,0
BRDA:310,44,1,0
BRDA:317,45,0,0
BRDA:317,45,1,1
BRDA:317,46,0,1
BRDA:317,46,1,1
BRDA:320,47,0,0
BRDA:320,47,1,1
BRDA:326,48,0,0
BRDA:326,48,1,1
BRDA:346,49,0,0
BRDA:346,49,1,0
BRDA:346,50,0,0
BRDA:346,50,1,0
BRDA:350,51,0,0
BRDA:350,51,1,0
BRDA:354,52,0,0
BRDA:354,52,1,0
BRDA:366,53,0,0
BRDA:366,53,1,1
BRDA:370,54,0,1
BRDA:370,54,1,0
BRDA:385,55,0,1
BRDA:385,55,1,0
BRDA:385,55,2,0
BRDA:386,56,0,1
BRDA:386,56,1,0
BRDA:386,56,2,0
BRDA:397,57,0,1
BRDA:397,57,1,0
BRDA:398,58,0,1
BRDA:398,58,1,0
BRDA:406,59,0,1
BRDA:406,59,1,0
BRDA:407,60,0,0
BRDA:407,60,1,1
BRDA:412,61,0,0
BRDA:412,61,1,0
BRDA:421,62,0,50
BRDA:421,62,1,55
BRDA:432,63,0,3
BRDA:432,63,1,52
BRDA:432,64,0,55
BRDA:432,64,1,52
BRDA:439,65,0,3
BRDA:439,65,1,0
BRDA:467,66,0,52
BRDA:467,66,1,0
BRDA:467,67,0,52
BRDA:467,67,1,0
BRDA:472,68,0,52
BRDA:472,68,1,51
BRDA:472,68,2,51
BRDA:499,69,0,49
BRDA:499,69,1,3
BRDA:501,70,0,49
BRDA:501,70,1,0
BRDA:502,71,0,49
BRDA:502,71,1,0
BRDA:515,72,0,52
BRDA:515,72,1,49
BRDA:526,73,0,52
BRDA:526,73,1,3
BRDA:526,73,2,2
BRDA:526,73,3,2
BRDA:539,74,0,52
BRDA:539,74,1,51
BRDA:549,75,0,52
BRDA:549,75,1,51
BRDA:559,76,0,52
BRDA:559,76,1,1
BRDA:572,77,0,52
BRDA:572,77,1,1
BRDA:594,78,0,52
BRDA:594,78,1,0
BRDA:594,79,0,52
BRDA:594,79,1,0
BRDA:594,80,0,52
BRDA:594,80,1,0
BRDA:594,81,0,52
BRDA:594,81,1,0
BRDA:600,82,0,52
BRDA:600,82,1,0
BRDA:606,83,0,52
BRDA:606,83,1,0
BRDA:606,84,0,52
BRDA:606,84,1,0
BRDA:619,85,0,52
BRDA:619,85,1,1
BRDA:622,86,0,52
BRDA:622,86,1,51
BRDA:634,87,0,52
BRDA:634,87,1,1
BRDA:637,88,0,52
BRDA:637,88,1,51
BRDA:654,89,0,52
BRDA:654,89,1,1
BRDA:654,89,2,1
BRDA:658,90,0,52
BRDA:658,90,1,1
BRDA:669,91,0,52
BRDA:669,91,1,1
BRDA:685,92,0,52
BRDA:685,92,1,1
BRDA:685,92,2,1
BRDA:697,93,0,0
BRDA:697,93,1,52
BRDA:717,94,0,52
BRDA:717,94,1,6
BRDA:717,94,2,3
BRDA:723,95,0,0
BRDA:723,95,1,3
BRDA:735,96,0,52
BRDA:735,96,1,6
BRDA:735,96,2,1
BRDA:741,97,0,0
BRDA:741,97,1,1
BRDA:753,98,0,52
BRDA:753,98,1,39
BRDA:759,99,0,0
BRDA:759,99,1,39
BRDA:771,100,0,52
BRDA:771,100,1,50
BRDA:771,100,2,7
BRDA:771,100,3,6
BRDA:777,101,0,0
BRDA:777,101,1,6
BRDA:789,102,0,52
BRDA:789,102,1,8
BRDA:789,102,2,2
BRDA:789,102,3,7
BRDA:789,102,4,6
BRDA:789,102,5,7
BRF:225
BRH:130
end_of_record
TN:
SF:app/user/[id].js
FN:19,OtherUserProfileScreen
FN:32,(anonymous_1)
FN:36,(anonymous_2)
FN:44,(anonymous_3)
FN:45,fetchProfile
FN:72,(anonymous_5)
FN:80,(anonymous_6)
FN:99,(anonymous_7)
FN:111,(anonymous_8)
FN:128,(anonymous_9)
FN:129,(anonymous_10)
FN:136,(anonymous_11)
FN:146,(anonymous_12)
FN:147,(anonymous_13)
FN:182,(anonymous_14)
FN:215,(anonymous_15)
FN:269,(anonymous_16)
FN:281,(anonymous_17)
FN:287,(anonymous_18)
FN:308,(anonymous_19)
FNF:20
FNH:9
FNDA:69,OtherUserProfileScreen
FNDA:69,(anonymous_1)
FNDA:69,(anonymous_2)
FNDA:35,(anonymous_3)
FNDA:35,fetchProfile
FNDA:0,(anonymous_5)
FNDA:0,(anonymous_6)
FNDA:0,(anonymous_7)
FNDA:0,(anonymous_8)
FNDA:0,(anonymous_9)
FNDA:0,(anonymous_10)
FNDA:0,(anonymous_11)
FNDA:0,(anonymous_12)
FNDA:0,(anonymous_13)
FNDA:1,(anonymous_14)
FNDA:1,(anonymous_15)
FNDA:1,(anonymous_16)
FNDA:7,(anonymous_17)
FNDA:0,(anonymous_18)
FNDA:0,(anonymous_19)
DA:20,69
DA:21,69
DA:22,69
DA:23,69
DA:24,69
DA:25,69
DA:26,69
DA:32,69
DA:33,69
DA:36,69
DA:39,69
DA:42,69
DA:44,69
DA:46,35
DA:47,35
DA:48,35
DA:49,33
DA:50,32
DA:52,1
DA:55,1
DA:57,34
DA:60,35
DA:61,35
DA:63,35
DA:66,35
DA:67,35
DA:72,69
DA:73,0
DA:74,0
DA:81,0
DA:82,0
DA:83,0
DA:84,0
DA:85,0
DA:87,0
DA:94,0
DA:99,0
DA:111,69
DA:112,0
DA:113,0
DA:120,0
DA:121,0
DA:123,0
DA:128,69
DA:129,0
DA:130,0
DA:131,0
DA:136,0
DA:137,0
DA:140,0
DA:146,69
DA:147,0
DA:148,0
DA:149,0
DA:154,0
DA:156,0
DA:161,69
DA:162,68
DA:163,34
DA:170,34
DA:171,2
DA:177,32
DA:182,1
DA:215,1
DA:269,1
DA:282,7
DA:287,0
DA:308,0
DA:318,1
LF:69
LH:41
BRDA:33,0,0,69
BRDA:33,0,1,0
BRDA:49,1,0,32
BRDA:49,1,1,1
BRDA:60,2,0,35
BRDA:60,2,1,0
BRDA:66,3,0,35
BRDA:66,3,1,0
BRDA:73,4,0,0
BRDA:73,4,1,0
BRDA:76,5,0,0
BRDA:76,5,1,0
BRDA:78,6,0,0
BRDA:78,6,1,0
BRDA:81,7,0,0
BRDA:81,7,1,0
BRDA:83,8,0,0
BRDA:83,8,1,0
BRDA:84,9,0,0
BRDA:84,9,1,0
BRDA:101,10,0,0
BRDA:101,10,1,0
BRDA:102,11,0,0
BRDA:102,11,1,0
BRDA:103,12,0,0
BRDA:103,12,1,0
BRDA:161,13,0,1
BRDA:161,13,1,68
BRDA:162,14,0,34
BRDA:162,14,1,34
BRDA:170,15,0,2
BRDA:170,15,1,32
BRDA:185,16,0,32
BRDA:185,16,1,31
BRDA:198,17,0,32
BRDA:198,17,1,1
BRDA:208,18,0,32
BRDA:208,18,1,0
BRDA:209,19,0,32
BRDA:209,19,1,0
BRDA:212,20,0,32
BRDA:212,20,1,31
BRDA:226,21,0,31
BRDA:226,21,1,0
BRDA:226,22,0,1
BRDA:226,22,1,30
BRDA:228,23,0,31
BRDA:228,23,1,31
BRDA:228,24,0,31
BRDA:228,24,1,0
BRDA:243,25,0,32
BRDA:243,25,1,1
BRDA:244,26,0,32
BRDA:244,26,1,1
BRDA:245,27,0,32
BRDA:245,27,1,1
BRDA:246,28,0,32
BRDA:246,28,1,1
BRDA:247,29,0,32
BRDA:247,29,1,1
BRDA:252,30,0,30
BRDA:252,30,1,2
BRDA:254,31,0,30
BRDA:254,31,1,0
BRDA:255,32,0,30
BRDA:255,32,1,0
BRDA:256,33,0,30
BRDA:256,33,1,0
BRDA:257,34,0,0
BRDA:257,34,1,30
BRDA:268,35,0,32
BRDA:268,35,1,4
BRDA:274,36,0,1
BRDA:274,36,1,31
BRDA:279,37,0,4
BRDA:279,37,1,27
BRDA:284,38,0,4
BRDA:284,38,1,1
BRF:78
BRH:49
end_of_record
TN:
SF:components/CustomDropdown.js
FN:12,(anonymous_0)
FN:22,(anonymous_1)
FN:27,(anonymous_2)
FN:33,(anonymous_3)
FN:62,(anonymous_4)
FN:88,(anonymous_5)
FN:93,(anonymous_6)
FN:98,(anonymous_7)
FN:106,(anonymous_8)
FNF:9
FNH:6
FNDA:22,(anonymous_0)
FNDA:1,(anonymous_1)
FNDA:18,(anonymous_2)
FNDA:1,(anonymous_3)
FNDA:7,(anonymous_4)
FNDA:0,(anonymous_5)
FNDA:0,(anonymous_6)
FNDA:0,(anonymous_7)
FNDA:24,(anonymous_8)
DA:12,1
DA:20,22
DA:22,22
DA:23,1
DA:24,1
DA:27,22
DA:28,18
DA:33,1
DA:50,22
DA:62,7
DA:88,0
DA:93,0
DA:98,0
DA:106,24
DA:117,1
LF:15
LH:12
BRDA:17,0,0,1
BRDA:18,1,0,20
BRDA:31,2,0,18
BRDA:31,2,1,2
BRDA:39,3,0,18
BRDA:39,3,1,2
BRDA:44,4,0,18
BRDA:44,4,1,2
BRDA:52,5,0,22
BRDA:52,5,1,21
BRDA:55,6,0,21
BRDA:55,6,1,1
BRDA:68,7,0,17
BRDA:68,7,1,5
BRDA:68,8,0,22
BRDA:68,8,1,22
BRDA:73,9,0,22
BRDA:73,9,1,17
BRDA:97,10,0,22
BRDA:97,10,1,1
BRF:20
BRH:20
end_of_record
TN:
SF:components/DateTimeInput.js
FN:14,DateTimeInput
FN:22,(anonymous_1)
FNF:2
FNH:2
FNDA:25,DateTimeInput
FNDA:11,(anonymous_1)
DA:22,25
DA:23,11
DA:25,6
DA:26,6
DA:27,6
DA:30,6
DA:31,4
DA:32,4
DA:33,4
DA:35,6
DA:36,5
DA:38,5
DA:39,5
DA:42,5
DA:43,4
DA:44,4
DA:45,4
DA:47,5
DA:51,25
DA:52,25
DA:53,25
DA:55,25
DA:75,2
LF:23
LH:23
BRDA:15,0,0,1
BRDA:19,1,0,24
BRDA:20,2,0,20
BRDA:23,3,0,6
BRDA:23,3,1,5
BRDA:26,4,0,6
BRDA:26,4,1,0
BRDA:27,5,0,5
BRDA:27,5,1,1
BRDA:30,6,0,4
BRDA:30,6,1,2
BRDA:32,7,0,1
BRDA:32,7,1,3
BRDA:33,8,0,1
BRDA:33,8,1,3
BRDA:36,9,0,5
BRDA:36,9,1,0
BRDA:39,10,0,5
BRDA:39,10,1,0
BRDA:42,11,0,4
BRDA:42,11,1,1
BRDA:44,12,0,1
BRDA:44,12,1,3
BRDA:45,13,0,1
BRDA:45,13,1,3
BRDA:51,14,0,17
BRDA:51,14,1,8
BRDA:52,15,0,17
BRDA:52,15,1,8
BRDA:53,16,0,17
BRDA:53,16,1,8
BRDA:60,17,0,25
BRDA:60,17,1,1
BRF:33
BRH:30
end_of_record
TN:
SF:components/EmergencyContactInput.js
FN:4,(anonymous_0)
FN:32,(anonymous_1)
FN:45,(anonymous_2)
FN:56,(anonymous_3)
FNF:4
FNH:4
FNDA:20,(anonymous_0)
FNDA:2,(anonymous_1)
FNDA:1,(anonymous_2)
FNDA:1,(anonymous_3)
DA:4,1
DA:5,20
DA:16,20
DA:32,2
DA:45,1
DA:56,1
DA:64,1
LF:7
LH:7
BRF:0
BRH:0
end_of_record
TN:
SF:components/ErrorAlert.js
FN:3,ErrorAlert
FNF:1
FNH:1
FNDA:14,ErrorAlert
DA:4,14
DA:5,12
DA:15,1
LF:3
LH:3
BRDA:4,0,0,2
BRDA:4,0,1,12
BRF:2
BRH:2
end_of_record
TN:
SF:components/ErrorAlertDemo.js
FN:5,ErrorAlertDemo
FN:11,(anonymous_1)
FN:18,(anonymous_2)
FN:20,(anonymous_3)
FNF:4
FNH:4
FNDA:14,ErrorAlertDemo
FNDA:3,(anonymous_1)
FNDA:1,(anonymous_2)
FNDA:2,(anonymous_3)
DA:6,14
DA:7,14
DA:9,14
DA:12,3
DA:13,3
DA:18,1
DA:21,2
DA:22,2
LF:8
LH:8
BRF:0
BRH:0
end_of_record
TN:
SF:components/LocationMapPicker.js
FN:8,(anonymous_0)
FN:19,(anonymous_1)
FN:35,LocationMapPicker
FN:52,(anonymous_3)
FN:58,(anonymous_4)
FN:84,(anonymous_5)
FN:86,(anonymous_6)
FN:96,(anonymous_7)
FN:97,(anonymous_8)
FN:153,(anonymous_9)
FN:161,(anonymous_10)
FN:168,(anonymous_11)
FN:173,(anonymous_12)
FN:181,(anonymous_13)
FN:233,(anonymous_14)
FN:240,(anonymous_15)
FN:256,(anonymous_16)
FNF:17
FNH:14
FNDA:0,(anonymous_0)
FNDA:0,(anonymous_1)
FNDA:86,LocationMapPicker
FNDA:21,(anonymous_3)
FNDA:21,(anonymous_4)
FNDA:42,(anonymous_5)
FNDA:5,(anonymous_6)
FNDA:28,(anonymous_7)
FNDA:0,(anonymous_8)
FNDA:6,(anonymous_9)
FNDA:5,(anonymous_10)
FNDA:1,(anonymous_11)
FNDA:1,(anonymous_12)
FNDA:86,(anonymous_13)
FNDA:2,(anonymous_14)
FNDA:3,(anonymous_15)
FNDA:54,(anonymous_16)
DA:8,1
DA:9,0
DA:10,0
DA:11,0
DA:13,0
DA:15,0
DA:16,0
DA:19,1
DA:43,86
DA:44,86
DA:45,86
DA:46,86
DA:47,86
DA:48,86
DA:49,86
DA:50,86
DA:52,86
DA:53,21
DA:54,21
DA:58,86
DA:59,21
DA:60,18
DA:61,18
DA:68,3
DA:69,2
DA:75,1
DA:84,86
DA:85,42
DA:86,18
DA:87,5
DA:96,86
DA:97,28
DA:98,0
DA:100,0
DA:101,0
DA:102,0
DA:104,0
DA:105,0
DA:112,0
DA:119,0
DA:121,0
DA:122,0
DA:123,0
DA:126,0
DA:128,0
DA:129,0
DA:132,0
DA:133,0
DA:134,0
DA:135,0
DA:138,0
DA:142,28
DA:143,0
DA:144,28
DA:145,1
DA:146,1
DA:147,1
DA:148,1
DA:153,86
DA:154,6
DA:155,6
DA:157,6
DA:159,6
DA:160,5
DA:161,5
DA:162,5
DA:163,5
DA:164,5
DA:167,1
DA:168,1
DA:169,1
DA:173,86
DA:174,1
DA:175,1
DA:176,1
DA:177,1
DA:178,1
DA:181,86
DA:182,86
DA:183,0
DA:191,86
DA:192,83
DA:202,3
DA:203,0
DA:213,3
DA:214,0
DA:225,3
DA:228,86
DA:233,2
DA:240,3
DA:256,54
DA:336,1
LF:92
LH:63
BRDA:36,0,0,0
BRDA:39,1,0,78
BRDA:40,2,0,86
BRDA:53,3,0,0
BRDA:53,3,1,21
BRDA:53,4,0,21
BRDA:53,4,1,21
BRDA:54,5,0,0
BRDA:54,5,1,21
BRDA:59,6,0,18
BRDA:59,6,1,3
BRDA:68,7,0,2
BRDA:68,7,1,1
BRDA:85,8,0,18
BRDA:85,8,1,24
BRDA:85,9,0,42
BRDA:85,9,1,21
BRDA:85,9,2,21
BRDA:98,10,0,0
BRDA:98,10,1,0
BRDA:98,11,0,0
BRDA:98,11,1,0
BRDA:98,11,2,0
BRDA:98,11,3,0
BRDA:122,12,0,0
BRDA:122,12,1,0
BRDA:122,13,0,0
BRDA:122,13,1,0
BRDA:122,13,2,0
BRDA:123,14,0,0
BRDA:123,14,1,0
BRDA:128,15,0,0
BRDA:128,15,1,0
BRDA:134,16,0,0
BRDA:134,16,1,0
BRDA:142,17,0,0
BRDA:142,17,1,28
BRDA:142,18,0,28
BRDA:142,18,1,6
BRDA:142,18,2,1
BRDA:144,19,0,1
BRDA:144,19,1,27
BRDA:144,20,0,28
BRDA:144,20,1,6
BRDA:147,21,0,1
BRDA:147,21,1,0
BRDA:155,22,0,0
BRDA:155,22,1,6
BRDA:155,23,0,6
BRDA:155,23,1,6
BRDA:159,24,0,5
BRDA:159,24,1,1
BRDA:163,25,0,5
BRDA:163,25,1,0
BRDA:182,26,0,0
BRDA:182,26,1,86
BRDA:191,27,0,83
BRDA:191,27,1,3
BRDA:191,28,0,86
BRDA:191,28,1,17
BRDA:196,29,0,69
BRDA:196,29,1,14
BRDA:202,30,0,0
BRDA:202,30,1,3
BRDA:213,31,0,0
BRDA:213,31,1,3
BRDA:213,32,0,3
BRDA:213,32,1,0
BRDA:219,33,0,0
BRDA:219,33,1,0
BRDA:232,34,0,86
BRDA:232,34,1,69
BRDA:235,35,0,69
BRDA:235,35,1,17
BRDA:236,36,0,86
BRDA:236,36,1,69
BRDA:239,37,0,86
BRDA:239,37,1,17
BRDA:242,38,0,17
BRDA:242,38,1,69
BRDA:243,39,0,86
BRDA:243,39,1,17
BRDA:259,40,0,86
BRDA:259,40,1,77
BRDA:269,41,0,86
BRDA:269,41,1,80
BRDA:279,42,0,86
BRDA:279,42,1,80
BRDA:289,43,0,86
BRDA:289,43,1,17
BRDA:302,44,0,86
BRDA:302,44,1,3
BRF:92
BRH:62
end_of_record
TN:
SF:components/LocationSearchInput.js
FN:18,LocationSearchInput
FN:32,(anonymous_1)
FN:61,(anonymous_2)
FN:70,(anonymous_3)
FN:115,(anonymous_4)
FN:119,(anonymous_5)
FNF:6
FNH:6
FNDA:51,LocationSearchInput
FNDA:8,(anonymous_1)
FNDA:2,(anonymous_2)
FNDA:31,(anonymous_3)
FNDA:5,(anonymous_4)
FNDA:2,(anonymous_5)
DA:27,51
DA:28,51
DA:29,51
DA:30,51
DA:32,51
DA:33,8
DA:34,8
DA:35,8
DA:36,8
DA:37,8
DA:38,8
DA:39,8
DA:42,7
DA:43,1
DA:44,1
DA:45,1
DA:49,6
DA:50,6
DA:51,6
DA:52,2
DA:55,1
DA:57,8
DA:61,51
DA:62,2
DA:63,2
DA:64,2
DA:65,2
DA:70,51
DA:71,31
DA:72,1
DA:76,51
DA:116,5
DA:119,2
DA:137,1
LF:34
LH:34
BRDA:23,0,0,50
BRDA:24,1,0,49
BRDA:25,2,0,50
BRDA:27,3,0,51
BRDA:27,3,1,45
BRDA:33,4,0,0
BRDA:33,4,1,8
BRDA:42,5,0,1
BRDA:42,5,1,6
BRDA:42,6,0,7
BRDA:42,6,1,7
BRDA:49,7,0,6
BRDA:49,7,1,0
BRDA:51,8,0,2
BRDA:51,8,1,4
BRDA:71,9,0,1
BRDA:71,9,1,30
BRDA:71,10,0,31
BRDA:71,10,1,5
BRDA:83,11,0,51
BRDA:83,11,1,1
BRDA:103,12,0,0
BRDA:103,12,1,51
BRDA:111,13,0,51
BRDA:111,13,1,4
BRDA:113,14,0,51
BRDA:113,14,1,4
BRDA:130,15,0,51
BRDA:130,15,1,7
BRF:29
BRH:26
end_of_record
TN:
SF:components/PreferenceToggle.js
FN:3,(anonymous_0)
FNF:1
FNH:1
FNDA:17,(anonymous_0)
DA:3,1
DA:4,17
DA:18,1
LF:3
LH:3
BRDA:8,0,0,17
BRDA:8,0,1,3
BRDA:12,1,0,17
BRDA:12,1,1,3
BRF:4
BRH:4
end_of_record
TN:
SF:components/ReportModal.js
FN:32,ReportModal
FN:43,(anonymous_1)
FN:48,(anonymous_2)
FN:100,(anonymous_3)
FN:107,(anonymous_4)
FNF:5
FNH:5
FNDA:48,ReportModal
FNDA:1,(anonymous_1)
FNDA:4,(anonymous_2)
FNDA:288,(anonymous_3)
FNDA:8,(anonymous_4)
DA:40,48
DA:41,48
DA:43,48
DA:44,1
DA:45,1
DA:48,48
DA:50,4
DA:51,4
DA:52,4
DA:55,48
DA:57,48
DA:101,288
DA:107,8
DA:177,1
LF:14
LH:14
BRDA:36,0,0,1
BRDA:37,1,0,0
BRDA:38,2,0,0
BRDA:44,3,0,0
BRDA:44,3,1,1
BRDA:55,4,0,48
BRDA:55,4,1,11
BRDA:65,5,0,48
BRDA:65,5,1,0
BRDA:90,6,0,48
BRDA:90,6,1,1
BRDA:105,7,0,288
BRDA:105,7,1,11
BRDA:113,8,0,288
BRDA:113,8,1,11
BRDA:118,9,0,288
BRDA:118,9,1,11
BRDA:157,10,0,48
BRDA:157,10,1,38
BRDA:165,11,0,4
BRDA:165,11,1,44
BRF:21
BRH:17
end_of_record
TN:
SF:components/ReviewCard.js
FN:41,ReviewCard
FN:65,(anonymous_1)
FN:74,(anonymous_2)
FN:104,(anonymous_3)
FN:116,(anonymous_4)
FNF:5
FNH:5
FNDA:41,ReviewCard
FNDA:3,(anonymous_1)
FNDA:40,(anonymous_2)
FNDA:38,(anonymous_3)
FNDA:2,(anonymous_4)
DA:18,1
DA:19,0
DA:23,1
DA:47,41
DA:53,41
DA:55,41
DA:58,40
DA:59,40
DA:60,40
DA:65,40
DA:67,3
DA:68,0
DA:70,3
DA:74,40
DA:75,40
DA:77,38
DA:78,38
DA:79,38
DA:80,38
DA:82,38
DA:83,2
DA:84,36
DA:85,1
DA:86,35
DA:87,30
DA:88,5
DA:89,2
DA:90,2
DA:92,3
DA:99,0
DA:104,40
DA:105,38
DA:107,1
DA:109,36
DA:111,1
DA:116,40
DA:117,2
DA:118,1
DA:122,40
DA:200,1
LF:40
LH:37
BRDA:18,0,0,0
BRDA:18,0,1,1
BRDA:18,1,0,1
BRDA:18,1,1,0
BRDA:43,2,0,37
BRDA:44,3,0,38
BRDA:45,4,0,40
BRDA:55,5,0,1
BRDA:55,5,1,40
BRDA:55,6,0,41
BRDA:55,6,1,41
BRDA:58,7,0,40
BRDA:58,7,1,1
BRDA:59,8,0,40
BRDA:59,8,1,36
BRDA:59,8,2,35
BRDA:60,9,0,4
BRDA:60,9,1,36
BRDA:60,10,0,40
BRDA:60,10,1,6
BRDA:67,11,0,0
BRDA:67,11,1,3
BRDA:75,12,0,2
BRDA:75,12,1,38
BRDA:78,13,0,1
BRDA:78,13,1,37
BRDA:82,14,0,2
BRDA:82,14,1,36
BRDA:84,15,0,1
BRDA:84,15,1,35
BRDA:86,16,0,30
BRDA:86,16,1,5
BRDA:88,17,0,2
BRDA:88,17,1,3
BRDA:90,18,0,1
BRDA:90,18,1,1
BRDA:95,19,0,3
BRDA:95,19,1,0
BRDA:105,20,0,1
BRDA:105,20,1,36
BRDA:105,20,2,1
BRDA:117,21,0,1
BRDA:117,21,1,1
BRDA:117,22,0,2
BRDA:117,22,1,2
BRDA:123,23,0,40
BRDA:123,23,1,4
BRDA:130,24,0,39
BRDA:130,24,1,1
BRDA:132,25,0,39
BRDA:132,25,1,1
BRDA:145,26,0,40
BRDA:145,26,1,39
BRDA:147,27,0,40
BRDA:147,27,1,1
BRDA:149,28,0,40
BRDA:149,28,1,38
BRDA:163,29,0,4
BRDA:163,29,1,36
BRDA:169,30,0,40
BRDA:169,30,1,36
BRDA:175,31,0,40
BRDA:175,31,1,38
BRDA:178,32,0,38
BRDA:178,32,1,4
BRDA:179,33,0,4
BRDA:179,33,1,34
BRDA:181,34,0,4
BRDA:181,34,1,34
BRDA:183,35,0,38
BRDA:183,35,1,6
BRDA:190,36,0,2
BRDA:190,36,1,4
BRF:73
BRH:69
end_of_record
TN:
SF:components/StarRating.js
FN:24,StarRating
FN:39,(anonymous_1)
FN:43,(anonymous_2)
FN:48,(anonymous_3)
FN:65,(anonymous_4)
FN:80,(anonymous_5)
FN:90,(anonymous_6)
FN:107,(anonymous_7)
FN:128,(anonymous_8)
FNF:9
FNH:7
FNDA:66,StarRating
FNDA:335,(anonymous_1)
FNDA:56,(anonymous_2)
FNDA:0,(anonymous_3)
FNDA:6,(anonymous_4)
FNDA:0,(anonymous_5)
FNDA:335,(anonymous_6)
FNDA:6,(anonymous_7)
FNDA:335,(anonymous_8)
DA:35,66
DA:38,66
DA:39,335
DA:43,66
DA:44,56
DA:48,66
DA:49,0
DA:51,0
DA:65,66
DA:66,6
DA:68,6
DA:71,6
DA:72,6
DA:78,6
DA:80,20
DA:83,6
DA:85,6
DA:86,6
DA:90,66
DA:91,335
DA:92,335
DA:95,335
DA:96,335
DA:97,250
DA:98,85
DA:99,0
DA:102,335
DA:104,335
DA:107,6
DA:126,66
DA:128,335
DA:133,2
LF:32
LH:29
BRDA:25,0,0,0
BRDA:26,1,0,65
BRDA:27,2,0,25
BRDA:28,3,0,25
BRDA:29,4,0,25
BRDA:31,5,0,23
BRDA:32,6,0,25
BRDA:33,7,0,63
BRDA:49,8,0,0
BRDA:49,8,1,0
BRDA:49,9,0,0
BRDA:49,9,1,0
BRDA:66,10,0,0
BRDA:66,10,1,6
BRDA:85,11,0,6
BRDA:85,11,1,0
BRDA:92,12,0,335
BRDA:92,12,1,85
BRDA:92,12,2,23
BRDA:96,13,0,250
BRDA:96,13,1,85
BRDA:98,14,0,0
BRDA:98,14,1,85
BRDA:102,15,0,250
BRDA:102,15,1,85
BRDA:102,16,0,335
BRDA:102,16,1,85
BRDA:109,17,0,215
BRDA:109,17,1,120
BRDA:111,18,0,269
BRDA:111,18,1,66
BRF:31
BRH:23
end_of_record
TN:
SF:components/external-link.tsx
FN:7,ExternalLink
FN:13,(anonymous_1)
FNF:2
FNH:2
FNDA:8,ExternalLink
FNDA:3,(anonymous_1)
DA:8,8
DA:14,3
DA:16,3
DA:18,3
LF:4
LH:4
BRDA:14,0,0,3
BRDA:14,0,1,0
BRF:2
BRH:1
end_of_record
TN:
SF:components/haptic-tab.tsx
FN:5,HapticTab
FN:9,(anonymous_1)
FNF:2
FNH:2
FNDA:4,HapticTab
FNDA:2,(anonymous_1)
DA:6,4
DA:10,2
DA:12,2
DA:14,2
LF:4
LH:4
BRDA:10,0,0,2
BRDA:10,0,1,0
BRF:2
BRH:1
end_of_record
TN:
SF:components/hello-wave.tsx
FN:3,HelloWave
FNF:1
FNH:1
FNDA:7,HelloWave
DA:4,7
LF:1
LH:1
BRF:0
BRH:0
end_of_record
TN:
SF:components/parallax-scroll-view.tsx
FN:21,ParallaxScrollView
FN:30,(anonymous_1)
FNF:2
FNH:1
FNDA:13,ParallaxScrollView
FNDA:0,(anonymous_1)
DA:14,1
DA:26,13
DA:27,13
DA:28,13
DA:29,13
DA:30,13
DA:31,0
DA:47,13
DA:65,1
LF:9
LH:8
BRDA:27,0,0,13
BRDA:27,0,1,1
BRF:2
BRH:2
end_of_record
TN:
SF:components/themed-text.tsx
FN:11,ThemedText
FNF:1
FNH:1
FNDA:4308,ThemedText
DA:18,4308
DA:20,4308
DA:36,11
LF:3
LH:3
BRDA:15,0,0,4126
BRDA:24,1,0,4126
BRDA:24,1,1,182
BRDA:25,2,0,48
BRDA:25,2,1,4260
BRDA:26,3,0,132
BRDA:26,3,1,4176
BRDA:27,4,0,1
BRDA:27,4,1,4307
BRDA:28,5,0,1
BRDA:28,5,1,4307
BRF:11
BRH:11
end_of_record
TN:
SF:components/themed-view.tsx
FN:10,ThemedView
FNF:1
FNH:1
FNDA:27,ThemedView
DA:11,27
DA:13,27
LF:2
LH:2
BRF:0
BRH:0
end_of_record
TN:
SF:components/ui/collapsible.tsx
FN:10,Collapsible
FN:18,(anonymous_1)
FN:18,(anonymous_2)
FNF:3
FNH:3
FNDA:15,Collapsible
FNDA:6,(anonymous_1)
FNDA:6,(anonymous_2)
DA:11,15
DA:12,15
DA:14,15
DA:18,6
DA:35,1
LF:5
LH:5
BRDA:12,0,0,15
BRDA:12,0,1,1
BRDA:24,1,0,14
BRDA:24,1,1,1
BRDA:25,2,0,4
BRDA:25,2,1,11
BRDA:30,3,0,15
BRDA:30,3,1,4
BRF:8
BRH:8
end_of_record
TN:
SF:components/ui/icon-symbol.ios.tsx
FN:4,IconSymbol
FNF:1
FNH:1
FNDA:4,IconSymbol
DA:17,4
LF:1
LH:1
BRDA:6,0,0,3
BRDA:9,1,0,3
BRF:2
BRH:2
end_of_record
TN:
SF:components/ui/icon-symbol.tsx
FN:31,IconSymbol
FNF:1
FNH:0
FNDA:0,IconSymbol
DA:16,0
DA:43,0
LF:2
LH:0
BRDA:33,0,0,0
BRF:1
BRH:0
end_of_record
TN:
SF:constants/theme.ts
FNF:0
FNH:0
DA:8,10
DA:9,10
DA:11,10
DA:30,10
LF:4
LH:4
BRF:0
BRH:0
end_of_record
TN:
SF:hooks/AuthContext.js
FN:10,AuthProvider
FN:19,(anonymous_1)
FN:23,(anonymous_2)
FN:63,(anonymous_3)
FN:65,(anonymous_4)
FN:114,(anonymous_5)
FN:124,useAuth
FNF:7
FNH:7
FNDA:42,AuthProvider
FNDA:40,(anonymous_1)
FNDA:3,(anonymous_2)
FNDA:17,(anonymous_3)
FNDA:14,(anonymous_4)
FNDA:17,(anonymous_5)
FNDA:42,useAuth
DA:8,1
DA:11,42
DA:12,42
DA:13,42
DA:14,42
DA:15,42
DA:16,42
DA:19,42
DA:20,40
DA:23,42
DA:24,3
DA:25,3
DA:26,3
DA:27,3
DA:28,1
DA:29,1
DA:30,1
DA:31,1
DA:33,2
DA:34,1
DA:35,1
DA:36,1
DA:37,1
DA:38,1
DA:39,1
DA:41,1
DA:46,1
DA:47,1
DA:49,0
DA:50,0
DA:51,0
DA:52,0
DA:55,1
DA:56,1
DA:57,1
DA:59,3
DA:63,42
DA:64,17
DA:65,17
DA:66,14
DA:67,14
DA:68,14
DA:69,6
DA:70,6
DA:71,6
DA:72,6
DA:73,6
DA:74,6
DA:76,8
DA:78,8
DA:79,8
DA:80,8
DA:81,8
DA:82,8
DA:83,8
DA:84,8
DA:85,8
DA:86,8
DA:87,6
DA:88,6
DA:89,6
DA:90,6
DA:92,6
DA:97,6
DA:98,6
DA:100,2
DA:101,2
DA:102,2
DA:103,2
DA:106,0
DA:107,0
DA:108,0
DA:110,8
DA:111,8
DA:114,17
DA:115,17
DA:116,17
[...]
DA:135,1
DA:140,5
DA:142,6
DA:143,6
DA:146,4
DA:147,4
DA:148,4
DA:151,2
DA:152,2
DA:156,5
DA:158,5
DA:159,5
DA:162,3
DA:167,2
DA:168,2
DA:172,5
DA:174,4
DA:177,2
DA:179,2
DA:180,2
DA:181,1
DA:185,2
DA:200,7
LF:58
LH:58
BRDA:20,0,0,4
BRDA:20,0,1,2
BRDA:21,1,0,4
BRDA:21,1,1,2
BRDA:24,2,0,4
BRDA:24,2,1,2
BRDA:25,3,0,4
BRDA:25,3,1,2
BRDA:40,4,0,2
BRDA:40,4,1,1
BRDA:63,5,0,2
BRDA:63,5,1,1
BRDA:75,6,0,16
BRDA:75,6,1,1
BRDA:111,7,0,1
BRDA:111,7,1,1
BRDA:119,8,0,1
BRDA:119,8,1,1
BRDA:119,9,0,2
BRDA:119,9,1,2
BRDA:121,10,0,1
BRDA:121,10,1,1
BRDA:127,11,0,1
BRDA:127,11,1,0
BRDA:127,12,0,1
BRDA:127,12,1,1
BRDA:180,13,0,1
BRDA:180,13,1,1
BRDA:180,14,0,2
BRDA:180,14,1,1
BRF:30
BRH:29
end_of_record
TN:
SF:store/slices/feedSlice.js
FN:7,(anonymous_0)
FN:45,(anonymous_1)
FN:47,(anonymous_2)
FN:48,(anonymous_3)
FN:64,(anonymous_4)
FN:66,(anonymous_5)
FN:67,(anonymous_6)
FN:77,(anonymous_7)
FN:85,(anonymous_8)
FN:93,(anonymous_9)
FN:112,(anonymous_10)
FN:145,(anonymous_11)
FN:151,(anonymous_12)
FN:157,(anonymous_13)
FN:164,(anonymous_14)
FN:167,(anonymous_15)
FN:171,(anonymous_16)
FN:187,(anonymous_17)
FN:194,(anonymous_18)
FN:198,(anonymous_19)
FN:202,(anonymous_20)
FNF:21
FNH:21
FNDA:32,(anonymous_0)
FNDA:7,(anonymous_1)
FNDA:16,(anonymous_2)
FNDA:26,(anonymous_3)
FNDA:5,(anonymous_4)
FNDA:9,(anonymous_5)
FNDA:13,(anonymous_6)
FNDA:3,(anonymous_7)
FNDA:6,(anonymous_8)
FNDA:5,(anonymous_9)
FNDA:3,(anonymous_10)
FNDA:13,(anonymous_11)
FNDA:1,(anonymous_12)
FNDA:1,(anonymous_13)
FNDA:5,(anonymous_14)
FNDA:17,(anonymous_15)
FNDA:15,(anonymous_16)
FNDA:2,(anonymous_17)
FNDA:3,(anonymous_18)
FNDA:2,(anonymous_19)
FNDA:1,(anonymous_20)
DA:5,6
DA:8,32
DA:9,32
DA:10,32
DA:13,32
DA:16,32
DA:17,32
DA:18,3
DA:19,3
DA:23,32
DA:24,32
DA:25,2
DA:26,2
DA:29,32
DA:38,30
DA:42,30
DA:43,3
DA:44,3
DA:45,2
DA:46,7
DA:47,7
DA:48,26
DA:56,30
DA:57,30
DA:59,30
DA:60,2
DA:63,2
DA:64,2
DA:65,5
DA:66,5
DA:67,13
DA:76,30
DA:77,2
DA:78,3
DA:79,3
DA:84,30
DA:85,3
DA:86,6
DA:87,6
DA:92,30
DA:93,3
DA:94,5
DA:95,5
DA:99,30
DA:105,2
DA:110,6
DA:113,3
DA:115,3
DA:116,2
DA:118,1
DA:123,6
DA:141,6
DA:146,13
DA:148,13
DA:149,13
DA:152,1
DA:154,1
DA:155,1
DA:158,1
DA:159,1
DA:160,1
DA:161,1
DA:166,5
DA:168,17
DA:169,17
DA:172,15
DA:173,15
DA:175,15
DA:177,14
DA:180,1
DA:183,15
DA:184,15
DA:185,15
DA:188,2
DA:189,2
DA:193,5
DA:195,3
DA:196,3
DA:199,2
DA:200,2
DA:203,1
DA:204,1
DA:209,6
LF:83
LH:83
BRDA:7,0,0,0
BRDA:13,1,0,31
BRDA:13,1,1,1
BRDA:17,2,0,3
BRDA:17,2,1,29
BRDA:17,3,0,32
BRDA:17,3,1,3
BRDA:24,4,0,2
BRDA:24,4,1,30
BRDA:24,5,0,32
BRDA:24,5,1,2
BRDA:34,6,0,32
BRDA:34,6,1,32
BRDA:42,7,0,3
BRDA:42,7,1,27
BRDA:42,8,0,30
BRDA:42,8,1,3
BRDA:44,9,0,2
BRDA:44,9,1,1
BRDA:46,10,0,7
BRDA:46,10,1,0
BRDA:56,11,0,30
BRDA:56,11,1,3
BRDA:57,12,0,30
BRDA:57,12,1,2
BRDA:59,13,0,2
BRDA:59,13,1,28
BRDA:59,14,0,30
BRDA:59,14,1,2
BRDA:63,15,0,2
BRDA:63,15,1,0
BRDA:63,16,0,2
BRDA:63,16,1,0
BRDA:63,16,2,0
BRDA:63,16,3,0
BRDA:65,17,0,5
BRDA:65,17,1,0
BRDA:76,18,0,2
BRDA:76,18,1,28
BRDA:78,19,0,1
BRDA:78,19,1,2
BRDA:84,20,0,3
BRDA:84,20,1,27
BRDA:86,21,0,5
BRDA:86,21,1,1
BRDA:92,22,0,3
BRDA:92,22,1,27
BRDA:94,23,0,4
BRDA:94,23,1,1
BRDA:105,24,0,2
BRDA:105,24,1,0
BRDA:118,25,0,1
BRDA:118,25,1,1
BRDA:175,26,0,14
BRDA:175,26,1,1
BRF:55
BRH:47
end_of_record
TN:
SF:store/slices/requestsSlice.js
FN:7,(anonymous_0)
FN:39,(anonymous_1)
FN:51,(anonymous_2)
FN:63,(anonymous_3)
FN:75,(anonymous_4)
FN:98,(anonymous_5)
FN:101,(anonymous_6)
FN:104,(anonymous_7)
FN:108,(anonymous_8)
FN:111,(anonymous_9)
FN:115,(anonymous_10)
FN:120,(anonymous_11)
FN:126,(anonymous_12)
FN:130,(anonymous_13)
FN:135,(anonymous_14)
FN:141,(anonymous_15)
FN:145,(anonymous_16)
FN:147,(anonymous_17)
FN:150,(anonymous_18)
FN:156,(anonymous_19)
FN:160,(anonymous_20)
FN:163,(anonymous_21)
FN:170,(anonymous_22)
FN:176,(anonymous_23)
FN:180,(anonymous_24)
FN:183,(anonymous_25)
FN:189,(anonymous_26)
FNF:27
FNH:27
FNDA:7,(anonymous_0)
FNDA:26,(anonymous_1)
FNDA:3,(anonymous_2)
FNDA:5,(anonymous_3)
FNDA:5,(anonymous_4)
FNDA:6,(anonymous_5)
FNDA:1,(anonymous_6)
FNDA:3,(anonymous_7)
FNDA:5,(anonymous_8)
FNDA:5,(anonymous_9)
FNDA:3,(anonymous_10)
FNDA:2,(anonymous_11)
FNDA:7,(anonymous_12)
FNDA:5,(anonymous_13)
FNDA:2,(anonymous_14)
FNDA:3,(anonymous_15)
FNDA:1,(anonymous_16)
FNDA:2,(anonymous_17)
FNDA:2,(anonymous_18)
FNDA:5,(anonymous_19)
FNDA:3,(anonymous_20)
FNDA:2,(anonymous_21)
FNDA:2,(anonymous_22)
FNDA:5,(anonymous_23)
FNDA:3,(anonymous_24)
FNDA:2,(anonymous_25)
FNDA:2,(anonymous_26)
DA:5,8
DA:8,7
DA:9,7
DA:11,5
DA:32,2
DA:37,8
DA:40,26
DA:41,26
DA:42,3
DA:44,23
DA:49,8
DA:52,3
DA:53,3
DA:54,1
DA:56,2
DA:61,8
DA:64,5
DA:65,5
DA:66,3
DA:68,2
DA:73,8
DA:76,5
DA:77,5
DA:78,3
DA:80,2
DA:85,8
DA:94,8
DA:99,6
DA:102,1
DA:105,3
DA:109,5
DA:112,5
DA:113,5
DA:116,3
DA:117,3
DA:118,3
DA:121,2
DA:122,2
DA:127,7
DA:128,7
DA:131,5
DA:132,5
DA:133,5
DA:136,2
DA:137,2
DA:142,3
DA:143,3
DA:146,1
DA:147,2
DA:148,1
DA:151,2
DA:152,2
DA:157,5
DA:158,5
DA:161,3
DA:163,3
DA:164,3
DA:165,1
DA:166,1
DA:168,3
DA:171,2
DA:172,2
DA:177,5
DA:178,5
DA:181,3
DA:183,3
DA:184,3
DA:185,1
DA:187,3
DA:190,2
DA:191,2
DA:196,8
LF:72
LH:72
BRDA:7,0,0,2
BRDA:7,1,0,2
BRDA:7,2,0,2
BRDA:7,3,0,2
BRDA:16,4,0,5
BRDA:16,4,1,3
BRDA:17,5,0,5
BRDA:17,5,1,3
BRDA:18,6,0,5
BRDA:18,6,1,3
BRDA:19,7,0,5
BRDA:19,7,1,3
BRDA:20,8,0,5
BRDA:20,8,1,3
BRDA:21,9,0,5
BRDA:21,9,1,3
BRDA:26,10,0,5
BRDA:26,10,1,2
BRDA:32,11,0,2
BRDA:32,11,1,1
BRDA:44,12,0,23
BRDA:44,12,1,1
BRDA:56,13,0,2
BRDA:56,13,1,1
BRDA:68,14,0,2
BRDA:68,14,1,1
BRDA:80,15,0,2
BRDA:80,15,1,1
BRDA:164,16,0,1
BRDA:164,16,1,2
BRDA:184,17,0,1
BRDA:184,17,1,2
BRF:32
BRH:32
end_of_record
TN:
SF:store/slices/reviewsSlice.js
FN:29,(anonymous_0)
FN:52,(anonymous_1)
FN:68,(anonymous_2)
FN:84,(anonymous_3)
FN:101,(anonymous_4)
FN:105,(anonymous_5)
FN:109,(anonymous_6)
FN:113,(anonymous_7)
FN:117,(anonymous_8)
FN:119,(anonymous_9)
FN:122,(anonymous_10)
FN:125,(anonymous_11)
FN:129,(anonymous_12)
FN:134,(anonymous_13)
FN:136,(anonymous_14)
FN:142,(anonymous_15)
FN:146,(anonymous_16)
FN:151,(anonymous_17)
FN:157,(anonymous_18)
FN:161,(anonymous_19)
FN:166,(anonymous_20)
FN:172,(anonymous_21)
FN:176,(anonymous_22)
FN:181,(anonymous_23)
FNF:24
FNH:24
FNDA:3,(anonymous_0)
FNDA:26,(anonymous_1)
FNDA:15,(anonymous_2)
FNDA:3,(anonymous_3)
FNDA:1,(anonymous_4)
FNDA:1,(anonymous_5)
FNDA:1,(anonymous_6)
FNDA:1,(anonymous_7)
FNDA:2,(anonymous_8)
FNDA:3,(anonymous_9)
FNDA:5,(anonymous_10)
FNDA:1,(anonymous_11)
FNDA:1,(anonymous_12)
FNDA:2,(anonymous_13)
FNDA:1,(anonymous_14)
FNDA:1,(anonymous_15)
FNDA:1,(anonymous_16)
FNDA:1,(anonymous_17)
FNDA:1,(anonymous_18)
FNDA:1,(anonymous_19)
FNDA:1,(anonymous_20)
FNDA:1,(anonymous_21)
FNDA:2,(anonymous_22)
FNDA:1,(anonymous_23)
DA:15,7
DA:27,7
DA:30,3
DA:31,3
DA:39,1
DA:41,2
DA:42,2
DA:50,7
DA:53,26
DA:54,26
DA:55,2
DA:57,24
DA:58,24
DA:66,7
DA:69,15
DA:70,15
DA:71,1
DA:73,14
DA:74,14
DA:82,7
DA:85,3
DA:86,3
DA:87,2
DA:89,1
DA:90,1
DA:96,7
DA:102,1
DA:106,1
DA:110,1
DA:114,1
DA:118,2
DA:119,3
DA:123,5
DA:126,1
DA:127,1
DA:130,1
DA:131,1
DA:133,1
DA:134,2
DA:137,1
DA:138,1
DA:143,1
DA:144,1
DA:147,1
DA:148,1
DA:149,1
DA:152,1
DA:153,1
DA:158,1
DA:159,1
DA:162,1
DA:163,1
DA:164,1
DA:167,1
DA:168,1
DA:173,1
DA:174,1
DA:177,2
DA:178,2
DA:179,2
DA:182,1
DA:183,1
DA:195,7
LF:63
LH:63
BRDA:42,0,0,2
BRDA:42,0,1,1
BRDA:52,1,0,25
BRDA:58,2,0,24
BRDA:58,2,1,0
BRDA:74,3,0,14
BRDA:74,3,1,0
BRDA:90,4,0,1
BRDA:90,4,1,0
BRDA:138,5,0,1
BRDA:138,5,1,0
BRDA:153,6,0,1
BRDA:153,6,1,0
BRDA:168,7,0,1
BRDA:168,7,1,0
BRDA:183,8,0,1
BRDA:183,8,1,0
BRF:17
BRH:10
end_of_record
TN:
SF:store/slices/ridesSlice.js
FN:12,(anonymous_0)
FN:24,(anonymous_1)
FN:47,(anonymous_2)
FN:59,(anonymous_3)
FN:80,(anonymous_4)
FN:83,(anonymous_5)
FN:86,(anonymous_6)
FN:87,(anonymous_7)
FN:90,(anonymous_8)
FN:91,(anonymous_9)
FN:93,(anonymous_10)
FN:96,(anonymous_11)
FN:99,(anonymous_12)
FN:103,(anonymous_13)
FN:106,(anonymous_14)
FN:110,(anonymous_15)
FN:115,(anonymous_16)
FN:122,(anonymous_17)
FN:126,(anonymous_18)
FN:131,(anonymous_19)
FN:138,(anonymous_20)
FN:142,(anonymous_21)
FN:145,(anonymous_22)
FN:151,(anonymous_23)
FN:158,(anonymous_24)
FN:162,(anonymous_25)
FN:164,(anonymous_26)
FN:167,(anonymous_27)
FNF:28
FNH:28
FNDA:5,(anonymous_0)
FNDA:5,(anonymous_1)
FNDA:4,(anonymous_2)
FNDA:3,(anonymous_3)
FNDA:4,(anonymous_4)
FNDA:1,(anonymous_5)
FNDA:2,(anonymous_6)
FNDA:2,(anonymous_7)
FNDA:1,(anonymous_8)
FNDA:2,(anonymous_9)
FNDA:4,(anonymous_10)
FNDA:2,(anonymous_11)
FNDA:3,(anonymous_12)
FNDA:5,(anonymous_13)
FNDA:5,(anonymous_14)
FNDA:3,(anonymous_15)
FNDA:2,(anonymous_16)
FNDA:5,(anonymous_17)
FNDA:3,(anonymous_18)
FNDA:2,(anonymous_19)
FNDA:4,(anonymous_20)
FNDA:2,(anonymous_21)
FNDA:2,(anonymous_22)
FNDA:2,(anonymous_23)
FNDA:3,(anonymous_24)
FNDA:1,(anonymous_25)
FNDA:2,(anonymous_26)
FNDA:2,(anonymous_27)
DA:10,7
DA:13,5
DA:14,5
DA:15,3
DA:17,2
DA:22,7
DA:25,5
DA:26,5
DA:28,3
DA:40,2
DA:45,7
DA:48,4
DA:49,4
DA:50,2
DA:52,2
DA:57,7
DA:60,3
DA:61,3
DA:62,1
DA:64,2
DA:69,7
DA:76,7
DA:81,4
DA:84,1
DA:87,2
DA:88,2
DA:91,2
DA:94,4
DA:97,2
DA:100,3
DA:105,5
DA:107,5
DA:108,5
DA:111,3
DA:112,3
DA:113,3
DA:116,2
DA:117,2
DA:121,5
DA:123,5
DA:124,5
DA:127,3
DA:128,3
DA:129,3
DA:132,2
DA:133,2
DA:137,5
DA:139,4
DA:140,4
DA:143,2
DA:144,2
DA:145,2
DA:146,2
DA:147,1
DA:149,2
DA:152,2
DA:153,2
DA:157,5
DA:159,3
DA:160,3
DA:163,1
DA:164,2
DA:165,1
DA:168,2
DA:169,2
DA:174,7
LF:66
LH:66
BRDA:17,0,0,2
BRDA:17,0,1,1
BRDA:32,1,0,3
BRDA:32,1,1,2
BRDA:33,2,0,3
BRDA:33,2,1,2
BRDA:34,3,0,3
BRDA:34,3,1,2
BRDA:40,4,0,2
BRDA:40,4,1,1
BRDA:52,5,0,2
BRDA:52,5,1,1
BRDA:64,6,0,2
BRDA:64,6,1,1
BRDA:88,7,0,1
BRDA:88,7,1,1
BRDA:146,8,0,1
BRDA:146,8,1,1
BRF:18
BRH:18
end_of_record
TN:
SF:store/slices/safetySlice.js
FN:15,(anonymous_0)
FN:37,(anonymous_1)
FN:52,(anonymous_2)
FN:67,(anonymous_3)
FN:97,(anonymous_4)
FN:100,(anonymous_5)
FN:103,(anonymous_6)
FN:106,(anonymous_7)
FN:108,(anonymous_8)
FN:111,(anonymous_9)
FN:115,(anonymous_10)
FN:119,(anonymous_11)
FN:126,(anonymous_12)
FN:130,(anonymous_13)
FN:136,(anonymous_14)
FN:143,(anonymous_15)
FN:147,(anonymous_16)
FN:149,(anonymous_17)
FN:151,(anonymous_18)
FN:158,(anonymous_19)
FN:162,(anonymous_20)
FN:166,(anonymous_21)
FNF:22
FNH:22
FNDA:2,(anonymous_0)
FNDA:2,(anonymous_1)
FNDA:1,(anonymous_2)
FNDA:3,(anonymous_3)
FNDA:1,(anonymous_4)
FNDA:1,(anonymous_5)
FNDA:1,(anonymous_6)
FNDA:1,(anonymous_7)
FNDA:5,(anonymous_8)
FNDA:1,(anonymous_9)
FNDA:1,(anonymous_10)
FNDA:1,(anonymous_11)
FNDA:1,(anonymous_12)
FNDA:2,(anonymous_13)
FNDA:1,(anonymous_14)
FNDA:1,(anonymous_15)
FNDA:1,(anonymous_16)
FNDA:3,(anonymous_17)
FNDA:1,(anonymous_18)
FNDA:1,(anonymous_19)
FNDA:1,(anonymous_20)
FNDA:1,(anonymous_21)
DA:13,6
DA:16,2
DA:17,2
DA:25,1
DA:27,1
DA:35,6
DA:38,2
DA:39,2
DA:40,2
DA:42,0
DA:50,6
DA:53,1
DA:54,1
DA:55,1
DA:57,0
DA:65,6
DA:68,3
DA:69,3
DA:70,2
DA:72,1
DA:77,6
DA:93,6
DA:98,1
DA:101,1
DA:104,1
DA:106,1
DA:110,5
DA:112,1
DA:113,1
DA:116,1
DA:117,1
DA:120,1
DA:121,1
DA:125,5
DA:127,1
DA:128,1
DA:131,2
DA:132,2
DA:133,1
DA:137,1
DA:138,1
DA:142,5
DA:144,1
DA:145,1
DA:148,1
DA:149,3
DA:152,1
DA:153,1
DA:157,5
DA:159,1
DA:160,1
DA:163,1
DA:164,1
DA:167,1
DA:168,1
DA:178,6
LF:56
LH:54
BRDA:132,0,0,1
BRDA:132,0,1,1
BRF:2
BRH:2
end_of_record
TN:
SF:store/slices/tripsSlice.js
FN:22,(anonymous_0)
FN:74,getPushTitle
FN:90,getPushMessage
FN:106,getStatusNotificationText
FN:126,(anonymous_4)
FN:152,(anonymous_5)
FN:157,(anonymous_6)
FN:160,(anonymous_7)
FN:161,(anonymous_8)
FN:164,(anonymous_9)
FN:165,(anonymous_10)
FN:167,(anonymous_11)
FN:170,(anonymous_12)
FN:173,(anonymous_13)
FN:176,(anonymous_14)
FN:180,(anonymous_15)
FN:183,(anonymous_16)
FN:187,(anonymous_17)
FN:191,(anonymous_18)
FN:196,(anonymous_19)
FN:200,(anonymous_20)
FN:205,(anonymous_21)
FN:210,(anonymous_22)
FN:214,(anonymous_23)
FN:217,(anonymous_24)
FN:221,(anonymous_25)
FN:225,(anonymous_26)
FN:230,(anonymous_27)
FNF:28
FNH:28
FNDA:10,(anonymous_0)
FNDA:8,getPushTitle
FNDA:8,getPushMessage
FNDA:8,getStatusNotificationText
FNDA:5,(anonymous_4)
FNDA:6,(anonymous_5)
FNDA:1,(anonymous_6)
FNDA:2,(anonymous_7)
FNDA:2,(anonymous_8)
FNDA:1,(anonymous_9)
FNDA:2,(anonymous_10)
FNDA:3,(anonymous_11)
FNDA:3,(anonymous_12)
FNDA:1,(anonymous_13)
FNDA:1,(anonymous_14)
FNDA:5,(anonymous_15)
FNDA:10,(anonymous_16)
FNDA:8,(anonymous_17)
FNDA:1,(anonymous_18)
FNDA:1,(anonymous_19)
FNDA:1,(anonymous_20)
FNDA:2,(anonymous_21)
FNDA:5,(anonymous_22)
FNDA:3,(anonymous_23)
FNDA:1,(anonymous_24)
FNDA:1,(anonymous_25)
FNDA:1,(anonymous_26)
FNDA:2,(anonymous_27)
DA:7,5
DA:20,5
DA:23,10
DA:24,10
DA:33,8
DA:34,8
DA:35,7
DA:46,8
DA:47,8
DA:48,8
DA:50,8
DA:51,8
DA:53,8
DA:59,1
DA:63,8
DA:65,2
DA:66,2
DA:75,8
DA:77,4
DA:79,2
DA:81,1
DA:83,1
DA:91,8
DA:93,4
DA:95,2
DA:97,1
DA:99,1
DA:107,8
DA:109,4
DA:111,2
DA:113,1
DA:115,1
DA:124,5
DA:127,5
DA:128,5
DA:131,3
DA:140,3
DA:142,2
DA:143,2
DA:148,5
DA:153,6
DA:155,6
DA:158,1
DA:161,2
DA:162,2
DA:165,2
DA:168,3
DA:171,3
DA:174,1
DA:177,1
DA:181,5
DA:184,10
DA:185,10
DA:188,8
DA:190,8
DA:191,8
DA:192,8
DA:193,1
DA:196,8
DA:197,8
DA:198,1
DA:200,8
DA:201,8
DA:202,1
DA:206,2
DA:207,2
DA:211,5
DA:212,5
DA:215,3
DA:216,3
DA:217,3
DA:218,3
DA:219,1
DA:221,3
DA:222,3
DA:223,1
DA:225,3
DA:226,3
DA:227,1
DA:231,2
DA:232,2
DA:237,5
LF:82
LH:82
BRDA:22,0,0,9
BRDA:29,1,0,1
BRDA:29,1,1,9
BRDA:34,2,0,7
BRDA:34,2,1,1
BRDA:47,3,0,7
BRDA:47,3,1,1
BRDA:48,4,0,7
BRDA:48,4,1,1
BRDA:51,5,0,7
BRDA:51,5,1,1
BRDA:66,6,0,2
BRDA:66,6,1,1
BRDA:75,7,0,4
BRDA:75,7,1,2
BRDA:75,7,2,1
BRDA:75,7,3,1
BRDA:91,8,0,4
BRDA:91,8,1,2
BRDA:91,8,2,1
BRDA:91,8,3,1
BRDA:107,9,0,4
BRDA:107,9,1,2
BRDA:107,9,2,1
BRDA:107,9,3,1
BRDA:143,10,0,2
BRDA:143,10,1,1
BRDA:162,11,0,1
BRDA:162,11,1,1
BRDA:192,12,0,1
BRDA:192,12,1,7
BRDA:197,13,0,1
BRDA:197,13,1,7
BRDA:201,14,0,1
BRDA:201,14,1,7
BRDA:218,15,0,1
BRDA:218,15,1,2
BRDA:222,16,0,1
BRDA:222,16,1,2
BRDA:226,17,0,1
BRDA:226,17,1,2
BRF:41
BRH:41
end_of_record
TN:
SF:utils/blockFilters.js
FN:13,filterByBlockedUsers
FN:22,(anonymous_1)
FN:32,sortChatsByBlockedStatus
FN:45,(anonymous_3)
FN:46,(anonymous_4)
FN:47,(anonymous_5)
FN:64,isUserBlocked
FN:78,getOtherParticipantId
FN:83,(anonymous_8)
FNF:9
FNH:9
FNDA:10,filterByBlockedUsers
FNDA:14,(anonymous_1)
FNDA:9,sortChatsByBlockedStatus
FNDA:13,(anonymous_3)
FNDA:26,(anonymous_4)
FNDA:24,(anonymous_5)
FNDA:8,isUserBlocked
FNDA:9,getOtherParticipantId
FNDA:6,(anonymous_8)
DA:14,10
DA:15,3
DA:18,7
DA:19,3
DA:22,14
DA:33,9
DA:34,2
DA:37,7
DA:38,1
DA:41,6
DA:42,2
DA:45,4
DA:46,26
DA:47,24
DA:48,13
DA:49,13
DA:52,13
DA:53,13
DA:54,6
DA:65,8
DA:66,5
DA:69,3
DA:79,9
DA:80,5
DA:83,6
LF:25
LH:25
BRDA:13,0,0,9
BRDA:14,1,0,3
BRDA:14,1,1,7
BRDA:14,2,0,10
BRDA:14,2,1,8
BRDA:18,3,0,3
BRDA:18,3,1,4
BRDA:18,4,0,7
BRDA:18,4,1,5
BRDA:18,4,2,5
BRDA:33,5,0,2
BRDA:33,5,1,7
BRDA:33,6,0,9
BRDA:33,6,1,8
BRDA:37,7,0,1
BRDA:37,7,1,6
BRDA:41,8,0,2
BRDA:41,8,1,4
BRDA:41,9,0,6
BRDA:41,9,1,5
BRDA:41,9,2,5
BRDA:52,10,0,0
BRDA:52,10,1,13
BRDA:52,11,0,13
BRDA:52,11,1,1
BRDA:53,12,0,7
BRDA:53,12,1,6
BRDA:53,13,0,13
BRDA:53,13,1,12
BRDA:65,14,0,5
BRDA:65,14,1,3
BRDA:65,15,0,8
BRDA:65,15,1,5
BRDA:65,15,2,3
BRDA:79,16,0,5
BRDA:79,16,1,4
BRDA:79,17,0,9
BRDA:79,17,1,6
BRDA:79,17,2,5
BRDA:83,18,0,4
BRDA:83,18,1,1
BRF:41
BRH:40
end_of_record
TN:
SF:utils/mapboxHelpers.js
FN:9,generateSearchKeyword
FN:21,lngLatToLatLng
FN:30,latLngToLngLat
FNF:3
FNH:3
FNDA:7,generateSearchKeyword
FNDA:5,lngLatToLatLng
FNDA:5,latLngToLngLat
DA:10,7
DA:12,5
DA:13,5
DA:22,5
DA:31,5
LF:5
LH:5
BRDA:10,0,0,2
BRDA:10,0,1,5
BRF:2
BRH:2
end_of_record
TN:
SF:utils/notificationHelpers.js
FN:15,areNotificationsEnabled
FN:29,showEnableNotificationsPrompt
FN:29,(anonymous_2)
FN:50,openNotificationSettings
FN:70,requestNotificationPermissions
FN:100,removeInvalidPushToken
FN:139,handlePushNotificationErrors
FN:177,isValidPushToken
FN:191,filterValidPushTokens
FN:203,getNotificationPermissionStatus
FN:218,shouldRequestPermissions
FNF:11
FNH:10
FNDA:4,areNotificationsEnabled
FNDA:5,showEnableNotificationsPrompt
FNDA:0,(anonymous_2)
FNDA:3,openNotificationSettings
FNDA:4,requestNotificationPermissions
FNDA:10,removeInvalidPushToken
FNDA:8,handlePushNotificationErrors
FNDA:14,isValidPushToken
FNDA:4,filterValidPushTokens
FNDA:3,getNotificationPermissionStatus
FNDA:4,shouldRequestPermissions
DA:16,4
DA:17,4
DA:18,3
DA:20,1
DA:21,1
DA:30,5
DA:51,3
DA:52,3
DA:53,2
DA:55,1
DA:58,1
DA:59,1
DA:71,4
DA:72,4
DA:74,3
DA:75,1
DA:79,2
DA:81,2
DA:83,1
DA:84,1
DA:87,1
DA:89,1
DA:90,1
DA:101,10
DA:102,2
DA:105,8
DA:106,8
DA:107,8
DA:109,7
DA:110,1
DA:113,6
DA:114,6
DA:116,6
DA:117,1
DA:121,5
DA:125,5
DA:127,1
DA:128,1
DA:140,8
DA:142,8
DA:143,2
DA:147,6
DA:149,6
DA:150,6
DA:151,6
DA:154,6
DA:156,5
DA:160,5
DA:161,4
DA:162,4
DA:163,4
DA:169,6
DA:178,14
DA:179,6
DA:183,8
DA:192,4
DA:193,2
DA:196,2
DA:204,3
DA:205,3
DA:206,2
DA:208,1
DA:209,1
DA:219,4
DA:220,4
DA:221,3
DA:223,1
LF:67
LH:67
BRDA:29,0,0,4
BRDA:52,1,0,2
BRDA:52,1,1,1
BRDA:74,2,0,1
BRDA:74,2,1,2
BRDA:81,3,0,1
BRDA:81,3,1,1
BRDA:101,4,0,2
BRDA:101,4,1,8
BRDA:101,5,0,10
BRDA:101,5,1,9
BRDA:109,6,0,1
BRDA:109,6,1,6
BRDA:114,7,0,6
BRDA:114,7,1,0
BRDA:116,8,0,1
BRDA:116,8,1,5
BRDA:142,9,0,2
BRDA:142,9,1,6
BRDA:142,10,0,8
BRDA:142,10,1,7
BRDA:147,11,0,5
BRDA:147,11,1,1
BRDA:154,12,0,5
BRDA:154,12,1,1
BRDA:156,13,0,5
BRDA:156,13,1,3
BRDA:156,13,2,2
BRDA:160,14,0,4
BRDA:160,14,1,1
BRDA:160,15,0,5
BRDA:160,15,1,4
BRDA:162,16,0,4
BRDA:162,16,1,0
BRDA:178,17,0,6
BRDA:178,17,1,8
BRDA:178,18,0,14
BRDA:178,18,1,9
BRDA:183,19,0,8
BRDA:183,19,1,4
BRDA:192,20,0,2
BRDA:192,20,1,2
BRF:42
BRH:40
end_of_record
TN:
SF:utils/safetyHelpers.js
FN:14,showBlockConfirmation
FN:14,(anonymous_1)
FN:42,showUnblockConfirmation
FN:42,(anonymous_3)
FN:68,showReportSuccessAlert
FN:68,(anonymous_5)
FN:86,showBlockSuccessAlert
FN:86,(anonymous_7)
FN:106,showUnblockSuccessAlert
FN:106,(anonymous_9)
FN:127,showSafetyErrorAlert
FNF:11
FNH:8
FNDA:10,showBlockConfirmation
FNDA:1,(anonymous_1)
FNDA:7,showUnblockConfirmation
FNDA:0,(anonymous_3)
FNDA:5,showReportSuccessAlert
FNDA:1,(anonymous_5)
FNDA:4,showBlockSuccessAlert
FNDA:0,(anonymous_7)
FNDA:4,showUnblockSuccessAlert
FNDA:0,(anonymous_9)
FNDA:7,showSafetyErrorAlert
DA:15,10
DA:17,10
DA:43,7
DA:45,7
DA:69,5
DA:87,4
DA:89,4
DA:107,4
DA:109,4
DA:128,7
DA:135,7
DA:136,2
DA:142,7
LF:13
LH:13
BRDA:14,0,0,9
BRDA:15,1,0,10
BRDA:15,1,1,1
BRDA:42,2,0,6
BRDA:43,3,0,7
BRDA:43,3,1,1
BRDA:68,4,0,4
BRDA:86,5,0,3
BRDA:87,6,0,4
BRDA:87,6,1,1
BRDA:106,7,0,3
BRDA:107,8,0,4
BRDA:107,8,1,1
BRDA:127,9,0,5
BRDA:135,10,0,2
BRDA:135,10,1,5
BRDA:144,11,0,7
BRDA:144,11,1,1
BRF:18
BRH:18
end_of_record
TN:
SF:utils/testUtils.js
FN:10,(anonymous_0)
FN:40,(anonymous_1)
FN:60,(anonymous_2)
FN:81,(anonymous_3)
FN:97,(anonymous_4)
FN:167,(anonymous_5)
FN:180,(anonymous_6)
FN:189,(anonymous_7)
FN:189,(anonymous_8)
FN:196,(anonymous_9)
FN:207,(anonymous_10)
FN:214,(anonymous_11)
FN:221,(anonymous_12)
FN:236,(anonymous_13)
FN:244,(anonymous_14)
FN:265,(anonymous_15)
FN:274,(anonymous_16)
FN:283,(anonymous_17)
FN:293,(anonymous_18)
FN:302,(anonymous_19)
FNF:20
FNH:20
FNDA:6,(anonymous_0)
FNDA:6,(anonymous_1)
FNDA:2,(anonymous_2)
FNDA:2,(anonymous_3)
FNDA:4,(anonymous_4)
FNDA:3,(anonymous_5)
FNDA:1,(anonymous_6)
FNDA:1,(anonymous_7)
FNDA:1,(anonymous_8)
FNDA:3,(anonymous_9)
FNDA:6,(anonymous_10)
FNDA:5,(anonymous_11)
FNDA:6,(anonymous_12)
FNDA:5,(anonymous_13)
FNDA:5,(anonymous_14)
FNDA:1,(anonymous_15)
FNDA:1,(anonymous_16)
FNDA:1,(anonymous_17)
FNDA:2,(anonymous_18)
FNDA:2,(anonymous_19)
DA:10,6
DA:40,6
DA:60,2
DA:81,2
DA:97,1
DA:98,4
DA:108,4
DA:110,1
DA:125,1
DA:141,1
DA:156,1
DA:167,1
DA:168,3
DA:169,1
DA:171,2
DA:172,2
DA:180,1
DA:181,1
DA:189,1
DA:196,1
DA:197,3
DA:203,1
DA:208,6
DA:215,5
DA:222,6
DA:230,6
DA:237,5
DA:238,5
DA:245,5
DA:254,5
DA:261,1
DA:265,1
DA:274,1
DA:283,1
DA:293,2
DA:302,2
LF:36
LH:36
BRDA:10,0,0,2
BRDA:40,1,0,1
BRDA:60,2,0,1
BRDA:81,3,0,1
BRDA:97,4,0,4
BRDA:108,5,0,1
BRDA:108,5,1,1
BRDA:108,5,2,1
BRDA:108,5,3,1
BRDA:168,6,0,1
BRDA:168,6,1,2
BRDA:196,7,0,1
BRDA:208,8,0,6
BRDA:208,8,1,5
BRDA:208,8,2,4
BRDA:215,9,0,5
BRDA:215,9,1,5
BRDA:215,9,2,4
BRDA:293,10,0,1
BRDA:293,11,0,1
BRDA:302,12,0,1
BRF:21
BRH:21
end_of_record
