TN:
SF:app/trip/[id].js
FN:15,getStatusStyle
FN:32,formatTimestamp
FN:46,TripDetailsScreen
FN:49,(anonymous_3)
FN:50,(anonymous_4)
FN:59,(anonymous_5)
FN:63,(anonymous_6)
FN:85,(anonymous_7)
FN:91,(anonymous_8)
FN:97,(anonymous_9)
FN:112,(anonymous_10)
FN:161,(anonymous_11)
FN:174,(anonymous_12)
FN:177,(anonymous_13)
FN:205,(anonymous_14)
FN:218,(anonymous_15)
FN:221,(anonymous_16)
FN:249,(anonymous_17)
FN:290,(anonymous_18)
FN:316,(anonymous_19)
FN:335,(anonymous_20)
FN:338,(anonymous_21)
FN:365,(anonymous_22)
FN:441,(anonymous_23)
FN:456,(anonymous_24)
FN:483,(anonymous_25)
FN:803,(anonymous_26)
FN:816,(anonymous_27)
FN:836,(anonymous_28)
FNF:29
FNH:20
FNDA:232,getStatusStyle
FNDA:58,formatTimestamp
FNDA:115,TripDetailsScreen
FNDA:169,(anonymous_3)
FNDA:169,(anonymous_4)
FNDA:54,(anonymous_5)
FNDA:53,(anonymous_6)
FNDA:1,(anonymous_7)
FNDA:53,(anonymous_8)
FNDA:102,(anonymous_9)
FNDA:1,(anonymous_10)
FNDA:1,(anonymous_11)
FNDA:0,(anonymous_12)
FNDA:0,(anonymous_13)
FNDA:0,(anonymous_14)
FNDA:0,(anonymous_15)
FNDA:0,(anonymous_16)
FNDA:6,(anonymous_17)
FNDA:1,(anonymous_18)
FNDA:1,(anonymous_19)
FNDA:0,(anonymous_20)
FNDA:0,(anonymous_21)
FNDA:4,(anonymous_22)
FNDA:0,(anonymous_23)
FNDA:1,(anonymous_24)
FNDA:58,(anonymous_25)
FNDA:1,(anonymous_26)
FNDA:0,(anonymous_27)
FNDA:1,(anonymous_28)
DA:16,232
DA:17,232
DA:19,180
DA:21,16
DA:23,32
DA:25,4
DA:27,0
DA:33,58
DA:34,58
DA:35,58
DA:36,58
DA:37,58
DA:38,58
DA:39,58
DA:40,58
DA:42,0
DA:47,115
DA:48,115
DA:49,169
DA:50,169
DA:52,115
DA:53,115
DA:54,115
DA:55,115
DA:56,115
DA:57,115
DA:59,115
DA:60,54
DA:63,53
DA:64,53
DA:65,53
DA:66,53
DA:67,53
DA:68,51
DA:69,2
DA:71,49
DA:74,1
DA:75,1
DA:77,52
DA:82,53
DA:85,53
DA:86,1
DA:87,1
DA:91,53
DA:92,53
DA:97,115
DA:98,102
DA:99,55
DA:100,55
DA:102,47
DA:103,47
DA:104,46
DA:105,46
DA:107,1
DA:108,1
DA:112,115
DA:113,1
DA:115,1
DA:116,1
DA:119,1
DA:120,1
DA:122,1
DA:123,0
DA:124,0
DA:128,1
DA:130,1
DA:131,1
DA:135,0
DA:136,0
DA:138,0
DA:147,0
DA:149,0
DA:151,0
DA:154,0
DA:155,0
DA:157,1
DA:161,115
DA:162,1
DA:165,1
DA:166,0
DA:167,0
DA:170,1
DA:178,0
DA:179,0
DA:180,0
DA:186,0
DA:187,0
DA:188,0
DA:190,0
DA:193,0
DA:194,0
DA:196,0
DA:205,115
DA:206,0
DA:209,0
DA:210,0
DA:211,0
DA:214,0
DA:222,0
DA:223,0
DA:224,0
DA:230,0
DA:231,0
DA:232,0
DA:234,0
DA:237,0
DA:238,0
DA:240,0
DA:249,115
DA:250,6
DA:253,6
DA:254,6
DA:256,6
DA:257,1
DA:258,1
DA:261,5
DA:262,0
DA:263,0
DA:267,5
DA:268,5
DA:269,0
DA:270,0
DA:272,5
DA:273,5
DA:274,0
DA:275,0
DA:277,5
DA:278,5
DA:280,5
DA:281,1
DA:282,1
DA:286,4
DA:287,4
DA:290,115
DA:291,1
DA:293,1
DA:294,1
DA:295,1
DA:302,1
DA:303,0
DA:304,0
DA:306,1
DA:309,0
DA:310,0
DA:312,1
DA:316,115
DA:317,1
DA:320,1
DA:321,0
DA:322,0
DA:326,1
DA:327,0
DA:328,0
DA:331,1
DA:339,0
DA:340,0
DA:341,0
DA:346,0
DA:347,0
DA:348,0
DA:350,0
DA:353,0
DA:354,0
DA:356,0
DA:365,115
DA:366,4
DA:368,4
DA:370,4
DA:373,4
DA:379,4
DA:385,4
DA:386,4
DA:389,4
DA:392,4
DA:401,4
DA:406,3
DA:407,2
DA:408,0
DA:410,2
DA:412,1
DA:413,1
DA:416,1
DA:417,1
DA:421,115
DA:422,54
DA:435,61
DA:436,3
DA:441,0
DA:451,58
DA:456,1
DA:484,58
DA:803,1
DA:816,0
DA:836,1
DA:855,1
LF:195
LH:129
BRDA:16,0,0,232
BRDA:16,0,1,0
BRDA:17,1,0,180
BRDA:17,1,1,16
BRDA:17,1,2,32
BRDA:17,1,3,4
BRDA:17,1,4,0
BRDA:33,2,0,0
BRDA:33,2,1,58
BRDA:35,3,0,58
BRDA:35,3,1,0
BRDA:60,4,0,1
BRDA:60,4,1,53
BRDA:68,5,0,2
BRDA:68,5,1,49
BRDA:75,6,0,1
BRDA:75,6,1,0
BRDA:86,7,0,1
BRDA:86,7,1,0
BRDA:98,8,0,55
BRDA:98,8,1,47
BRDA:113,9,0,0
BRDA:113,9,1,1
BRDA:113,10,0,1
BRDA:113,10,1,1
BRDA:113,10,2,1
BRDA:120,11,0,0
BRDA:120,11,1,1
BRDA:122,12,0,0
BRDA:122,12,1,1
BRDA:128,13,0,1
BRDA:128,13,1,0
BRDA:135,14,0,0
BRDA:135,14,1,0
BRDA:136,15,0,0
BRDA:136,15,1,0
BRDA:147,16,0,0
BRDA:147,16,1,0
BRDA:147,17,0,0
BRDA:147,17,1,0
BRDA:155,18,0,0
BRDA:155,18,1,0
BRDA:162,19,0,0
BRDA:162,19,1,1
BRDA:162,20,0,1
BRDA:162,20,1,1
BRDA:165,21,0,0
BRDA:165,21,1,1
BRDA:186,22,0,0
BRDA:186,22,1,0
BRDA:186,23,0,0
BRDA:186,23,1,0
BRDA:190,24,0,0
BRDA:190,24,1,0
BRDA:194,25,0,0
BRDA:194,25,1,0
BRDA:206,26,0,0
BRDA:206,26,1,0
BRDA:206,27,0,0
BRDA:206,27,1,0
BRDA:209,28,0,0
BRDA:209,28,1,0
BRDA:230,29,0,0
BRDA:230,29,1,0
BRDA:230,30,0,0
BRDA:230,30,1,0
BRDA:234,31,0,0
BRDA:234,31,1,0
BRDA:238,32,0,0
BRDA:238,32,1,0
BRDA:250,33,0,0
BRDA:250,33,1,6
BRDA:250,34,0,6
BRDA:250,34,1,6
BRDA:256,35,0,1
BRDA:256,35,1,5
BRDA:256,36,0,6
BRDA:256,36,1,6
BRDA:261,37,0,0
BRDA:261,37,1,5
BRDA:267,38,0,5
BRDA:267,38,1,0
BRDA:268,39,0,0
BRDA:268,39,1,5
BRDA:273,40,0,0
BRDA:273,40,1,5
BRDA:280,41,0,1
BRDA:280,41,1,4
BRDA:299,42,0,1
BRDA:299,42,1,1
BRDA:302,43,0,0
BRDA:302,43,1,1
BRDA:310,44,0,0
BRDA:310,44,1,0
BRDA:317,45,0,0
BRDA:317,45,1,1
BRDA:317,46,0,1
BRDA:317,46,1,1
BRDA:320,47,0,0
BRDA:320,47,1,1
BRDA:326,48,0,0
BRDA:326,48,1,1
BRDA:346,49,0,0
BRDA:346,49,1,0
BRDA:346,50,0,0
BRDA:346,50,1,0
BRDA:350,51,0,0
BRDA:350,51,1,0
BRDA:354,52,0,0
BRDA:354,52,1,0
BRDA:366,53,0,0
BRDA:366,53,1,4
BRDA:370,54,0,4
BRDA:370,54,1,0
BRDA:385,55,0,4
BRDA:385,55,1,0
BRDA:385,55,2,0
BRDA:386,56,0,4
BRDA:386,56,1,0
BRDA:386,56,2,0
BRDA:397,57,0,4
BRDA:397,57,1,0
BRDA:398,58,0,4
BRDA:398,58,1,0
BRDA:406,59,0,2
BRDA:406,59,1,1
BRDA:407,60,0,0
BRDA:407,60,1,2
BRDA:412,61,0,1
BRDA:412,61,1,0
BRDA:421,62,0,54
BRDA:421,62,1,61
BRDA:435,63,0,3
BRDA:435,63,1,58
BRDA:435,64,0,61
BRDA:435,64,1,58
BRDA:444,65,0,3
BRDA:444,65,1,0
BRDA:475,66,0,58
BRDA:475,66,1,0
BRDA:475,67,0,58
BRDA:475,67,1,0
BRDA:480,68,0,58
BRDA:480,68,1,57
BRDA:480,68,2,57
BRDA:507,69,0,55
BRDA:507,69,1,3
BRDA:509,70,0,55
BRDA:509,70,1,0
BRDA:510,71,0,55
BRDA:510,71,1,0
BRDA:523,72,0,58
BRDA:523,72,1,55
BRDA:534,73,0,58
BRDA:534,73,1,3
BRDA:534,73,2,2
BRDA:534,73,3,2
BRDA:547,74,0,58
BRDA:547,74,1,57
BRDA:557,75,0,58
BRDA:557,75,1,57
BRDA:567,76,0,58
BRDA:567,76,1,1
BRDA:580,77,0,58
BRDA:580,77,1,1
BRDA:602,78,0,58
BRDA:602,78,1,0
BRDA:602,79,0,58
BRDA:602,79,1,0
BRDA:602,80,0,58
BRDA:602,80,1,0
BRDA:602,81,0,58
BRDA:602,81,1,0
BRDA:608,82,0,58
BRDA:608,82,1,0
BRDA:614,83,0,58
BRDA:614,83,1,0
BRDA:614,84,0,58
BRDA:614,84,1,0
BRDA:627,85,0,58
BRDA:627,85,1,1
BRDA:630,86,0,58
BRDA:630,86,1,57
BRDA:642,87,0,58
BRDA:642,87,1,1
BRDA:645,88,0,58
BRDA:645,88,1,57
BRDA:662,89,0,58
BRDA:662,89,1,1
BRDA:662,89,2,1
BRDA:666,90,0,58
BRDA:666,90,1,1
BRDA:677,91,0,58
BRDA:677,91,1,1
BRDA:693,92,0,58
BRDA:693,92,1,1
BRDA:693,92,2,1
BRDA:705,93,0,0
BRDA:705,93,1,58
BRDA:725,94,0,58
BRDA:725,94,1,6
BRDA:725,94,2,3
BRDA:731,95,0,0
BRDA:731,95,1,3
BRDA:743,96,0,58
BRDA:743,96,1,6
BRDA:743,96,2,1
BRDA:749,97,0,0
BRDA:749,97,1,1
BRDA:761,98,0,58
BRDA:761,98,1,45
BRDA:767,99,0,0
BRDA:767,99,1,45
BRDA:779,100,0,58
BRDA:779,100,1,56
BRDA:779,100,2,7
BRDA:779,100,3,6
BRDA:785,101,0,0
BRDA:785,101,1,6
BRDA:797,102,0,58
BRDA:797,102,1,8
BRDA:797,102,2,2
BRDA:797,102,3,7
BRDA:797,102,4,6
BRDA:797,102,5,7
BRF:225
BRH:135
end_of_record
